[0.016s] Invoking command in '/home/hinfinity/Documents/robotica_2_2024/pubsub_ws/build/myPackage': CMAKE_PREFIX_PATH=/opt/ros/humble /usr/bin/cmake /home/hinfinity/Documents/robotica_2_2024/pubsub_ws/src/myPackage -DCMAKE_INSTALL_PREFIX=/home/hinfinity/Documents/robotica_2_2024/pubsub_ws/install/myPackage
[0.212s] -- The C compiler identification is GNU 11.4.0
[0.362s] -- The CXX compiler identification is GNU 11.4.0
[0.374s] -- Detecting C compiler ABI info
[0.425s] -- Detecting C compiler ABI info - done
[0.432s] -- Check for working C compiler: /usr/bin/cc - skipped
[0.433s] -- Detecting C compile features
[0.434s] -- Detecting C compile features - done
[0.437s] -- Detecting CXX compiler ABI info
[0.496s] -- Detecting CXX compiler ABI info - done
[0.503s] -- Check for working CXX compiler: /usr/bin/c++ - skipped
[0.503s] -- Detecting CXX compile features
[0.503s] -- Detecting CXX compile features - done
[0.512s] -- Found ament_cmake: 1.3.10 (/opt/ros/humble/share/ament_cmake/cmake)
[0.637s] -- Found Python3: /usr/bin/python3 (found version "3.10.12") found components: Interpreter 
[0.748s] -- Found rclcpp: 16.0.10 (/opt/ros/humble/share/rclcpp/cmake)
[0.809s] -- Found rosidl_generator_c: 3.1.5 (/opt/ros/humble/share/rosidl_generator_c/cmake)
[0.816s] -- Found rosidl_adapter: 3.1.5 (/opt/ros/humble/share/rosidl_adapter/cmake)
[0.828s] -- Found rosidl_generator_cpp: 3.1.5 (/opt/ros/humble/share/rosidl_generator_cpp/cmake)
[0.849s] -- Using all available rosidl_typesupport_c: rosidl_typesupport_fastrtps_c;rosidl_typesupport_introspection_c
[0.872s] -- Using all available rosidl_typesupport_cpp: rosidl_typesupport_fastrtps_cpp;rosidl_typesupport_introspection_cpp
[0.940s] -- Found rmw_implementation_cmake: 6.1.2 (/opt/ros/humble/share/rmw_implementation_cmake/cmake)
[0.944s] -- Found rmw_fastrtps_cpp: 6.2.7 (/opt/ros/humble/share/rmw_fastrtps_cpp/cmake)
[1.035s] -- Found OpenSSL: /usr/lib/x86_64-linux-gnu/libcrypto.so (found version "3.0.2")  
[1.058s] -- Found FastRTPS: /opt/ros/humble/include  
[1.089s] -- Using RMW implementation 'rmw_fastrtps_cpp' as default
[1.102s] -- Looking for pthread.h
[1.172s] -- Looking for pthread.h - found
[1.172s] -- Performing Test CMAKE_HAVE_LIBC_PTHREAD
[1.227s] -- Performing Test CMAKE_HAVE_LIBC_PTHREAD - Success
[1.228s] -- Found Threads: TRUE  
[1.314s] -- Found ament_lint_auto: 0.12.11 (/opt/ros/humble/share/ament_lint_auto/cmake)
[1.359s] WARNING: Package name "myPackage" does not follow the naming conventions. It should start with a lower case letter and only contain lower case letters, digits, underscores, and dashes.
[1.389s] -- Added test 'cppcheck' to perform static code analysis on C / C++ code
[1.389s] -- Configured cppcheck include dirs: 
[1.389s] -- Configured cppcheck exclude dirs and/or files: 
[1.390s] -- Added test 'lint_cmake' to check CMake code style
[1.391s] -- Added test 'uncrustify' to check C / C++ code style
[1.392s] -- Configured uncrustify additional arguments: 
[1.392s] -- Added test 'xmllint' to check XML markup files
[1.394s] -- Configuring done
[1.404s] -- Generating done
[1.405s] -- Build files have been written to: /home/hinfinity/Documents/robotica_2_2024/pubsub_ws/build/myPackage
[1.410s] Invoked command in '/home/hinfinity/Documents/robotica_2_2024/pubsub_ws/build/myPackage' returned '0': CMAKE_PREFIX_PATH=/opt/ros/humble /usr/bin/cmake /home/hinfinity/Documents/robotica_2_2024/pubsub_ws/src/myPackage -DCMAKE_INSTALL_PREFIX=/home/hinfinity/Documents/robotica_2_2024/pubsub_ws/install/myPackage
[1.412s] Invoking command in '/home/hinfinity/Documents/robotica_2_2024/pubsub_ws/build/myPackage': CMAKE_PREFIX_PATH=/opt/ros/humble /usr/bin/cmake --build /home/hinfinity/Documents/robotica_2_2024/pubsub_ws/build/myPackage -- -j12 -l12
[1.447s] [ 50%] [32mBuilding CXX object CMakeFiles/pub.dir/src/pub.cpp.o[0m
[1.447s] [ 50%] [32mBuilding CXX object CMakeFiles/pubsub.dir/src/pubsub.cpp.o[0m
[1.447s] [ 50%] [32mBuilding CXX object CMakeFiles/sub.dir/src/sub.cpp.o[0m
[5.370s] [ 66%] [32m[1mLinking CXX executable pub[0m
[5.548s] [ 66%] Built target pub
[8.541s] [ 83%] [32m[1mLinking CXX executable sub[0m
[8.751s] [100%] [32m[1mLinking CXX executable pubsub[0m
[8.818s] [100%] Built target sub
[9.024s] [100%] Built target pubsub
[9.032s] Invoked command in '/home/hinfinity/Documents/robotica_2_2024/pubsub_ws/build/myPackage' returned '0': CMAKE_PREFIX_PATH=/opt/ros/humble /usr/bin/cmake --build /home/hinfinity/Documents/robotica_2_2024/pubsub_ws/build/myPackage -- -j12 -l12
[9.059s] Invoking command in '/home/hinfinity/Documents/robotica_2_2024/pubsub_ws/build/myPackage': CMAKE_PREFIX_PATH=/opt/ros/humble /usr/bin/cmake --install /home/hinfinity/Documents/robotica_2_2024/pubsub_ws/build/myPackage
[9.064s] -- Install configuration: ""
[9.064s] -- Installing: /home/hinfinity/Documents/robotica_2_2024/pubsub_ws/install/myPackage/lib/myPackage/pub
[9.065s] -- Set runtime path of "/home/hinfinity/Documents/robotica_2_2024/pubsub_ws/install/myPackage/lib/myPackage/pub" to ""
[9.065s] -- Installing: /home/hinfinity/Documents/robotica_2_2024/pubsub_ws/install/myPackage/lib/myPackage/sub
[9.067s] -- Set runtime path of "/home/hinfinity/Documents/robotica_2_2024/pubsub_ws/install/myPackage/lib/myPackage/sub" to ""
[9.068s] -- Installing: /home/hinfinity/Documents/robotica_2_2024/pubsub_ws/install/myPackage/lib/myPackage/pubsub
[9.069s] -- Set runtime path of "/home/hinfinity/Documents/robotica_2_2024/pubsub_ws/install/myPackage/lib/myPackage/pubsub" to ""
[9.070s] -- Installing: /home/hinfinity/Documents/robotica_2_2024/pubsub_ws/install/myPackage/share/ament_index/resource_index/package_run_dependencies/myPackage
[9.070s] -- Installing: /home/hinfinity/Documents/robotica_2_2024/pubsub_ws/install/myPackage/share/ament_index/resource_index/parent_prefix_path/myPackage
[9.070s] -- Installing: /home/hinfinity/Documents/robotica_2_2024/pubsub_ws/install/myPackage/share/myPackage/environment/ament_prefix_path.sh
[9.070s] -- Installing: /home/hinfinity/Documents/robotica_2_2024/pubsub_ws/install/myPackage/share/myPackage/environment/ament_prefix_path.dsv
[9.070s] -- Installing: /home/hinfinity/Documents/robotica_2_2024/pubsub_ws/install/myPackage/share/myPackage/environment/path.sh
[9.070s] -- Installing: /home/hinfinity/Documents/robotica_2_2024/pubsub_ws/install/myPackage/share/myPackage/environment/path.dsv
[9.070s] -- Installing: /home/hinfinity/Documents/robotica_2_2024/pubsub_ws/install/myPackage/share/myPackage/local_setup.bash
[9.070s] -- Installing: /home/hinfinity/Documents/robotica_2_2024/pubsub_ws/install/myPackage/share/myPackage/local_setup.sh
[9.070s] -- Installing: /home/hinfinity/Documents/robotica_2_2024/pubsub_ws/install/myPackage/share/myPackage/local_setup.zsh
[9.070s] -- Installing: /home/hinfinity/Documents/robotica_2_2024/pubsub_ws/install/myPackage/share/myPackage/local_setup.dsv
[9.070s] -- Installing: /home/hinfinity/Documents/robotica_2_2024/pubsub_ws/install/myPackage/share/myPackage/package.dsv
[9.070s] -- Installing: /home/hinfinity/Documents/robotica_2_2024/pubsub_ws/install/myPackage/share/ament_index/resource_index/packages/myPackage
[9.071s] -- Installing: /home/hinfinity/Documents/robotica_2_2024/pubsub_ws/install/myPackage/share/myPackage/cmake/myPackageConfig.cmake
[9.071s] -- Installing: /home/hinfinity/Documents/robotica_2_2024/pubsub_ws/install/myPackage/share/myPackage/cmake/myPackageConfig-version.cmake
[9.071s] -- Installing: /home/hinfinity/Documents/robotica_2_2024/pubsub_ws/install/myPackage/share/myPackage/package.xml
[9.072s] Invoked command in '/home/hinfinity/Documents/robotica_2_2024/pubsub_ws/build/myPackage' returned '0': CMAKE_PREFIX_PATH=/opt/ros/humble /usr/bin/cmake --install /home/hinfinity/Documents/robotica_2_2024/pubsub_ws/build/myPackage
