[0.090s] DEBUG:colcon:Command line arguments: ['/usr/bin/colcon', 'build']
[0.090s] DEBUG:colcon:Parsed command line arguments: Namespace(log_base=None, log_level=None, verb_name='build', build_base='build', install_base='install', merge_install=False, symlink_install=False, test_result_base=None, continue_on_error=False, executor='parallel', parallel_workers=12, event_handlers=None, ignore_user_meta=False, metas=['./colcon.meta'], base_paths=['.'], packages_ignore=None, packages_ignore_regex=None, paths=None, packages_up_to=None, packages_up_to_regex=None, packages_above=None, packages_above_and_dependencies=None, packages_above_depth=None, packages_select_by_dep=None, packages_skip_by_dep=None, packages_skip_up_to=None, packages_select_build_failed=False, packages_skip_build_finished=False, packages_select_test_failures=False, packages_skip_test_passed=False, packages_select=None, packages_skip=None, packages_select_regex=None, packages_skip_regex=None, packages_start=None, packages_end=None, allow_overriding=[], cmake_args=None, cmake_target=None, cmake_target_skip_unavailable=False, cmake_clean_cache=False, cmake_clean_first=False, cmake_force_configure=False, ament_cmake_args=None, catkin_cmake_args=None, catkin_skip_building_tests=False, mixin_files=None, mixin=None, verb_parser=<colcon_mixin.mixin.mixin_argument.MixinArgumentDecorator object at 0x75fdeb9425c0>, verb_extension=<colcon_core.verb.build.BuildVerb object at 0x75fdeba46b30>, main=<bound method BuildVerb.main of <colcon_core.verb.build.BuildVerb object at 0x75fdeba46b30>>, mixin_verb=('build',))
[0.227s] Level 1:colcon.colcon_core.package_discovery:discover_packages(colcon_meta) check parameters
[0.227s] Level 1:colcon.colcon_core.package_discovery:discover_packages(recursive) check parameters
[0.227s] Level 1:colcon.colcon_core.package_discovery:discover_packages(ignore) check parameters
[0.228s] Level 1:colcon.colcon_core.package_discovery:discover_packages(path) check parameters
[0.228s] Level 1:colcon.colcon_core.package_discovery:discover_packages(colcon_meta) discover
[0.228s] Level 1:colcon.colcon_core.package_discovery:discover_packages(recursive) discover
[0.228s] INFO:colcon.colcon_core.package_discovery:Crawling recursively for packages in '/home/hinfinity/Documents/robotica_2_2024/vision_ws'
[0.228s] Level 1:colcon.colcon_core.package_identification:_identify(.) by extensions ['ignore', 'ignore_ament_install']
[0.228s] Level 1:colcon.colcon_core.package_identification:_identify(.) by extension 'ignore'
[0.228s] Level 1:colcon.colcon_core.package_identification:_identify(.) by extension 'ignore_ament_install'
[0.228s] Level 1:colcon.colcon_core.package_identification:_identify(.) by extensions ['colcon_pkg']
[0.228s] Level 1:colcon.colcon_core.package_identification:_identify(.) by extension 'colcon_pkg'
[0.228s] Level 1:colcon.colcon_core.package_identification:_identify(.) by extensions ['colcon_meta']
[0.228s] Level 1:colcon.colcon_core.package_identification:_identify(.) by extension 'colcon_meta'
[0.228s] Level 1:colcon.colcon_core.package_identification:_identify(.) by extensions ['ros']
[0.228s] Level 1:colcon.colcon_core.package_identification:_identify(.) by extension 'ros'
[0.237s] Level 1:colcon.colcon_core.package_identification:_identify(.) by extensions ['cmake', 'python']
[0.237s] Level 1:colcon.colcon_core.package_identification:_identify(.) by extension 'cmake'
[0.237s] Level 1:colcon.colcon_core.package_identification:_identify(.) by extension 'python'
[0.237s] Level 1:colcon.colcon_core.package_identification:_identify(.) by extensions ['python_setup_py']
[0.237s] Level 1:colcon.colcon_core.package_identification:_identify(.) by extension 'python_setup_py'
[0.237s] Level 1:colcon.colcon_core.package_identification:_identify(build) by extensions ['ignore', 'ignore_ament_install']
[0.237s] Level 1:colcon.colcon_core.package_identification:_identify(build) by extension 'ignore'
[0.238s] Level 1:colcon.colcon_core.package_identification:_identify(build) ignored
[0.238s] Level 1:colcon.colcon_core.package_identification:_identify(install) by extensions ['ignore', 'ignore_ament_install']
[0.238s] Level 1:colcon.colcon_core.package_identification:_identify(install) by extension 'ignore'
[0.238s] Level 1:colcon.colcon_core.package_identification:_identify(install) ignored
[0.238s] Level 1:colcon.colcon_core.package_identification:_identify(log) by extensions ['ignore', 'ignore_ament_install']
[0.238s] Level 1:colcon.colcon_core.package_identification:_identify(log) by extension 'ignore'
[0.238s] Level 1:colcon.colcon_core.package_identification:_identify(log) ignored
[0.238s] Level 1:colcon.colcon_core.package_identification:_identify(src) by extensions ['ignore', 'ignore_ament_install']
[0.238s] Level 1:colcon.colcon_core.package_identification:_identify(src) by extension 'ignore'
[0.238s] Level 1:colcon.colcon_core.package_identification:_identify(src) by extension 'ignore_ament_install'
[0.238s] Level 1:colcon.colcon_core.package_identification:_identify(src) by extensions ['colcon_pkg']
[0.238s] Level 1:colcon.colcon_core.package_identification:_identify(src) by extension 'colcon_pkg'
[0.238s] Level 1:colcon.colcon_core.package_identification:_identify(src) by extensions ['colcon_meta']
[0.238s] Level 1:colcon.colcon_core.package_identification:_identify(src) by extension 'colcon_meta'
[0.238s] Level 1:colcon.colcon_core.package_identification:_identify(src) by extensions ['ros']
[0.238s] Level 1:colcon.colcon_core.package_identification:_identify(src) by extension 'ros'
[0.238s] Level 1:colcon.colcon_core.package_identification:_identify(src) by extensions ['cmake', 'python']
[0.238s] Level 1:colcon.colcon_core.package_identification:_identify(src) by extension 'cmake'
[0.238s] Level 1:colcon.colcon_core.package_identification:_identify(src) by extension 'python'
[0.238s] Level 1:colcon.colcon_core.package_identification:_identify(src) by extensions ['python_setup_py']
[0.238s] Level 1:colcon.colcon_core.package_identification:_identify(src) by extension 'python_setup_py'
[0.238s] Level 1:colcon.colcon_core.package_identification:_identify(src/camera_vision) by extensions ['ignore', 'ignore_ament_install']
[0.239s] Level 1:colcon.colcon_core.package_identification:_identify(src/camera_vision) by extension 'ignore'
[0.239s] Level 1:colcon.colcon_core.package_identification:_identify(src/camera_vision) by extension 'ignore_ament_install'
[0.239s] Level 1:colcon.colcon_core.package_identification:_identify(src/camera_vision) by extensions ['colcon_pkg']
[0.239s] Level 1:colcon.colcon_core.package_identification:_identify(src/camera_vision) by extension 'colcon_pkg'
[0.239s] Level 1:colcon.colcon_core.package_identification:_identify(src/camera_vision) by extensions ['colcon_meta']
[0.239s] Level 1:colcon.colcon_core.package_identification:_identify(src/camera_vision) by extension 'colcon_meta'
[0.239s] Level 1:colcon.colcon_core.package_identification:_identify(src/camera_vision) by extensions ['ros']
[0.239s] Level 1:colcon.colcon_core.package_identification:_identify(src/camera_vision) by extension 'ros'
[0.241s] DEBUG:colcon.colcon_core.package_identification:Package 'src/camera_vision' with type 'ros.ament_python' and name 'camera_vision'
[0.241s] Level 1:colcon.colcon_core.package_identification:_identify(src/custom_msgs) by extensions ['ignore', 'ignore_ament_install']
[0.241s] Level 1:colcon.colcon_core.package_identification:_identify(src/custom_msgs) by extension 'ignore'
[0.241s] Level 1:colcon.colcon_core.package_identification:_identify(src/custom_msgs) by extension 'ignore_ament_install'
[0.241s] Level 1:colcon.colcon_core.package_identification:_identify(src/custom_msgs) by extensions ['colcon_pkg']
[0.241s] Level 1:colcon.colcon_core.package_identification:_identify(src/custom_msgs) by extension 'colcon_pkg'
[0.241s] Level 1:colcon.colcon_core.package_identification:_identify(src/custom_msgs) by extensions ['colcon_meta']
[0.241s] Level 1:colcon.colcon_core.package_identification:_identify(src/custom_msgs) by extension 'colcon_meta'
[0.241s] Level 1:colcon.colcon_core.package_identification:_identify(src/custom_msgs) by extensions ['ros']
[0.241s] Level 1:colcon.colcon_core.package_identification:_identify(src/custom_msgs) by extension 'ros'
[0.241s] DEBUG:colcon.colcon_core.package_identification:Package 'src/custom_msgs' with type 'ros.ament_cmake' and name 'custom_msgs'
[0.242s] Level 1:colcon.colcon_core.package_discovery:discover_packages(recursive) using defaults
[0.242s] Level 1:colcon.colcon_core.package_discovery:discover_packages(ignore) discover
[0.242s] Level 1:colcon.colcon_core.package_discovery:discover_packages(ignore) using defaults
[0.242s] Level 1:colcon.colcon_core.package_discovery:discover_packages(path) discover
[0.242s] Level 1:colcon.colcon_core.package_discovery:discover_packages(path) using defaults
[0.265s] Level 1:colcon.colcon_core.package_discovery:discover_packages(prefix_path) check parameters
[0.265s] Level 1:colcon.colcon_core.package_discovery:discover_packages(prefix_path) discover
[0.266s] DEBUG:colcon.colcon_installed_package_information.package_discovery:Found 2 installed packages in /home/hinfinity/Documents/robotica_2_2024/vision_ws/install
[0.267s] DEBUG:colcon.colcon_installed_package_information.package_discovery:Found 283 installed packages in /opt/ros/humble
[0.268s] Level 1:colcon.colcon_core.package_discovery:discover_packages(prefix_path) using defaults
[0.299s] Level 5:colcon.colcon_core.verb:set package 'camera_vision' build argument 'cmake_args' from command line to 'None'
[0.300s] Level 5:colcon.colcon_core.verb:set package 'camera_vision' build argument 'cmake_target' from command line to 'None'
[0.300s] Level 5:colcon.colcon_core.verb:set package 'camera_vision' build argument 'cmake_target_skip_unavailable' from command line to 'False'
[0.300s] Level 5:colcon.colcon_core.verb:set package 'camera_vision' build argument 'cmake_clean_cache' from command line to 'False'
[0.300s] Level 5:colcon.colcon_core.verb:set package 'camera_vision' build argument 'cmake_clean_first' from command line to 'False'
[0.300s] Level 5:colcon.colcon_core.verb:set package 'camera_vision' build argument 'cmake_force_configure' from command line to 'False'
[0.300s] Level 5:colcon.colcon_core.verb:set package 'camera_vision' build argument 'ament_cmake_args' from command line to 'None'
[0.300s] Level 5:colcon.colcon_core.verb:set package 'camera_vision' build argument 'catkin_cmake_args' from command line to 'None'
[0.300s] Level 5:colcon.colcon_core.verb:set package 'camera_vision' build argument 'catkin_skip_building_tests' from command line to 'False'
[0.300s] DEBUG:colcon.colcon_core.verb:Building package 'camera_vision' with the following arguments: {'ament_cmake_args': None, 'build_base': '/home/hinfinity/Documents/robotica_2_2024/vision_ws/build/camera_vision', 'catkin_cmake_args': None, 'catkin_skip_building_tests': False, 'cmake_args': None, 'cmake_clean_cache': False, 'cmake_clean_first': False, 'cmake_force_configure': False, 'cmake_target': None, 'cmake_target_skip_unavailable': False, 'install_base': '/home/hinfinity/Documents/robotica_2_2024/vision_ws/install/camera_vision', 'merge_install': False, 'path': '/home/hinfinity/Documents/robotica_2_2024/vision_ws/src/camera_vision', 'symlink_install': False, 'test_result_base': None}
[0.300s] Level 5:colcon.colcon_core.verb:set package 'custom_msgs' build argument 'cmake_args' from command line to 'None'
[0.300s] Level 5:colcon.colcon_core.verb:set package 'custom_msgs' build argument 'cmake_target' from command line to 'None'
[0.300s] Level 5:colcon.colcon_core.verb:set package 'custom_msgs' build argument 'cmake_target_skip_unavailable' from command line to 'False'
[0.300s] Level 5:colcon.colcon_core.verb:set package 'custom_msgs' build argument 'cmake_clean_cache' from command line to 'False'
[0.300s] Level 5:colcon.colcon_core.verb:set package 'custom_msgs' build argument 'cmake_clean_first' from command line to 'False'
[0.300s] Level 5:colcon.colcon_core.verb:set package 'custom_msgs' build argument 'cmake_force_configure' from command line to 'False'
[0.300s] Level 5:colcon.colcon_core.verb:set package 'custom_msgs' build argument 'ament_cmake_args' from command line to 'None'
[0.300s] Level 5:colcon.colcon_core.verb:set package 'custom_msgs' build argument 'catkin_cmake_args' from command line to 'None'
[0.300s] Level 5:colcon.colcon_core.verb:set package 'custom_msgs' build argument 'catkin_skip_building_tests' from command line to 'False'
[0.300s] DEBUG:colcon.colcon_core.verb:Building package 'custom_msgs' with the following arguments: {'ament_cmake_args': None, 'build_base': '/home/hinfinity/Documents/robotica_2_2024/vision_ws/build/custom_msgs', 'catkin_cmake_args': None, 'catkin_skip_building_tests': False, 'cmake_args': None, 'cmake_clean_cache': False, 'cmake_clean_first': False, 'cmake_force_configure': False, 'cmake_target': None, 'cmake_target_skip_unavailable': False, 'install_base': '/home/hinfinity/Documents/robotica_2_2024/vision_ws/install/custom_msgs', 'merge_install': False, 'path': '/home/hinfinity/Documents/robotica_2_2024/vision_ws/src/custom_msgs', 'symlink_install': False, 'test_result_base': None}
[0.300s] INFO:colcon.colcon_core.executor:Executing jobs using 'parallel' executor
[0.301s] DEBUG:colcon.colcon_parallel_executor.executor.parallel:run_until_complete
[0.301s] INFO:colcon.colcon_ros.task.ament_python.build:Building ROS package in '/home/hinfinity/Documents/robotica_2_2024/vision_ws/src/camera_vision' with build type 'ament_python'
[0.301s] Level 1:colcon.colcon_core.shell:create_environment_hook('camera_vision', 'ament_prefix_path')
[0.303s] INFO:colcon.colcon_core.plugin_system:Skipping extension 'colcon_core.shell.bat': Not used on non-Windows systems
[0.303s] INFO:colcon.colcon_core.shell:Creating environment hook '/home/hinfinity/Documents/robotica_2_2024/vision_ws/install/camera_vision/share/camera_vision/hook/ament_prefix_path.ps1'
[0.304s] INFO:colcon.colcon_core.shell:Creating environment descriptor '/home/hinfinity/Documents/robotica_2_2024/vision_ws/install/camera_vision/share/camera_vision/hook/ament_prefix_path.dsv'
[0.304s] INFO:colcon.colcon_core.shell:Creating environment hook '/home/hinfinity/Documents/robotica_2_2024/vision_ws/install/camera_vision/share/camera_vision/hook/ament_prefix_path.sh'
[0.305s] INFO:colcon.colcon_core.shell:Skip shell extension 'powershell' for command environment: Not usable outside of PowerShell
[0.305s] DEBUG:colcon.colcon_core.shell:Skip shell extension 'dsv' for command environment
[0.307s] INFO:colcon.colcon_ros.task.ament_cmake.build:Building ROS package in '/home/hinfinity/Documents/robotica_2_2024/vision_ws/src/custom_msgs' with build type 'ament_cmake'
[0.307s] INFO:colcon.colcon_cmake.task.cmake.build:Building CMake package in '/home/hinfinity/Documents/robotica_2_2024/vision_ws/src/custom_msgs'
[0.307s] INFO:colcon.colcon_core.shell:Skip shell extension 'powershell' for command environment: Not usable outside of PowerShell
[0.307s] DEBUG:colcon.colcon_core.shell:Skip shell extension 'dsv' for command environment
[0.513s] INFO:colcon.colcon_core.task.python.build:Building Python package in '/home/hinfinity/Documents/robotica_2_2024/vision_ws/src/camera_vision'
[0.514s] INFO:colcon.colcon_core.shell:Skip shell extension 'powershell' for command environment: Not usable outside of PowerShell
[0.514s] DEBUG:colcon.colcon_core.shell:Skip shell extension 'dsv' for command environment
[0.520s] DEBUG:colcon.colcon_core.event_handler.log_command:Invoking command in '/home/hinfinity/Documents/robotica_2_2024/vision_ws/build/custom_msgs': CMAKE_PREFIX_PATH=${CMAKE_PREFIX_PATH}:/home/hinfinity/Documents/robotica_2_2024/vision_ws/install/camera_vision:/opt/ros/humble /usr/bin/cmake --build /home/hinfinity/Documents/robotica_2_2024/vision_ws/build/custom_msgs -- -j12 -l12
[0.799s] DEBUG:colcon.colcon_core.event_handler.log_command:Invoking command in '/home/hinfinity/Documents/robotica_2_2024/vision_ws/src/camera_vision': PYTHONPATH=/home/hinfinity/Documents/robotica_2_2024/vision_ws/build/camera_vision/prefix_override:/usr/lib/python3/dist-packages/colcon_core/task/python/colcon_distutils_commands:/home/hinfinity/Documents/robotica_2_2024/vision_ws/install/camera_vision/lib/python3.10/site-packages:${PYTHONPATH} /usr/bin/python3 -W ignore:setup.py install is deprecated setup.py egg_info --egg-base ../../build/camera_vision build --build-base /home/hinfinity/Documents/robotica_2_2024/vision_ws/build/camera_vision/build install --record /home/hinfinity/Documents/robotica_2_2024/vision_ws/build/camera_vision/install.log --single-version-externally-managed install_data
[1.052s] DEBUG:colcon.colcon_core.event_handler.log_command:Invoked command in '/home/hinfinity/Documents/robotica_2_2024/vision_ws/src/camera_vision' returned '0': PYTHONPATH=/home/hinfinity/Documents/robotica_2_2024/vision_ws/build/camera_vision/prefix_override:/usr/lib/python3/dist-packages/colcon_core/task/python/colcon_distutils_commands:/home/hinfinity/Documents/robotica_2_2024/vision_ws/install/camera_vision/lib/python3.10/site-packages:${PYTHONPATH} /usr/bin/python3 -W ignore:setup.py install is deprecated setup.py egg_info --egg-base ../../build/camera_vision build --build-base /home/hinfinity/Documents/robotica_2_2024/vision_ws/build/camera_vision/build install --record /home/hinfinity/Documents/robotica_2_2024/vision_ws/build/camera_vision/install.log --single-version-externally-managed install_data
[1.053s] Level 1:colcon.colcon_core.environment:checking '/home/hinfinity/Documents/robotica_2_2024/vision_ws/install/camera_vision' for CMake module files
[1.054s] Level 1:colcon.colcon_core.environment:checking '/home/hinfinity/Documents/robotica_2_2024/vision_ws/install/camera_vision' for CMake config files
[1.054s] Level 1:colcon.colcon_core.environment:checking '/home/hinfinity/Documents/robotica_2_2024/vision_ws/install/camera_vision/lib'
[1.054s] Level 1:colcon.colcon_core.environment:checking '/home/hinfinity/Documents/robotica_2_2024/vision_ws/install/camera_vision/bin'
[1.054s] Level 1:colcon.colcon_core.environment:checking '/home/hinfinity/Documents/robotica_2_2024/vision_ws/install/camera_vision/lib/pkgconfig/camera_vision.pc'
[1.055s] Level 1:colcon.colcon_core.environment:checking '/home/hinfinity/Documents/robotica_2_2024/vision_ws/install/camera_vision/lib/python3.10/site-packages'
[1.055s] Level 1:colcon.colcon_core.shell:create_environment_hook('camera_vision', 'pythonpath')
[1.055s] INFO:colcon.colcon_core.shell:Creating environment hook '/home/hinfinity/Documents/robotica_2_2024/vision_ws/install/camera_vision/share/camera_vision/hook/pythonpath.ps1'
[1.055s] INFO:colcon.colcon_core.shell:Creating environment descriptor '/home/hinfinity/Documents/robotica_2_2024/vision_ws/install/camera_vision/share/camera_vision/hook/pythonpath.dsv'
[1.055s] INFO:colcon.colcon_core.shell:Creating environment hook '/home/hinfinity/Documents/robotica_2_2024/vision_ws/install/camera_vision/share/camera_vision/hook/pythonpath.sh'
[1.056s] Level 1:colcon.colcon_core.environment:checking '/home/hinfinity/Documents/robotica_2_2024/vision_ws/install/camera_vision/bin'
[1.056s] Level 1:colcon.colcon_core.environment:create_environment_scripts_only(camera_vision)
[1.056s] INFO:colcon.colcon_core.shell:Creating package script '/home/hinfinity/Documents/robotica_2_2024/vision_ws/install/camera_vision/share/camera_vision/package.ps1'
[1.057s] INFO:colcon.colcon_core.shell:Creating package descriptor '/home/hinfinity/Documents/robotica_2_2024/vision_ws/install/camera_vision/share/camera_vision/package.dsv'
[1.057s] INFO:colcon.colcon_core.shell:Creating package script '/home/hinfinity/Documents/robotica_2_2024/vision_ws/install/camera_vision/share/camera_vision/package.sh'
[1.058s] INFO:colcon.colcon_core.shell:Creating package script '/home/hinfinity/Documents/robotica_2_2024/vision_ws/install/camera_vision/share/camera_vision/package.bash'
[1.058s] INFO:colcon.colcon_core.shell:Creating package script '/home/hinfinity/Documents/robotica_2_2024/vision_ws/install/camera_vision/share/camera_vision/package.zsh'
[1.059s] Level 1:colcon.colcon_core.environment:create_file_with_runtime_dependencies(/home/hinfinity/Documents/robotica_2_2024/vision_ws/install/camera_vision/share/colcon-core/packages/camera_vision)
[3.231s] DEBUG:colcon.colcon_core.event_handler.log_command:Invoked command in '/home/hinfinity/Documents/robotica_2_2024/vision_ws/build/custom_msgs' returned '0': CMAKE_PREFIX_PATH=${CMAKE_PREFIX_PATH}:/home/hinfinity/Documents/robotica_2_2024/vision_ws/install/camera_vision:/opt/ros/humble /usr/bin/cmake --build /home/hinfinity/Documents/robotica_2_2024/vision_ws/build/custom_msgs -- -j12 -l12
[3.291s] DEBUG:colcon.colcon_core.event_handler.log_command:Invoking command in '/home/hinfinity/Documents/robotica_2_2024/vision_ws/build/custom_msgs': CMAKE_PREFIX_PATH=${CMAKE_PREFIX_PATH}:/home/hinfinity/Documents/robotica_2_2024/vision_ws/install/camera_vision:/opt/ros/humble /usr/bin/cmake --install /home/hinfinity/Documents/robotica_2_2024/vision_ws/build/custom_msgs
[3.343s] Level 1:colcon.colcon_core.environment:create_environment_scripts_only(custom_msgs)
[3.343s] Level 1:colcon.colcon_core.environment:checking '/home/hinfinity/Documents/robotica_2_2024/vision_ws/install/custom_msgs' for CMake module files
[3.344s] DEBUG:colcon.colcon_core.event_handler.log_command:Invoked command in '/home/hinfinity/Documents/robotica_2_2024/vision_ws/build/custom_msgs' returned '0': CMAKE_PREFIX_PATH=${CMAKE_PREFIX_PATH}:/home/hinfinity/Documents/robotica_2_2024/vision_ws/install/camera_vision:/opt/ros/humble /usr/bin/cmake --install /home/hinfinity/Documents/robotica_2_2024/vision_ws/build/custom_msgs
[3.344s] Level 1:colcon.colcon_core.environment:checking '/home/hinfinity/Documents/robotica_2_2024/vision_ws/install/custom_msgs' for CMake config files
[3.344s] Level 1:colcon.colcon_core.shell:create_environment_hook('custom_msgs', 'cmake_prefix_path')
[3.344s] INFO:colcon.colcon_core.shell:Creating environment hook '/home/hinfinity/Documents/robotica_2_2024/vision_ws/install/custom_msgs/share/custom_msgs/hook/cmake_prefix_path.ps1'
[3.345s] INFO:colcon.colcon_core.shell:Creating environment descriptor '/home/hinfinity/Documents/robotica_2_2024/vision_ws/install/custom_msgs/share/custom_msgs/hook/cmake_prefix_path.dsv'
[3.345s] INFO:colcon.colcon_core.shell:Creating environment hook '/home/hinfinity/Documents/robotica_2_2024/vision_ws/install/custom_msgs/share/custom_msgs/hook/cmake_prefix_path.sh'
[3.346s] Level 1:colcon.colcon_core.environment:checking '/home/hinfinity/Documents/robotica_2_2024/vision_ws/install/custom_msgs/lib'
[3.346s] Level 1:colcon.colcon_core.shell:create_environment_hook('custom_msgs', 'ld_library_path_lib')
[3.346s] INFO:colcon.colcon_core.shell:Creating environment hook '/home/hinfinity/Documents/robotica_2_2024/vision_ws/install/custom_msgs/share/custom_msgs/hook/ld_library_path_lib.ps1'
[3.346s] INFO:colcon.colcon_core.shell:Creating environment descriptor '/home/hinfinity/Documents/robotica_2_2024/vision_ws/install/custom_msgs/share/custom_msgs/hook/ld_library_path_lib.dsv'
[3.346s] INFO:colcon.colcon_core.shell:Creating environment hook '/home/hinfinity/Documents/robotica_2_2024/vision_ws/install/custom_msgs/share/custom_msgs/hook/ld_library_path_lib.sh'
[3.347s] Level 1:colcon.colcon_core.environment:checking '/home/hinfinity/Documents/robotica_2_2024/vision_ws/install/custom_msgs/bin'
[3.347s] Level 1:colcon.colcon_core.environment:checking '/home/hinfinity/Documents/robotica_2_2024/vision_ws/install/custom_msgs/lib/pkgconfig/custom_msgs.pc'
[3.347s] Level 1:colcon.colcon_core.environment:checking '/home/hinfinity/Documents/robotica_2_2024/vision_ws/install/custom_msgs/lib/python3.10/site-packages'
[3.347s] Level 1:colcon.colcon_core.environment:checking '/home/hinfinity/Documents/robotica_2_2024/vision_ws/install/custom_msgs/bin'
[3.347s] INFO:colcon.colcon_core.shell:Creating package script '/home/hinfinity/Documents/robotica_2_2024/vision_ws/install/custom_msgs/share/custom_msgs/package.ps1'
[3.348s] INFO:colcon.colcon_core.shell:Creating package descriptor '/home/hinfinity/Documents/robotica_2_2024/vision_ws/install/custom_msgs/share/custom_msgs/package.dsv'
[3.348s] INFO:colcon.colcon_core.shell:Creating package script '/home/hinfinity/Documents/robotica_2_2024/vision_ws/install/custom_msgs/share/custom_msgs/package.sh'
[3.348s] INFO:colcon.colcon_core.shell:Creating package script '/home/hinfinity/Documents/robotica_2_2024/vision_ws/install/custom_msgs/share/custom_msgs/package.bash'
[3.349s] INFO:colcon.colcon_core.shell:Creating package script '/home/hinfinity/Documents/robotica_2_2024/vision_ws/install/custom_msgs/share/custom_msgs/package.zsh'
[3.349s] Level 1:colcon.colcon_core.environment:create_file_with_runtime_dependencies(/home/hinfinity/Documents/robotica_2_2024/vision_ws/install/custom_msgs/share/colcon-core/packages/custom_msgs)
[3.423s] Level 1:colcon.colcon_core.environment:create_environment_scripts_only(custom_msgs)
[3.423s] Level 1:colcon.colcon_core.environment:checking '/home/hinfinity/Documents/robotica_2_2024/vision_ws/install/custom_msgs' for CMake module files
[3.425s] Level 1:colcon.colcon_core.environment:checking '/home/hinfinity/Documents/robotica_2_2024/vision_ws/install/custom_msgs' for CMake config files
[3.425s] Level 1:colcon.colcon_core.shell:create_environment_hook('custom_msgs', 'cmake_prefix_path')
[3.426s] INFO:colcon.colcon_core.shell:Creating environment hook '/home/hinfinity/Documents/robotica_2_2024/vision_ws/install/custom_msgs/share/custom_msgs/hook/cmake_prefix_path.ps1'
[3.427s] INFO:colcon.colcon_core.shell:Creating environment descriptor '/home/hinfinity/Documents/robotica_2_2024/vision_ws/install/custom_msgs/share/custom_msgs/hook/cmake_prefix_path.dsv'
[3.427s] INFO:colcon.colcon_core.shell:Creating environment hook '/home/hinfinity/Documents/robotica_2_2024/vision_ws/install/custom_msgs/share/custom_msgs/hook/cmake_prefix_path.sh'
[3.429s] Level 1:colcon.colcon_core.environment:checking '/home/hinfinity/Documents/robotica_2_2024/vision_ws/install/custom_msgs/lib'
[3.429s] Level 1:colcon.colcon_core.shell:create_environment_hook('custom_msgs', 'ld_library_path_lib')
[3.429s] INFO:colcon.colcon_core.shell:Creating environment hook '/home/hinfinity/Documents/robotica_2_2024/vision_ws/install/custom_msgs/share/custom_msgs/hook/ld_library_path_lib.ps1'
[3.430s] INFO:colcon.colcon_core.shell:Creating environment descriptor '/home/hinfinity/Documents/robotica_2_2024/vision_ws/install/custom_msgs/share/custom_msgs/hook/ld_library_path_lib.dsv'
[3.431s] INFO:colcon.colcon_core.shell:Creating environment hook '/home/hinfinity/Documents/robotica_2_2024/vision_ws/install/custom_msgs/share/custom_msgs/hook/ld_library_path_lib.sh'
[3.432s] Level 1:colcon.colcon_core.environment:checking '/home/hinfinity/Documents/robotica_2_2024/vision_ws/install/custom_msgs/bin'
[3.432s] Level 1:colcon.colcon_core.environment:checking '/home/hinfinity/Documents/robotica_2_2024/vision_ws/install/custom_msgs/lib/pkgconfig/custom_msgs.pc'
[3.432s] Level 1:colcon.colcon_core.environment:checking '/home/hinfinity/Documents/robotica_2_2024/vision_ws/install/custom_msgs/lib/python3.10/site-packages'
[3.433s] Level 1:colcon.colcon_core.environment:checking '/home/hinfinity/Documents/robotica_2_2024/vision_ws/install/custom_msgs/bin'
[3.434s] INFO:colcon.colcon_core.shell:Creating package script '/home/hinfinity/Documents/robotica_2_2024/vision_ws/install/custom_msgs/share/custom_msgs/package.ps1'
[3.435s] INFO:colcon.colcon_core.shell:Creating package descriptor '/home/hinfinity/Documents/robotica_2_2024/vision_ws/install/custom_msgs/share/custom_msgs/package.dsv'
[3.436s] INFO:colcon.colcon_core.shell:Creating package script '/home/hinfinity/Documents/robotica_2_2024/vision_ws/install/custom_msgs/share/custom_msgs/package.sh'
[3.437s] INFO:colcon.colcon_core.shell:Creating package script '/home/hinfinity/Documents/robotica_2_2024/vision_ws/install/custom_msgs/share/custom_msgs/package.bash'
[3.438s] INFO:colcon.colcon_core.shell:Creating package script '/home/hinfinity/Documents/robotica_2_2024/vision_ws/install/custom_msgs/share/custom_msgs/package.zsh'
[3.439s] Level 1:colcon.colcon_core.environment:create_file_with_runtime_dependencies(/home/hinfinity/Documents/robotica_2_2024/vision_ws/install/custom_msgs/share/colcon-core/packages/custom_msgs)
[3.439s] DEBUG:colcon.colcon_parallel_executor.executor.parallel:closing loop
[3.440s] DEBUG:colcon.colcon_parallel_executor.executor.parallel:loop closed
[3.440s] DEBUG:colcon.colcon_parallel_executor.executor.parallel:run_until_complete finished with '0'
[3.440s] DEBUG:colcon.colcon_core.event_reactor:joining thread
[3.450s] INFO:colcon.colcon_core.plugin_system:Skipping extension 'colcon_notification.desktop_notification.terminal_notifier': Not used on non-Darwin systems
[3.451s] INFO:colcon.colcon_core.plugin_system:Skipping extension 'colcon_notification.desktop_notification.win32': Not used on non-Windows systems
[3.451s] INFO:colcon.colcon_notification.desktop_notification:Sending desktop notification using 'notify2'
[3.472s] DEBUG:colcon.colcon_core.event_reactor:joined thread
[3.473s] INFO:colcon.colcon_core.shell:Creating prefix script '/home/hinfinity/Documents/robotica_2_2024/vision_ws/install/local_setup.ps1'
[3.475s] INFO:colcon.colcon_core.shell:Creating prefix util module '/home/hinfinity/Documents/robotica_2_2024/vision_ws/install/_local_setup_util_ps1.py'
[3.478s] INFO:colcon.colcon_core.shell:Creating prefix chain script '/home/hinfinity/Documents/robotica_2_2024/vision_ws/install/setup.ps1'
[3.480s] INFO:colcon.colcon_core.shell:Creating prefix script '/home/hinfinity/Documents/robotica_2_2024/vision_ws/install/local_setup.sh'
[3.481s] INFO:colcon.colcon_core.shell:Creating prefix util module '/home/hinfinity/Documents/robotica_2_2024/vision_ws/install/_local_setup_util_sh.py'
[3.483s] INFO:colcon.colcon_core.shell:Creating prefix chain script '/home/hinfinity/Documents/robotica_2_2024/vision_ws/install/setup.sh'
[3.485s] INFO:colcon.colcon_core.shell:Creating prefix script '/home/hinfinity/Documents/robotica_2_2024/vision_ws/install/local_setup.bash'
[3.486s] INFO:colcon.colcon_core.shell:Creating prefix chain script '/home/hinfinity/Documents/robotica_2_2024/vision_ws/install/setup.bash'
[3.488s] INFO:colcon.colcon_core.shell:Creating prefix script '/home/hinfinity/Documents/robotica_2_2024/vision_ws/install/local_setup.zsh'
[3.489s] INFO:colcon.colcon_core.shell:Creating prefix chain script '/home/hinfinity/Documents/robotica_2_2024/vision_ws/install/setup.zsh'
