[0.012s] Invoking command in '/home/hinfinity/Documents/robotica_2_2024/pubsub_ws/build/myPackage': CMAKE_PREFIX_PATH=${CMAKE_PREFIX_PATH}:/home/hinfinity/Documents/robotica_2_2024/pubsub_ws/install/py_pubsub:/opt/ros/humble /usr/bin/cmake --build /home/hinfinity/Documents/robotica_2_2024/pubsub_ws/build/myPackage -- -j12 -l12
[0.042s] [35m[1mConsolidate compiler generated dependencies of target pubsub[0m
[0.042s] [35m[1mConsolidate compiler generated dependencies of target sub[0m
[0.042s] [35m[1mConsolidate compiler generated dependencies of target pub[0m
[0.054s] [100%] Built target pubsub
[0.054s] [100%] Built target pub
[0.054s] [100%] Built target sub
[0.224s] Invoked command in '/home/hinfinity/Documents/robotica_2_2024/pubsub_ws/build/myPackage' returned '0': CMAKE_PREFIX_PATH=${CMAKE_PREFIX_PATH}:/home/hinfinity/Documents/robotica_2_2024/pubsub_ws/install/py_pubsub:/opt/ros/humble /usr/bin/cmake --build /home/hinfinity/Documents/robotica_2_2024/pubsub_ws/build/myPackage -- -j12 -l12
[0.253s] Invoking command in '/home/hinfinity/Documents/robotica_2_2024/pubsub_ws/build/myPackage': CMAKE_PREFIX_PATH=${CMAKE_PREFIX_PATH}:/home/hinfinity/Documents/robotica_2_2024/pubsub_ws/install/py_pubsub:/opt/ros/humble /usr/bin/cmake --install /home/hinfinity/Documents/robotica_2_2024/pubsub_ws/build/myPackage
[0.258s] -- Install configuration: ""
[0.259s] -- Up-to-date: /home/hinfinity/Documents/robotica_2_2024/pubsub_ws/install/myPackage/lib/myPackage/pub
[0.259s] -- Up-to-date: /home/hinfinity/Documents/robotica_2_2024/pubsub_ws/install/myPackage/lib/myPackage/sub
[0.259s] -- Up-to-date: /home/hinfinity/Documents/robotica_2_2024/pubsub_ws/install/myPackage/lib/myPackage/pubsub
[0.259s] -- Up-to-date: /home/hinfinity/Documents/robotica_2_2024/pubsub_ws/install/myPackage/share/ament_index/resource_index/package_run_dependencies/myPackage
[0.259s] -- Up-to-date: /home/hinfinity/Documents/robotica_2_2024/pubsub_ws/install/myPackage/share/ament_index/resource_index/parent_prefix_path/myPackage
[0.259s] -- Up-to-date: /home/hinfinity/Documents/robotica_2_2024/pubsub_ws/install/myPackage/share/myPackage/environment/ament_prefix_path.sh
[0.259s] -- Up-to-date: /home/hinfinity/Documents/robotica_2_2024/pubsub_ws/install/myPackage/share/myPackage/environment/ament_prefix_path.dsv
[0.260s] -- Up-to-date: /home/hinfinity/Documents/robotica_2_2024/pubsub_ws/install/myPackage/share/myPackage/environment/path.sh
[0.260s] -- Up-to-date: /home/hinfinity/Documents/robotica_2_2024/pubsub_ws/install/myPackage/share/myPackage/environment/path.dsv
[0.260s] -- Up-to-date: /home/hinfinity/Documents/robotica_2_2024/pubsub_ws/install/myPackage/share/myPackage/local_setup.bash
[0.260s] -- Up-to-date: /home/hinfinity/Documents/robotica_2_2024/pubsub_ws/install/myPackage/share/myPackage/local_setup.sh
[0.260s] -- Up-to-date: /home/hinfinity/Documents/robotica_2_2024/pubsub_ws/install/myPackage/share/myPackage/local_setup.zsh
[0.260s] -- Up-to-date: /home/hinfinity/Documents/robotica_2_2024/pubsub_ws/install/myPackage/share/myPackage/local_setup.dsv
[0.260s] -- Installing: /home/hinfinity/Documents/robotica_2_2024/pubsub_ws/install/myPackage/share/myPackage/package.dsv
[0.260s] -- Up-to-date: /home/hinfinity/Documents/robotica_2_2024/pubsub_ws/install/myPackage/share/ament_index/resource_index/packages/myPackage
[0.260s] -- Up-to-date: /home/hinfinity/Documents/robotica_2_2024/pubsub_ws/install/myPackage/share/myPackage/cmake/myPackageConfig.cmake
[0.260s] -- Up-to-date: /home/hinfinity/Documents/robotica_2_2024/pubsub_ws/install/myPackage/share/myPackage/cmake/myPackageConfig-version.cmake
[0.260s] -- Up-to-date: /home/hinfinity/Documents/robotica_2_2024/pubsub_ws/install/myPackage/share/myPackage/package.xml
[0.261s] Invoked command in '/home/hinfinity/Documents/robotica_2_2024/pubsub_ws/build/myPackage' returned '0': CMAKE_PREFIX_PATH=${CMAKE_PREFIX_PATH}:/home/hinfinity/Documents/robotica_2_2024/pubsub_ws/install/py_pubsub:/opt/ros/humble /usr/bin/cmake --install /home/hinfinity/Documents/robotica_2_2024/pubsub_ws/build/myPackage
