running egg_info
creating ../../build/camera_vision/camera_vision.egg-info
writing ../../build/camera_vision/camera_vision.egg-info/PKG-INFO
writing dependency_links to ../../build/camera_vision/camera_vision.egg-info/dependency_links.txt
writing entry points to ../../build/camera_vision/camera_vision.egg-info/entry_points.txt
writing requirements to ../../build/camera_vision/camera_vision.egg-info/requires.txt
writing top-level names to ../../build/camera_vision/camera_vision.egg-info/top_level.txt
writing manifest file '../../build/camera_vision/camera_vision.egg-info/SOURCES.txt'
reading manifest file '../../build/camera_vision/camera_vision.egg-info/SOURCES.txt'
adding license file 'LICENSE'
writing manifest file '../../build/camera_vision/camera_vision.egg-info/SOURCES.txt'
running build
running build_py
creating /home/hinfinity/Documents/robotica_2_2024/vision_ws/build/camera_vision/build
creating /home/hinfinity/Documents/robotica_2_2024/vision_ws/build/camera_vision/build/lib
creating /home/hinfinity/Documents/robotica_2_2024/vision_ws/build/camera_vision/build/lib/camera_vision
copying camera_vision/__init__.py -> /home/hinfinity/Documents/robotica_2_2024/vision_ws/build/camera_vision/build/lib/camera_vision
copying camera_vision/read_camera.py -> /home/hinfinity/Documents/robotica_2_2024/vision_ws/build/camera_vision/build/lib/camera_vision
running install
running install_lib
creating /home/hinfinity/Documents/robotica_2_2024/vision_ws/install/camera_vision/lib/python3.10/site-packages/camera_vision
copying /home/hinfinity/Documents/robotica_2_2024/vision_ws/build/camera_vision/build/lib/camera_vision/__init__.py -> /home/hinfinity/Documents/robotica_2_2024/vision_ws/install/camera_vision/lib/python3.10/site-packages/camera_vision
copying /home/hinfinity/Documents/robotica_2_2024/vision_ws/build/camera_vision/build/lib/camera_vision/read_camera.py -> /home/hinfinity/Documents/robotica_2_2024/vision_ws/install/camera_vision/lib/python3.10/site-packages/camera_vision
byte-compiling /home/hinfinity/Documents/robotica_2_2024/vision_ws/install/camera_vision/lib/python3.10/site-packages/camera_vision/__init__.py to __init__.cpython-310.pyc
byte-compiling /home/hinfinity/Documents/robotica_2_2024/vision_ws/install/camera_vision/lib/python3.10/site-packages/camera_vision/read_camera.py to read_camera.cpython-310.pyc
running install_data
creating /home/hinfinity/Documents/robotica_2_2024/vision_ws/install/camera_vision/share/ament_index
creating /home/hinfinity/Documents/robotica_2_2024/vision_ws/install/camera_vision/share/ament_index/resource_index
creating /home/hinfinity/Documents/robotica_2_2024/vision_ws/install/camera_vision/share/ament_index/resource_index/packages
copying resource/camera_vision -> /home/hinfinity/Documents/robotica_2_2024/vision_ws/install/camera_vision/share/ament_index/resource_index/packages
copying package.xml -> /home/hinfinity/Documents/robotica_2_2024/vision_ws/install/camera_vision/share/camera_vision
running install_egg_info
Copying ../../build/camera_vision/camera_vision.egg-info to /home/hinfinity/Documents/robotica_2_2024/vision_ws/install/camera_vision/lib/python3.10/site-packages/camera_vision-0.0.0-py3.10.egg-info
running install_scripts
writing list of installed files to '/home/hinfinity/Documents/robotica_2_2024/vision_ws/build/camera_vision/install.log'
