running egg_info
creating ../../build/ejercicio4/ejercicio4.egg-info
writing ../../build/ejercicio4/ejercicio4.egg-info/PKG-INFO
writing dependency_links to ../../build/ejercicio4/ejercicio4.egg-info/dependency_links.txt
writing entry points to ../../build/ejercicio4/ejercicio4.egg-info/entry_points.txt
writing requirements to ../../build/ejercicio4/ejercicio4.egg-info/requires.txt
writing top-level names to ../../build/ejercicio4/ejercicio4.egg-info/top_level.txt
writing manifest file '../../build/ejercicio4/ejercicio4.egg-info/SOURCES.txt'
reading manifest file '../../build/ejercicio4/ejercicio4.egg-info/SOURCES.txt'
adding license file 'LICENSE'
writing manifest file '../../build/ejercicio4/ejercicio4.egg-info/SOURCES.txt'
running build
running build_py
creating /home/integralmilk03/robotica_2_2024/examen2_ws/build/ejercicio4/build
creating /home/integralmilk03/robotica_2_2024/examen2_ws/build/ejercicio4/build/lib
creating /home/integralmilk03/robotica_2_2024/examen2_ws/build/ejercicio4/build/lib/ejercicio4
copying ejercicio4/__init__.py -> /home/integralmilk03/robotica_2_2024/examen2_ws/build/ejercicio4/build/lib/ejercicio4
running install
running install_lib
creating /home/integralmilk03/robotica_2_2024/examen2_ws/install/ejercicio4/lib/python3.10/site-packages/ejercicio4
copying /home/integralmilk03/robotica_2_2024/examen2_ws/build/ejercicio4/build/lib/ejercicio4/__init__.py -> /home/integralmilk03/robotica_2_2024/examen2_ws/install/ejercicio4/lib/python3.10/site-packages/ejercicio4
byte-compiling /home/integralmilk03/robotica_2_2024/examen2_ws/install/ejercicio4/lib/python3.10/site-packages/ejercicio4/__init__.py to __init__.cpython-310.pyc
running install_data
creating /home/integralmilk03/robotica_2_2024/examen2_ws/install/ejercicio4/share/ament_index
creating /home/integralmilk03/robotica_2_2024/examen2_ws/install/ejercicio4/share/ament_index/resource_index
creating /home/integralmilk03/robotica_2_2024/examen2_ws/install/ejercicio4/share/ament_index/resource_index/packages
copying resource/ejercicio4 -> /home/integralmilk03/robotica_2_2024/examen2_ws/install/ejercicio4/share/ament_index/resource_index/packages
copying package.xml -> /home/integralmilk03/robotica_2_2024/examen2_ws/install/ejercicio4/share/ejercicio4
running install_egg_info
Copying ../../build/ejercicio4/ejercicio4.egg-info to /home/integralmilk03/robotica_2_2024/examen2_ws/install/ejercicio4/lib/python3.10/site-packages/ejercicio4-0.0.0-py3.10.egg-info
running install_scripts
writing list of installed files to '/home/integralmilk03/robotica_2_2024/examen2_ws/build/ejercicio4/install.log'
