[1.058s] Invoking command in '/home/integralmilk03/robotica_2_2024/examen2_ws/src/ejercicio4': PYTHONPATH=/home/integralmilk03/robotica_2_2024/examen2_ws/build/ejercicio4/prefix_override:/home/integralmilk03/.local/lib/python3.10/site-packages/colcon_core/task/python/colcon_distutils_commands:/home/integralmilk03/robotica_2_2024/examen2_ws/install/ejercicio4/lib/python3.10/site-packages:${PYTHONPATH} /usr/bin/python3 -W ignore:setup.py install is deprecated setup.py egg_info --egg-base ../../build/ejercicio4 build --build-base /home/integralmilk03/robotica_2_2024/examen2_ws/build/ejercicio4/build install --record /home/integralmilk03/robotica_2_2024/examen2_ws/build/ejercicio4/install.log --single-version-externally-managed install_data
[1.264s] running egg_info
[1.265s] creating ../../build/ejercicio4/ejercicio4.egg-info
[1.265s] writing ../../build/ejercicio4/ejercicio4.egg-info/PKG-INFO
[1.266s] writing dependency_links to ../../build/ejercicio4/ejercicio4.egg-info/dependency_links.txt
[1.266s] writing entry points to ../../build/ejercicio4/ejercicio4.egg-info/entry_points.txt
[1.266s] writing requirements to ../../build/ejercicio4/ejercicio4.egg-info/requires.txt
[1.266s] writing top-level names to ../../build/ejercicio4/ejercicio4.egg-info/top_level.txt
[1.266s] writing manifest file '../../build/ejercicio4/ejercicio4.egg-info/SOURCES.txt'
[1.268s] reading manifest file '../../build/ejercicio4/ejercicio4.egg-info/SOURCES.txt'
[1.268s] adding license file 'LICENSE'
[1.268s] writing manifest file '../../build/ejercicio4/ejercicio4.egg-info/SOURCES.txt'
[1.268s] running build
[1.269s] running build_py
[1.269s] creating /home/integralmilk03/robotica_2_2024/examen2_ws/build/ejercicio4/build
[1.269s] creating /home/integralmilk03/robotica_2_2024/examen2_ws/build/ejercicio4/build/lib
[1.269s] creating /home/integralmilk03/robotica_2_2024/examen2_ws/build/ejercicio4/build/lib/ejercicio4
[1.269s] copying ejercicio4/__init__.py -> /home/integralmilk03/robotica_2_2024/examen2_ws/build/ejercicio4/build/lib/ejercicio4
[1.269s] running install
[1.269s] running install_lib
[1.270s] creating /home/integralmilk03/robotica_2_2024/examen2_ws/install/ejercicio4/lib/python3.10/site-packages/ejercicio4
[1.270s] copying /home/integralmilk03/robotica_2_2024/examen2_ws/build/ejercicio4/build/lib/ejercicio4/__init__.py -> /home/integralmilk03/robotica_2_2024/examen2_ws/install/ejercicio4/lib/python3.10/site-packages/ejercicio4
[1.270s] byte-compiling /home/integralmilk03/robotica_2_2024/examen2_ws/install/ejercicio4/lib/python3.10/site-packages/ejercicio4/__init__.py to __init__.cpython-310.pyc
[1.271s] running install_data
[1.271s] creating /home/integralmilk03/robotica_2_2024/examen2_ws/install/ejercicio4/share/ament_index
[1.272s] creating /home/integralmilk03/robotica_2_2024/examen2_ws/install/ejercicio4/share/ament_index/resource_index
[1.272s] creating /home/integralmilk03/robotica_2_2024/examen2_ws/install/ejercicio4/share/ament_index/resource_index/packages
[1.272s] copying resource/ejercicio4 -> /home/integralmilk03/robotica_2_2024/examen2_ws/install/ejercicio4/share/ament_index/resource_index/packages
[1.272s] copying package.xml -> /home/integralmilk03/robotica_2_2024/examen2_ws/install/ejercicio4/share/ejercicio4
[1.272s] running install_egg_info
[1.274s] Copying ../../build/ejercicio4/ejercicio4.egg-info to /home/integralmilk03/robotica_2_2024/examen2_ws/install/ejercicio4/lib/python3.10/site-packages/ejercicio4-0.0.0-py3.10.egg-info
[1.275s] running install_scripts
[1.321s] writing list of installed files to '/home/integralmilk03/robotica_2_2024/examen2_ws/build/ejercicio4/install.log'
[1.358s] Invoked command in '/home/integralmilk03/robotica_2_2024/examen2_ws/src/ejercicio4' returned '0': PYTHONPATH=/home/integralmilk03/robotica_2_2024/examen2_ws/build/ejercicio4/prefix_override:/home/integralmilk03/.local/lib/python3.10/site-packages/colcon_core/task/python/colcon_distutils_commands:/home/integralmilk03/robotica_2_2024/examen2_ws/install/ejercicio4/lib/python3.10/site-packages:${PYTHONPATH} /usr/bin/python3 -W ignore:setup.py install is deprecated setup.py egg_info --egg-base ../../build/ejercicio4 build --build-base /home/integralmilk03/robotica_2_2024/examen2_ws/build/ejercicio4/build install --record /home/integralmilk03/robotica_2_2024/examen2_ws/build/ejercicio4/install.log --single-version-externally-managed install_data
