[0.521s] Invoking command in '/home/hinfinity/Documents/robotica_2_2024/vision_ws/src/camera_vision': PYTHONPATH=/home/hinfinity/Documents/robotica_2_2024/vision_ws/build/camera_vision/prefix_override:/usr/lib/python3/dist-packages/colcon_core/task/python/colcon_distutils_commands:/home/hinfinity/Documents/robotica_2_2024/vision_ws/install/camera_vision/lib/python3.10/site-packages:${PYTHONPATH} /usr/bin/python3 -W ignore:setup.py install is deprecated setup.py egg_info --egg-base ../../build/camera_vision build --build-base /home/hinfinity/Documents/robotica_2_2024/vision_ws/build/camera_vision/build install --record /home/hinfinity/Documents/robotica_2_2024/vision_ws/build/camera_vision/install.log --single-version-externally-managed install_data
[0.727s] running egg_info
[0.727s] writing ../../build/camera_vision/camera_vision.egg-info/PKG-INFO
[0.727s] writing dependency_links to ../../build/camera_vision/camera_vision.egg-info/dependency_links.txt
[0.727s] writing entry points to ../../build/camera_vision/camera_vision.egg-info/entry_points.txt
[0.728s] writing requirements to ../../build/camera_vision/camera_vision.egg-info/requires.txt
[0.728s] writing top-level names to ../../build/camera_vision/camera_vision.egg-info/top_level.txt
[0.729s] reading manifest file '../../build/camera_vision/camera_vision.egg-info/SOURCES.txt'
[0.729s] adding license file 'LICENSE'
[0.730s] writing manifest file '../../build/camera_vision/camera_vision.egg-info/SOURCES.txt'
[0.730s] running build
[0.730s] running build_py
[0.730s] copying camera_vision/ArucoDistanceEstimator.py -> /home/hinfinity/Documents/robotica_2_2024/vision_ws/build/camera_vision/build/lib/camera_vision
[0.730s] copying camera_vision/examen_3.py -> /home/hinfinity/Documents/robotica_2_2024/vision_ws/build/camera_vision/build/lib/camera_vision
[0.730s] running install
[0.730s] running install_lib
[0.731s] copying /home/hinfinity/Documents/robotica_2_2024/vision_ws/build/camera_vision/build/lib/camera_vision/ArucoDistanceEstimator.py -> /home/hinfinity/Documents/robotica_2_2024/vision_ws/install/camera_vision/lib/python3.10/site-packages/camera_vision
[0.731s] copying /home/hinfinity/Documents/robotica_2_2024/vision_ws/build/camera_vision/build/lib/camera_vision/examen_3.py -> /home/hinfinity/Documents/robotica_2_2024/vision_ws/install/camera_vision/lib/python3.10/site-packages/camera_vision
[0.732s] byte-compiling /home/hinfinity/Documents/robotica_2_2024/vision_ws/install/camera_vision/lib/python3.10/site-packages/camera_vision/ArucoDistanceEstimator.py to ArucoDistanceEstimator.cpython-310.pyc
[0.732s] byte-compiling /home/hinfinity/Documents/robotica_2_2024/vision_ws/install/camera_vision/lib/python3.10/site-packages/camera_vision/examen_3.py to examen_3.cpython-310.pyc
[0.733s] running install_data
[0.733s] running install_egg_info
[0.734s] removing '/home/hinfinity/Documents/robotica_2_2024/vision_ws/install/camera_vision/lib/python3.10/site-packages/camera_vision-0.0.0-py3.10.egg-info' (and everything under it)
[0.734s] Copying ../../build/camera_vision/camera_vision.egg-info to /home/hinfinity/Documents/robotica_2_2024/vision_ws/install/camera_vision/lib/python3.10/site-packages/camera_vision-0.0.0-py3.10.egg-info
[0.735s] running install_scripts
[0.752s] Installing examen_3 script to /home/hinfinity/Documents/robotica_2_2024/vision_ws/install/camera_vision/lib/camera_vision
[0.752s] Installing read_camera script to /home/hinfinity/Documents/robotica_2_2024/vision_ws/install/camera_vision/lib/camera_vision
[0.752s] writing list of installed files to '/home/hinfinity/Documents/robotica_2_2024/vision_ws/build/camera_vision/install.log'
[0.770s] Invoked command in '/home/hinfinity/Documents/robotica_2_2024/vision_ws/src/camera_vision' returned '0': PYTHONPATH=/home/hinfinity/Documents/robotica_2_2024/vision_ws/build/camera_vision/prefix_override:/usr/lib/python3/dist-packages/colcon_core/task/python/colcon_distutils_commands:/home/hinfinity/Documents/robotica_2_2024/vision_ws/install/camera_vision/lib/python3.10/site-packages:${PYTHONPATH} /usr/bin/python3 -W ignore:setup.py install is deprecated setup.py egg_info --egg-base ../../build/camera_vision build --build-base /home/hinfinity/Documents/robotica_2_2024/vision_ws/build/camera_vision/build install --record /home/hinfinity/Documents/robotica_2_2024/vision_ws/build/camera_vision/install.log --single-version-externally-managed install_data
