[0.279s] DEBUG:colcon:Command line arguments: ['/home/integralmilk03/.local/bin/colcon', 'build']
[0.280s] DEBUG:colcon:Parsed command line arguments: Namespace(log_base=None, log_level=None, verb_name='build', build_base='build', install_base='install', merge_install=False, symlink_install=False, test_result_base=None, continue_on_error=False, executor='parallel', parallel_workers=12, event_handlers=None, ignore_user_meta=False, metas=['./colcon.meta'], base_paths=['.'], packages_ignore=None, packages_ignore_regex=None, paths=None, packages_up_to=None, packages_up_to_regex=None, packages_above=None, packages_above_and_dependencies=None, packages_above_depth=None, packages_select_by_dep=None, packages_skip_by_dep=None, packages_skip_up_to=None, packages_select_build_failed=False, packages_skip_build_finished=False, packages_select_test_failures=False, packages_skip_test_passed=False, packages_select=None, packages_skip=None, packages_select_regex=None, packages_skip_regex=None, packages_start=None, packages_end=None, allow_overriding=[], cmake_args=None, cmake_target=None, cmake_target_skip_unavailable=False, cmake_clean_cache=False, cmake_clean_first=False, cmake_force_configure=False, ament_cmake_args=None, catkin_cmake_args=None, catkin_skip_building_tests=False, mixin_files=None, mixin=None, verb_parser=<colcon_mixin.mixin.mixin_argument.MixinArgumentDecorator object at 0x7f1593287910>, verb_extension=<colcon_core.verb.build.BuildVerb object at 0x7f1593287430>, main=<bound method BuildVerb.main of <colcon_core.verb.build.BuildVerb object at 0x7f1593287430>>, mixin_verb=('build',))
[0.373s] Level 1:colcon.colcon_core.package_discovery:discover_packages(colcon_meta) check parameters
[0.373s] Level 1:colcon.colcon_core.package_discovery:discover_packages(recursive) check parameters
[0.373s] Level 1:colcon.colcon_core.package_discovery:discover_packages(ignore) check parameters
[0.373s] Level 1:colcon.colcon_core.package_discovery:discover_packages(path) check parameters
[0.373s] Level 1:colcon.colcon_core.package_discovery:discover_packages(colcon_meta) discover
[0.373s] Level 1:colcon.colcon_core.package_discovery:discover_packages(recursive) discover
[0.373s] INFO:colcon.colcon_core.package_discovery:Crawling recursively for packages in '/home/integralmilk03/robotica_2_2024/examen2_ws'
[0.373s] Level 1:colcon.colcon_core.package_identification:_identify(.) by extensions ['ignore', 'ignore_ament_install']
[0.373s] Level 1:colcon.colcon_core.package_identification:_identify(.) by extension 'ignore'
[0.373s] Level 1:colcon.colcon_core.package_identification:_identify(.) by extension 'ignore_ament_install'
[0.373s] Level 1:colcon.colcon_core.package_identification:_identify(.) by extensions ['colcon_pkg']
[0.373s] Level 1:colcon.colcon_core.package_identification:_identify(.) by extension 'colcon_pkg'
[0.373s] Level 1:colcon.colcon_core.package_identification:_identify(.) by extensions ['colcon_meta']
[0.373s] Level 1:colcon.colcon_core.package_identification:_identify(.) by extension 'colcon_meta'
[0.373s] Level 1:colcon.colcon_core.package_identification:_identify(.) by extensions ['ros']
[0.373s] Level 1:colcon.colcon_core.package_identification:_identify(.) by extension 'ros'
[0.382s] Level 1:colcon.colcon_core.package_identification:_identify(.) by extensions ['cmake', 'python']
[0.382s] Level 1:colcon.colcon_core.package_identification:_identify(.) by extension 'cmake'
[0.382s] Level 1:colcon.colcon_core.package_identification:_identify(.) by extension 'python'
[0.382s] Level 1:colcon.colcon_core.package_identification:_identify(.) by extensions ['python_setup_py']
[0.382s] Level 1:colcon.colcon_core.package_identification:_identify(.) by extension 'python_setup_py'
[0.382s] Level 1:colcon.colcon_core.package_identification:_identify(build) by extensions ['ignore', 'ignore_ament_install']
[0.383s] Level 1:colcon.colcon_core.package_identification:_identify(build) by extension 'ignore'
[0.383s] Level 1:colcon.colcon_core.package_identification:_identify(build) ignored
[0.383s] Level 1:colcon.colcon_core.package_identification:_identify(install) by extensions ['ignore', 'ignore_ament_install']
[0.383s] Level 1:colcon.colcon_core.package_identification:_identify(install) by extension 'ignore'
[0.383s] Level 1:colcon.colcon_core.package_identification:_identify(install) ignored
[0.383s] Level 1:colcon.colcon_core.package_identification:_identify(log) by extensions ['ignore', 'ignore_ament_install']
[0.383s] Level 1:colcon.colcon_core.package_identification:_identify(log) by extension 'ignore'
[0.383s] Level 1:colcon.colcon_core.package_identification:_identify(log) ignored
[0.383s] Level 1:colcon.colcon_core.package_identification:_identify(src) by extensions ['ignore', 'ignore_ament_install']
[0.383s] Level 1:colcon.colcon_core.package_identification:_identify(src) by extension 'ignore'
[0.383s] Level 1:colcon.colcon_core.package_identification:_identify(src) by extension 'ignore_ament_install'
[0.383s] Level 1:colcon.colcon_core.package_identification:_identify(src) by extensions ['colcon_pkg']
[0.383s] Level 1:colcon.colcon_core.package_identification:_identify(src) by extension 'colcon_pkg'
[0.383s] Level 1:colcon.colcon_core.package_identification:_identify(src) by extensions ['colcon_meta']
[0.383s] Level 1:colcon.colcon_core.package_identification:_identify(src) by extension 'colcon_meta'
[0.383s] Level 1:colcon.colcon_core.package_identification:_identify(src) by extensions ['ros']
[0.383s] Level 1:colcon.colcon_core.package_identification:_identify(src) by extension 'ros'
[0.383s] Level 1:colcon.colcon_core.package_identification:_identify(src) by extensions ['cmake', 'python']
[0.383s] Level 1:colcon.colcon_core.package_identification:_identify(src) by extension 'cmake'
[0.383s] Level 1:colcon.colcon_core.package_identification:_identify(src) by extension 'python'
[0.383s] Level 1:colcon.colcon_core.package_identification:_identify(src) by extensions ['python_setup_py']
[0.383s] Level 1:colcon.colcon_core.package_identification:_identify(src) by extension 'python_setup_py'
[0.383s] Level 1:colcon.colcon_core.package_identification:_identify(src/custom_panda) by extensions ['ignore', 'ignore_ament_install']
[0.383s] Level 1:colcon.colcon_core.package_identification:_identify(src/custom_panda) by extension 'ignore'
[0.383s] Level 1:colcon.colcon_core.package_identification:_identify(src/custom_panda) by extension 'ignore_ament_install'
[0.383s] Level 1:colcon.colcon_core.package_identification:_identify(src/custom_panda) by extensions ['colcon_pkg']
[0.383s] Level 1:colcon.colcon_core.package_identification:_identify(src/custom_panda) by extension 'colcon_pkg'
[0.383s] Level 1:colcon.colcon_core.package_identification:_identify(src/custom_panda) by extensions ['colcon_meta']
[0.383s] Level 1:colcon.colcon_core.package_identification:_identify(src/custom_panda) by extension 'colcon_meta'
[0.383s] Level 1:colcon.colcon_core.package_identification:_identify(src/custom_panda) by extensions ['ros']
[0.383s] Level 1:colcon.colcon_core.package_identification:_identify(src/custom_panda) by extension 'ros'
[0.385s] DEBUG:colcon.colcon_core.package_identification:Package 'src/custom_panda' with type 'ros.ament_cmake' and name 'custom_panda'
[0.385s] Level 1:colcon.colcon_core.package_identification:_identify(src/ejercicio1) by extensions ['ignore', 'ignore_ament_install']
[0.385s] Level 1:colcon.colcon_core.package_identification:_identify(src/ejercicio1) by extension 'ignore'
[0.385s] Level 1:colcon.colcon_core.package_identification:_identify(src/ejercicio1) by extension 'ignore_ament_install'
[0.385s] Level 1:colcon.colcon_core.package_identification:_identify(src/ejercicio1) by extensions ['colcon_pkg']
[0.386s] Level 1:colcon.colcon_core.package_identification:_identify(src/ejercicio1) by extension 'colcon_pkg'
[0.386s] Level 1:colcon.colcon_core.package_identification:_identify(src/ejercicio1) by extensions ['colcon_meta']
[0.386s] Level 1:colcon.colcon_core.package_identification:_identify(src/ejercicio1) by extension 'colcon_meta'
[0.386s] Level 1:colcon.colcon_core.package_identification:_identify(src/ejercicio1) by extensions ['ros']
[0.386s] Level 1:colcon.colcon_core.package_identification:_identify(src/ejercicio1) by extension 'ros'
[0.386s] DEBUG:colcon.colcon_core.package_identification:Package 'src/ejercicio1' with type 'ros.ament_cmake' and name 'ejercicio1'
[0.386s] Level 1:colcon.colcon_core.package_identification:_identify(src/ejercicio2) by extensions ['ignore', 'ignore_ament_install']
[0.386s] Level 1:colcon.colcon_core.package_identification:_identify(src/ejercicio2) by extension 'ignore'
[0.386s] Level 1:colcon.colcon_core.package_identification:_identify(src/ejercicio2) by extension 'ignore_ament_install'
[0.386s] Level 1:colcon.colcon_core.package_identification:_identify(src/ejercicio2) by extensions ['colcon_pkg']
[0.386s] Level 1:colcon.colcon_core.package_identification:_identify(src/ejercicio2) by extension 'colcon_pkg'
[0.386s] Level 1:colcon.colcon_core.package_identification:_identify(src/ejercicio2) by extensions ['colcon_meta']
[0.386s] Level 1:colcon.colcon_core.package_identification:_identify(src/ejercicio2) by extension 'colcon_meta'
[0.386s] Level 1:colcon.colcon_core.package_identification:_identify(src/ejercicio2) by extensions ['ros']
[0.386s] Level 1:colcon.colcon_core.package_identification:_identify(src/ejercicio2) by extension 'ros'
[0.387s] DEBUG:colcon.colcon_core.package_identification:Package 'src/ejercicio2' with type 'ros.ament_cmake' and name 'ejercicio2'
[0.387s] Level 1:colcon.colcon_core.package_identification:_identify(src/ejercicio3) by extensions ['ignore', 'ignore_ament_install']
[0.387s] Level 1:colcon.colcon_core.package_identification:_identify(src/ejercicio3) by extension 'ignore'
[0.387s] Level 1:colcon.colcon_core.package_identification:_identify(src/ejercicio3) by extension 'ignore_ament_install'
[0.387s] Level 1:colcon.colcon_core.package_identification:_identify(src/ejercicio3) by extensions ['colcon_pkg']
[0.387s] Level 1:colcon.colcon_core.package_identification:_identify(src/ejercicio3) by extension 'colcon_pkg'
[0.387s] Level 1:colcon.colcon_core.package_identification:_identify(src/ejercicio3) by extensions ['colcon_meta']
[0.387s] Level 1:colcon.colcon_core.package_identification:_identify(src/ejercicio3) by extension 'colcon_meta'
[0.387s] Level 1:colcon.colcon_core.package_identification:_identify(src/ejercicio3) by extensions ['ros']
[0.387s] Level 1:colcon.colcon_core.package_identification:_identify(src/ejercicio3) by extension 'ros'
[0.387s] DEBUG:colcon.colcon_core.package_identification:Package 'src/ejercicio3' with type 'ros.ament_cmake' and name 'ejercicio3'
[0.387s] Level 1:colcon.colcon_core.package_identification:_identify(src/ejercicio4) by extensions ['ignore', 'ignore_ament_install']
[0.387s] Level 1:colcon.colcon_core.package_identification:_identify(src/ejercicio4) by extension 'ignore'
[0.387s] Level 1:colcon.colcon_core.package_identification:_identify(src/ejercicio4) by extension 'ignore_ament_install'
[0.387s] Level 1:colcon.colcon_core.package_identification:_identify(src/ejercicio4) by extensions ['colcon_pkg']
[0.387s] Level 1:colcon.colcon_core.package_identification:_identify(src/ejercicio4) by extension 'colcon_pkg'
[0.387s] Level 1:colcon.colcon_core.package_identification:_identify(src/ejercicio4) by extensions ['colcon_meta']
[0.387s] Level 1:colcon.colcon_core.package_identification:_identify(src/ejercicio4) by extension 'colcon_meta'
[0.388s] Level 1:colcon.colcon_core.package_identification:_identify(src/ejercicio4) by extensions ['ros']
[0.388s] Level 1:colcon.colcon_core.package_identification:_identify(src/ejercicio4) by extension 'ros'
[0.388s] DEBUG:colcon.colcon_core.package_identification:Package 'src/ejercicio4' with type 'ros.ament_python' and name 'ejercicio4'
[0.388s] Level 1:colcon.colcon_core.package_discovery:discover_packages(recursive) using defaults
[0.388s] Level 1:colcon.colcon_core.package_discovery:discover_packages(ignore) discover
[0.388s] Level 1:colcon.colcon_core.package_discovery:discover_packages(ignore) using defaults
[0.388s] Level 1:colcon.colcon_core.package_discovery:discover_packages(path) discover
[0.388s] Level 1:colcon.colcon_core.package_discovery:discover_packages(path) using defaults
[0.402s] Level 1:colcon.colcon_core.package_discovery:discover_packages(prefix_path) check parameters
[0.402s] Level 1:colcon.colcon_core.package_discovery:discover_packages(prefix_path) discover
[0.403s] DEBUG:colcon.colcon_installed_package_information.package_discovery:Found 5 installed packages in /home/integralmilk03/robotica_2_2024/examen2_ws/install
[0.404s] DEBUG:colcon.colcon_installed_package_information.package_discovery:Found 452 installed packages in /opt/ros/humble
[0.415s] Level 1:colcon.colcon_core.package_discovery:discover_packages(prefix_path) using defaults
[0.454s] Level 5:colcon.colcon_core.verb:set package 'custom_panda' build argument 'cmake_args' from command line to 'None'
[0.454s] Level 5:colcon.colcon_core.verb:set package 'custom_panda' build argument 'cmake_target' from command line to 'None'
[0.454s] Level 5:colcon.colcon_core.verb:set package 'custom_panda' build argument 'cmake_target_skip_unavailable' from command line to 'False'
[0.454s] Level 5:colcon.colcon_core.verb:set package 'custom_panda' build argument 'cmake_clean_cache' from command line to 'False'
[0.455s] Level 5:colcon.colcon_core.verb:set package 'custom_panda' build argument 'cmake_clean_first' from command line to 'False'
[0.455s] Level 5:colcon.colcon_core.verb:set package 'custom_panda' build argument 'cmake_force_configure' from command line to 'False'
[0.455s] Level 5:colcon.colcon_core.verb:set package 'custom_panda' build argument 'ament_cmake_args' from command line to 'None'
[0.455s] Level 5:colcon.colcon_core.verb:set package 'custom_panda' build argument 'catkin_cmake_args' from command line to 'None'
[0.455s] Level 5:colcon.colcon_core.verb:set package 'custom_panda' build argument 'catkin_skip_building_tests' from command line to 'False'
[0.455s] DEBUG:colcon.colcon_core.verb:Building package 'custom_panda' with the following arguments: {'ament_cmake_args': None, 'build_base': '/home/integralmilk03/robotica_2_2024/examen2_ws/build/custom_panda', 'catkin_cmake_args': None, 'catkin_skip_building_tests': False, 'cmake_args': None, 'cmake_clean_cache': False, 'cmake_clean_first': False, 'cmake_force_configure': False, 'cmake_target': None, 'cmake_target_skip_unavailable': False, 'install_base': '/home/integralmilk03/robotica_2_2024/examen2_ws/install/custom_panda', 'merge_install': False, 'path': '/home/integralmilk03/robotica_2_2024/examen2_ws/src/custom_panda', 'symlink_install': False, 'test_result_base': None}
[0.455s] Level 5:colcon.colcon_core.verb:set package 'ejercicio1' build argument 'cmake_args' from command line to 'None'
[0.455s] Level 5:colcon.colcon_core.verb:set package 'ejercicio1' build argument 'cmake_target' from command line to 'None'
[0.455s] Level 5:colcon.colcon_core.verb:set package 'ejercicio1' build argument 'cmake_target_skip_unavailable' from command line to 'False'
[0.455s] Level 5:colcon.colcon_core.verb:set package 'ejercicio1' build argument 'cmake_clean_cache' from command line to 'False'
[0.455s] Level 5:colcon.colcon_core.verb:set package 'ejercicio1' build argument 'cmake_clean_first' from command line to 'False'
[0.455s] Level 5:colcon.colcon_core.verb:set package 'ejercicio1' build argument 'cmake_force_configure' from command line to 'False'
[0.455s] Level 5:colcon.colcon_core.verb:set package 'ejercicio1' build argument 'ament_cmake_args' from command line to 'None'
[0.455s] Level 5:colcon.colcon_core.verb:set package 'ejercicio1' build argument 'catkin_cmake_args' from command line to 'None'
[0.455s] Level 5:colcon.colcon_core.verb:set package 'ejercicio1' build argument 'catkin_skip_building_tests' from command line to 'False'
[0.455s] DEBUG:colcon.colcon_core.verb:Building package 'ejercicio1' with the following arguments: {'ament_cmake_args': None, 'build_base': '/home/integralmilk03/robotica_2_2024/examen2_ws/build/ejercicio1', 'catkin_cmake_args': None, 'catkin_skip_building_tests': False, 'cmake_args': None, 'cmake_clean_cache': False, 'cmake_clean_first': False, 'cmake_force_configure': False, 'cmake_target': None, 'cmake_target_skip_unavailable': False, 'install_base': '/home/integralmilk03/robotica_2_2024/examen2_ws/install/ejercicio1', 'merge_install': False, 'path': '/home/integralmilk03/robotica_2_2024/examen2_ws/src/ejercicio1', 'symlink_install': False, 'test_result_base': None}
[0.455s] Level 5:colcon.colcon_core.verb:set package 'ejercicio2' build argument 'cmake_args' from command line to 'None'
[0.455s] Level 5:colcon.colcon_core.verb:set package 'ejercicio2' build argument 'cmake_target' from command line to 'None'
[0.455s] Level 5:colcon.colcon_core.verb:set package 'ejercicio2' build argument 'cmake_target_skip_unavailable' from command line to 'False'
[0.455s] Level 5:colcon.colcon_core.verb:set package 'ejercicio2' build argument 'cmake_clean_cache' from command line to 'False'
[0.455s] Level 5:colcon.colcon_core.verb:set package 'ejercicio2' build argument 'cmake_clean_first' from command line to 'False'
[0.455s] Level 5:colcon.colcon_core.verb:set package 'ejercicio2' build argument 'cmake_force_configure' from command line to 'False'
[0.455s] Level 5:colcon.colcon_core.verb:set package 'ejercicio2' build argument 'ament_cmake_args' from command line to 'None'
[0.455s] Level 5:colcon.colcon_core.verb:set package 'ejercicio2' build argument 'catkin_cmake_args' from command line to 'None'
[0.455s] Level 5:colcon.colcon_core.verb:set package 'ejercicio2' build argument 'catkin_skip_building_tests' from command line to 'False'
[0.455s] DEBUG:colcon.colcon_core.verb:Building package 'ejercicio2' with the following arguments: {'ament_cmake_args': None, 'build_base': '/home/integralmilk03/robotica_2_2024/examen2_ws/build/ejercicio2', 'catkin_cmake_args': None, 'catkin_skip_building_tests': False, 'cmake_args': None, 'cmake_clean_cache': False, 'cmake_clean_first': False, 'cmake_force_configure': False, 'cmake_target': None, 'cmake_target_skip_unavailable': False, 'install_base': '/home/integralmilk03/robotica_2_2024/examen2_ws/install/ejercicio2', 'merge_install': False, 'path': '/home/integralmilk03/robotica_2_2024/examen2_ws/src/ejercicio2', 'symlink_install': False, 'test_result_base': None}
[0.456s] Level 5:colcon.colcon_core.verb:set package 'ejercicio3' build argument 'cmake_args' from command line to 'None'
[0.456s] Level 5:colcon.colcon_core.verb:set package 'ejercicio3' build argument 'cmake_target' from command line to 'None'
[0.456s] Level 5:colcon.colcon_core.verb:set package 'ejercicio3' build argument 'cmake_target_skip_unavailable' from command line to 'False'
[0.456s] Level 5:colcon.colcon_core.verb:set package 'ejercicio3' build argument 'cmake_clean_cache' from command line to 'False'
[0.456s] Level 5:colcon.colcon_core.verb:set package 'ejercicio3' build argument 'cmake_clean_first' from command line to 'False'
[0.456s] Level 5:colcon.colcon_core.verb:set package 'ejercicio3' build argument 'cmake_force_configure' from command line to 'False'
[0.456s] Level 5:colcon.colcon_core.verb:set package 'ejercicio3' build argument 'ament_cmake_args' from command line to 'None'
[0.456s] Level 5:colcon.colcon_core.verb:set package 'ejercicio3' build argument 'catkin_cmake_args' from command line to 'None'
[0.456s] Level 5:colcon.colcon_core.verb:set package 'ejercicio3' build argument 'catkin_skip_building_tests' from command line to 'False'
[0.456s] DEBUG:colcon.colcon_core.verb:Building package 'ejercicio3' with the following arguments: {'ament_cmake_args': None, 'build_base': '/home/integralmilk03/robotica_2_2024/examen2_ws/build/ejercicio3', 'catkin_cmake_args': None, 'catkin_skip_building_tests': False, 'cmake_args': None, 'cmake_clean_cache': False, 'cmake_clean_first': False, 'cmake_force_configure': False, 'cmake_target': None, 'cmake_target_skip_unavailable': False, 'install_base': '/home/integralmilk03/robotica_2_2024/examen2_ws/install/ejercicio3', 'merge_install': False, 'path': '/home/integralmilk03/robotica_2_2024/examen2_ws/src/ejercicio3', 'symlink_install': False, 'test_result_base': None}
[0.456s] Level 5:colcon.colcon_core.verb:set package 'ejercicio4' build argument 'cmake_args' from command line to 'None'
[0.456s] Level 5:colcon.colcon_core.verb:set package 'ejercicio4' build argument 'cmake_target' from command line to 'None'
[0.456s] Level 5:colcon.colcon_core.verb:set package 'ejercicio4' build argument 'cmake_target_skip_unavailable' from command line to 'False'
[0.456s] Level 5:colcon.colcon_core.verb:set package 'ejercicio4' build argument 'cmake_clean_cache' from command line to 'False'
[0.456s] Level 5:colcon.colcon_core.verb:set package 'ejercicio4' build argument 'cmake_clean_first' from command line to 'False'
[0.456s] Level 5:colcon.colcon_core.verb:set package 'ejercicio4' build argument 'cmake_force_configure' from command line to 'False'
[0.456s] Level 5:colcon.colcon_core.verb:set package 'ejercicio4' build argument 'ament_cmake_args' from command line to 'None'
[0.456s] Level 5:colcon.colcon_core.verb:set package 'ejercicio4' build argument 'catkin_cmake_args' from command line to 'None'
[0.456s] Level 5:colcon.colcon_core.verb:set package 'ejercicio4' build argument 'catkin_skip_building_tests' from command line to 'False'
[0.456s] DEBUG:colcon.colcon_core.verb:Building package 'ejercicio4' with the following arguments: {'ament_cmake_args': None, 'build_base': '/home/integralmilk03/robotica_2_2024/examen2_ws/build/ejercicio4', 'catkin_cmake_args': None, 'catkin_skip_building_tests': False, 'cmake_args': None, 'cmake_clean_cache': False, 'cmake_clean_first': False, 'cmake_force_configure': False, 'cmake_target': None, 'cmake_target_skip_unavailable': False, 'install_base': '/home/integralmilk03/robotica_2_2024/examen2_ws/install/ejercicio4', 'merge_install': False, 'path': '/home/integralmilk03/robotica_2_2024/examen2_ws/src/ejercicio4', 'symlink_install': False, 'test_result_base': None}
[0.456s] INFO:colcon.colcon_core.executor:Executing jobs using 'parallel' executor
[0.457s] DEBUG:colcon.colcon_parallel_executor.executor.parallel:run_until_complete
[0.457s] INFO:colcon.colcon_ros.task.ament_cmake.build:Building ROS package in '/home/integralmilk03/robotica_2_2024/examen2_ws/src/custom_panda' with build type 'ament_cmake'
[0.457s] INFO:colcon.colcon_cmake.task.cmake.build:Building CMake package in '/home/integralmilk03/robotica_2_2024/examen2_ws/src/custom_panda'
[0.470s] INFO:colcon.colcon_core.plugin_system:Skipping extension 'colcon_core.shell.bat': Not used on non-Windows systems
[0.470s] INFO:colcon.colcon_core.shell:Skip shell extension 'powershell' for command environment: Not usable outside of PowerShell
[0.470s] DEBUG:colcon.colcon_core.shell:Skip shell extension 'dsv' for command environment
[0.493s] INFO:colcon.colcon_ros.task.ament_cmake.build:Building ROS package in '/home/integralmilk03/robotica_2_2024/examen2_ws/src/ejercicio1' with build type 'ament_cmake'
[0.494s] INFO:colcon.colcon_cmake.task.cmake.build:Building CMake package in '/home/integralmilk03/robotica_2_2024/examen2_ws/src/ejercicio1'
[0.495s] INFO:colcon.colcon_core.shell:Skip shell extension 'powershell' for command environment: Not usable outside of PowerShell
[0.495s] DEBUG:colcon.colcon_core.shell:Skip shell extension 'dsv' for command environment
[0.501s] INFO:colcon.colcon_ros.task.ament_cmake.build:Building ROS package in '/home/integralmilk03/robotica_2_2024/examen2_ws/src/ejercicio2' with build type 'ament_cmake'
[0.502s] INFO:colcon.colcon_cmake.task.cmake.build:Building CMake package in '/home/integralmilk03/robotica_2_2024/examen2_ws/src/ejercicio2'
[0.502s] INFO:colcon.colcon_core.shell:Skip shell extension 'powershell' for command environment: Not usable outside of PowerShell
[0.503s] DEBUG:colcon.colcon_core.shell:Skip shell extension 'dsv' for command environment
[0.510s] INFO:colcon.colcon_ros.task.ament_cmake.build:Building ROS package in '/home/integralmilk03/robotica_2_2024/examen2_ws/src/ejercicio3' with build type 'ament_cmake'
[0.511s] INFO:colcon.colcon_cmake.task.cmake.build:Building CMake package in '/home/integralmilk03/robotica_2_2024/examen2_ws/src/ejercicio3'
[0.511s] INFO:colcon.colcon_core.shell:Skip shell extension 'powershell' for command environment: Not usable outside of PowerShell
[0.512s] DEBUG:colcon.colcon_core.shell:Skip shell extension 'dsv' for command environment
[0.515s] INFO:colcon.colcon_ros.task.ament_python.build:Building ROS package in '/home/integralmilk03/robotica_2_2024/examen2_ws/src/ejercicio4' with build type 'ament_python'
[0.515s] Level 1:colcon.colcon_core.shell:create_environment_hook('ejercicio4', 'ament_prefix_path')
[0.516s] INFO:colcon.colcon_core.shell:Creating environment hook '/home/integralmilk03/robotica_2_2024/examen2_ws/install/ejercicio4/share/ejercicio4/hook/ament_prefix_path.ps1'
[0.517s] INFO:colcon.colcon_core.shell:Creating environment descriptor '/home/integralmilk03/robotica_2_2024/examen2_ws/install/ejercicio4/share/ejercicio4/hook/ament_prefix_path.dsv'
[0.520s] INFO:colcon.colcon_core.shell:Creating environment hook '/home/integralmilk03/robotica_2_2024/examen2_ws/install/ejercicio4/share/ejercicio4/hook/ament_prefix_path.sh'
[0.521s] INFO:colcon.colcon_core.shell:Skip shell extension 'powershell' for command environment: Not usable outside of PowerShell
[0.521s] DEBUG:colcon.colcon_core.shell:Skip shell extension 'dsv' for command environment
[0.538s] DEBUG:colcon.colcon_core.event_handler.log_command:Invoking command in '/home/integralmilk03/robotica_2_2024/examen2_ws/build/custom_panda': CMAKE_PREFIX_PATH=${CMAKE_PREFIX_PATH}:/home/integralmilk03/robotica_2_2024/examen2_ws/install/ejercicio4:/opt/ros/humble /usr/bin/cmake --build /home/integralmilk03/robotica_2_2024/examen2_ws/build/custom_panda -- -j12 -l12
[0.543s] DEBUG:colcon.colcon_core.event_handler.log_command:Invoking command in '/home/integralmilk03/robotica_2_2024/examen2_ws/build/ejercicio1': CMAKE_PREFIX_PATH=${CMAKE_PREFIX_PATH}:/home/integralmilk03/robotica_2_2024/examen2_ws/install/ejercicio4:/opt/ros/humble /usr/bin/cmake --build /home/integralmilk03/robotica_2_2024/examen2_ws/build/ejercicio1 -- -j12 -l12
[0.545s] DEBUG:colcon.colcon_core.event_handler.log_command:Invoking command in '/home/integralmilk03/robotica_2_2024/examen2_ws/build/ejercicio2': CMAKE_PREFIX_PATH=${CMAKE_PREFIX_PATH}:/home/integralmilk03/robotica_2_2024/examen2_ws/install/ejercicio4:/opt/ros/humble /usr/bin/cmake --build /home/integralmilk03/robotica_2_2024/examen2_ws/build/ejercicio2 -- -j12 -l12
[0.555s] DEBUG:colcon.colcon_core.event_handler.log_command:Invoking command in '/home/integralmilk03/robotica_2_2024/examen2_ws/build/ejercicio3': CMAKE_PREFIX_PATH=${CMAKE_PREFIX_PATH}:/home/integralmilk03/robotica_2_2024/examen2_ws/install/ejercicio4:/opt/ros/humble /usr/bin/cmake --build /home/integralmilk03/robotica_2_2024/examen2_ws/build/ejercicio3 -- -j12 -l12
[0.741s] INFO:colcon.colcon_core.task.python.build:Building Python package in '/home/integralmilk03/robotica_2_2024/examen2_ws/src/ejercicio4'
[0.741s] INFO:colcon.colcon_core.shell:Skip shell extension 'powershell' for command environment: Not usable outside of PowerShell
[0.741s] DEBUG:colcon.colcon_core.shell:Skip shell extension 'dsv' for command environment
[0.750s] DEBUG:colcon.colcon_core.event_handler.log_command:Invoked command in '/home/integralmilk03/robotica_2_2024/examen2_ws/build/ejercicio3' returned '0': CMAKE_PREFIX_PATH=${CMAKE_PREFIX_PATH}:/home/integralmilk03/robotica_2_2024/examen2_ws/install/ejercicio4:/opt/ros/humble /usr/bin/cmake --build /home/integralmilk03/robotica_2_2024/examen2_ws/build/ejercicio3 -- -j12 -l12
[0.755s] DEBUG:colcon.colcon_core.event_handler.log_command:Invoked command in '/home/integralmilk03/robotica_2_2024/examen2_ws/build/custom_panda' returned '0': CMAKE_PREFIX_PATH=${CMAKE_PREFIX_PATH}:/home/integralmilk03/robotica_2_2024/examen2_ws/install/ejercicio4:/opt/ros/humble /usr/bin/cmake --build /home/integralmilk03/robotica_2_2024/examen2_ws/build/custom_panda -- -j12 -l12
[0.756s] DEBUG:colcon.colcon_core.event_handler.log_command:Invoked command in '/home/integralmilk03/robotica_2_2024/examen2_ws/build/ejercicio1' returned '0': CMAKE_PREFIX_PATH=${CMAKE_PREFIX_PATH}:/home/integralmilk03/robotica_2_2024/examen2_ws/install/ejercicio4:/opt/ros/humble /usr/bin/cmake --build /home/integralmilk03/robotica_2_2024/examen2_ws/build/ejercicio1 -- -j12 -l12
[0.764s] DEBUG:colcon.colcon_core.event_handler.log_command:Invoked command in '/home/integralmilk03/robotica_2_2024/examen2_ws/build/ejercicio2' returned '0': CMAKE_PREFIX_PATH=${CMAKE_PREFIX_PATH}:/home/integralmilk03/robotica_2_2024/examen2_ws/install/ejercicio4:/opt/ros/humble /usr/bin/cmake --build /home/integralmilk03/robotica_2_2024/examen2_ws/build/ejercicio2 -- -j12 -l12
[0.785s] DEBUG:colcon.colcon_core.event_handler.log_command:Invoking command in '/home/integralmilk03/robotica_2_2024/examen2_ws/build/ejercicio3': CMAKE_PREFIX_PATH=${CMAKE_PREFIX_PATH}:/home/integralmilk03/robotica_2_2024/examen2_ws/install/ejercicio4:/opt/ros/humble /usr/bin/cmake --install /home/integralmilk03/robotica_2_2024/examen2_ws/build/ejercicio3
[0.791s] DEBUG:colcon.colcon_core.event_handler.log_command:Invoking command in '/home/integralmilk03/robotica_2_2024/examen2_ws/build/ejercicio1': CMAKE_PREFIX_PATH=${CMAKE_PREFIX_PATH}:/home/integralmilk03/robotica_2_2024/examen2_ws/install/ejercicio4:/opt/ros/humble /usr/bin/cmake --install /home/integralmilk03/robotica_2_2024/examen2_ws/build/ejercicio1
[0.797s] DEBUG:colcon.colcon_core.event_handler.log_command:Invoking command in '/home/integralmilk03/robotica_2_2024/examen2_ws/build/custom_panda': CMAKE_PREFIX_PATH=${CMAKE_PREFIX_PATH}:/home/integralmilk03/robotica_2_2024/examen2_ws/install/ejercicio4:/opt/ros/humble /usr/bin/cmake --install /home/integralmilk03/robotica_2_2024/examen2_ws/build/custom_panda
[0.799s] Level 1:colcon.colcon_core.environment:create_environment_scripts_only(ejercicio3)
[0.800s] DEBUG:colcon.colcon_core.event_handler.log_command:Invoked command in '/home/integralmilk03/robotica_2_2024/examen2_ws/build/ejercicio3' returned '0': CMAKE_PREFIX_PATH=${CMAKE_PREFIX_PATH}:/home/integralmilk03/robotica_2_2024/examen2_ws/install/ejercicio4:/opt/ros/humble /usr/bin/cmake --install /home/integralmilk03/robotica_2_2024/examen2_ws/build/ejercicio3
[0.807s] Level 1:colcon.colcon_core.environment:checking '/home/integralmilk03/robotica_2_2024/examen2_ws/install/ejercicio3' for CMake module files
[0.807s] Level 1:colcon.colcon_core.environment:checking '/home/integralmilk03/robotica_2_2024/examen2_ws/install/ejercicio3' for CMake config files
[0.808s] Level 1:colcon.colcon_core.shell:create_environment_hook('ejercicio3', 'cmake_prefix_path')
[0.808s] INFO:colcon.colcon_core.shell:Creating environment hook '/home/integralmilk03/robotica_2_2024/examen2_ws/install/ejercicio3/share/ejercicio3/hook/cmake_prefix_path.ps1'
[0.808s] INFO:colcon.colcon_core.shell:Creating environment descriptor '/home/integralmilk03/robotica_2_2024/examen2_ws/install/ejercicio3/share/ejercicio3/hook/cmake_prefix_path.dsv'
[0.808s] INFO:colcon.colcon_core.shell:Creating environment hook '/home/integralmilk03/robotica_2_2024/examen2_ws/install/ejercicio3/share/ejercicio3/hook/cmake_prefix_path.sh'
[0.809s] Level 1:colcon.colcon_core.environment:checking '/home/integralmilk03/robotica_2_2024/examen2_ws/install/ejercicio3/bin'
[0.809s] Level 1:colcon.colcon_core.environment:checking '/home/integralmilk03/robotica_2_2024/examen2_ws/install/ejercicio3/lib/pkgconfig/ejercicio3.pc'
[0.809s] Level 1:colcon.colcon_core.environment:checking '/home/integralmilk03/robotica_2_2024/examen2_ws/install/ejercicio3/lib/python3.10/site-packages'
[0.809s] Level 1:colcon.colcon_core.environment:checking '/home/integralmilk03/robotica_2_2024/examen2_ws/install/ejercicio3/bin'
[0.809s] INFO:colcon.colcon_core.shell:Creating package script '/home/integralmilk03/robotica_2_2024/examen2_ws/install/ejercicio3/share/ejercicio3/package.ps1'
[0.810s] INFO:colcon.colcon_core.shell:Creating package descriptor '/home/integralmilk03/robotica_2_2024/examen2_ws/install/ejercicio3/share/ejercicio3/package.dsv'
[0.810s] INFO:colcon.colcon_core.shell:Creating package script '/home/integralmilk03/robotica_2_2024/examen2_ws/install/ejercicio3/share/ejercicio3/package.sh'
[0.810s] INFO:colcon.colcon_core.shell:Creating package script '/home/integralmilk03/robotica_2_2024/examen2_ws/install/ejercicio3/share/ejercicio3/package.bash'
[0.811s] INFO:colcon.colcon_core.shell:Creating package script '/home/integralmilk03/robotica_2_2024/examen2_ws/install/ejercicio3/share/ejercicio3/package.zsh'
[0.811s] Level 1:colcon.colcon_core.environment:create_file_with_runtime_dependencies(/home/integralmilk03/robotica_2_2024/examen2_ws/install/ejercicio3/share/colcon-core/packages/ejercicio3)
[0.813s] Level 1:colcon.colcon_core.environment:create_environment_scripts_only(ejercicio1)
[0.813s] Level 1:colcon.colcon_core.environment:checking '/home/integralmilk03/robotica_2_2024/examen2_ws/install/ejercicio1' for CMake module files
[0.814s] DEBUG:colcon.colcon_core.event_handler.log_command:Invoked command in '/home/integralmilk03/robotica_2_2024/examen2_ws/build/ejercicio1' returned '0': CMAKE_PREFIX_PATH=${CMAKE_PREFIX_PATH}:/home/integralmilk03/robotica_2_2024/examen2_ws/install/ejercicio4:/opt/ros/humble /usr/bin/cmake --install /home/integralmilk03/robotica_2_2024/examen2_ws/build/ejercicio1
[0.814s] Level 1:colcon.colcon_core.environment:checking '/home/integralmilk03/robotica_2_2024/examen2_ws/install/ejercicio1' for CMake config files
[0.814s] Level 1:colcon.colcon_core.shell:create_environment_hook('ejercicio1', 'cmake_prefix_path')
[0.814s] INFO:colcon.colcon_core.shell:Creating environment hook '/home/integralmilk03/robotica_2_2024/examen2_ws/install/ejercicio1/share/ejercicio1/hook/cmake_prefix_path.ps1'
[0.815s] INFO:colcon.colcon_core.shell:Creating environment descriptor '/home/integralmilk03/robotica_2_2024/examen2_ws/install/ejercicio1/share/ejercicio1/hook/cmake_prefix_path.dsv'
[0.815s] INFO:colcon.colcon_core.shell:Creating environment hook '/home/integralmilk03/robotica_2_2024/examen2_ws/install/ejercicio1/share/ejercicio1/hook/cmake_prefix_path.sh'
[0.815s] Level 1:colcon.colcon_core.environment:checking '/home/integralmilk03/robotica_2_2024/examen2_ws/install/ejercicio1/lib'
[0.815s] Level 1:colcon.colcon_core.environment:checking '/home/integralmilk03/robotica_2_2024/examen2_ws/install/ejercicio1/bin'
[0.815s] Level 1:colcon.colcon_core.environment:checking '/home/integralmilk03/robotica_2_2024/examen2_ws/install/ejercicio1/lib/pkgconfig/ejercicio1.pc'
[0.816s] Level 1:colcon.colcon_core.environment:checking '/home/integralmilk03/robotica_2_2024/examen2_ws/install/ejercicio1/lib/python3.10/site-packages'
[0.816s] Level 1:colcon.colcon_core.environment:checking '/home/integralmilk03/robotica_2_2024/examen2_ws/install/ejercicio1/bin'
[0.816s] INFO:colcon.colcon_core.shell:Creating package script '/home/integralmilk03/robotica_2_2024/examen2_ws/install/ejercicio1/share/ejercicio1/package.ps1'
[0.816s] INFO:colcon.colcon_core.shell:Creating package descriptor '/home/integralmilk03/robotica_2_2024/examen2_ws/install/ejercicio1/share/ejercicio1/package.dsv'
[0.816s] INFO:colcon.colcon_core.shell:Creating package script '/home/integralmilk03/robotica_2_2024/examen2_ws/install/ejercicio1/share/ejercicio1/package.sh'
[0.817s] INFO:colcon.colcon_core.shell:Creating package script '/home/integralmilk03/robotica_2_2024/examen2_ws/install/ejercicio1/share/ejercicio1/package.bash'
[0.817s] INFO:colcon.colcon_core.shell:Creating package script '/home/integralmilk03/robotica_2_2024/examen2_ws/install/ejercicio1/share/ejercicio1/package.zsh'
[0.817s] Level 1:colcon.colcon_core.environment:create_file_with_runtime_dependencies(/home/integralmilk03/robotica_2_2024/examen2_ws/install/ejercicio1/share/colcon-core/packages/ejercicio1)
[0.819s] Level 1:colcon.colcon_core.environment:create_environment_scripts_only(custom_panda)
[0.819s] Level 1:colcon.colcon_core.environment:checking '/home/integralmilk03/robotica_2_2024/examen2_ws/install/custom_panda' for CMake module files
[0.819s] Level 1:colcon.colcon_core.environment:checking '/home/integralmilk03/robotica_2_2024/examen2_ws/install/custom_panda' for CMake config files
[0.820s] DEBUG:colcon.colcon_core.event_handler.log_command:Invoked command in '/home/integralmilk03/robotica_2_2024/examen2_ws/build/custom_panda' returned '0': CMAKE_PREFIX_PATH=${CMAKE_PREFIX_PATH}:/home/integralmilk03/robotica_2_2024/examen2_ws/install/ejercicio4:/opt/ros/humble /usr/bin/cmake --install /home/integralmilk03/robotica_2_2024/examen2_ws/build/custom_panda
[0.820s] Level 1:colcon.colcon_core.shell:create_environment_hook('custom_panda', 'cmake_prefix_path')
[0.820s] INFO:colcon.colcon_core.shell:Creating environment hook '/home/integralmilk03/robotica_2_2024/examen2_ws/install/custom_panda/share/custom_panda/hook/cmake_prefix_path.ps1'
[0.820s] INFO:colcon.colcon_core.shell:Creating environment descriptor '/home/integralmilk03/robotica_2_2024/examen2_ws/install/custom_panda/share/custom_panda/hook/cmake_prefix_path.dsv'
[0.821s] INFO:colcon.colcon_core.shell:Creating environment hook '/home/integralmilk03/robotica_2_2024/examen2_ws/install/custom_panda/share/custom_panda/hook/cmake_prefix_path.sh'
[0.821s] Level 1:colcon.colcon_core.environment:checking '/home/integralmilk03/robotica_2_2024/examen2_ws/install/custom_panda/bin'
[0.821s] Level 1:colcon.colcon_core.environment:checking '/home/integralmilk03/robotica_2_2024/examen2_ws/install/custom_panda/lib/pkgconfig/custom_panda.pc'
[0.821s] Level 1:colcon.colcon_core.environment:checking '/home/integralmilk03/robotica_2_2024/examen2_ws/install/custom_panda/lib/python3.10/site-packages'
[0.821s] Level 1:colcon.colcon_core.environment:checking '/home/integralmilk03/robotica_2_2024/examen2_ws/install/custom_panda/bin'
[0.821s] INFO:colcon.colcon_core.shell:Creating package script '/home/integralmilk03/robotica_2_2024/examen2_ws/install/custom_panda/share/custom_panda/package.ps1'
[0.822s] INFO:colcon.colcon_core.shell:Creating package descriptor '/home/integralmilk03/robotica_2_2024/examen2_ws/install/custom_panda/share/custom_panda/package.dsv'
[0.822s] INFO:colcon.colcon_core.shell:Creating package script '/home/integralmilk03/robotica_2_2024/examen2_ws/install/custom_panda/share/custom_panda/package.sh'
[0.822s] INFO:colcon.colcon_core.shell:Creating package script '/home/integralmilk03/robotica_2_2024/examen2_ws/install/custom_panda/share/custom_panda/package.bash'
[0.822s] INFO:colcon.colcon_core.shell:Creating package script '/home/integralmilk03/robotica_2_2024/examen2_ws/install/custom_panda/share/custom_panda/package.zsh'
[0.822s] Level 1:colcon.colcon_core.environment:create_file_with_runtime_dependencies(/home/integralmilk03/robotica_2_2024/examen2_ws/install/custom_panda/share/colcon-core/packages/custom_panda)
[0.828s] DEBUG:colcon.colcon_core.event_handler.log_command:Invoking command in '/home/integralmilk03/robotica_2_2024/examen2_ws/build/ejercicio2': CMAKE_PREFIX_PATH=${CMAKE_PREFIX_PATH}:/home/integralmilk03/robotica_2_2024/examen2_ws/install/ejercicio4:/opt/ros/humble /usr/bin/cmake --install /home/integralmilk03/robotica_2_2024/examen2_ws/build/ejercicio2
[0.830s] Level 1:colcon.colcon_core.environment:create_environment_scripts_only(ejercicio3)
[0.831s] Level 1:colcon.colcon_core.environment:checking '/home/integralmilk03/robotica_2_2024/examen2_ws/install/ejercicio3' for CMake module files
[0.831s] Level 1:colcon.colcon_core.environment:checking '/home/integralmilk03/robotica_2_2024/examen2_ws/install/ejercicio3' for CMake config files
[0.831s] Level 1:colcon.colcon_core.shell:create_environment_hook('ejercicio3', 'cmake_prefix_path')
[0.832s] INFO:colcon.colcon_core.shell:Creating environment hook '/home/integralmilk03/robotica_2_2024/examen2_ws/install/ejercicio3/share/ejercicio3/hook/cmake_prefix_path.ps1'
[0.832s] INFO:colcon.colcon_core.shell:Creating environment descriptor '/home/integralmilk03/robotica_2_2024/examen2_ws/install/ejercicio3/share/ejercicio3/hook/cmake_prefix_path.dsv'
[0.833s] INFO:colcon.colcon_core.shell:Creating environment hook '/home/integralmilk03/robotica_2_2024/examen2_ws/install/ejercicio3/share/ejercicio3/hook/cmake_prefix_path.sh'
[0.833s] Level 1:colcon.colcon_core.environment:checking '/home/integralmilk03/robotica_2_2024/examen2_ws/install/ejercicio3/bin'
[0.833s] Level 1:colcon.colcon_core.environment:checking '/home/integralmilk03/robotica_2_2024/examen2_ws/install/ejercicio3/lib/pkgconfig/ejercicio3.pc'
[0.834s] Level 1:colcon.colcon_core.environment:checking '/home/integralmilk03/robotica_2_2024/examen2_ws/install/ejercicio3/lib/python3.10/site-packages'
[0.834s] Level 1:colcon.colcon_core.environment:checking '/home/integralmilk03/robotica_2_2024/examen2_ws/install/ejercicio3/bin'
[0.834s] INFO:colcon.colcon_core.shell:Creating package script '/home/integralmilk03/robotica_2_2024/examen2_ws/install/ejercicio3/share/ejercicio3/package.ps1'
[0.835s] INFO:colcon.colcon_core.shell:Creating package descriptor '/home/integralmilk03/robotica_2_2024/examen2_ws/install/ejercicio3/share/ejercicio3/package.dsv'
[0.837s] INFO:colcon.colcon_core.shell:Creating package script '/home/integralmilk03/robotica_2_2024/examen2_ws/install/ejercicio3/share/ejercicio3/package.sh'
[0.839s] INFO:colcon.colcon_core.shell:Creating package script '/home/integralmilk03/robotica_2_2024/examen2_ws/install/ejercicio3/share/ejercicio3/package.bash'
[0.839s] INFO:colcon.colcon_core.shell:Creating package script '/home/integralmilk03/robotica_2_2024/examen2_ws/install/ejercicio3/share/ejercicio3/package.zsh'
[0.840s] Level 1:colcon.colcon_core.environment:create_file_with_runtime_dependencies(/home/integralmilk03/robotica_2_2024/examen2_ws/install/ejercicio3/share/colcon-core/packages/ejercicio3)
[0.842s] Level 1:colcon.colcon_core.environment:create_environment_scripts_only(custom_panda)
[0.842s] Level 1:colcon.colcon_core.environment:checking '/home/integralmilk03/robotica_2_2024/examen2_ws/install/custom_panda' for CMake module files
[0.843s] Level 1:colcon.colcon_core.environment:checking '/home/integralmilk03/robotica_2_2024/examen2_ws/install/custom_panda' for CMake config files
[0.844s] Level 1:colcon.colcon_core.shell:create_environment_hook('custom_panda', 'cmake_prefix_path')
[0.844s] INFO:colcon.colcon_core.shell:Creating environment hook '/home/integralmilk03/robotica_2_2024/examen2_ws/install/custom_panda/share/custom_panda/hook/cmake_prefix_path.ps1'
[0.844s] INFO:colcon.colcon_core.shell:Creating environment descriptor '/home/integralmilk03/robotica_2_2024/examen2_ws/install/custom_panda/share/custom_panda/hook/cmake_prefix_path.dsv'
[0.844s] INFO:colcon.colcon_core.shell:Creating environment hook '/home/integralmilk03/robotica_2_2024/examen2_ws/install/custom_panda/share/custom_panda/hook/cmake_prefix_path.sh'
[0.845s] Level 1:colcon.colcon_core.environment:checking '/home/integralmilk03/robotica_2_2024/examen2_ws/install/custom_panda/bin'
[0.845s] Level 1:colcon.colcon_core.environment:checking '/home/integralmilk03/robotica_2_2024/examen2_ws/install/custom_panda/lib/pkgconfig/custom_panda.pc'
[0.845s] Level 1:colcon.colcon_core.environment:checking '/home/integralmilk03/robotica_2_2024/examen2_ws/install/custom_panda/lib/python3.10/site-packages'
[0.845s] Level 1:colcon.colcon_core.environment:checking '/home/integralmilk03/robotica_2_2024/examen2_ws/install/custom_panda/bin'
[0.846s] INFO:colcon.colcon_core.shell:Creating package script '/home/integralmilk03/robotica_2_2024/examen2_ws/install/custom_panda/share/custom_panda/package.ps1'
[0.847s] INFO:colcon.colcon_core.shell:Creating package descriptor '/home/integralmilk03/robotica_2_2024/examen2_ws/install/custom_panda/share/custom_panda/package.dsv'
[0.847s] INFO:colcon.colcon_core.shell:Creating package script '/home/integralmilk03/robotica_2_2024/examen2_ws/install/custom_panda/share/custom_panda/package.sh'
[0.847s] INFO:colcon.colcon_core.shell:Creating package script '/home/integralmilk03/robotica_2_2024/examen2_ws/install/custom_panda/share/custom_panda/package.bash'
[0.847s] INFO:colcon.colcon_core.shell:Creating package script '/home/integralmilk03/robotica_2_2024/examen2_ws/install/custom_panda/share/custom_panda/package.zsh'
[0.848s] Level 1:colcon.colcon_core.environment:create_file_with_runtime_dependencies(/home/integralmilk03/robotica_2_2024/examen2_ws/install/custom_panda/share/colcon-core/packages/custom_panda)
[0.848s] Level 1:colcon.colcon_core.environment:create_environment_scripts_only(ejercicio1)
[0.848s] Level 1:colcon.colcon_core.environment:checking '/home/integralmilk03/robotica_2_2024/examen2_ws/install/ejercicio1' for CMake module files
[0.849s] Level 1:colcon.colcon_core.environment:checking '/home/integralmilk03/robotica_2_2024/examen2_ws/install/ejercicio1' for CMake config files
[0.849s] Level 1:colcon.colcon_core.shell:create_environment_hook('ejercicio1', 'cmake_prefix_path')
[0.850s] INFO:colcon.colcon_core.shell:Creating environment hook '/home/integralmilk03/robotica_2_2024/examen2_ws/install/ejercicio1/share/ejercicio1/hook/cmake_prefix_path.ps1'
[0.850s] INFO:colcon.colcon_core.shell:Creating environment descriptor '/home/integralmilk03/robotica_2_2024/examen2_ws/install/ejercicio1/share/ejercicio1/hook/cmake_prefix_path.dsv'
[0.850s] INFO:colcon.colcon_core.shell:Creating environment hook '/home/integralmilk03/robotica_2_2024/examen2_ws/install/ejercicio1/share/ejercicio1/hook/cmake_prefix_path.sh'
[0.851s] Level 1:colcon.colcon_core.environment:checking '/home/integralmilk03/robotica_2_2024/examen2_ws/install/ejercicio1/lib'
[0.851s] Level 1:colcon.colcon_core.environment:checking '/home/integralmilk03/robotica_2_2024/examen2_ws/install/ejercicio1/bin'
[0.851s] Level 1:colcon.colcon_core.environment:checking '/home/integralmilk03/robotica_2_2024/examen2_ws/install/ejercicio1/lib/pkgconfig/ejercicio1.pc'
[0.851s] Level 1:colcon.colcon_core.environment:checking '/home/integralmilk03/robotica_2_2024/examen2_ws/install/ejercicio1/lib/python3.10/site-packages'
[0.852s] Level 1:colcon.colcon_core.environment:checking '/home/integralmilk03/robotica_2_2024/examen2_ws/install/ejercicio1/bin'
[0.852s] INFO:colcon.colcon_core.shell:Creating package script '/home/integralmilk03/robotica_2_2024/examen2_ws/install/ejercicio1/share/ejercicio1/package.ps1'
[0.852s] INFO:colcon.colcon_core.shell:Creating package descriptor '/home/integralmilk03/robotica_2_2024/examen2_ws/install/ejercicio1/share/ejercicio1/package.dsv'
[0.853s] INFO:colcon.colcon_core.shell:Creating package script '/home/integralmilk03/robotica_2_2024/examen2_ws/install/ejercicio1/share/ejercicio1/package.sh'
[0.853s] INFO:colcon.colcon_core.shell:Creating package script '/home/integralmilk03/robotica_2_2024/examen2_ws/install/ejercicio1/share/ejercicio1/package.bash'
[0.853s] INFO:colcon.colcon_core.shell:Creating package script '/home/integralmilk03/robotica_2_2024/examen2_ws/install/ejercicio1/share/ejercicio1/package.zsh'
[0.854s] Level 1:colcon.colcon_core.environment:create_file_with_runtime_dependencies(/home/integralmilk03/robotica_2_2024/examen2_ws/install/ejercicio1/share/colcon-core/packages/ejercicio1)
[0.854s] Level 1:colcon.colcon_core.environment:create_environment_scripts_only(ejercicio2)
[0.854s] Level 1:colcon.colcon_core.environment:checking '/home/integralmilk03/robotica_2_2024/examen2_ws/install/ejercicio2' for CMake module files
[0.855s] Level 1:colcon.colcon_core.environment:checking '/home/integralmilk03/robotica_2_2024/examen2_ws/install/ejercicio2' for CMake config files
[0.856s] DEBUG:colcon.colcon_core.event_handler.log_command:Invoked command in '/home/integralmilk03/robotica_2_2024/examen2_ws/build/ejercicio2' returned '0': CMAKE_PREFIX_PATH=${CMAKE_PREFIX_PATH}:/home/integralmilk03/robotica_2_2024/examen2_ws/install/ejercicio4:/opt/ros/humble /usr/bin/cmake --install /home/integralmilk03/robotica_2_2024/examen2_ws/build/ejercicio2
[0.856s] Level 1:colcon.colcon_core.shell:create_environment_hook('ejercicio2', 'cmake_prefix_path')
[0.857s] INFO:colcon.colcon_core.shell:Creating environment hook '/home/integralmilk03/robotica_2_2024/examen2_ws/install/ejercicio2/share/ejercicio2/hook/cmake_prefix_path.ps1'
[0.858s] INFO:colcon.colcon_core.shell:Creating environment descriptor '/home/integralmilk03/robotica_2_2024/examen2_ws/install/ejercicio2/share/ejercicio2/hook/cmake_prefix_path.dsv'
[0.858s] INFO:colcon.colcon_core.shell:Creating environment hook '/home/integralmilk03/robotica_2_2024/examen2_ws/install/ejercicio2/share/ejercicio2/hook/cmake_prefix_path.sh'
[0.859s] Level 1:colcon.colcon_core.environment:checking '/home/integralmilk03/robotica_2_2024/examen2_ws/install/ejercicio2/lib'
[0.859s] Level 1:colcon.colcon_core.environment:checking '/home/integralmilk03/robotica_2_2024/examen2_ws/install/ejercicio2/bin'
[0.859s] Level 1:colcon.colcon_core.environment:checking '/home/integralmilk03/robotica_2_2024/examen2_ws/install/ejercicio2/lib/pkgconfig/ejercicio2.pc'
[0.859s] Level 1:colcon.colcon_core.environment:checking '/home/integralmilk03/robotica_2_2024/examen2_ws/install/ejercicio2/lib/python3.10/site-packages'
[0.859s] Level 1:colcon.colcon_core.environment:checking '/home/integralmilk03/robotica_2_2024/examen2_ws/install/ejercicio2/bin'
[0.860s] INFO:colcon.colcon_core.shell:Creating package script '/home/integralmilk03/robotica_2_2024/examen2_ws/install/ejercicio2/share/ejercicio2/package.ps1'
[0.860s] INFO:colcon.colcon_core.shell:Creating package descriptor '/home/integralmilk03/robotica_2_2024/examen2_ws/install/ejercicio2/share/ejercicio2/package.dsv'
[0.860s] INFO:colcon.colcon_core.shell:Creating package script '/home/integralmilk03/robotica_2_2024/examen2_ws/install/ejercicio2/share/ejercicio2/package.sh'
[0.860s] INFO:colcon.colcon_core.shell:Creating package script '/home/integralmilk03/robotica_2_2024/examen2_ws/install/ejercicio2/share/ejercicio2/package.bash'
[0.860s] INFO:colcon.colcon_core.shell:Creating package script '/home/integralmilk03/robotica_2_2024/examen2_ws/install/ejercicio2/share/ejercicio2/package.zsh'
[0.861s] Level 1:colcon.colcon_core.environment:create_file_with_runtime_dependencies(/home/integralmilk03/robotica_2_2024/examen2_ws/install/ejercicio2/share/colcon-core/packages/ejercicio2)
[0.881s] Level 1:colcon.colcon_core.environment:create_environment_scripts_only(ejercicio2)
[0.881s] Level 1:colcon.colcon_core.environment:checking '/home/integralmilk03/robotica_2_2024/examen2_ws/install/ejercicio2' for CMake module files
[0.881s] Level 1:colcon.colcon_core.environment:checking '/home/integralmilk03/robotica_2_2024/examen2_ws/install/ejercicio2' for CMake config files
[0.881s] Level 1:colcon.colcon_core.shell:create_environment_hook('ejercicio2', 'cmake_prefix_path')
[0.881s] INFO:colcon.colcon_core.shell:Creating environment hook '/home/integralmilk03/robotica_2_2024/examen2_ws/install/ejercicio2/share/ejercicio2/hook/cmake_prefix_path.ps1'
[0.882s] INFO:colcon.colcon_core.shell:Creating environment descriptor '/home/integralmilk03/robotica_2_2024/examen2_ws/install/ejercicio2/share/ejercicio2/hook/cmake_prefix_path.dsv'
[0.882s] INFO:colcon.colcon_core.shell:Creating environment hook '/home/integralmilk03/robotica_2_2024/examen2_ws/install/ejercicio2/share/ejercicio2/hook/cmake_prefix_path.sh'
[0.882s] Level 1:colcon.colcon_core.environment:checking '/home/integralmilk03/robotica_2_2024/examen2_ws/install/ejercicio2/lib'
[0.882s] Level 1:colcon.colcon_core.environment:checking '/home/integralmilk03/robotica_2_2024/examen2_ws/install/ejercicio2/bin'
[0.882s] Level 1:colcon.colcon_core.environment:checking '/home/integralmilk03/robotica_2_2024/examen2_ws/install/ejercicio2/lib/pkgconfig/ejercicio2.pc'
[0.882s] Level 1:colcon.colcon_core.environment:checking '/home/integralmilk03/robotica_2_2024/examen2_ws/install/ejercicio2/lib/python3.10/site-packages'
[0.882s] Level 1:colcon.colcon_core.environment:checking '/home/integralmilk03/robotica_2_2024/examen2_ws/install/ejercicio2/bin'
[0.883s] INFO:colcon.colcon_core.shell:Creating package script '/home/integralmilk03/robotica_2_2024/examen2_ws/install/ejercicio2/share/ejercicio2/package.ps1'
[0.883s] INFO:colcon.colcon_core.shell:Creating package descriptor '/home/integralmilk03/robotica_2_2024/examen2_ws/install/ejercicio2/share/ejercicio2/package.dsv'
[0.883s] INFO:colcon.colcon_core.shell:Creating package script '/home/integralmilk03/robotica_2_2024/examen2_ws/install/ejercicio2/share/ejercicio2/package.sh'
[0.884s] INFO:colcon.colcon_core.shell:Creating package script '/home/integralmilk03/robotica_2_2024/examen2_ws/install/ejercicio2/share/ejercicio2/package.bash'
[0.884s] INFO:colcon.colcon_core.shell:Creating package script '/home/integralmilk03/robotica_2_2024/examen2_ws/install/ejercicio2/share/ejercicio2/package.zsh'
[0.884s] Level 1:colcon.colcon_core.environment:create_file_with_runtime_dependencies(/home/integralmilk03/robotica_2_2024/examen2_ws/install/ejercicio2/share/colcon-core/packages/ejercicio2)
[1.041s] DEBUG:colcon.colcon_core.event_handler.log_command:Invoking command in '/home/integralmilk03/robotica_2_2024/examen2_ws/src/ejercicio4': PYTHONPATH=/home/integralmilk03/robotica_2_2024/examen2_ws/build/ejercicio4/prefix_override:/home/integralmilk03/.local/lib/python3.10/site-packages/colcon_core/task/python/colcon_distutils_commands:/home/integralmilk03/robotica_2_2024/examen2_ws/install/ejercicio4/lib/python3.10/site-packages:${PYTHONPATH} /usr/bin/python3 -W ignore:setup.py install is deprecated setup.py egg_info --egg-base ../../build/ejercicio4 build --build-base /home/integralmilk03/robotica_2_2024/examen2_ws/build/ejercicio4/build install --record /home/integralmilk03/robotica_2_2024/examen2_ws/build/ejercicio4/install.log --single-version-externally-managed install_data
[1.236s] Level 1:colcon.colcon_core.environment:checking '/home/integralmilk03/robotica_2_2024/examen2_ws/install/ejercicio4' for CMake module files
[1.237s] DEBUG:colcon.colcon_core.event_handler.log_command:Invoked command in '/home/integralmilk03/robotica_2_2024/examen2_ws/src/ejercicio4' returned '0': PYTHONPATH=/home/integralmilk03/robotica_2_2024/examen2_ws/build/ejercicio4/prefix_override:/home/integralmilk03/.local/lib/python3.10/site-packages/colcon_core/task/python/colcon_distutils_commands:/home/integralmilk03/robotica_2_2024/examen2_ws/install/ejercicio4/lib/python3.10/site-packages:${PYTHONPATH} /usr/bin/python3 -W ignore:setup.py install is deprecated setup.py egg_info --egg-base ../../build/ejercicio4 build --build-base /home/integralmilk03/robotica_2_2024/examen2_ws/build/ejercicio4/build install --record /home/integralmilk03/robotica_2_2024/examen2_ws/build/ejercicio4/install.log --single-version-externally-managed install_data
[1.237s] Level 1:colcon.colcon_core.environment:checking '/home/integralmilk03/robotica_2_2024/examen2_ws/install/ejercicio4' for CMake config files
[1.238s] Level 1:colcon.colcon_core.environment:checking '/home/integralmilk03/robotica_2_2024/examen2_ws/install/ejercicio4/lib'
[1.238s] Level 1:colcon.colcon_core.environment:checking '/home/integralmilk03/robotica_2_2024/examen2_ws/install/ejercicio4/bin'
[1.238s] Level 1:colcon.colcon_core.environment:checking '/home/integralmilk03/robotica_2_2024/examen2_ws/install/ejercicio4/lib/pkgconfig/ejercicio4.pc'
[1.238s] Level 1:colcon.colcon_core.environment:checking '/home/integralmilk03/robotica_2_2024/examen2_ws/install/ejercicio4/lib/python3.10/site-packages'
[1.238s] Level 1:colcon.colcon_core.shell:create_environment_hook('ejercicio4', 'pythonpath')
[1.238s] INFO:colcon.colcon_core.shell:Creating environment hook '/home/integralmilk03/robotica_2_2024/examen2_ws/install/ejercicio4/share/ejercicio4/hook/pythonpath.ps1'
[1.238s] INFO:colcon.colcon_core.shell:Creating environment descriptor '/home/integralmilk03/robotica_2_2024/examen2_ws/install/ejercicio4/share/ejercicio4/hook/pythonpath.dsv'
[1.238s] INFO:colcon.colcon_core.shell:Creating environment hook '/home/integralmilk03/robotica_2_2024/examen2_ws/install/ejercicio4/share/ejercicio4/hook/pythonpath.sh'
[1.239s] Level 1:colcon.colcon_core.environment:checking '/home/integralmilk03/robotica_2_2024/examen2_ws/install/ejercicio4/bin'
[1.239s] Level 1:colcon.colcon_core.environment:create_environment_scripts_only(ejercicio4)
[1.239s] INFO:colcon.colcon_core.shell:Creating package script '/home/integralmilk03/robotica_2_2024/examen2_ws/install/ejercicio4/share/ejercicio4/package.ps1'
[1.239s] INFO:colcon.colcon_core.shell:Creating package descriptor '/home/integralmilk03/robotica_2_2024/examen2_ws/install/ejercicio4/share/ejercicio4/package.dsv'
[1.240s] INFO:colcon.colcon_core.shell:Creating package script '/home/integralmilk03/robotica_2_2024/examen2_ws/install/ejercicio4/share/ejercicio4/package.sh'
[1.240s] INFO:colcon.colcon_core.shell:Creating package script '/home/integralmilk03/robotica_2_2024/examen2_ws/install/ejercicio4/share/ejercicio4/package.bash'
[1.240s] INFO:colcon.colcon_core.shell:Creating package script '/home/integralmilk03/robotica_2_2024/examen2_ws/install/ejercicio4/share/ejercicio4/package.zsh'
[1.240s] Level 1:colcon.colcon_core.environment:create_file_with_runtime_dependencies(/home/integralmilk03/robotica_2_2024/examen2_ws/install/ejercicio4/share/colcon-core/packages/ejercicio4)
[1.240s] DEBUG:colcon.colcon_parallel_executor.executor.parallel:closing loop
[1.240s] DEBUG:colcon.colcon_parallel_executor.executor.parallel:loop closed
[1.241s] DEBUG:colcon.colcon_parallel_executor.executor.parallel:run_until_complete finished with '0'
[1.241s] DEBUG:colcon.colcon_core.event_reactor:joining thread
[1.375s] INFO:colcon.colcon_core.plugin_system:Skipping extension 'colcon_notification.desktop_notification.notify_send': Could not find 'notify-send'
[1.375s] INFO:colcon.colcon_core.plugin_system:Skipping extension 'colcon_notification.desktop_notification.terminal_notifier': Not used on non-Darwin systems
[1.375s] INFO:colcon.colcon_core.plugin_system:Skipping extension 'colcon_notification.desktop_notification.win32': Not used on non-Windows systems
[1.375s] INFO:colcon.colcon_notification.desktop_notification:Sending desktop notification using 'notify2'
[1.376s] DEBUG:colcon.colcon_notification.desktop_notification.notify2:Failed to initialize notify2: org.freedesktop.DBus.Error.FileNotFound: Failed to connect to socket /run/user/1000/bus: No such file or directory
[1.376s] DEBUG:colcon.colcon_core.event_reactor:joined thread
[1.376s] INFO:colcon.colcon_core.shell:Creating prefix script '/home/integralmilk03/robotica_2_2024/examen2_ws/install/local_setup.ps1'
[1.377s] INFO:colcon.colcon_core.shell:Creating prefix util module '/home/integralmilk03/robotica_2_2024/examen2_ws/install/_local_setup_util_ps1.py'
[1.377s] INFO:colcon.colcon_core.shell:Creating prefix chain script '/home/integralmilk03/robotica_2_2024/examen2_ws/install/setup.ps1'
[1.378s] INFO:colcon.colcon_core.shell:Creating prefix script '/home/integralmilk03/robotica_2_2024/examen2_ws/install/local_setup.sh'
[1.378s] INFO:colcon.colcon_core.shell:Creating prefix util module '/home/integralmilk03/robotica_2_2024/examen2_ws/install/_local_setup_util_sh.py'
[1.379s] INFO:colcon.colcon_core.shell:Creating prefix chain script '/home/integralmilk03/robotica_2_2024/examen2_ws/install/setup.sh'
[1.379s] INFO:colcon.colcon_core.shell:Creating prefix script '/home/integralmilk03/robotica_2_2024/examen2_ws/install/local_setup.bash'
[1.380s] INFO:colcon.colcon_core.shell:Creating prefix chain script '/home/integralmilk03/robotica_2_2024/examen2_ws/install/setup.bash'
[1.380s] INFO:colcon.colcon_core.shell:Creating prefix script '/home/integralmilk03/robotica_2_2024/examen2_ws/install/local_setup.zsh'
[1.381s] INFO:colcon.colcon_core.shell:Creating prefix chain script '/home/integralmilk03/robotica_2_2024/examen2_ws/install/setup.zsh'
