[0.044s] Invoking command in '/home/integralmilk03/robotica_2_2024/examen2_ws/build/ejercicio1': CMAKE_PREFIX_PATH=${CMAKE_PREFIX_PATH}:/home/integralmilk03/robotica/robotica_2_2024/examen2_ws/install/ejercicio4:/opt/ros/humble /usr/bin/cmake /home/integralmilk03/robotica_2_2024/examen2_ws/src/ejercicio1 -DCMAKE_INSTALL_PREFIX=/home/integralmilk03/robotica_2_2024/examen2_ws/install/ejercicio1
[0.475s] -- The C compiler identification is GNU 11.4.0
[1.823s] -- The CXX compiler identification is GNU 11.4.0
[2.754s] -- Detecting C compiler ABI info
[3.000s] -- Detecting C compiler ABI info - done
[3.006s] -- Check for working C compiler: /usr/bin/cc - skipped
[3.006s] -- Detecting C compile features
[3.007s] -- Detecting C compile features - done
[3.009s] -- Detecting CXX compiler ABI info
[3.329s] -- Detecting CXX compiler ABI info - done
[3.334s] -- Check for working CXX compiler: /usr/bin/c++ - skipped
[3.334s] -- Detecting CXX compile features
[3.335s] -- Detecting CXX compile features - done
[3.337s] -- Found ament_cmake: 1.3.10 (/opt/ros/humble/share/ament_cmake/cmake)
[3.497s] -- Found Python3: /usr/bin/python3 (found version "3.10.12") found components: Interpreter 
[3.585s] -- Found moveit_ros_planning_interface: 2.5.5 (/opt/ros/humble/share/moveit_ros_planning_interface/cmake)
[4.159s] -- Found Boost: /usr/lib/x86_64-linux-gnu/cmake/Boost-1.74.0/BoostConfig.cmake (found version "1.74.0") found components: date_time filesystem program_options system thread 
[4.650s] -- Found rosidl_generator_c: 3.1.5 (/opt/ros/humble/share/rosidl_generator_c/cmake)
[4.654s] -- Found rosidl_adapter: 3.1.5 (/opt/ros/humble/share/rosidl_adapter/cmake)
[4.660s] -- Found rosidl_generator_cpp: 3.1.5 (/opt/ros/humble/share/rosidl_generator_cpp/cmake)
[4.669s] -- Using all available rosidl_typesupport_c: rosidl_typesupport_fastrtps_c;rosidl_typesupport_introspection_c
[4.680s] -- Using all available rosidl_typesupport_cpp: rosidl_typesupport_fastrtps_cpp;rosidl_typesupport_introspection_cpp
[4.946s] -- Found Boost: /usr/lib/x86_64-linux-gnu/cmake/Boost-1.74.0/BoostConfig.cmake (found version "1.74.0") found components: chrono date_time filesystem iostreams program_options regex serialization system thread 
[4.971s] -- Found parameter_traits: 0.3.8 (/opt/ros/humble/share/parameter_traits/cmake)
[5.039s] -- Found rmw_implementation_cmake: 6.1.2 (/opt/ros/humble/share/rmw_implementation_cmake/cmake)
[5.043s] -- Found rmw_fastrtps_cpp: 6.2.7 (/opt/ros/humble/share/rmw_fastrtps_cpp/cmake)
[7.043s] -- Found OpenSSL: /usr/lib/x86_64-linux-gnu/libcrypto.so (found version "3.0.2")  
[8.519s] -- Found FastRTPS: /opt/ros/humble/include  
[11.113s] -- Using RMW implementation 'rmw_fastrtps_cpp' as default
[11.129s] -- Found Threads: TRUE  
[11.210s] -- Found rclcpp_lifecycle: 16.0.10 (/opt/ros/humble/share/rclcpp_lifecycle/cmake)
[11.242s] -- Found Boost: /usr/lib/x86_64-linux-gnu/cmake/Boost-1.74.0/BoostConfig.cmake (found version "1.74.0") found components: filesystem 
[12.688s] -- library: /usr/lib/x86_64-linux-gnu/libcurl.so
[12.911s] -- Found Eigen3: TRUE (found version "3.4.0") 
[12.911s] -- Ensuring Eigen3 include directory is part of orocos-kdl CMake target
[17.659s] -- Found Boost: /usr/lib/x86_64-linux-gnu/cmake/Boost-1.74.0/BoostConfig.cmake (found version "1.74.0") found components: system filesystem date_time program_options thread chrono 
[17.753s] -- Found Boost: /usr/lib/x86_64-linux-gnu/cmake/Boost-1.74.0/BoostConfig.cmake (found version "1.74.0") found components: thread system filesystem regex date_time program_options 
[17.820s] -- Found Boost: /usr/lib/x86_64-linux-gnu/cmake/Boost-1.74.0/BoostConfig.cmake (found version "1.74.0") found components: system filesystem date_time program_options thread 
[17.890s] -- Found ament_lint_auto: 0.12.11 (/opt/ros/humble/share/ament_lint_auto/cmake)
[17.958s] -- Added test 'cppcheck' to perform static code analysis on C / C++ code
[17.958s] -- Configured cppcheck include dirs: $<BUILD_INTERFACE:/home/integralmilk03/robotica_2_2024/examen2_ws/src/ejercicio1/include>
[17.958s] -- Configured cppcheck exclude dirs and/or files: 
[17.959s] -- Added test 'lint_cmake' to check CMake code style
[17.960s] -- Added test 'uncrustify' to check C / C++ code style
[17.960s] -- Configured uncrustify additional arguments: 
[17.960s] -- Added test 'xmllint' to check XML markup files
[17.961s] -- Configuring done
[18.000s] -- Generating done
[18.002s] -- Build files have been written to: /home/integralmilk03/robotica_2_2024/examen2_ws/build/ejercicio1
[18.024s] Invoked command in '/home/integralmilk03/robotica_2_2024/examen2_ws/build/ejercicio1' returned '0': CMAKE_PREFIX_PATH=${CMAKE_PREFIX_PATH}:/home/integralmilk03/robotica/robotica_2_2024/examen2_ws/install/ejercicio4:/opt/ros/humble /usr/bin/cmake /home/integralmilk03/robotica_2_2024/examen2_ws/src/ejercicio1 -DCMAKE_INSTALL_PREFIX=/home/integralmilk03/robotica_2_2024/examen2_ws/install/ejercicio1
[18.024s] Invoking command in '/home/integralmilk03/robotica_2_2024/examen2_ws/build/ejercicio1': CMAKE_PREFIX_PATH=${CMAKE_PREFIX_PATH}:/home/integralmilk03/robotica/robotica_2_2024/examen2_ws/install/ejercicio4:/opt/ros/humble /usr/bin/cmake --build /home/integralmilk03/robotica_2_2024/examen2_ws/build/ejercicio1 -- -j12 -l12
[18.055s] [ 50%] [32mBuilding CXX object CMakeFiles/joint_sequence.dir/src/joint_sequence.cpp.o[0m
[29.223s] [100%] [32m[1mLinking CXX executable joint_sequence[0m
[29.834s] [100%] Built target joint_sequence
[29.870s] Invoked command in '/home/integralmilk03/robotica_2_2024/examen2_ws/build/ejercicio1' returned '0': CMAKE_PREFIX_PATH=${CMAKE_PREFIX_PATH}:/home/integralmilk03/robotica/robotica_2_2024/examen2_ws/install/ejercicio4:/opt/ros/humble /usr/bin/cmake --build /home/integralmilk03/robotica_2_2024/examen2_ws/build/ejercicio1 -- -j12 -l12
[29.898s] Invoking command in '/home/integralmilk03/robotica_2_2024/examen2_ws/build/ejercicio1': CMAKE_PREFIX_PATH=${CMAKE_PREFIX_PATH}:/home/integralmilk03/robotica/robotica_2_2024/examen2_ws/install/ejercicio4:/opt/ros/humble /usr/bin/cmake --install /home/integralmilk03/robotica_2_2024/examen2_ws/build/ejercicio1
[29.904s] -- Install configuration: ""
[29.904s] -- Installing: /home/integralmilk03/robotica_2_2024/examen2_ws/install/ejercicio1/lib/ejercicio1/joint_sequence
[29.905s] -- Set runtime path of "/home/integralmilk03/robotica_2_2024/examen2_ws/install/ejercicio1/lib/ejercicio1/joint_sequence" to ""
[29.907s] -- Installing: /home/integralmilk03/robotica_2_2024/examen2_ws/install/ejercicio1/share/ament_index/resource_index/package_run_dependencies/ejercicio1
[29.907s] -- Installing: /home/integralmilk03/robotica_2_2024/examen2_ws/install/ejercicio1/share/ament_index/resource_index/parent_prefix_path/ejercicio1
[29.907s] -- Installing: /home/integralmilk03/robotica_2_2024/examen2_ws/install/ejercicio1/share/ejercicio1/environment/ament_prefix_path.sh
[29.907s] -- Installing: /home/integralmilk03/robotica_2_2024/examen2_ws/install/ejercicio1/share/ejercicio1/environment/ament_prefix_path.dsv
[29.907s] -- Installing: /home/integralmilk03/robotica_2_2024/examen2_ws/install/ejercicio1/share/ejercicio1/environment/path.sh
[29.908s] -- Installing: /home/integralmilk03/robotica_2_2024/examen2_ws/install/ejercicio1/share/ejercicio1/environment/path.dsv
[29.908s] -- Installing: /home/integralmilk03/robotica_2_2024/examen2_ws/install/ejercicio1/share/ejercicio1/local_setup.bash
[29.908s] -- Installing: /home/integralmilk03/robotica_2_2024/examen2_ws/install/ejercicio1/share/ejercicio1/local_setup.sh
[29.909s] -- Installing: /home/integralmilk03/robotica_2_2024/examen2_ws/install/ejercicio1/share/ejercicio1/local_setup.zsh
[29.909s] -- Installing: /home/integralmilk03/robotica_2_2024/examen2_ws/install/ejercicio1/share/ejercicio1/local_setup.dsv
[29.909s] -- Installing: /home/integralmilk03/robotica_2_2024/examen2_ws/install/ejercicio1/share/ejercicio1/package.dsv
[29.909s] -- Installing: /home/integralmilk03/robotica_2_2024/examen2_ws/install/ejercicio1/share/ament_index/resource_index/packages/ejercicio1
[29.909s] -- Installing: /home/integralmilk03/robotica_2_2024/examen2_ws/install/ejercicio1/share/ejercicio1/cmake/ejercicio1Config.cmake
[29.910s] -- Installing: /home/integralmilk03/robotica_2_2024/examen2_ws/install/ejercicio1/share/ejercicio1/cmake/ejercicio1Config-version.cmake
[29.910s] -- Installing: /home/integralmilk03/robotica_2_2024/examen2_ws/install/ejercicio1/share/ejercicio1/package.xml
[29.938s] Invoked command in '/home/integralmilk03/robotica_2_2024/examen2_ws/build/ejercicio1' returned '0': CMAKE_PREFIX_PATH=${CMAKE_PREFIX_PATH}:/home/integralmilk03/robotica/robotica_2_2024/examen2_ws/install/ejercicio4:/opt/ros/humble /usr/bin/cmake --install /home/integralmilk03/robotica_2_2024/examen2_ws/build/ejercicio1
