[0.507s] Invoking command in '/home/hinfinity/Documents/robotica_2_2024/vision_ws/src/camera_vision': PYTHONPATH=/home/hinfinity/Documents/robotica_2_2024/vision_ws/build/camera_vision/prefix_override:/usr/lib/python3/dist-packages/colcon_core/task/python/colcon_distutils_commands:/home/hinfinity/Documents/robotica_2_2024/vision_ws/install/camera_vision/lib/python3.10/site-packages:${PYTHONPATH} /usr/bin/python3 -W ignore:setup.py install is deprecated setup.py egg_info --egg-base ../../build/camera_vision build --build-base /home/hinfinity/Documents/robotica_2_2024/vision_ws/build/camera_vision/build install --record /home/hinfinity/Documents/robotica_2_2024/vision_ws/build/camera_vision/install.log --single-version-externally-managed install_data
[0.711s] running egg_info
[0.711s] writing ../../build/camera_vision/camera_vision.egg-info/PKG-INFO
[0.712s] writing dependency_links to ../../build/camera_vision/camera_vision.egg-info/dependency_links.txt
[0.712s] writing entry points to ../../build/camera_vision/camera_vision.egg-info/entry_points.txt
[0.712s] writing requirements to ../../build/camera_vision/camera_vision.egg-info/requires.txt
[0.712s] writing top-level names to ../../build/camera_vision/camera_vision.egg-info/top_level.txt
[0.713s] reading manifest file '../../build/camera_vision/camera_vision.egg-info/SOURCES.txt'
[0.714s] adding license file 'LICENSE'
[0.714s] writing manifest file '../../build/camera_vision/camera_vision.egg-info/SOURCES.txt'
[0.714s] running build
[0.714s] running build_py
[0.714s] copying camera_vision/examen_3.py -> /home/hinfinity/Documents/robotica_2_2024/vision_ws/build/camera_vision/build/lib/camera_vision
[0.715s] running install
[0.715s] running install_lib
[0.716s] copying /home/hinfinity/Documents/robotica_2_2024/vision_ws/build/camera_vision/build/lib/camera_vision/examen_3.py -> /home/hinfinity/Documents/robotica_2_2024/vision_ws/install/camera_vision/lib/python3.10/site-packages/camera_vision
[0.716s] byte-compiling /home/hinfinity/Documents/robotica_2_2024/vision_ws/install/camera_vision/lib/python3.10/site-packages/camera_vision/examen_3.py to examen_3.cpython-310.pyc
[0.716s]   File "/home/hinfinity/Documents/robotica_2_2024/vision_ws/install/camera_vision/lib/python3.10/site-packages/camera_vision/examen_3.py", line 8
[0.716s]     from ./ArucoDistanceEstimator import ArUcoDistanceEstimator
[0.716s]           ^
[0.716s] SyntaxError: invalid syntax
[0.716s] 
[0.716s] running install_data
[0.716s] running install_egg_info
[0.717s] removing '/home/hinfinity/Documents/robotica_2_2024/vision_ws/install/camera_vision/lib/python3.10/site-packages/camera_vision-0.0.0-py3.10.egg-info' (and everything under it)
[0.718s] Copying ../../build/camera_vision/camera_vision.egg-info to /home/hinfinity/Documents/robotica_2_2024/vision_ws/install/camera_vision/lib/python3.10/site-packages/camera_vision-0.0.0-py3.10.egg-info
[0.718s] running install_scripts
[0.735s] Installing examen_3 script to /home/hinfinity/Documents/robotica_2_2024/vision_ws/install/camera_vision/lib/camera_vision
[0.735s] Installing read_camera script to /home/hinfinity/Documents/robotica_2_2024/vision_ws/install/camera_vision/lib/camera_vision
[0.735s] writing list of installed files to '/home/hinfinity/Documents/robotica_2_2024/vision_ws/build/camera_vision/install.log'
[0.752s] Invoked command in '/home/hinfinity/Documents/robotica_2_2024/vision_ws/src/camera_vision' returned '0': PYTHONPATH=/home/hinfinity/Documents/robotica_2_2024/vision_ws/build/camera_vision/prefix_override:/usr/lib/python3/dist-packages/colcon_core/task/python/colcon_distutils_commands:/home/hinfinity/Documents/robotica_2_2024/vision_ws/install/camera_vision/lib/python3.10/site-packages:${PYTHONPATH} /usr/bin/python3 -W ignore:setup.py install is deprecated setup.py egg_info --egg-base ../../build/camera_vision build --build-base /home/hinfinity/Documents/robotica_2_2024/vision_ws/build/camera_vision/build install --record /home/hinfinity/Documents/robotica_2_2024/vision_ws/build/camera_vision/install.log --single-version-externally-managed install_data
