[0.215s] Invoking command in '/home/hinfinity/Documents/robotica_2_2024/vision_ws/build/custom_msgs': CMAKE_PREFIX_PATH=${CMAKE_PREFIX_PATH}:/home/hinfinity/Documents/robotica_2_2024/vision_ws/install/camera_vision:/opt/ros/humble /usr/bin/cmake --build /home/hinfinity/Documents/robotica_2_2024/vision_ws/build/custom_msgs -- -j12 -l12
[0.250s] [  2%] Built target custom_msgs__cpp
[0.251s] [ 12%] Built target custom_msgs__rosidl_generator_c
[0.258s] [ 12%] Built target ament_cmake_python_copy_custom_msgs
[0.268s] [ 23%] Built target custom_msgs__rosidl_typesupport_cpp
[0.270s] [ 33%] Built target custom_msgs__rosidl_typesupport_introspection_cpp
[0.273s] [ 43%] Built target custom_msgs__rosidl_typesupport_fastrtps_cpp
[0.275s] [ 53%] Built target custom_msgs__rosidl_typesupport_c
[0.275s] [ 64%] Built target custom_msgs__rosidl_typesupport_fastrtps_c
[0.276s] [ 74%] Built target custom_msgs__rosidl_typesupport_introspection_c
[0.291s] [ 74%] Built target custom_msgs
[0.306s] [ 76%] Built target custom_msgs__py
[0.322s] [ 84%] Built target custom_msgs__rosidl_generator_py
[0.338s] [ 94%] Built target custom_msgs__rosidl_typesupport_fastrtps_c__pyext
[0.338s] [ 94%] Built target custom_msgs__rosidl_typesupport_c__pyext
[0.338s] [100%] Built target custom_msgs__rosidl_typesupport_introspection_c__pyext
[0.466s] running egg_info
[0.467s] writing custom_msgs.egg-info/PKG-INFO
[0.467s] writing dependency_links to custom_msgs.egg-info/dependency_links.txt
[0.467s] writing top-level names to custom_msgs.egg-info/top_level.txt
[0.469s] reading manifest file 'custom_msgs.egg-info/SOURCES.txt'
[0.469s] writing manifest file 'custom_msgs.egg-info/SOURCES.txt'
[0.489s] [100%] Built target ament_cmake_python_build_custom_msgs_egg
[0.498s] Invoked command in '/home/hinfinity/Documents/robotica_2_2024/vision_ws/build/custom_msgs' returned '0': CMAKE_PREFIX_PATH=${CMAKE_PREFIX_PATH}:/home/hinfinity/Documents/robotica_2_2024/vision_ws/install/camera_vision:/opt/ros/humble /usr/bin/cmake --build /home/hinfinity/Documents/robotica_2_2024/vision_ws/build/custom_msgs -- -j12 -l12
[0.558s] Invoking command in '/home/hinfinity/Documents/robotica_2_2024/vision_ws/build/custom_msgs': CMAKE_PREFIX_PATH=${CMAKE_PREFIX_PATH}:/home/hinfinity/Documents/robotica_2_2024/vision_ws/install/camera_vision:/opt/ros/humble /usr/bin/cmake --install /home/hinfinity/Documents/robotica_2_2024/vision_ws/build/custom_msgs
[0.564s] -- Install configuration: ""
[0.564s] -- Up-to-date: /home/hinfinity/Documents/robotica_2_2024/vision_ws/install/custom_msgs/share/ament_index/resource_index/rosidl_interfaces/custom_msgs
[0.564s] -- Up-to-date: /home/hinfinity/Documents/robotica_2_2024/vision_ws/install/custom_msgs/include/custom_msgs/custom_msgs
[0.564s] -- Up-to-date: /home/hinfinity/Documents/robotica_2_2024/vision_ws/install/custom_msgs/include/custom_msgs/custom_msgs/msg
[0.564s] -- Up-to-date: /home/hinfinity/Documents/robotica_2_2024/vision_ws/install/custom_msgs/include/custom_msgs/custom_msgs/msg/rosidl_generator_c__visibility_control.h
[0.564s] -- Up-to-date: /home/hinfinity/Documents/robotica_2_2024/vision_ws/install/custom_msgs/include/custom_msgs/custom_msgs/msg/detail
[0.564s] -- Up-to-date: /home/hinfinity/Documents/robotica_2_2024/vision_ws/install/custom_msgs/include/custom_msgs/custom_msgs/msg/detail/box__struct.h
[0.565s] -- Up-to-date: /home/hinfinity/Documents/robotica_2_2024/vision_ws/install/custom_msgs/include/custom_msgs/custom_msgs/msg/detail/corner__functions.h
[0.565s] -- Up-to-date: /home/hinfinity/Documents/robotica_2_2024/vision_ws/install/custom_msgs/include/custom_msgs/custom_msgs/msg/detail/corner__struct.h
[0.565s] -- Up-to-date: /home/hinfinity/Documents/robotica_2_2024/vision_ws/install/custom_msgs/include/custom_msgs/custom_msgs/msg/detail/box__functions.h
[0.565s] -- Up-to-date: /home/hinfinity/Documents/robotica_2_2024/vision_ws/install/custom_msgs/include/custom_msgs/custom_msgs/msg/detail/corner__functions.c
[0.565s] -- Up-to-date: /home/hinfinity/Documents/robotica_2_2024/vision_ws/install/custom_msgs/include/custom_msgs/custom_msgs/msg/detail/box__functions.c
[0.565s] -- Up-to-date: /home/hinfinity/Documents/robotica_2_2024/vision_ws/install/custom_msgs/include/custom_msgs/custom_msgs/msg/detail/corner__type_support.h
[0.565s] -- Up-to-date: /home/hinfinity/Documents/robotica_2_2024/vision_ws/install/custom_msgs/include/custom_msgs/custom_msgs/msg/detail/box__type_support.h
[0.565s] -- Up-to-date: /home/hinfinity/Documents/robotica_2_2024/vision_ws/install/custom_msgs/include/custom_msgs/custom_msgs/msg/box.h
[0.565s] -- Up-to-date: /home/hinfinity/Documents/robotica_2_2024/vision_ws/install/custom_msgs/include/custom_msgs/custom_msgs/msg/corner.h
[0.565s] -- Up-to-date: /home/hinfinity/Documents/robotica_2_2024/vision_ws/install/custom_msgs/share/custom_msgs/environment/library_path.sh
[0.565s] -- Up-to-date: /home/hinfinity/Documents/robotica_2_2024/vision_ws/install/custom_msgs/share/custom_msgs/environment/library_path.dsv
[0.565s] -- Up-to-date: /home/hinfinity/Documents/robotica_2_2024/vision_ws/install/custom_msgs/lib/libcustom_msgs__rosidl_generator_c.so
[0.565s] -- Up-to-date: /home/hinfinity/Documents/robotica_2_2024/vision_ws/install/custom_msgs/include/custom_msgs/custom_msgs
[0.566s] -- Up-to-date: /home/hinfinity/Documents/robotica_2_2024/vision_ws/install/custom_msgs/include/custom_msgs/custom_msgs/msg
[0.566s] -- Up-to-date: /home/hinfinity/Documents/robotica_2_2024/vision_ws/install/custom_msgs/include/custom_msgs/custom_msgs/msg/detail
[0.566s] -- Up-to-date: /home/hinfinity/Documents/robotica_2_2024/vision_ws/install/custom_msgs/include/custom_msgs/custom_msgs/msg/detail/corner__rosidl_typesupport_fastrtps_c.h
[0.566s] -- Up-to-date: /home/hinfinity/Documents/robotica_2_2024/vision_ws/install/custom_msgs/include/custom_msgs/custom_msgs/msg/detail/box__rosidl_typesupport_fastrtps_c.h
[0.566s] -- Up-to-date: /home/hinfinity/Documents/robotica_2_2024/vision_ws/install/custom_msgs/include/custom_msgs/custom_msgs/msg/rosidl_typesupport_fastrtps_c__visibility_control.h
[0.566s] -- Up-to-date: /home/hinfinity/Documents/robotica_2_2024/vision_ws/install/custom_msgs/lib/libcustom_msgs__rosidl_typesupport_fastrtps_c.so
[0.566s] -- Up-to-date: /home/hinfinity/Documents/robotica_2_2024/vision_ws/install/custom_msgs/include/custom_msgs/custom_msgs
[0.566s] -- Up-to-date: /home/hinfinity/Documents/robotica_2_2024/vision_ws/install/custom_msgs/include/custom_msgs/custom_msgs/msg
[0.566s] -- Up-to-date: /home/hinfinity/Documents/robotica_2_2024/vision_ws/install/custom_msgs/include/custom_msgs/custom_msgs/msg/detail
[0.566s] -- Up-to-date: /home/hinfinity/Documents/robotica_2_2024/vision_ws/install/custom_msgs/include/custom_msgs/custom_msgs/msg/detail/box__rosidl_typesupport_introspection_c.h
[0.566s] -- Up-to-date: /home/hinfinity/Documents/robotica_2_2024/vision_ws/install/custom_msgs/include/custom_msgs/custom_msgs/msg/detail/corner__type_support.c
[0.566s] -- Up-to-date: /home/hinfinity/Documents/robotica_2_2024/vision_ws/install/custom_msgs/include/custom_msgs/custom_msgs/msg/detail/box__type_support.c
[0.566s] -- Up-to-date: /home/hinfinity/Documents/robotica_2_2024/vision_ws/install/custom_msgs/include/custom_msgs/custom_msgs/msg/detail/corner__rosidl_typesupport_introspection_c.h
[0.566s] -- Up-to-date: /home/hinfinity/Documents/robotica_2_2024/vision_ws/install/custom_msgs/include/custom_msgs/custom_msgs/msg/rosidl_typesupport_introspection_c__visibility_control.h
[0.566s] -- Up-to-date: /home/hinfinity/Documents/robotica_2_2024/vision_ws/install/custom_msgs/lib/libcustom_msgs__rosidl_typesupport_introspection_c.so
[0.567s] -- Up-to-date: /home/hinfinity/Documents/robotica_2_2024/vision_ws/install/custom_msgs/lib/libcustom_msgs__rosidl_typesupport_c.so
[0.567s] -- Up-to-date: /home/hinfinity/Documents/robotica_2_2024/vision_ws/install/custom_msgs/include/custom_msgs/custom_msgs
[0.567s] -- Up-to-date: /home/hinfinity/Documents/robotica_2_2024/vision_ws/install/custom_msgs/include/custom_msgs/custom_msgs/msg
[0.567s] -- Up-to-date: /home/hinfinity/Documents/robotica_2_2024/vision_ws/install/custom_msgs/include/custom_msgs/custom_msgs/msg/detail
[0.567s] -- Up-to-date: /home/hinfinity/Documents/robotica_2_2024/vision_ws/install/custom_msgs/include/custom_msgs/custom_msgs/msg/detail/box__builder.hpp
[0.567s] -- Up-to-date: /home/hinfinity/Documents/robotica_2_2024/vision_ws/install/custom_msgs/include/custom_msgs/custom_msgs/msg/detail/box__struct.hpp
[0.567s] -- Up-to-date: /home/hinfinity/Documents/robotica_2_2024/vision_ws/install/custom_msgs/include/custom_msgs/custom_msgs/msg/detail/corner__traits.hpp
[0.567s] -- Up-to-date: /home/hinfinity/Documents/robotica_2_2024/vision_ws/install/custom_msgs/include/custom_msgs/custom_msgs/msg/detail/corner__struct.hpp
[0.567s] -- Up-to-date: /home/hinfinity/Documents/robotica_2_2024/vision_ws/install/custom_msgs/include/custom_msgs/custom_msgs/msg/detail/corner__builder.hpp
[0.567s] -- Up-to-date: /home/hinfinity/Documents/robotica_2_2024/vision_ws/install/custom_msgs/include/custom_msgs/custom_msgs/msg/detail/box__traits.hpp
[0.567s] -- Up-to-date: /home/hinfinity/Documents/robotica_2_2024/vision_ws/install/custom_msgs/include/custom_msgs/custom_msgs/msg/box.hpp
[0.567s] -- Up-to-date: /home/hinfinity/Documents/robotica_2_2024/vision_ws/install/custom_msgs/include/custom_msgs/custom_msgs/msg/corner.hpp
[0.567s] -- Up-to-date: /home/hinfinity/Documents/robotica_2_2024/vision_ws/install/custom_msgs/include/custom_msgs/custom_msgs
[0.567s] -- Up-to-date: /home/hinfinity/Documents/robotica_2_2024/vision_ws/install/custom_msgs/include/custom_msgs/custom_msgs/msg
[0.568s] -- Up-to-date: /home/hinfinity/Documents/robotica_2_2024/vision_ws/install/custom_msgs/include/custom_msgs/custom_msgs/msg/detail
[0.568s] -- Up-to-date: /home/hinfinity/Documents/robotica_2_2024/vision_ws/install/custom_msgs/include/custom_msgs/custom_msgs/msg/detail/dds_fastrtps
[0.568s] -- Up-to-date: /home/hinfinity/Documents/robotica_2_2024/vision_ws/install/custom_msgs/include/custom_msgs/custom_msgs/msg/detail/corner__rosidl_typesupport_fastrtps_cpp.hpp
[0.568s] -- Up-to-date: /home/hinfinity/Documents/robotica_2_2024/vision_ws/install/custom_msgs/include/custom_msgs/custom_msgs/msg/detail/box__rosidl_typesupport_fastrtps_cpp.hpp
[0.568s] -- Up-to-date: /home/hinfinity/Documents/robotica_2_2024/vision_ws/install/custom_msgs/include/custom_msgs/custom_msgs/msg/rosidl_typesupport_fastrtps_cpp__visibility_control.h
[0.568s] -- Up-to-date: /home/hinfinity/Documents/robotica_2_2024/vision_ws/install/custom_msgs/lib/libcustom_msgs__rosidl_typesupport_fastrtps_cpp.so
[0.568s] -- Up-to-date: /home/hinfinity/Documents/robotica_2_2024/vision_ws/install/custom_msgs/include/custom_msgs/custom_msgs
[0.568s] -- Up-to-date: /home/hinfinity/Documents/robotica_2_2024/vision_ws/install/custom_msgs/include/custom_msgs/custom_msgs/msg
[0.568s] -- Up-to-date: /home/hinfinity/Documents/robotica_2_2024/vision_ws/install/custom_msgs/include/custom_msgs/custom_msgs/msg/detail
[0.568s] -- Up-to-date: /home/hinfinity/Documents/robotica_2_2024/vision_ws/install/custom_msgs/include/custom_msgs/custom_msgs/msg/detail/corner__rosidl_typesupport_introspection_cpp.hpp
[0.568s] -- Up-to-date: /home/hinfinity/Documents/robotica_2_2024/vision_ws/install/custom_msgs/include/custom_msgs/custom_msgs/msg/detail/corner__type_support.cpp
[0.568s] -- Up-to-date: /home/hinfinity/Documents/robotica_2_2024/vision_ws/install/custom_msgs/include/custom_msgs/custom_msgs/msg/detail/box__rosidl_typesupport_introspection_cpp.hpp
[0.568s] -- Up-to-date: /home/hinfinity/Documents/robotica_2_2024/vision_ws/install/custom_msgs/include/custom_msgs/custom_msgs/msg/detail/box__type_support.cpp
[0.568s] -- Up-to-date: /home/hinfinity/Documents/robotica_2_2024/vision_ws/install/custom_msgs/lib/libcustom_msgs__rosidl_typesupport_introspection_cpp.so
[0.568s] -- Up-to-date: /home/hinfinity/Documents/robotica_2_2024/vision_ws/install/custom_msgs/lib/libcustom_msgs__rosidl_typesupport_cpp.so
[0.568s] -- Up-to-date: /home/hinfinity/Documents/robotica_2_2024/vision_ws/install/custom_msgs/share/custom_msgs/environment/pythonpath.sh
[0.568s] -- Up-to-date: /home/hinfinity/Documents/robotica_2_2024/vision_ws/install/custom_msgs/share/custom_msgs/environment/pythonpath.dsv
[0.568s] -- Up-to-date: /home/hinfinity/Documents/robotica_2_2024/vision_ws/install/custom_msgs/local/lib/python3.10/dist-packages/custom_msgs-0.0.0-py3.10.egg-info
[0.568s] -- Installing: /home/hinfinity/Documents/robotica_2_2024/vision_ws/install/custom_msgs/local/lib/python3.10/dist-packages/custom_msgs-0.0.0-py3.10.egg-info/top_level.txt
[0.569s] -- Installing: /home/hinfinity/Documents/robotica_2_2024/vision_ws/install/custom_msgs/local/lib/python3.10/dist-packages/custom_msgs-0.0.0-py3.10.egg-info/dependency_links.txt
[0.569s] -- Installing: /home/hinfinity/Documents/robotica_2_2024/vision_ws/install/custom_msgs/local/lib/python3.10/dist-packages/custom_msgs-0.0.0-py3.10.egg-info/SOURCES.txt
[0.569s] -- Installing: /home/hinfinity/Documents/robotica_2_2024/vision_ws/install/custom_msgs/local/lib/python3.10/dist-packages/custom_msgs-0.0.0-py3.10.egg-info/PKG-INFO
[0.569s] -- Up-to-date: /home/hinfinity/Documents/robotica_2_2024/vision_ws/install/custom_msgs/local/lib/python3.10/dist-packages/custom_msgs
[0.569s] -- Up-to-date: /home/hinfinity/Documents/robotica_2_2024/vision_ws/install/custom_msgs/local/lib/python3.10/dist-packages/custom_msgs/custom_msgs_s__rosidl_typesupport_introspection_c.cpython-310-x86_64-linux-gnu.so
[0.569s] -- Up-to-date: /home/hinfinity/Documents/robotica_2_2024/vision_ws/install/custom_msgs/local/lib/python3.10/dist-packages/custom_msgs/_custom_msgs_s.ep.rosidl_typesupport_c.c
[0.569s] -- Up-to-date: /home/hinfinity/Documents/robotica_2_2024/vision_ws/install/custom_msgs/local/lib/python3.10/dist-packages/custom_msgs/_custom_msgs_s.ep.rosidl_typesupport_introspection_c.c
[0.569s] -- Up-to-date: /home/hinfinity/Documents/robotica_2_2024/vision_ws/install/custom_msgs/local/lib/python3.10/dist-packages/custom_msgs/custom_msgs_s__rosidl_typesupport_fastrtps_c.cpython-310-x86_64-linux-gnu.so
[0.569s] -- Up-to-date: /home/hinfinity/Documents/robotica_2_2024/vision_ws/install/custom_msgs/local/lib/python3.10/dist-packages/custom_msgs/__init__.py
[0.569s] -- Up-to-date: /home/hinfinity/Documents/robotica_2_2024/vision_ws/install/custom_msgs/local/lib/python3.10/dist-packages/custom_msgs/libcustom_msgs__rosidl_generator_py.so
[0.569s] -- Up-to-date: /home/hinfinity/Documents/robotica_2_2024/vision_ws/install/custom_msgs/local/lib/python3.10/dist-packages/custom_msgs/_custom_msgs_s.ep.rosidl_typesupport_fastrtps_c.c
[0.569s] -- Up-to-date: /home/hinfinity/Documents/robotica_2_2024/vision_ws/install/custom_msgs/local/lib/python3.10/dist-packages/custom_msgs/custom_msgs_s__rosidl_typesupport_c.cpython-310-x86_64-linux-gnu.so
[0.569s] -- Up-to-date: /home/hinfinity/Documents/robotica_2_2024/vision_ws/install/custom_msgs/local/lib/python3.10/dist-packages/custom_msgs/msg
[0.569s] -- Up-to-date: /home/hinfinity/Documents/robotica_2_2024/vision_ws/install/custom_msgs/local/lib/python3.10/dist-packages/custom_msgs/msg/_box_s.c
[0.569s] -- Up-to-date: /home/hinfinity/Documents/robotica_2_2024/vision_ws/install/custom_msgs/local/lib/python3.10/dist-packages/custom_msgs/msg/_corner_s.c
[0.569s] -- Up-to-date: /home/hinfinity/Documents/robotica_2_2024/vision_ws/install/custom_msgs/local/lib/python3.10/dist-packages/custom_msgs/msg/_corner.py
[0.569s] -- Up-to-date: /home/hinfinity/Documents/robotica_2_2024/vision_ws/install/custom_msgs/local/lib/python3.10/dist-packages/custom_msgs/msg/__init__.py
[0.569s] -- Up-to-date: /home/hinfinity/Documents/robotica_2_2024/vision_ws/install/custom_msgs/local/lib/python3.10/dist-packages/custom_msgs/msg/_box.py
[0.593s] Listing '/home/hinfinity/Documents/robotica_2_2024/vision_ws/install/custom_msgs/local/lib/python3.10/dist-packages/custom_msgs'...
[0.593s] Listing '/home/hinfinity/Documents/robotica_2_2024/vision_ws/install/custom_msgs/local/lib/python3.10/dist-packages/custom_msgs/msg'...
[0.596s] -- Up-to-date: /home/hinfinity/Documents/robotica_2_2024/vision_ws/install/custom_msgs/local/lib/python3.10/dist-packages/custom_msgs/custom_msgs_s__rosidl_typesupport_fastrtps_c.cpython-310-x86_64-linux-gnu.so
[0.597s] -- Up-to-date: /home/hinfinity/Documents/robotica_2_2024/vision_ws/install/custom_msgs/local/lib/python3.10/dist-packages/custom_msgs/custom_msgs_s__rosidl_typesupport_introspection_c.cpython-310-x86_64-linux-gnu.so
[0.597s] -- Up-to-date: /home/hinfinity/Documents/robotica_2_2024/vision_ws/install/custom_msgs/local/lib/python3.10/dist-packages/custom_msgs/custom_msgs_s__rosidl_typesupport_c.cpython-310-x86_64-linux-gnu.so
[0.597s] -- Up-to-date: /home/hinfinity/Documents/robotica_2_2024/vision_ws/install/custom_msgs/lib/libcustom_msgs__rosidl_generator_py.so
[0.597s] -- Up-to-date: /home/hinfinity/Documents/robotica_2_2024/vision_ws/install/custom_msgs/share/custom_msgs/msg/Corner.idl
[0.597s] -- Up-to-date: /home/hinfinity/Documents/robotica_2_2024/vision_ws/install/custom_msgs/share/custom_msgs/msg/Box.idl
[0.597s] -- Up-to-date: /home/hinfinity/Documents/robotica_2_2024/vision_ws/install/custom_msgs/share/custom_msgs/msg/Corner.msg
[0.597s] -- Up-to-date: /home/hinfinity/Documents/robotica_2_2024/vision_ws/install/custom_msgs/share/custom_msgs/msg/Box.msg
[0.597s] -- Up-to-date: /home/hinfinity/Documents/robotica_2_2024/vision_ws/install/custom_msgs/share/ament_index/resource_index/package_run_dependencies/custom_msgs
[0.597s] -- Up-to-date: /home/hinfinity/Documents/robotica_2_2024/vision_ws/install/custom_msgs/share/ament_index/resource_index/parent_prefix_path/custom_msgs
[0.597s] -- Up-to-date: /home/hinfinity/Documents/robotica_2_2024/vision_ws/install/custom_msgs/share/custom_msgs/environment/ament_prefix_path.sh
[0.598s] -- Up-to-date: /home/hinfinity/Documents/robotica_2_2024/vision_ws/install/custom_msgs/share/custom_msgs/environment/ament_prefix_path.dsv
[0.598s] -- Up-to-date: /home/hinfinity/Documents/robotica_2_2024/vision_ws/install/custom_msgs/share/custom_msgs/environment/path.sh
[0.598s] -- Up-to-date: /home/hinfinity/Documents/robotica_2_2024/vision_ws/install/custom_msgs/share/custom_msgs/environment/path.dsv
[0.598s] -- Up-to-date: /home/hinfinity/Documents/robotica_2_2024/vision_ws/install/custom_msgs/share/custom_msgs/local_setup.bash
[0.598s] -- Up-to-date: /home/hinfinity/Documents/robotica_2_2024/vision_ws/install/custom_msgs/share/custom_msgs/local_setup.sh
[0.598s] -- Up-to-date: /home/hinfinity/Documents/robotica_2_2024/vision_ws/install/custom_msgs/share/custom_msgs/local_setup.zsh
[0.598s] -- Up-to-date: /home/hinfinity/Documents/robotica_2_2024/vision_ws/install/custom_msgs/share/custom_msgs/local_setup.dsv
[0.598s] -- Installing: /home/hinfinity/Documents/robotica_2_2024/vision_ws/install/custom_msgs/share/custom_msgs/package.dsv
[0.598s] -- Up-to-date: /home/hinfinity/Documents/robotica_2_2024/vision_ws/install/custom_msgs/share/ament_index/resource_index/packages/custom_msgs
[0.598s] -- Up-to-date: /home/hinfinity/Documents/robotica_2_2024/vision_ws/install/custom_msgs/share/custom_msgs/cmake/export_custom_msgs__rosidl_generator_cExport.cmake
[0.598s] -- Up-to-date: /home/hinfinity/Documents/robotica_2_2024/vision_ws/install/custom_msgs/share/custom_msgs/cmake/export_custom_msgs__rosidl_generator_cExport-noconfig.cmake
[0.598s] -- Up-to-date: /home/hinfinity/Documents/robotica_2_2024/vision_ws/install/custom_msgs/share/custom_msgs/cmake/export_custom_msgs__rosidl_typesupport_fastrtps_cExport.cmake
[0.598s] -- Up-to-date: /home/hinfinity/Documents/robotica_2_2024/vision_ws/install/custom_msgs/share/custom_msgs/cmake/export_custom_msgs__rosidl_typesupport_fastrtps_cExport-noconfig.cmake
[0.598s] -- Up-to-date: /home/hinfinity/Documents/robotica_2_2024/vision_ws/install/custom_msgs/share/custom_msgs/cmake/custom_msgs__rosidl_typesupport_introspection_cExport.cmake
[0.598s] -- Up-to-date: /home/hinfinity/Documents/robotica_2_2024/vision_ws/install/custom_msgs/share/custom_msgs/cmake/custom_msgs__rosidl_typesupport_introspection_cExport-noconfig.cmake
[0.598s] -- Up-to-date: /home/hinfinity/Documents/robotica_2_2024/vision_ws/install/custom_msgs/share/custom_msgs/cmake/custom_msgs__rosidl_typesupport_cExport.cmake
[0.598s] -- Up-to-date: /home/hinfinity/Documents/robotica_2_2024/vision_ws/install/custom_msgs/share/custom_msgs/cmake/custom_msgs__rosidl_typesupport_cExport-noconfig.cmake
[0.599s] -- Up-to-date: /home/hinfinity/Documents/robotica_2_2024/vision_ws/install/custom_msgs/share/custom_msgs/cmake/export_custom_msgs__rosidl_generator_cppExport.cmake
[0.599s] -- Up-to-date: /home/hinfinity/Documents/robotica_2_2024/vision_ws/install/custom_msgs/share/custom_msgs/cmake/export_custom_msgs__rosidl_typesupport_fastrtps_cppExport.cmake
[0.599s] -- Up-to-date: /home/hinfinity/Documents/robotica_2_2024/vision_ws/install/custom_msgs/share/custom_msgs/cmake/export_custom_msgs__rosidl_typesupport_fastrtps_cppExport-noconfig.cmake
[0.599s] -- Up-to-date: /home/hinfinity/Documents/robotica_2_2024/vision_ws/install/custom_msgs/share/custom_msgs/cmake/custom_msgs__rosidl_typesupport_introspection_cppExport.cmake
[0.599s] -- Up-to-date: /home/hinfinity/Documents/robotica_2_2024/vision_ws/install/custom_msgs/share/custom_msgs/cmake/custom_msgs__rosidl_typesupport_introspection_cppExport-noconfig.cmake
[0.599s] -- Up-to-date: /home/hinfinity/Documents/robotica_2_2024/vision_ws/install/custom_msgs/share/custom_msgs/cmake/custom_msgs__rosidl_typesupport_cppExport.cmake
[0.599s] -- Up-to-date: /home/hinfinity/Documents/robotica_2_2024/vision_ws/install/custom_msgs/share/custom_msgs/cmake/custom_msgs__rosidl_typesupport_cppExport-noconfig.cmake
[0.599s] -- Up-to-date: /home/hinfinity/Documents/robotica_2_2024/vision_ws/install/custom_msgs/share/custom_msgs/cmake/export_custom_msgs__rosidl_generator_pyExport.cmake
[0.599s] -- Up-to-date: /home/hinfinity/Documents/robotica_2_2024/vision_ws/install/custom_msgs/share/custom_msgs/cmake/export_custom_msgs__rosidl_generator_pyExport-noconfig.cmake
[0.599s] -- Up-to-date: /home/hinfinity/Documents/robotica_2_2024/vision_ws/install/custom_msgs/share/custom_msgs/cmake/rosidl_cmake-extras.cmake
[0.599s] -- Up-to-date: /home/hinfinity/Documents/robotica_2_2024/vision_ws/install/custom_msgs/share/custom_msgs/cmake/ament_cmake_export_dependencies-extras.cmake
[0.599s] -- Up-to-date: /home/hinfinity/Documents/robotica_2_2024/vision_ws/install/custom_msgs/share/custom_msgs/cmake/ament_cmake_export_include_directories-extras.cmake
[0.599s] -- Up-to-date: /home/hinfinity/Documents/robotica_2_2024/vision_ws/install/custom_msgs/share/custom_msgs/cmake/ament_cmake_export_libraries-extras.cmake
[0.599s] -- Up-to-date: /home/hinfinity/Documents/robotica_2_2024/vision_ws/install/custom_msgs/share/custom_msgs/cmake/ament_cmake_export_targets-extras.cmake
[0.599s] -- Up-to-date: /home/hinfinity/Documents/robotica_2_2024/vision_ws/install/custom_msgs/share/custom_msgs/cmake/rosidl_cmake_export_typesupport_targets-extras.cmake
[0.599s] -- Up-to-date: /home/hinfinity/Documents/robotica_2_2024/vision_ws/install/custom_msgs/share/custom_msgs/cmake/rosidl_cmake_export_typesupport_libraries-extras.cmake
[0.599s] -- Up-to-date: /home/hinfinity/Documents/robotica_2_2024/vision_ws/install/custom_msgs/share/custom_msgs/cmake/custom_msgsConfig.cmake
[0.599s] -- Up-to-date: /home/hinfinity/Documents/robotica_2_2024/vision_ws/install/custom_msgs/share/custom_msgs/cmake/custom_msgsConfig-version.cmake
[0.599s] -- Up-to-date: /home/hinfinity/Documents/robotica_2_2024/vision_ws/install/custom_msgs/share/custom_msgs/package.xml
[0.600s] Invoked command in '/home/hinfinity/Documents/robotica_2_2024/vision_ws/build/custom_msgs' returned '0': CMAKE_PREFIX_PATH=${CMAKE_PREFIX_PATH}:/home/hinfinity/Documents/robotica_2_2024/vision_ws/install/camera_vision:/opt/ros/humble /usr/bin/cmake --install /home/hinfinity/Documents/robotica_2_2024/vision_ws/build/custom_msgs
