[0.044s] Invoking command in '/home/integralmilk03/robotica_2_2024/examen2_ws/build/custom_panda': CMAKE_PREFIX_PATH=${CMAKE_PREFIX_PATH}:/home/integralmilk03/robotica/robotica_2_2024/examen2_ws/install/ejercicio4:/opt/ros/humble /usr/bin/cmake /home/integralmilk03/robotica_2_2024/examen2_ws/src/custom_panda -DCMAKE_INSTALL_PREFIX=/home/integralmilk03/robotica_2_2024/examen2_ws/install/custom_panda
[0.450s] -- The C compiler identification is GNU 11.4.0
[1.447s] -- The CXX compiler identification is GNU 11.4.0
[1.959s] -- Detecting C compiler ABI info
[2.199s] -- Detecting C compiler ABI info - done
[2.205s] -- Check for working C compiler: /usr/bin/cc - skipped
[2.206s] -- Detecting C compile features
[2.206s] -- Detecting C compile features - done
[2.212s] -- Detecting CXX compiler ABI info
[2.506s] -- Detecting CXX compiler ABI info - done
[2.516s] -- Check for working CXX compiler: /usr/bin/c++ - skipped
[2.516s] -- Detecting CXX compile features
[2.516s] -- Detecting CXX compile features - done
[2.533s] -- Found ament_cmake: 1.3.10 (/opt/ros/humble/share/ament_cmake/cmake)
[2.677s] -- Found Python3: /usr/bin/python3 (found version "3.10.12") found components: Interpreter 
[2.918s] -- Configuring done
[2.923s] -- Generating done
[2.923s] -- Build files have been written to: /home/integralmilk03/robotica_2_2024/examen2_ws/build/custom_panda
[2.927s] Invoked command in '/home/integralmilk03/robotica_2_2024/examen2_ws/build/custom_panda' returned '0': CMAKE_PREFIX_PATH=${CMAKE_PREFIX_PATH}:/home/integralmilk03/robotica/robotica_2_2024/examen2_ws/install/ejercicio4:/opt/ros/humble /usr/bin/cmake /home/integralmilk03/robotica_2_2024/examen2_ws/src/custom_panda -DCMAKE_INSTALL_PREFIX=/home/integralmilk03/robotica_2_2024/examen2_ws/install/custom_panda
[2.933s] Invoking command in '/home/integralmilk03/robotica_2_2024/examen2_ws/build/custom_panda': CMAKE_PREFIX_PATH=${CMAKE_PREFIX_PATH}:/home/integralmilk03/robotica/robotica_2_2024/examen2_ws/install/ejercicio4:/opt/ros/humble /usr/bin/cmake --build /home/integralmilk03/robotica_2_2024/examen2_ws/build/custom_panda -- -j12 -l12
[2.965s] Invoked command in '/home/integralmilk03/robotica_2_2024/examen2_ws/build/custom_panda' returned '0': CMAKE_PREFIX_PATH=${CMAKE_PREFIX_PATH}:/home/integralmilk03/robotica/robotica_2_2024/examen2_ws/install/ejercicio4:/opt/ros/humble /usr/bin/cmake --build /home/integralmilk03/robotica_2_2024/examen2_ws/build/custom_panda -- -j12 -l12
[2.991s] Invoking command in '/home/integralmilk03/robotica_2_2024/examen2_ws/build/custom_panda': CMAKE_PREFIX_PATH=${CMAKE_PREFIX_PATH}:/home/integralmilk03/robotica/robotica_2_2024/examen2_ws/install/ejercicio4:/opt/ros/humble /usr/bin/cmake --install /home/integralmilk03/robotica_2_2024/examen2_ws/build/custom_panda
[2.996s] -- Install configuration: ""
[2.997s] -- Installing: /home/integralmilk03/robotica_2_2024/examen2_ws/install/custom_panda/share/ament_index/resource_index/package_run_dependencies/custom_panda
[2.998s] -- Installing: /home/integralmilk03/robotica_2_2024/examen2_ws/install/custom_panda/share/ament_index/resource_index/parent_prefix_path/custom_panda
[2.998s] -- Installing: /home/integralmilk03/robotica_2_2024/examen2_ws/install/custom_panda/share/custom_panda/environment/ament_prefix_path.sh
[2.998s] -- Installing: /home/integralmilk03/robotica_2_2024/examen2_ws/install/custom_panda/share/custom_panda/environment/ament_prefix_path.dsv
[2.998s] -- Installing: /home/integralmilk03/robotica_2_2024/examen2_ws/install/custom_panda/share/custom_panda/environment/path.sh
[2.998s] -- Installing: /home/integralmilk03/robotica_2_2024/examen2_ws/install/custom_panda/share/custom_panda/environment/path.dsv
[2.999s] -- Installing: /home/integralmilk03/robotica_2_2024/examen2_ws/install/custom_panda/share/custom_panda/local_setup.bash
[2.999s] -- Installing: /home/integralmilk03/robotica_2_2024/examen2_ws/install/custom_panda/share/custom_panda/local_setup.sh
[2.999s] -- Installing: /home/integralmilk03/robotica_2_2024/examen2_ws/install/custom_panda/share/custom_panda/local_setup.zsh
[2.999s] -- Installing: /home/integralmilk03/robotica_2_2024/examen2_ws/install/custom_panda/share/custom_panda/local_setup.dsv
[2.999s] -- Installing: /home/integralmilk03/robotica_2_2024/examen2_ws/install/custom_panda/share/custom_panda/package.dsv
[2.999s] -- Installing: /home/integralmilk03/robotica_2_2024/examen2_ws/install/custom_panda/share/ament_index/resource_index/packages/custom_panda
[2.999s] -- Installing: /home/integralmilk03/robotica_2_2024/examen2_ws/install/custom_panda/share/custom_panda/cmake/custom_pandaConfig.cmake
[2.999s] -- Installing: /home/integralmilk03/robotica_2_2024/examen2_ws/install/custom_panda/share/custom_panda/cmake/custom_pandaConfig-version.cmake
[2.999s] -- Installing: /home/integralmilk03/robotica_2_2024/examen2_ws/install/custom_panda/share/custom_panda/package.xml
[2.999s] -- Installing: /home/integralmilk03/robotica_2_2024/examen2_ws/install/custom_panda/share/custom_panda/launch
[3.000s] -- Installing: /home/integralmilk03/robotica_2_2024/examen2_ws/install/custom_panda/share/custom_panda/launch/rsp.launch.py
[3.000s] -- Installing: /home/integralmilk03/robotica_2_2024/examen2_ws/install/custom_panda/share/custom_panda/launch/spawn_controllers.launch.py
[3.000s] -- Installing: /home/integralmilk03/robotica_2_2024/examen2_ws/install/custom_panda/share/custom_panda/launch/warehouse_db.launch.py
[3.000s] -- Installing: /home/integralmilk03/robotica_2_2024/examen2_ws/install/custom_panda/share/custom_panda/launch/moveit_rviz.launch.py
[3.000s] -- Installing: /home/integralmilk03/robotica_2_2024/examen2_ws/install/custom_panda/share/custom_panda/launch/demo.launch.py
[3.000s] -- Installing: /home/integralmilk03/robotica_2_2024/examen2_ws/install/custom_panda/share/custom_panda/launch/static_virtual_joint_tfs.launch.py
[3.000s] -- Installing: /home/integralmilk03/robotica_2_2024/examen2_ws/install/custom_panda/share/custom_panda/launch/setup_assistant.launch.py
[3.000s] -- Installing: /home/integralmilk03/robotica_2_2024/examen2_ws/install/custom_panda/share/custom_panda/launch/move_group.launch.py
[3.001s] -- Installing: /home/integralmilk03/robotica_2_2024/examen2_ws/install/custom_panda/share/custom_panda/config
[3.001s] -- Installing: /home/integralmilk03/robotica_2_2024/examen2_ws/install/custom_panda/share/custom_panda/config/initial_positions.yaml
[3.001s] -- Installing: /home/integralmilk03/robotica_2_2024/examen2_ws/install/custom_panda/share/custom_panda/config/kinematics.yaml
[3.001s] -- Installing: /home/integralmilk03/robotica_2_2024/examen2_ws/install/custom_panda/share/custom_panda/config/panda.urdf.xacro
[3.001s] -- Installing: /home/integralmilk03/robotica_2_2024/examen2_ws/install/custom_panda/share/custom_panda/config/joint_limits.yaml
[3.001s] -- Installing: /home/integralmilk03/robotica_2_2024/examen2_ws/install/custom_panda/share/custom_panda/config/pilz_cartesian_limits.yaml
[3.001s] -- Installing: /home/integralmilk03/robotica_2_2024/examen2_ws/install/custom_panda/share/custom_panda/config/ros2_controllers.yaml
[3.002s] -- Installing: /home/integralmilk03/robotica_2_2024/examen2_ws/install/custom_panda/share/custom_panda/config/sensors_3d.yaml
[3.002s] -- Installing: /home/integralmilk03/robotica_2_2024/examen2_ws/install/custom_panda/share/custom_panda/config/moveit.rviz
[3.002s] -- Installing: /home/integralmilk03/robotica_2_2024/examen2_ws/install/custom_panda/share/custom_panda/config/panda.ros2_control.xacro
[3.002s] -- Installing: /home/integralmilk03/robotica_2_2024/examen2_ws/install/custom_panda/share/custom_panda/config/moveit_controllers.yaml
[3.002s] -- Installing: /home/integralmilk03/robotica_2_2024/examen2_ws/install/custom_panda/share/custom_panda/config/panda.srdf
[3.002s] -- Installing: /home/integralmilk03/robotica_2_2024/examen2_ws/install/custom_panda/share/custom_panda/.setup_assistant
[3.003s] Invoked command in '/home/integralmilk03/robotica_2_2024/examen2_ws/build/custom_panda' returned '0': CMAKE_PREFIX_PATH=${CMAKE_PREFIX_PATH}:/home/integralmilk03/robotica/robotica_2_2024/examen2_ws/install/ejercicio4:/opt/ros/humble /usr/bin/cmake --install /home/integralmilk03/robotica_2_2024/examen2_ws/build/custom_panda
