[0.061s] Invoking command in '/home/integralmilk03/robotica_2_2024/examen2_ws/build/ejercicio1': CMAKE_PREFIX_PATH=${CMAKE_PREFIX_PATH}:/home/integralmilk03/robotica/robotica_2_2024/examen2_ws/install/ejercicio4:/opt/ros/humble /usr/bin/cmake --build /home/integralmilk03/robotica_2_2024/examen2_ws/build/ejercicio1 -- -j12 -l12
[0.165s] [35m[1mConsolidate compiler generated dependencies of target joint_sequence[0m
[0.189s] [100%] Built target joint_sequence
[0.305s] Invoked command in '/home/integralmilk03/robotica_2_2024/examen2_ws/build/ejercicio1' returned '0': CMAKE_PREFIX_PATH=${CMAKE_PREFIX_PATH}:/home/integralmilk03/robotica/robotica_2_2024/examen2_ws/install/ejercicio4:/opt/ros/humble /usr/bin/cmake --build /home/integralmilk03/robotica_2_2024/examen2_ws/build/ejercicio1 -- -j12 -l12
[0.334s] Invoking command in '/home/integralmilk03/robotica_2_2024/examen2_ws/build/ejercicio1': CMAKE_PREFIX_PATH=${CMAKE_PREFIX_PATH}:/home/integralmilk03/robotica/robotica_2_2024/examen2_ws/install/ejercicio4:/opt/ros/humble /usr/bin/cmake --install /home/integralmilk03/robotica_2_2024/examen2_ws/build/ejercicio1
[0.350s] -- Install configuration: ""
[0.350s] -- Up-to-date: /home/integralmilk03/robotica_2_2024/examen2_ws/install/ejercicio1/lib/ejercicio1/joint_sequence
[0.350s] -- Up-to-date: /home/integralmilk03/robotica_2_2024/examen2_ws/install/ejercicio1/share/ament_index/resource_index/package_run_dependencies/ejercicio1
[0.350s] -- Up-to-date: /home/integralmilk03/robotica_2_2024/examen2_ws/install/ejercicio1/share/ament_index/resource_index/parent_prefix_path/ejercicio1
[0.350s] -- Up-to-date: /home/integralmilk03/robotica_2_2024/examen2_ws/install/ejercicio1/share/ejercicio1/environment/ament_prefix_path.sh
[0.350s] -- Up-to-date: /home/integralmilk03/robotica_2_2024/examen2_ws/install/ejercicio1/share/ejercicio1/environment/ament_prefix_path.dsv
[0.350s] -- Up-to-date: /home/integralmilk03/robotica_2_2024/examen2_ws/install/ejercicio1/share/ejercicio1/environment/path.sh
[0.350s] -- Up-to-date: /home/integralmilk03/robotica_2_2024/examen2_ws/install/ejercicio1/share/ejercicio1/environment/path.dsv
[0.351s] -- Up-to-date: /home/integralmilk03/robotica_2_2024/examen2_ws/install/ejercicio1/share/ejercicio1/local_setup.bash
[0.351s] -- Up-to-date: /home/integralmilk03/robotica_2_2024/examen2_ws/install/ejercicio1/share/ejercicio1/local_setup.sh
[0.351s] -- Up-to-date: /home/integralmilk03/robotica_2_2024/examen2_ws/install/ejercicio1/share/ejercicio1/local_setup.zsh
[0.351s] -- Up-to-date: /home/integralmilk03/robotica_2_2024/examen2_ws/install/ejercicio1/share/ejercicio1/local_setup.dsv
[0.351s] -- Installing: /home/integralmilk03/robotica_2_2024/examen2_ws/install/ejercicio1/share/ejercicio1/package.dsv
[0.351s] -- Up-to-date: /home/integralmilk03/robotica_2_2024/examen2_ws/install/ejercicio1/share/ament_index/resource_index/packages/ejercicio1
[0.351s] -- Up-to-date: /home/integralmilk03/robotica_2_2024/examen2_ws/install/ejercicio1/share/ejercicio1/cmake/ejercicio1Config.cmake
[0.351s] -- Up-to-date: /home/integralmilk03/robotica_2_2024/examen2_ws/install/ejercicio1/share/ejercicio1/cmake/ejercicio1Config-version.cmake
[0.351s] -- Up-to-date: /home/integralmilk03/robotica_2_2024/examen2_ws/install/ejercicio1/share/ejercicio1/package.xml
[0.376s] Invoked command in '/home/integralmilk03/robotica_2_2024/examen2_ws/build/ejercicio1' returned '0': CMAKE_PREFIX_PATH=${CMAKE_PREFIX_PATH}:/home/integralmilk03/robotica/robotica_2_2024/examen2_ws/install/ejercicio4:/opt/ros/humble /usr/bin/cmake --install /home/integralmilk03/robotica_2_2024/examen2_ws/build/ejercicio1
