/home/hinfinity/Documents/robotica_2_2024/pubsub_ws/install/py_pubsub/lib/python3.10/site-packages/py_pubsub/__init__.py
/home/hinfinity/Documents/robotica_2_2024/pubsub_ws/install/py_pubsub/lib/python3.10/site-packages/py_pubsub/pubsub_py.py
/home/hinfinity/Documents/robotica_2_2024/pubsub_ws/install/py_pubsub/lib/python3.10/site-packages/py_pubsub/pub_py.py
/home/hinfinity/Documents/robotica_2_2024/pubsub_ws/install/py_pubsub/lib/python3.10/site-packages/py_pubsub/sub_py.py
/home/hinfinity/Documents/robotica_2_2024/pubsub_ws/install/py_pubsub/lib/python3.10/site-packages/py_pubsub/__pycache__/__init__.cpython-310.pyc
/home/hinfinity/Documents/robotica_2_2024/pubsub_ws/install/py_pubsub/lib/python3.10/site-packages/py_pubsub/__pycache__/pubsub_py.cpython-310.pyc
/home/hinfinity/Documents/robotica_2_2024/pubsub_ws/install/py_pubsub/lib/python3.10/site-packages/py_pubsub/__pycache__/pub_py.cpython-310.pyc
/home/hinfinity/Documents/robotica_2_2024/pubsub_ws/install/py_pubsub/lib/python3.10/site-packages/py_pubsub/__pycache__/sub_py.cpython-310.pyc
/home/hinfinity/Documents/robotica_2_2024/pubsub_ws/install/py_pubsub/share/ament_index/resource_index/packages/py_pubsub
/home/hinfinity/Documents/robotica_2_2024/pubsub_ws/install/py_pubsub/share/py_pubsub/package.xml
/home/hinfinity/Documents/robotica_2_2024/pubsub_ws/install/py_pubsub/lib/python3.10/site-packages/py_pubsub-0.0.0-py3.10.egg-info/top_level.txt
/home/hinfinity/Documents/robotica_2_2024/pubsub_ws/install/py_pubsub/lib/python3.10/site-packages/py_pubsub-0.0.0-py3.10.egg-info/dependency_links.txt
/home/hinfinity/Documents/robotica_2_2024/pubsub_ws/install/py_pubsub/lib/python3.10/site-packages/py_pubsub-0.0.0-py3.10.egg-info/SOURCES.txt
/home/hinfinity/Documents/robotica_2_2024/pubsub_ws/install/py_pubsub/lib/python3.10/site-packages/py_pubsub-0.0.0-py3.10.egg-info/zip-safe
/home/hinfinity/Documents/robotica_2_2024/pubsub_ws/install/py_pubsub/lib/python3.10/site-packages/py_pubsub-0.0.0-py3.10.egg-info/entry_points.txt
/home/hinfinity/Documents/robotica_2_2024/pubsub_ws/install/py_pubsub/lib/python3.10/site-packages/py_pubsub-0.0.0-py3.10.egg-info/requires.txt
/home/hinfinity/Documents/robotica_2_2024/pubsub_ws/install/py_pubsub/lib/python3.10/site-packages/py_pubsub-0.0.0-py3.10.egg-info/PKG-INFO
/home/hinfinity/Documents/robotica_2_2024/pubsub_ws/install/py_pubsub/lib/py_pubsub/listener_py
/home/hinfinity/Documents/robotica_2_2024/pubsub_ws/install/py_pubsub/lib/py_pubsub/talker_listener_py
/home/hinfinity/Documents/robotica_2_2024/pubsub_ws/install/py_pubsub/lib/py_pubsub/talker_py
