[0.018s] Invoking command in '/home/integralmilk03/robotica_2_2024/examen2_ws/build/ejercicio2': CMAKE_PREFIX_PATH=/opt/ros/humble /usr/bin/cmake --build /home/integralmilk03/robotica_2_2024/examen2_ws/build/ejercicio2 -- -j12 -l12
[0.214s] [100%] Built target movements
[0.228s] Invoked command in '/home/integralmilk03/robotica_2_2024/examen2_ws/build/ejercicio2' returned '0': CMAKE_PREFIX_PATH=/opt/ros/humble /usr/bin/cmake --build /home/integralmilk03/robotica_2_2024/examen2_ws/build/ejercicio2 -- -j12 -l12
[0.270s] Invoking command in '/home/integralmilk03/robotica_2_2024/examen2_ws/build/ejercicio2': CMAKE_PREFIX_PATH=/opt/ros/humble /usr/bin/cmake --install /home/integralmilk03/robotica_2_2024/examen2_ws/build/ejercicio2
[0.275s] -- Install configuration: ""
[0.275s] -- Up-to-date: /home/integralmilk03/robotica_2_2024/examen2_ws/install/ejercicio2/lib/ejercicio2/movements
[0.275s] -- Up-to-date: /home/integralmilk03/robotica_2_2024/examen2_ws/install/ejercicio2/share/ament_index/resource_index/package_run_dependencies/ejercicio2
[0.275s] -- Up-to-date: /home/integralmilk03/robotica_2_2024/examen2_ws/install/ejercicio2/share/ament_index/resource_index/parent_prefix_path/ejercicio2
[0.275s] -- Up-to-date: /home/integralmilk03/robotica_2_2024/examen2_ws/install/ejercicio2/share/ejercicio2/environment/ament_prefix_path.sh
[0.276s] -- Up-to-date: /home/integralmilk03/robotica_2_2024/examen2_ws/install/ejercicio2/share/ejercicio2/environment/ament_prefix_path.dsv
[0.276s] -- Up-to-date: /home/integralmilk03/robotica_2_2024/examen2_ws/install/ejercicio2/share/ejercicio2/environment/path.sh
[0.276s] -- Up-to-date: /home/integralmilk03/robotica_2_2024/examen2_ws/install/ejercicio2/share/ejercicio2/environment/path.dsv
[0.276s] -- Up-to-date: /home/integralmilk03/robotica_2_2024/examen2_ws/install/ejercicio2/share/ejercicio2/local_setup.bash
[0.276s] -- Up-to-date: /home/integralmilk03/robotica_2_2024/examen2_ws/install/ejercicio2/share/ejercicio2/local_setup.sh
[0.276s] -- Up-to-date: /home/integralmilk03/robotica_2_2024/examen2_ws/install/ejercicio2/share/ejercicio2/local_setup.zsh
[0.276s] -- Up-to-date: /home/integralmilk03/robotica_2_2024/examen2_ws/install/ejercicio2/share/ejercicio2/local_setup.dsv
[0.276s] -- Installing: /home/integralmilk03/robotica_2_2024/examen2_ws/install/ejercicio2/share/ejercicio2/package.dsv
[0.277s] -- Up-to-date: /home/integralmilk03/robotica_2_2024/examen2_ws/install/ejercicio2/share/ament_index/resource_index/packages/ejercicio2
[0.277s] -- Up-to-date: /home/integralmilk03/robotica_2_2024/examen2_ws/install/ejercicio2/share/ejercicio2/cmake/ejercicio2Config.cmake
[0.277s] -- Up-to-date: /home/integralmilk03/robotica_2_2024/examen2_ws/install/ejercicio2/share/ejercicio2/cmake/ejercicio2Config-version.cmake
[0.277s] -- Up-to-date: /home/integralmilk03/robotica_2_2024/examen2_ws/install/ejercicio2/share/ejercicio2/package.xml
[0.302s] Invoked command in '/home/integralmilk03/robotica_2_2024/examen2_ws/build/ejercicio2' returned '0': CMAKE_PREFIX_PATH=/opt/ros/humble /usr/bin/cmake --install /home/integralmilk03/robotica_2_2024/examen2_ws/build/ejercicio2
