[0.091s] DEBUG:colcon:Command line arguments: ['/usr/bin/colcon', 'build']
[0.091s] DEBUG:colcon:Parsed command line arguments: Namespace(log_base=None, log_level=None, verb_name='build', build_base='build', install_base='install', merge_install=False, symlink_install=False, test_result_base=None, continue_on_error=False, executor='parallel', parallel_workers=12, event_handlers=None, ignore_user_meta=False, metas=['./colcon.meta'], base_paths=['.'], packages_ignore=None, packages_ignore_regex=None, paths=None, packages_up_to=None, packages_up_to_regex=None, packages_above=None, packages_above_and_dependencies=None, packages_above_depth=None, packages_select_by_dep=None, packages_skip_by_dep=None, packages_skip_up_to=None, packages_select_build_failed=False, packages_skip_build_finished=False, packages_select_test_failures=False, packages_skip_test_passed=False, packages_select=None, packages_skip=None, packages_select_regex=None, packages_skip_regex=None, packages_start=None, packages_end=None, allow_overriding=[], cmake_args=None, cmake_target=None, cmake_target_skip_unavailable=False, cmake_clean_cache=False, cmake_clean_first=False, cmake_force_configure=False, ament_cmake_args=None, catkin_cmake_args=None, catkin_skip_building_tests=False, mixin_files=None, mixin=None, verb_parser=<colcon_mixin.mixin.mixin_argument.MixinArgumentDecorator object at 0x73bd34b46620>, verb_extension=<colcon_core.verb.build.BuildVerb object at 0x73bd34c4ab90>, main=<bound method BuildVerb.main of <colcon_core.verb.build.BuildVerb object at 0x73bd34c4ab90>>, mixin_verb=('build',))
[0.232s] Level 1:colcon.colcon_core.package_discovery:discover_packages(colcon_meta) check parameters
[0.232s] Level 1:colcon.colcon_core.package_discovery:discover_packages(recursive) check parameters
[0.232s] Level 1:colcon.colcon_core.package_discovery:discover_packages(ignore) check parameters
[0.232s] Level 1:colcon.colcon_core.package_discovery:discover_packages(path) check parameters
[0.232s] Level 1:colcon.colcon_core.package_discovery:discover_packages(colcon_meta) discover
[0.232s] Level 1:colcon.colcon_core.package_discovery:discover_packages(recursive) discover
[0.232s] INFO:colcon.colcon_core.package_discovery:Crawling recursively for packages in '/home/hinfinity/Documents/robotica_2_2024/vision_ws'
[0.232s] Level 1:colcon.colcon_core.package_identification:_identify(.) by extensions ['ignore', 'ignore_ament_install']
[0.232s] Level 1:colcon.colcon_core.package_identification:_identify(.) by extension 'ignore'
[0.232s] Level 1:colcon.colcon_core.package_identification:_identify(.) by extension 'ignore_ament_install'
[0.232s] Level 1:colcon.colcon_core.package_identification:_identify(.) by extensions ['colcon_pkg']
[0.232s] Level 1:colcon.colcon_core.package_identification:_identify(.) by extension 'colcon_pkg'
[0.232s] Level 1:colcon.colcon_core.package_identification:_identify(.) by extensions ['colcon_meta']
[0.232s] Level 1:colcon.colcon_core.package_identification:_identify(.) by extension 'colcon_meta'
[0.232s] Level 1:colcon.colcon_core.package_identification:_identify(.) by extensions ['ros']
[0.232s] Level 1:colcon.colcon_core.package_identification:_identify(.) by extension 'ros'
[0.241s] Level 1:colcon.colcon_core.package_identification:_identify(.) by extensions ['cmake', 'python']
[0.241s] Level 1:colcon.colcon_core.package_identification:_identify(.) by extension 'cmake'
[0.241s] Level 1:colcon.colcon_core.package_identification:_identify(.) by extension 'python'
[0.241s] Level 1:colcon.colcon_core.package_identification:_identify(.) by extensions ['python_setup_py']
[0.241s] Level 1:colcon.colcon_core.package_identification:_identify(.) by extension 'python_setup_py'
[0.241s] Level 1:colcon.colcon_core.package_identification:_identify(build) by extensions ['ignore', 'ignore_ament_install']
[0.242s] Level 1:colcon.colcon_core.package_identification:_identify(build) by extension 'ignore'
[0.242s] Level 1:colcon.colcon_core.package_identification:_identify(build) ignored
[0.242s] Level 1:colcon.colcon_core.package_identification:_identify(install) by extensions ['ignore', 'ignore_ament_install']
[0.242s] Level 1:colcon.colcon_core.package_identification:_identify(install) by extension 'ignore'
[0.242s] Level 1:colcon.colcon_core.package_identification:_identify(install) ignored
[0.242s] Level 1:colcon.colcon_core.package_identification:_identify(log) by extensions ['ignore', 'ignore_ament_install']
[0.242s] Level 1:colcon.colcon_core.package_identification:_identify(log) by extension 'ignore'
[0.242s] Level 1:colcon.colcon_core.package_identification:_identify(log) ignored
[0.242s] Level 1:colcon.colcon_core.package_identification:_identify(src) by extensions ['ignore', 'ignore_ament_install']
[0.242s] Level 1:colcon.colcon_core.package_identification:_identify(src) by extension 'ignore'
[0.242s] Level 1:colcon.colcon_core.package_identification:_identify(src) by extension 'ignore_ament_install'
[0.242s] Level 1:colcon.colcon_core.package_identification:_identify(src) by extensions ['colcon_pkg']
[0.242s] Level 1:colcon.colcon_core.package_identification:_identify(src) by extension 'colcon_pkg'
[0.242s] Level 1:colcon.colcon_core.package_identification:_identify(src) by extensions ['colcon_meta']
[0.242s] Level 1:colcon.colcon_core.package_identification:_identify(src) by extension 'colcon_meta'
[0.242s] Level 1:colcon.colcon_core.package_identification:_identify(src) by extensions ['ros']
[0.242s] Level 1:colcon.colcon_core.package_identification:_identify(src) by extension 'ros'
[0.242s] Level 1:colcon.colcon_core.package_identification:_identify(src) by extensions ['cmake', 'python']
[0.242s] Level 1:colcon.colcon_core.package_identification:_identify(src) by extension 'cmake'
[0.242s] Level 1:colcon.colcon_core.package_identification:_identify(src) by extension 'python'
[0.243s] Level 1:colcon.colcon_core.package_identification:_identify(src) by extensions ['python_setup_py']
[0.243s] Level 1:colcon.colcon_core.package_identification:_identify(src) by extension 'python_setup_py'
[0.243s] Level 1:colcon.colcon_core.package_identification:_identify(src/camera_vision) by extensions ['ignore', 'ignore_ament_install']
[0.243s] Level 1:colcon.colcon_core.package_identification:_identify(src/camera_vision) by extension 'ignore'
[0.243s] Level 1:colcon.colcon_core.package_identification:_identify(src/camera_vision) by extension 'ignore_ament_install'
[0.243s] Level 1:colcon.colcon_core.package_identification:_identify(src/camera_vision) by extensions ['colcon_pkg']
[0.243s] Level 1:colcon.colcon_core.package_identification:_identify(src/camera_vision) by extension 'colcon_pkg'
[0.243s] Level 1:colcon.colcon_core.package_identification:_identify(src/camera_vision) by extensions ['colcon_meta']
[0.243s] Level 1:colcon.colcon_core.package_identification:_identify(src/camera_vision) by extension 'colcon_meta'
[0.243s] Level 1:colcon.colcon_core.package_identification:_identify(src/camera_vision) by extensions ['ros']
[0.243s] Level 1:colcon.colcon_core.package_identification:_identify(src/camera_vision) by extension 'ros'
[0.245s] DEBUG:colcon.colcon_core.package_identification:Package 'src/camera_vision' with type 'ros.ament_python' and name 'camera_vision'
[0.245s] Level 1:colcon.colcon_core.package_identification:_identify(src/custom_msgs) by extensions ['ignore', 'ignore_ament_install']
[0.245s] Level 1:colcon.colcon_core.package_identification:_identify(src/custom_msgs) by extension 'ignore'
[0.245s] Level 1:colcon.colcon_core.package_identification:_identify(src/custom_msgs) by extension 'ignore_ament_install'
[0.245s] Level 1:colcon.colcon_core.package_identification:_identify(src/custom_msgs) by extensions ['colcon_pkg']
[0.245s] Level 1:colcon.colcon_core.package_identification:_identify(src/custom_msgs) by extension 'colcon_pkg'
[0.245s] Level 1:colcon.colcon_core.package_identification:_identify(src/custom_msgs) by extensions ['colcon_meta']
[0.245s] Level 1:colcon.colcon_core.package_identification:_identify(src/custom_msgs) by extension 'colcon_meta'
[0.245s] Level 1:colcon.colcon_core.package_identification:_identify(src/custom_msgs) by extensions ['ros']
[0.245s] Level 1:colcon.colcon_core.package_identification:_identify(src/custom_msgs) by extension 'ros'
[0.246s] DEBUG:colcon.colcon_core.package_identification:Package 'src/custom_msgs' with type 'ros.ament_cmake' and name 'custom_msgs'
[0.246s] Level 1:colcon.colcon_core.package_discovery:discover_packages(recursive) using defaults
[0.246s] Level 1:colcon.colcon_core.package_discovery:discover_packages(ignore) discover
[0.246s] Level 1:colcon.colcon_core.package_discovery:discover_packages(ignore) using defaults
[0.246s] Level 1:colcon.colcon_core.package_discovery:discover_packages(path) discover
[0.246s] Level 1:colcon.colcon_core.package_discovery:discover_packages(path) using defaults
[0.270s] Level 1:colcon.colcon_core.package_discovery:discover_packages(prefix_path) check parameters
[0.270s] Level 1:colcon.colcon_core.package_discovery:discover_packages(prefix_path) discover
[0.271s] DEBUG:colcon.colcon_installed_package_information.package_discovery:Found 2 installed packages in /home/hinfinity/Documents/robotica_2_2024/vision_ws/install
[0.272s] DEBUG:colcon.colcon_installed_package_information.package_discovery:Found 283 installed packages in /opt/ros/humble
[0.273s] Level 1:colcon.colcon_core.package_discovery:discover_packages(prefix_path) using defaults
[0.304s] Level 5:colcon.colcon_core.verb:set package 'camera_vision' build argument 'cmake_args' from command line to 'None'
[0.304s] Level 5:colcon.colcon_core.verb:set package 'camera_vision' build argument 'cmake_target' from command line to 'None'
[0.304s] Level 5:colcon.colcon_core.verb:set package 'camera_vision' build argument 'cmake_target_skip_unavailable' from command line to 'False'
[0.304s] Level 5:colcon.colcon_core.verb:set package 'camera_vision' build argument 'cmake_clean_cache' from command line to 'False'
[0.304s] Level 5:colcon.colcon_core.verb:set package 'camera_vision' build argument 'cmake_clean_first' from command line to 'False'
[0.304s] Level 5:colcon.colcon_core.verb:set package 'camera_vision' build argument 'cmake_force_configure' from command line to 'False'
[0.304s] Level 5:colcon.colcon_core.verb:set package 'camera_vision' build argument 'ament_cmake_args' from command line to 'None'
[0.304s] Level 5:colcon.colcon_core.verb:set package 'camera_vision' build argument 'catkin_cmake_args' from command line to 'None'
[0.304s] Level 5:colcon.colcon_core.verb:set package 'camera_vision' build argument 'catkin_skip_building_tests' from command line to 'False'
[0.304s] DEBUG:colcon.colcon_core.verb:Building package 'camera_vision' with the following arguments: {'ament_cmake_args': None, 'build_base': '/home/hinfinity/Documents/robotica_2_2024/vision_ws/build/camera_vision', 'catkin_cmake_args': None, 'catkin_skip_building_tests': False, 'cmake_args': None, 'cmake_clean_cache': False, 'cmake_clean_first': False, 'cmake_force_configure': False, 'cmake_target': None, 'cmake_target_skip_unavailable': False, 'install_base': '/home/hinfinity/Documents/robotica_2_2024/vision_ws/install/camera_vision', 'merge_install': False, 'path': '/home/hinfinity/Documents/robotica_2_2024/vision_ws/src/camera_vision', 'symlink_install': False, 'test_result_base': None}
[0.305s] Level 5:colcon.colcon_core.verb:set package 'custom_msgs' build argument 'cmake_args' from command line to 'None'
[0.305s] Level 5:colcon.colcon_core.verb:set package 'custom_msgs' build argument 'cmake_target' from command line to 'None'
[0.305s] Level 5:colcon.colcon_core.verb:set package 'custom_msgs' build argument 'cmake_target_skip_unavailable' from command line to 'False'
[0.305s] Level 5:colcon.colcon_core.verb:set package 'custom_msgs' build argument 'cmake_clean_cache' from command line to 'False'
[0.305s] Level 5:colcon.colcon_core.verb:set package 'custom_msgs' build argument 'cmake_clean_first' from command line to 'False'
[0.305s] Level 5:colcon.colcon_core.verb:set package 'custom_msgs' build argument 'cmake_force_configure' from command line to 'False'
[0.305s] Level 5:colcon.colcon_core.verb:set package 'custom_msgs' build argument 'ament_cmake_args' from command line to 'None'
[0.305s] Level 5:colcon.colcon_core.verb:set package 'custom_msgs' build argument 'catkin_cmake_args' from command line to 'None'
[0.305s] Level 5:colcon.colcon_core.verb:set package 'custom_msgs' build argument 'catkin_skip_building_tests' from command line to 'False'
[0.305s] DEBUG:colcon.colcon_core.verb:Building package 'custom_msgs' with the following arguments: {'ament_cmake_args': None, 'build_base': '/home/hinfinity/Documents/robotica_2_2024/vision_ws/build/custom_msgs', 'catkin_cmake_args': None, 'catkin_skip_building_tests': False, 'cmake_args': None, 'cmake_clean_cache': False, 'cmake_clean_first': False, 'cmake_force_configure': False, 'cmake_target': None, 'cmake_target_skip_unavailable': False, 'install_base': '/home/hinfinity/Documents/robotica_2_2024/vision_ws/install/custom_msgs', 'merge_install': False, 'path': '/home/hinfinity/Documents/robotica_2_2024/vision_ws/src/custom_msgs', 'symlink_install': False, 'test_result_base': None}
[0.305s] INFO:colcon.colcon_core.executor:Executing jobs using 'parallel' executor
[0.306s] DEBUG:colcon.colcon_parallel_executor.executor.parallel:run_until_complete
[0.306s] INFO:colcon.colcon_ros.task.ament_python.build:Building ROS package in '/home/hinfinity/Documents/robotica_2_2024/vision_ws/src/camera_vision' with build type 'ament_python'
[0.306s] Level 1:colcon.colcon_core.shell:create_environment_hook('camera_vision', 'ament_prefix_path')
[0.308s] INFO:colcon.colcon_core.plugin_system:Skipping extension 'colcon_core.shell.bat': Not used on non-Windows systems
[0.308s] INFO:colcon.colcon_core.shell:Creating environment hook '/home/hinfinity/Documents/robotica_2_2024/vision_ws/install/camera_vision/share/camera_vision/hook/ament_prefix_path.ps1'
[0.308s] INFO:colcon.colcon_core.shell:Creating environment descriptor '/home/hinfinity/Documents/robotica_2_2024/vision_ws/install/camera_vision/share/camera_vision/hook/ament_prefix_path.dsv'
[0.309s] INFO:colcon.colcon_core.shell:Creating environment hook '/home/hinfinity/Documents/robotica_2_2024/vision_ws/install/camera_vision/share/camera_vision/hook/ament_prefix_path.sh'
[0.309s] INFO:colcon.colcon_core.shell:Skip shell extension 'powershell' for command environment: Not usable outside of PowerShell
[0.309s] DEBUG:colcon.colcon_core.shell:Skip shell extension 'dsv' for command environment
[0.312s] INFO:colcon.colcon_ros.task.ament_cmake.build:Building ROS package in '/home/hinfinity/Documents/robotica_2_2024/vision_ws/src/custom_msgs' with build type 'ament_cmake'
[0.312s] INFO:colcon.colcon_cmake.task.cmake.build:Building CMake package in '/home/hinfinity/Documents/robotica_2_2024/vision_ws/src/custom_msgs'
[0.312s] INFO:colcon.colcon_core.shell:Skip shell extension 'powershell' for command environment: Not usable outside of PowerShell
[0.312s] DEBUG:colcon.colcon_core.shell:Skip shell extension 'dsv' for command environment
[0.532s] INFO:colcon.colcon_core.task.python.build:Building Python package in '/home/hinfinity/Documents/robotica_2_2024/vision_ws/src/camera_vision'
[0.533s] INFO:colcon.colcon_core.shell:Skip shell extension 'powershell' for command environment: Not usable outside of PowerShell
[0.533s] DEBUG:colcon.colcon_core.shell:Skip shell extension 'dsv' for command environment
[0.540s] DEBUG:colcon.colcon_core.event_handler.log_command:Invoking command in '/home/hinfinity/Documents/robotica_2_2024/vision_ws/build/custom_msgs': CMAKE_PREFIX_PATH=${CMAKE_PREFIX_PATH}:/home/hinfinity/Documents/robotica_2_2024/vision_ws/install/camera_vision:/opt/ros/humble /usr/bin/cmake --build /home/hinfinity/Documents/robotica_2_2024/vision_ws/build/custom_msgs -- -j12 -l12
[0.828s] DEBUG:colcon.colcon_core.event_handler.log_command:Invoking command in '/home/hinfinity/Documents/robotica_2_2024/vision_ws/src/camera_vision': PYTHONPATH=/home/hinfinity/Documents/robotica_2_2024/vision_ws/build/camera_vision/prefix_override:/usr/lib/python3/dist-packages/colcon_core/task/python/colcon_distutils_commands:/home/hinfinity/Documents/robotica_2_2024/vision_ws/install/camera_vision/lib/python3.10/site-packages:${PYTHONPATH} /usr/bin/python3 -W ignore:setup.py install is deprecated setup.py egg_info --egg-base ../../build/camera_vision build --build-base /home/hinfinity/Documents/robotica_2_2024/vision_ws/build/camera_vision/build install --record /home/hinfinity/Documents/robotica_2_2024/vision_ws/build/camera_vision/install.log --single-version-externally-managed install_data
[0.832s] DEBUG:colcon.colcon_core.event_handler.log_command:Invoked command in '/home/hinfinity/Documents/robotica_2_2024/vision_ws/build/custom_msgs' returned '0': CMAKE_PREFIX_PATH=${CMAKE_PREFIX_PATH}:/home/hinfinity/Documents/robotica_2_2024/vision_ws/install/camera_vision:/opt/ros/humble /usr/bin/cmake --build /home/hinfinity/Documents/robotica_2_2024/vision_ws/build/custom_msgs -- -j12 -l12
[0.892s] DEBUG:colcon.colcon_core.event_handler.log_command:Invoking command in '/home/hinfinity/Documents/robotica_2_2024/vision_ws/build/custom_msgs': CMAKE_PREFIX_PATH=${CMAKE_PREFIX_PATH}:/home/hinfinity/Documents/robotica_2_2024/vision_ws/install/camera_vision:/opt/ros/humble /usr/bin/cmake --install /home/hinfinity/Documents/robotica_2_2024/vision_ws/build/custom_msgs
[0.935s] Level 1:colcon.colcon_core.environment:create_environment_scripts_only(custom_msgs)
[0.935s] DEBUG:colcon.colcon_core.event_handler.log_command:Invoked command in '/home/hinfinity/Documents/robotica_2_2024/vision_ws/build/custom_msgs' returned '0': CMAKE_PREFIX_PATH=${CMAKE_PREFIX_PATH}:/home/hinfinity/Documents/robotica_2_2024/vision_ws/install/camera_vision:/opt/ros/humble /usr/bin/cmake --install /home/hinfinity/Documents/robotica_2_2024/vision_ws/build/custom_msgs
[0.937s] Level 1:colcon.colcon_core.environment:checking '/home/hinfinity/Documents/robotica_2_2024/vision_ws/install/custom_msgs' for CMake module files
[0.937s] Level 1:colcon.colcon_core.environment:checking '/home/hinfinity/Documents/robotica_2_2024/vision_ws/install/custom_msgs' for CMake config files
[0.938s] Level 1:colcon.colcon_core.shell:create_environment_hook('custom_msgs', 'cmake_prefix_path')
[0.938s] INFO:colcon.colcon_core.shell:Creating environment hook '/home/hinfinity/Documents/robotica_2_2024/vision_ws/install/custom_msgs/share/custom_msgs/hook/cmake_prefix_path.ps1'
[0.938s] INFO:colcon.colcon_core.shell:Creating environment descriptor '/home/hinfinity/Documents/robotica_2_2024/vision_ws/install/custom_msgs/share/custom_msgs/hook/cmake_prefix_path.dsv'
[0.938s] INFO:colcon.colcon_core.shell:Creating environment hook '/home/hinfinity/Documents/robotica_2_2024/vision_ws/install/custom_msgs/share/custom_msgs/hook/cmake_prefix_path.sh'
[0.939s] Level 1:colcon.colcon_core.environment:checking '/home/hinfinity/Documents/robotica_2_2024/vision_ws/install/custom_msgs/lib'
[0.939s] Level 1:colcon.colcon_core.shell:create_environment_hook('custom_msgs', 'ld_library_path_lib')
[0.939s] INFO:colcon.colcon_core.shell:Creating environment hook '/home/hinfinity/Documents/robotica_2_2024/vision_ws/install/custom_msgs/share/custom_msgs/hook/ld_library_path_lib.ps1'
[0.940s] INFO:colcon.colcon_core.shell:Creating environment descriptor '/home/hinfinity/Documents/robotica_2_2024/vision_ws/install/custom_msgs/share/custom_msgs/hook/ld_library_path_lib.dsv'
[0.940s] INFO:colcon.colcon_core.shell:Creating environment hook '/home/hinfinity/Documents/robotica_2_2024/vision_ws/install/custom_msgs/share/custom_msgs/hook/ld_library_path_lib.sh'
[0.940s] Level 1:colcon.colcon_core.environment:checking '/home/hinfinity/Documents/robotica_2_2024/vision_ws/install/custom_msgs/bin'
[0.940s] Level 1:colcon.colcon_core.environment:checking '/home/hinfinity/Documents/robotica_2_2024/vision_ws/install/custom_msgs/lib/pkgconfig/custom_msgs.pc'
[0.940s] Level 1:colcon.colcon_core.environment:checking '/home/hinfinity/Documents/robotica_2_2024/vision_ws/install/custom_msgs/lib/python3.10/site-packages'
[0.941s] Level 1:colcon.colcon_core.environment:checking '/home/hinfinity/Documents/robotica_2_2024/vision_ws/install/custom_msgs/bin'
[0.941s] INFO:colcon.colcon_core.shell:Creating package script '/home/hinfinity/Documents/robotica_2_2024/vision_ws/install/custom_msgs/share/custom_msgs/package.ps1'
[0.942s] INFO:colcon.colcon_core.shell:Creating package descriptor '/home/hinfinity/Documents/robotica_2_2024/vision_ws/install/custom_msgs/share/custom_msgs/package.dsv'
[0.942s] INFO:colcon.colcon_core.shell:Creating package script '/home/hinfinity/Documents/robotica_2_2024/vision_ws/install/custom_msgs/share/custom_msgs/package.sh'
[0.943s] INFO:colcon.colcon_core.shell:Creating package script '/home/hinfinity/Documents/robotica_2_2024/vision_ws/install/custom_msgs/share/custom_msgs/package.bash'
[0.943s] INFO:colcon.colcon_core.shell:Creating package script '/home/hinfinity/Documents/robotica_2_2024/vision_ws/install/custom_msgs/share/custom_msgs/package.zsh'
[0.944s] Level 1:colcon.colcon_core.environment:create_file_with_runtime_dependencies(/home/hinfinity/Documents/robotica_2_2024/vision_ws/install/custom_msgs/share/colcon-core/packages/custom_msgs)
[0.997s] Level 1:colcon.colcon_core.environment:create_environment_scripts_only(custom_msgs)
[0.997s] Level 1:colcon.colcon_core.environment:checking '/home/hinfinity/Documents/robotica_2_2024/vision_ws/install/custom_msgs' for CMake module files
[0.998s] Level 1:colcon.colcon_core.environment:checking '/home/hinfinity/Documents/robotica_2_2024/vision_ws/install/custom_msgs' for CMake config files
[0.998s] Level 1:colcon.colcon_core.shell:create_environment_hook('custom_msgs', 'cmake_prefix_path')
[0.998s] INFO:colcon.colcon_core.shell:Creating environment hook '/home/hinfinity/Documents/robotica_2_2024/vision_ws/install/custom_msgs/share/custom_msgs/hook/cmake_prefix_path.ps1'
[0.998s] INFO:colcon.colcon_core.shell:Creating environment descriptor '/home/hinfinity/Documents/robotica_2_2024/vision_ws/install/custom_msgs/share/custom_msgs/hook/cmake_prefix_path.dsv'
[0.999s] INFO:colcon.colcon_core.shell:Creating environment hook '/home/hinfinity/Documents/robotica_2_2024/vision_ws/install/custom_msgs/share/custom_msgs/hook/cmake_prefix_path.sh'
[0.999s] Level 1:colcon.colcon_core.environment:checking '/home/hinfinity/Documents/robotica_2_2024/vision_ws/install/custom_msgs/lib'
[0.999s] Level 1:colcon.colcon_core.shell:create_environment_hook('custom_msgs', 'ld_library_path_lib')
[0.999s] INFO:colcon.colcon_core.shell:Creating environment hook '/home/hinfinity/Documents/robotica_2_2024/vision_ws/install/custom_msgs/share/custom_msgs/hook/ld_library_path_lib.ps1'
[1.000s] INFO:colcon.colcon_core.shell:Creating environment descriptor '/home/hinfinity/Documents/robotica_2_2024/vision_ws/install/custom_msgs/share/custom_msgs/hook/ld_library_path_lib.dsv'
[1.000s] INFO:colcon.colcon_core.shell:Creating environment hook '/home/hinfinity/Documents/robotica_2_2024/vision_ws/install/custom_msgs/share/custom_msgs/hook/ld_library_path_lib.sh'
[1.000s] Level 1:colcon.colcon_core.environment:checking '/home/hinfinity/Documents/robotica_2_2024/vision_ws/install/custom_msgs/bin'
[1.000s] Level 1:colcon.colcon_core.environment:checking '/home/hinfinity/Documents/robotica_2_2024/vision_ws/install/custom_msgs/lib/pkgconfig/custom_msgs.pc'
[1.000s] Level 1:colcon.colcon_core.environment:checking '/home/hinfinity/Documents/robotica_2_2024/vision_ws/install/custom_msgs/lib/python3.10/site-packages'
[1.001s] Level 1:colcon.colcon_core.environment:checking '/home/hinfinity/Documents/robotica_2_2024/vision_ws/install/custom_msgs/bin'
[1.001s] INFO:colcon.colcon_core.shell:Creating package script '/home/hinfinity/Documents/robotica_2_2024/vision_ws/install/custom_msgs/share/custom_msgs/package.ps1'
[1.001s] INFO:colcon.colcon_core.shell:Creating package descriptor '/home/hinfinity/Documents/robotica_2_2024/vision_ws/install/custom_msgs/share/custom_msgs/package.dsv'
[1.002s] INFO:colcon.colcon_core.shell:Creating package script '/home/hinfinity/Documents/robotica_2_2024/vision_ws/install/custom_msgs/share/custom_msgs/package.sh'
[1.002s] INFO:colcon.colcon_core.shell:Creating package script '/home/hinfinity/Documents/robotica_2_2024/vision_ws/install/custom_msgs/share/custom_msgs/package.bash'
[1.002s] INFO:colcon.colcon_core.shell:Creating package script '/home/hinfinity/Documents/robotica_2_2024/vision_ws/install/custom_msgs/share/custom_msgs/package.zsh'
[1.003s] Level 1:colcon.colcon_core.environment:create_file_with_runtime_dependencies(/home/hinfinity/Documents/robotica_2_2024/vision_ws/install/custom_msgs/share/colcon-core/packages/custom_msgs)
[1.075s] Level 1:colcon.colcon_core.environment:checking '/home/hinfinity/Documents/robotica_2_2024/vision_ws/install/camera_vision' for CMake module files
[1.076s] DEBUG:colcon.colcon_core.event_handler.log_command:Invoked command in '/home/hinfinity/Documents/robotica_2_2024/vision_ws/src/camera_vision' returned '0': PYTHONPATH=/home/hinfinity/Documents/robotica_2_2024/vision_ws/build/camera_vision/prefix_override:/usr/lib/python3/dist-packages/colcon_core/task/python/colcon_distutils_commands:/home/hinfinity/Documents/robotica_2_2024/vision_ws/install/camera_vision/lib/python3.10/site-packages:${PYTHONPATH} /usr/bin/python3 -W ignore:setup.py install is deprecated setup.py egg_info --egg-base ../../build/camera_vision build --build-base /home/hinfinity/Documents/robotica_2_2024/vision_ws/build/camera_vision/build install --record /home/hinfinity/Documents/robotica_2_2024/vision_ws/build/camera_vision/install.log --single-version-externally-managed install_data
[1.076s] Level 1:colcon.colcon_core.environment:checking '/home/hinfinity/Documents/robotica_2_2024/vision_ws/install/camera_vision' for CMake config files
[1.077s] Level 1:colcon.colcon_core.environment:checking '/home/hinfinity/Documents/robotica_2_2024/vision_ws/install/camera_vision/lib'
[1.077s] Level 1:colcon.colcon_core.environment:checking '/home/hinfinity/Documents/robotica_2_2024/vision_ws/install/camera_vision/bin'
[1.077s] Level 1:colcon.colcon_core.environment:checking '/home/hinfinity/Documents/robotica_2_2024/vision_ws/install/camera_vision/lib/pkgconfig/camera_vision.pc'
[1.077s] Level 1:colcon.colcon_core.environment:checking '/home/hinfinity/Documents/robotica_2_2024/vision_ws/install/camera_vision/lib/python3.10/site-packages'
[1.077s] Level 1:colcon.colcon_core.shell:create_environment_hook('camera_vision', 'pythonpath')
[1.077s] INFO:colcon.colcon_core.shell:Creating environment hook '/home/hinfinity/Documents/robotica_2_2024/vision_ws/install/camera_vision/share/camera_vision/hook/pythonpath.ps1'
[1.078s] INFO:colcon.colcon_core.shell:Creating environment descriptor '/home/hinfinity/Documents/robotica_2_2024/vision_ws/install/camera_vision/share/camera_vision/hook/pythonpath.dsv'
[1.078s] INFO:colcon.colcon_core.shell:Creating environment hook '/home/hinfinity/Documents/robotica_2_2024/vision_ws/install/camera_vision/share/camera_vision/hook/pythonpath.sh'
[1.078s] Level 1:colcon.colcon_core.environment:checking '/home/hinfinity/Documents/robotica_2_2024/vision_ws/install/camera_vision/bin'
[1.078s] Level 1:colcon.colcon_core.environment:create_environment_scripts_only(camera_vision)
[1.079s] INFO:colcon.colcon_core.shell:Creating package script '/home/hinfinity/Documents/robotica_2_2024/vision_ws/install/camera_vision/share/camera_vision/package.ps1'
[1.079s] INFO:colcon.colcon_core.shell:Creating package descriptor '/home/hinfinity/Documents/robotica_2_2024/vision_ws/install/camera_vision/share/camera_vision/package.dsv'
[1.079s] INFO:colcon.colcon_core.shell:Creating package script '/home/hinfinity/Documents/robotica_2_2024/vision_ws/install/camera_vision/share/camera_vision/package.sh'
[1.080s] INFO:colcon.colcon_core.shell:Creating package script '/home/hinfinity/Documents/robotica_2_2024/vision_ws/install/camera_vision/share/camera_vision/package.bash'
[1.080s] INFO:colcon.colcon_core.shell:Creating package script '/home/hinfinity/Documents/robotica_2_2024/vision_ws/install/camera_vision/share/camera_vision/package.zsh'
[1.080s] Level 1:colcon.colcon_core.environment:create_file_with_runtime_dependencies(/home/hinfinity/Documents/robotica_2_2024/vision_ws/install/camera_vision/share/colcon-core/packages/camera_vision)
[1.080s] DEBUG:colcon.colcon_parallel_executor.executor.parallel:closing loop
[1.080s] DEBUG:colcon.colcon_parallel_executor.executor.parallel:loop closed
[1.080s] DEBUG:colcon.colcon_parallel_executor.executor.parallel:run_until_complete finished with '0'
[1.080s] DEBUG:colcon.colcon_core.event_reactor:joining thread
[1.085s] INFO:colcon.colcon_core.plugin_system:Skipping extension 'colcon_notification.desktop_notification.terminal_notifier': Not used on non-Darwin systems
[1.085s] INFO:colcon.colcon_core.plugin_system:Skipping extension 'colcon_notification.desktop_notification.win32': Not used on non-Windows systems
[1.085s] INFO:colcon.colcon_notification.desktop_notification:Sending desktop notification using 'notify2'
[1.094s] DEBUG:colcon.colcon_core.event_reactor:joined thread
[1.094s] INFO:colcon.colcon_core.shell:Creating prefix script '/home/hinfinity/Documents/robotica_2_2024/vision_ws/install/local_setup.ps1'
[1.095s] INFO:colcon.colcon_core.shell:Creating prefix util module '/home/hinfinity/Documents/robotica_2_2024/vision_ws/install/_local_setup_util_ps1.py'
[1.096s] INFO:colcon.colcon_core.shell:Creating prefix chain script '/home/hinfinity/Documents/robotica_2_2024/vision_ws/install/setup.ps1'
[1.097s] INFO:colcon.colcon_core.shell:Creating prefix script '/home/hinfinity/Documents/robotica_2_2024/vision_ws/install/local_setup.sh'
[1.097s] INFO:colcon.colcon_core.shell:Creating prefix util module '/home/hinfinity/Documents/robotica_2_2024/vision_ws/install/_local_setup_util_sh.py'
[1.098s] INFO:colcon.colcon_core.shell:Creating prefix chain script '/home/hinfinity/Documents/robotica_2_2024/vision_ws/install/setup.sh'
[1.099s] INFO:colcon.colcon_core.shell:Creating prefix script '/home/hinfinity/Documents/robotica_2_2024/vision_ws/install/local_setup.bash'
[1.099s] INFO:colcon.colcon_core.shell:Creating prefix chain script '/home/hinfinity/Documents/robotica_2_2024/vision_ws/install/setup.bash'
[1.100s] INFO:colcon.colcon_core.shell:Creating prefix script '/home/hinfinity/Documents/robotica_2_2024/vision_ws/install/local_setup.zsh'
[1.100s] INFO:colcon.colcon_core.shell:Creating prefix chain script '/home/hinfinity/Documents/robotica_2_2024/vision_ws/install/setup.zsh'
