-- Found ament_cmake: 1.3.10 (/opt/ros/humble/share/ament_cmake/cmake)
-- Found ament_lint_auto: 0.12.11 (/opt/ros/humble/share/ament_lint_auto/cmake)
-- Added test 'flake8' to check Python code syntax and style conventions
-- Added test 'lint_cmake' to check CMake code style
-- Added test 'pep257' to check Python code against some of the docstring style conventions in PEP 257
-- Added test 'xmllint' to check XML markup files
-- Configuring done
-- Generating done
-- Build files have been written to: /home/integralmilk03/robotica_2_2024/examen2_ws/build/ejercicio3
-- Install configuration: ""
-- Up-to-date: /home/integralmilk03/robotica_2_2024/examen2_ws/install/ejercicio3/share/ejercicio3/launch
-- Up-to-date: /home/integralmilk03/robotica_2_2024/examen2_ws/install/ejercicio3/share/ejercicio3/launch/view_robot.py
-- Up-to-date: /home/integralmilk03/robotica_2_2024/examen2_ws/install/ejercicio3/share/ejercicio3/urdf
-- Up-to-date: /home/integralmilk03/robotica_2_2024/examen2_ws/install/ejercicio3/share/ejercicio3/urdf/ejercicio3.gv
-- Up-to-date: /home/integralmilk03/robotica_2_2024/examen2_ws/install/ejercicio3/share/ejercicio3/urdf/panda.urdf
-- Up-to-date: /home/integralmilk03/robotica_2_2024/examen2_ws/install/ejercicio3/share/ejercicio3/urdf/ejercicio3.urdf
-- Up-to-date: /home/integralmilk03/robotica_2_2024/examen2_ws/install/ejercicio3/share/ejercicio3/urdf/ejercicio3.pdf
-- Up-to-date: /home/integralmilk03/robotica_2_2024/examen2_ws/install/ejercicio3/share/ejercicio3/rviz
-- Up-to-date: /home/integralmilk03/robotica_2_2024/examen2_ws/install/ejercicio3/share/ejercicio3/rviz/urdf.rviz
-- Up-to-date: /home/integralmilk03/robotica_2_2024/examen2_ws/install/ejercicio3/share/ejercicio3/meshes
-- Up-to-date: /home/integralmilk03/robotica_2_2024/examen2_ws/install/ejercicio3/share/ejercicio3/meshes/collision
-- Up-to-date: /home/integralmilk03/robotica_2_2024/examen2_ws/install/ejercicio3/share/ejercicio3/meshes/collision/link2.obj
-- Up-to-date: /home/integralmilk03/robotica_2_2024/examen2_ws/install/ejercicio3/share/ejercicio3/meshes/collision/link7.obj
-- Up-to-date: /home/integralmilk03/robotica_2_2024/examen2_ws/install/ejercicio3/share/ejercicio3/meshes/collision/hand.obj
-- Up-to-date: /home/integralmilk03/robotica_2_2024/examen2_ws/install/ejercicio3/share/ejercicio3/meshes/collision/link4.obj
-- Up-to-date: /home/integralmilk03/robotica_2_2024/examen2_ws/install/ejercicio3/share/ejercicio3/meshes/collision/finger.obj
-- Up-to-date: /home/integralmilk03/robotica_2_2024/examen2_ws/install/ejercicio3/share/ejercicio3/meshes/collision/link1.obj
-- Up-to-date: /home/integralmilk03/robotica_2_2024/examen2_ws/install/ejercicio3/share/ejercicio3/meshes/collision/link5.obj
-- Up-to-date: /home/integralmilk03/robotica_2_2024/examen2_ws/install/ejercicio3/share/ejercicio3/meshes/collision/link0.obj
-- Up-to-date: /home/integralmilk03/robotica_2_2024/examen2_ws/install/ejercicio3/share/ejercicio3/meshes/collision/link6.obj
-- Up-to-date: /home/integralmilk03/robotica_2_2024/examen2_ws/install/ejercicio3/share/ejercicio3/meshes/collision/link3.obj
-- Up-to-date: /home/integralmilk03/robotica_2_2024/examen2_ws/install/ejercicio3/share/ejercicio3/meshes/visual
-- Up-to-date: /home/integralmilk03/robotica_2_2024/examen2_ws/install/ejercicio3/share/ejercicio3/meshes/visual/link1.dae
-- Up-to-date: /home/integralmilk03/robotica_2_2024/examen2_ws/install/ejercicio3/share/ejercicio3/meshes/visual/link4.dae
-- Up-to-date: /home/integralmilk03/robotica_2_2024/examen2_ws/install/ejercicio3/share/ejercicio3/meshes/visual/link6.dae
-- Up-to-date: /home/integralmilk03/robotica_2_2024/examen2_ws/install/ejercicio3/share/ejercicio3/meshes/visual/link7.dae
-- Up-to-date: /home/integralmilk03/robotica_2_2024/examen2_ws/install/ejercicio3/share/ejercicio3/meshes/visual/link0.dae
-- Up-to-date: /home/integralmilk03/robotica_2_2024/examen2_ws/install/ejercicio3/share/ejercicio3/meshes/visual/finger.dae
-- Up-to-date: /home/integralmilk03/robotica_2_2024/examen2_ws/install/ejercicio3/share/ejercicio3/meshes/visual/link2.dae
-- Up-to-date: /home/integralmilk03/robotica_2_2024/examen2_ws/install/ejercicio3/share/ejercicio3/meshes/visual/hand.dae
-- Up-to-date: /home/integralmilk03/robotica_2_2024/examen2_ws/install/ejercicio3/share/ejercicio3/meshes/visual/link5.dae
-- Up-to-date: /home/integralmilk03/robotica_2_2024/examen2_ws/install/ejercicio3/share/ejercicio3/meshes/visual/link3.dae
-- Up-to-date: /home/integralmilk03/robotica_2_2024/examen2_ws/install/ejercicio3/share/ament_index/resource_index/package_run_dependencies/ejercicio3
-- Installing: /home/integralmilk03/robotica_2_2024/examen2_ws/install/ejercicio3/share/ament_index/resource_index/parent_prefix_path/ejercicio3
-- Up-to-date: /home/integralmilk03/robotica_2_2024/examen2_ws/install/ejercicio3/share/ejercicio3/environment/ament_prefix_path.sh
-- Installing: /home/integralmilk03/robotica_2_2024/examen2_ws/install/ejercicio3/share/ejercicio3/environment/ament_prefix_path.dsv
-- Up-to-date: /home/integralmilk03/robotica_2_2024/examen2_ws/install/ejercicio3/share/ejercicio3/environment/path.sh
-- Installing: /home/integralmilk03/robotica_2_2024/examen2_ws/install/ejercicio3/share/ejercicio3/environment/path.dsv
-- Up-to-date: /home/integralmilk03/robotica_2_2024/examen2_ws/install/ejercicio3/share/ejercicio3/local_setup.bash
-- Up-to-date: /home/integralmilk03/robotica_2_2024/examen2_ws/install/ejercicio3/share/ejercicio3/local_setup.sh
-- Up-to-date: /home/integralmilk03/robotica_2_2024/examen2_ws/install/ejercicio3/share/ejercicio3/local_setup.zsh
-- Installing: /home/integralmilk03/robotica_2_2024/examen2_ws/install/ejercicio3/share/ejercicio3/local_setup.dsv
-- Installing: /home/integralmilk03/robotica_2_2024/examen2_ws/install/ejercicio3/share/ejercicio3/package.dsv
-- Up-to-date: /home/integralmilk03/robotica_2_2024/examen2_ws/install/ejercicio3/share/ament_index/resource_index/packages/ejercicio3
-- Up-to-date: /home/integralmilk03/robotica_2_2024/examen2_ws/install/ejercicio3/share/ejercicio3/cmake/ejercicio3Config.cmake
-- Up-to-date: /home/integralmilk03/robotica_2_2024/examen2_ws/install/ejercicio3/share/ejercicio3/cmake/ejercicio3Config-version.cmake
-- Up-to-date: /home/integralmilk03/robotica_2_2024/examen2_ws/install/ejercicio3/share/ejercicio3/package.xml
