[0.212s] Invoking command in '/home/hinfinity/Documents/robotica_2_2024/vision_ws/build/custom_msgs': CMAKE_PREFIX_PATH=${CMAKE_PREFIX_PATH}:/home/hinfinity/Documents/robotica_2_2024/vision_ws/install/camera_vision:/opt/ros/humble /usr/bin/cmake --build /home/hinfinity/Documents/robotica_2_2024/vision_ws/build/custom_msgs -- -j12 -l12
[0.230s] -- Found ament_cmake: 1.3.10 (/opt/ros/humble/share/ament_cmake/cmake)
[0.328s] -- Found rosidl_default_generators: 1.2.0 (/opt/ros/humble/share/rosidl_default_generators/cmake)
[0.330s] -- Using all available rosidl_typesupport_c: rosidl_typesupport_fastrtps_c;rosidl_typesupport_introspection_c
[0.332s] -- Found rosidl_adapter: 3.1.5 (/opt/ros/humble/share/rosidl_adapter/cmake)
[0.356s] -- Using all available rosidl_typesupport_cpp: rosidl_typesupport_fastrtps_cpp;rosidl_typesupport_introspection_cpp
[0.378s] -- Found std_msgs: 4.2.4 (/opt/ros/humble/share/std_msgs/cmake)
[0.643s] -- Found ament_cmake_ros: 0.10.0 (/opt/ros/humble/share/ament_cmake_ros/cmake)
[0.819s] -- Using all available rosidl_typesupport_c: rosidl_typesupport_fastrtps_c;rosidl_typesupport_introspection_c
[1.044s] -- Using all available rosidl_typesupport_cpp: rosidl_typesupport_fastrtps_cpp;rosidl_typesupport_introspection_cpp
[1.062s] -- Found python_cmake_module: 0.10.0 (/opt/ros/humble/share/python_cmake_module/cmake)
[1.080s] -- Using PYTHON_EXECUTABLE: /usr/bin/python3
[1.080s] -- Using PYTHON_INCLUDE_DIRS: /usr/include/python3.10
[1.080s] -- Using PYTHON_LIBRARIES: /usr/lib/x86_64-linux-gnu/libpython3.10.so
[1.100s] -- Found ament_lint_auto: 0.12.11 (/opt/ros/humble/share/ament_lint_auto/cmake)
[1.107s] -- Added test 'lint_cmake' to check CMake code style
[1.108s] -- Added test 'xmllint' to check XML markup files
[1.110s] -- Configuring done
[1.138s] -- Generating done
[1.141s] -- Build files have been written to: /home/hinfinity/Documents/robotica_2_2024/vision_ws/build/custom_msgs
[1.157s] [  2%] [34m[1mGenerating C code for ROS interfaces[0m
[1.165s] [  5%] [34m[1mGenerating C++ code for ROS interfaces[0m
[1.171s] [  5%] Built target ament_cmake_python_copy_custom_msgs
[1.383s] running egg_info
[1.383s] writing custom_msgs.egg-info/PKG-INFO
[1.384s] writing dependency_links to custom_msgs.egg-info/dependency_links.txt
[1.384s] writing top-level names to custom_msgs.egg-info/top_level.txt
[1.385s] reading manifest file 'custom_msgs.egg-info/SOURCES.txt'
[1.386s] writing manifest file 'custom_msgs.egg-info/SOURCES.txt'
[1.411s] [  5%] Built target ament_cmake_python_build_custom_msgs_egg
[1.417s] [35m[1mConsolidate compiler generated dependencies of target custom_msgs__rosidl_generator_c[0m
[1.425s] [  7%] Built target custom_msgs__cpp
[1.425s] [  7%] [32mBuilding C object CMakeFiles/custom_msgs__rosidl_generator_c.dir/rosidl_generator_c/custom_msgs/msg/detail/box__functions.c.o[0m
[1.425s] [ 10%] [32mBuilding C object CMakeFiles/custom_msgs__rosidl_generator_c.dir/rosidl_generator_c/custom_msgs/msg/detail/corner__functions.c.o[0m
[1.433s] [ 17%] [34m[1mGenerating C++ type support for eProsima Fast-RTPS[0m
[1.433s] [ 17%] [34m[1mGenerating C++ type support dispatch for ROS interfaces[0m
[1.433s] [ 17%] [34m[1mGenerating C++ introspection for ROS interfaces[0m
[1.471s] [ 20%] [32m[1mLinking C shared library libcustom_msgs__rosidl_generator_c.so[0m
[1.500s] [ 20%] Built target custom_msgs__rosidl_generator_c
[1.508s] [ 28%] [34m[1mGenerating C type support dispatch for ROS interfaces[0m
[1.508s] [ 28%] [34m[1mGenerating C type support for eProsima Fast-RTPS[0m
[1.508s] [ 28%] [34m[1mGenerating C introspection for ROS interfaces[0m
[1.657s] [35m[1mConsolidate compiler generated dependencies of target custom_msgs__rosidl_typesupport_cpp[0m
[1.667s] [ 30%] [32mBuilding CXX object CMakeFiles/custom_msgs__rosidl_typesupport_cpp.dir/rosidl_typesupport_cpp/custom_msgs/msg/corner__type_support.cpp.o[0m
[1.670s] [ 33%] [32mBuilding CXX object CMakeFiles/custom_msgs__rosidl_typesupport_cpp.dir/rosidl_typesupport_cpp/custom_msgs/msg/box__type_support.cpp.o[0m
[1.683s] [35m[1mConsolidate compiler generated dependencies of target custom_msgs__rosidl_typesupport_introspection_cpp[0m
[1.699s] [ 38%] [32mBuilding CXX object CMakeFiles/custom_msgs__rosidl_typesupport_introspection_cpp.dir/rosidl_typesupport_introspection_cpp/custom_msgs/msg/detail/corner__type_support.cpp.o[0m
[1.699s] [ 38%] [32mBuilding CXX object CMakeFiles/custom_msgs__rosidl_typesupport_introspection_cpp.dir/rosidl_typesupport_introspection_cpp/custom_msgs/msg/detail/box__type_support.cpp.o[0m
[1.701s] [35m[1mConsolidate compiler generated dependencies of target custom_msgs__rosidl_typesupport_fastrtps_cpp[0m
[1.717s] [ 43%] [32mBuilding CXX object CMakeFiles/custom_msgs__rosidl_typesupport_fastrtps_cpp.dir/rosidl_typesupport_fastrtps_cpp/custom_msgs/msg/detail/dds_fastrtps/box__type_support.cpp.o[0m
[1.718s] [ 43%] [32mBuilding CXX object CMakeFiles/custom_msgs__rosidl_typesupport_fastrtps_cpp.dir/rosidl_typesupport_fastrtps_cpp/custom_msgs/msg/detail/dds_fastrtps/corner__type_support.cpp.o[0m
[1.760s] [35m[1mConsolidate compiler generated dependencies of target custom_msgs__rosidl_typesupport_c[0m
[1.773s] [ 46%] [32mBuilding CXX object CMakeFiles/custom_msgs__rosidl_typesupport_c.dir/rosidl_typesupport_c/custom_msgs/msg/corner__type_support.cpp.o[0m
[1.773s] [ 48%] [32mBuilding CXX object CMakeFiles/custom_msgs__rosidl_typesupport_c.dir/rosidl_typesupport_c/custom_msgs/msg/box__type_support.cpp.o[0m
[1.780s] [35m[1mConsolidate compiler generated dependencies of target custom_msgs__rosidl_typesupport_introspection_c[0m
[1.794s] [ 51%] [32mBuilding C object CMakeFiles/custom_msgs__rosidl_typesupport_introspection_c.dir/rosidl_typesupport_introspection_c/custom_msgs/msg/detail/corner__type_support.c.o[0m
[1.795s] [ 53%] [32mBuilding C object CMakeFiles/custom_msgs__rosidl_typesupport_introspection_c.dir/rosidl_typesupport_introspection_c/custom_msgs/msg/detail/box__type_support.c.o[0m
[1.796s] [35m[1mConsolidate compiler generated dependencies of target custom_msgs__rosidl_typesupport_fastrtps_c[0m
[1.815s] [ 56%] [32mBuilding CXX object CMakeFiles/custom_msgs__rosidl_typesupport_fastrtps_c.dir/rosidl_typesupport_fastrtps_c/custom_msgs/msg/detail/box__type_support_c.cpp.o[0m
[1.815s] [ 58%] [32mBuilding CXX object CMakeFiles/custom_msgs__rosidl_typesupport_fastrtps_c.dir/rosidl_typesupport_fastrtps_c/custom_msgs/msg/detail/corner__type_support_c.cpp.o[0m
[1.815s] [ 61%] [32m[1mLinking CXX shared library libcustom_msgs__rosidl_typesupport_c.so[0m
[1.839s] [ 64%] [32m[1mLinking C shared library libcustom_msgs__rosidl_typesupport_introspection_c.so[0m
[1.873s] [ 64%] Built target custom_msgs__rosidl_typesupport_c
[1.880s] [ 64%] Built target custom_msgs__rosidl_typesupport_introspection_c
[1.988s] [ 66%] [32m[1mLinking CXX shared library libcustom_msgs__rosidl_typesupport_cpp.so[0m
[2.024s] [ 66%] Built target custom_msgs__rosidl_typesupport_cpp
[2.205s] [ 69%] [32m[1mLinking CXX shared library libcustom_msgs__rosidl_typesupport_fastrtps_c.so[0m
[2.230s] [ 71%] [32m[1mLinking CXX shared library libcustom_msgs__rosidl_typesupport_introspection_cpp.so[0m
[2.241s] [ 74%] [32m[1mLinking CXX shared library libcustom_msgs__rosidl_typesupport_fastrtps_cpp.so[0m
[2.271s] [ 74%] Built target custom_msgs__rosidl_typesupport_fastrtps_c
[2.295s] [ 74%] Built target custom_msgs__rosidl_typesupport_introspection_cpp
[2.307s] [ 74%] Built target custom_msgs__rosidl_typesupport_fastrtps_cpp
[2.320s] [ 74%] Built target custom_msgs
[2.335s] [ 76%] [34m[1mGenerating Python code for ROS interfaces[0m
[2.657s] [ 76%] Built target custom_msgs__py
[2.664s] [35m[1mConsolidate compiler generated dependencies of target custom_msgs__rosidl_generator_py[0m
[2.674s] [ 82%] [32mBuilding C object CMakeFiles/custom_msgs__rosidl_generator_py.dir/rosidl_generator_py/custom_msgs/msg/_box_s.c.o[0m
[2.674s] [ 82%] [32mBuilding C object CMakeFiles/custom_msgs__rosidl_generator_py.dir/rosidl_generator_py/custom_msgs/msg/_corner_s.c.o[0m
[2.757s] [ 84%] [32m[1mLinking C shared library rosidl_generator_py/custom_msgs/libcustom_msgs__rosidl_generator_py.so[0m
[2.787s] [ 84%] Built target custom_msgs__rosidl_generator_py
[2.794s] [35m[1mConsolidate compiler generated dependencies of target custom_msgs__rosidl_typesupport_c__pyext[0m
[2.794s] [35m[1mConsolidate compiler generated dependencies of target custom_msgs__rosidl_typesupport_fastrtps_c__pyext[0m
[2.795s] [35m[1mConsolidate compiler generated dependencies of target custom_msgs__rosidl_typesupport_introspection_c__pyext[0m
[2.803s] [ 92%] [32mBuilding C object CMakeFiles/custom_msgs__rosidl_typesupport_c__pyext.dir/rosidl_generator_py/custom_msgs/_custom_msgs_s.ep.rosidl_typesupport_c.c.o[0m
[2.803s] [ 92%] [32mBuilding C object CMakeFiles/custom_msgs__rosidl_typesupport_fastrtps_c__pyext.dir/rosidl_generator_py/custom_msgs/_custom_msgs_s.ep.rosidl_typesupport_fastrtps_c.c.o[0m
[2.803s] [ 92%] [32mBuilding C object CMakeFiles/custom_msgs__rosidl_typesupport_introspection_c__pyext.dir/rosidl_generator_py/custom_msgs/_custom_msgs_s.ep.rosidl_typesupport_introspection_c.c.o[0m
[2.885s] [ 94%] [32m[1mLinking C shared library rosidl_generator_py/custom_msgs/custom_msgs_s__rosidl_typesupport_fastrtps_c.cpython-310-x86_64-linux-gnu.so[0m
[2.885s] [ 97%] [32m[1mLinking C shared library rosidl_generator_py/custom_msgs/custom_msgs_s__rosidl_typesupport_c.cpython-310-x86_64-linux-gnu.so[0m
[2.886s] [100%] [32m[1mLinking C shared library rosidl_generator_py/custom_msgs/custom_msgs_s__rosidl_typesupport_introspection_c.cpython-310-x86_64-linux-gnu.so[0m
[2.915s] [100%] Built target custom_msgs__rosidl_typesupport_fastrtps_c__pyext
[2.915s] [100%] Built target custom_msgs__rosidl_typesupport_c__pyext
[2.915s] [100%] Built target custom_msgs__rosidl_typesupport_introspection_c__pyext
[2.923s] Invoked command in '/home/hinfinity/Documents/robotica_2_2024/vision_ws/build/custom_msgs' returned '0': CMAKE_PREFIX_PATH=${CMAKE_PREFIX_PATH}:/home/hinfinity/Documents/robotica_2_2024/vision_ws/install/camera_vision:/opt/ros/humble /usr/bin/cmake --build /home/hinfinity/Documents/robotica_2_2024/vision_ws/build/custom_msgs -- -j12 -l12
[2.983s] Invoking command in '/home/hinfinity/Documents/robotica_2_2024/vision_ws/build/custom_msgs': CMAKE_PREFIX_PATH=${CMAKE_PREFIX_PATH}:/home/hinfinity/Documents/robotica_2_2024/vision_ws/install/camera_vision:/opt/ros/humble /usr/bin/cmake --install /home/hinfinity/Documents/robotica_2_2024/vision_ws/build/custom_msgs
[2.989s] -- Install configuration: ""
[2.989s] -- Up-to-date: /home/hinfinity/Documents/robotica_2_2024/vision_ws/install/custom_msgs/share/ament_index/resource_index/rosidl_interfaces/custom_msgs
[2.989s] -- Up-to-date: /home/hinfinity/Documents/robotica_2_2024/vision_ws/install/custom_msgs/include/custom_msgs/custom_msgs
[2.989s] -- Up-to-date: /home/hinfinity/Documents/robotica_2_2024/vision_ws/install/custom_msgs/include/custom_msgs/custom_msgs/msg
[2.989s] -- Up-to-date: /home/hinfinity/Documents/robotica_2_2024/vision_ws/install/custom_msgs/include/custom_msgs/custom_msgs/msg/rosidl_generator_c__visibility_control.h
[2.989s] -- Up-to-date: /home/hinfinity/Documents/robotica_2_2024/vision_ws/install/custom_msgs/include/custom_msgs/custom_msgs/msg/detail
[2.989s] -- Installing: /home/hinfinity/Documents/robotica_2_2024/vision_ws/install/custom_msgs/include/custom_msgs/custom_msgs/msg/detail/box__struct.h
[2.989s] -- Installing: /home/hinfinity/Documents/robotica_2_2024/vision_ws/install/custom_msgs/include/custom_msgs/custom_msgs/msg/detail/corner__functions.h
[2.989s] -- Installing: /home/hinfinity/Documents/robotica_2_2024/vision_ws/install/custom_msgs/include/custom_msgs/custom_msgs/msg/detail/corner__struct.h
[2.989s] -- Installing: /home/hinfinity/Documents/robotica_2_2024/vision_ws/install/custom_msgs/include/custom_msgs/custom_msgs/msg/detail/box__functions.h
[2.989s] -- Installing: /home/hinfinity/Documents/robotica_2_2024/vision_ws/install/custom_msgs/include/custom_msgs/custom_msgs/msg/detail/corner__functions.c
[2.989s] -- Installing: /home/hinfinity/Documents/robotica_2_2024/vision_ws/install/custom_msgs/include/custom_msgs/custom_msgs/msg/detail/box__functions.c
[2.989s] -- Installing: /home/hinfinity/Documents/robotica_2_2024/vision_ws/install/custom_msgs/include/custom_msgs/custom_msgs/msg/detail/corner__type_support.h
[2.989s] -- Installing: /home/hinfinity/Documents/robotica_2_2024/vision_ws/install/custom_msgs/include/custom_msgs/custom_msgs/msg/detail/box__type_support.h
[2.990s] -- Installing: /home/hinfinity/Documents/robotica_2_2024/vision_ws/install/custom_msgs/include/custom_msgs/custom_msgs/msg/box.h
[2.990s] -- Installing: /home/hinfinity/Documents/robotica_2_2024/vision_ws/install/custom_msgs/include/custom_msgs/custom_msgs/msg/corner.h
[2.990s] -- Up-to-date: /home/hinfinity/Documents/robotica_2_2024/vision_ws/install/custom_msgs/share/custom_msgs/environment/library_path.sh
[2.990s] -- Installing: /home/hinfinity/Documents/robotica_2_2024/vision_ws/install/custom_msgs/share/custom_msgs/environment/library_path.dsv
[2.990s] -- Installing: /home/hinfinity/Documents/robotica_2_2024/vision_ws/install/custom_msgs/lib/libcustom_msgs__rosidl_generator_c.so
[2.990s] -- Set runtime path of "/home/hinfinity/Documents/robotica_2_2024/vision_ws/install/custom_msgs/lib/libcustom_msgs__rosidl_generator_c.so" to ""
[2.990s] -- Up-to-date: /home/hinfinity/Documents/robotica_2_2024/vision_ws/install/custom_msgs/include/custom_msgs/custom_msgs
[2.990s] -- Up-to-date: /home/hinfinity/Documents/robotica_2_2024/vision_ws/install/custom_msgs/include/custom_msgs/custom_msgs/msg
[2.990s] -- Up-to-date: /home/hinfinity/Documents/robotica_2_2024/vision_ws/install/custom_msgs/include/custom_msgs/custom_msgs/msg/detail
[2.990s] -- Installing: /home/hinfinity/Documents/robotica_2_2024/vision_ws/install/custom_msgs/include/custom_msgs/custom_msgs/msg/detail/corner__rosidl_typesupport_fastrtps_c.h
[2.990s] -- Installing: /home/hinfinity/Documents/robotica_2_2024/vision_ws/install/custom_msgs/include/custom_msgs/custom_msgs/msg/detail/box__rosidl_typesupport_fastrtps_c.h
[2.990s] -- Up-to-date: /home/hinfinity/Documents/robotica_2_2024/vision_ws/install/custom_msgs/include/custom_msgs/custom_msgs/msg/rosidl_typesupport_fastrtps_c__visibility_control.h
[2.991s] -- Installing: /home/hinfinity/Documents/robotica_2_2024/vision_ws/install/custom_msgs/lib/libcustom_msgs__rosidl_typesupport_fastrtps_c.so
[2.991s] -- Set runtime path of "/home/hinfinity/Documents/robotica_2_2024/vision_ws/install/custom_msgs/lib/libcustom_msgs__rosidl_typesupport_fastrtps_c.so" to ""
[2.991s] -- Up-to-date: /home/hinfinity/Documents/robotica_2_2024/vision_ws/install/custom_msgs/include/custom_msgs/custom_msgs
[2.991s] -- Up-to-date: /home/hinfinity/Documents/robotica_2_2024/vision_ws/install/custom_msgs/include/custom_msgs/custom_msgs/msg
[2.991s] -- Up-to-date: /home/hinfinity/Documents/robotica_2_2024/vision_ws/install/custom_msgs/include/custom_msgs/custom_msgs/msg/detail
[2.991s] -- Installing: /home/hinfinity/Documents/robotica_2_2024/vision_ws/install/custom_msgs/include/custom_msgs/custom_msgs/msg/detail/box__rosidl_typesupport_introspection_c.h
[2.991s] -- Installing: /home/hinfinity/Documents/robotica_2_2024/vision_ws/install/custom_msgs/include/custom_msgs/custom_msgs/msg/detail/corner__type_support.c
[2.991s] -- Installing: /home/hinfinity/Documents/robotica_2_2024/vision_ws/install/custom_msgs/include/custom_msgs/custom_msgs/msg/detail/box__type_support.c
[2.991s] -- Installing: /home/hinfinity/Documents/robotica_2_2024/vision_ws/install/custom_msgs/include/custom_msgs/custom_msgs/msg/detail/corner__rosidl_typesupport_introspection_c.h
[2.991s] -- Up-to-date: /home/hinfinity/Documents/robotica_2_2024/vision_ws/install/custom_msgs/include/custom_msgs/custom_msgs/msg/rosidl_typesupport_introspection_c__visibility_control.h
[2.991s] -- Installing: /home/hinfinity/Documents/robotica_2_2024/vision_ws/install/custom_msgs/lib/libcustom_msgs__rosidl_typesupport_introspection_c.so
[2.991s] -- Set runtime path of "/home/hinfinity/Documents/robotica_2_2024/vision_ws/install/custom_msgs/lib/libcustom_msgs__rosidl_typesupport_introspection_c.so" to ""
[2.992s] -- Installing: /home/hinfinity/Documents/robotica_2_2024/vision_ws/install/custom_msgs/lib/libcustom_msgs__rosidl_typesupport_c.so
[2.992s] -- Set runtime path of "/home/hinfinity/Documents/robotica_2_2024/vision_ws/install/custom_msgs/lib/libcustom_msgs__rosidl_typesupport_c.so" to ""
[2.992s] -- Up-to-date: /home/hinfinity/Documents/robotica_2_2024/vision_ws/install/custom_msgs/include/custom_msgs/custom_msgs
[2.992s] -- Up-to-date: /home/hinfinity/Documents/robotica_2_2024/vision_ws/install/custom_msgs/include/custom_msgs/custom_msgs/msg
[2.992s] -- Up-to-date: /home/hinfinity/Documents/robotica_2_2024/vision_ws/install/custom_msgs/include/custom_msgs/custom_msgs/msg/detail
[2.992s] -- Installing: /home/hinfinity/Documents/robotica_2_2024/vision_ws/install/custom_msgs/include/custom_msgs/custom_msgs/msg/detail/box__builder.hpp
[2.992s] -- Installing: /home/hinfinity/Documents/robotica_2_2024/vision_ws/install/custom_msgs/include/custom_msgs/custom_msgs/msg/detail/box__struct.hpp
[2.992s] -- Installing: /home/hinfinity/Documents/robotica_2_2024/vision_ws/install/custom_msgs/include/custom_msgs/custom_msgs/msg/detail/corner__traits.hpp
[2.992s] -- Installing: /home/hinfinity/Documents/robotica_2_2024/vision_ws/install/custom_msgs/include/custom_msgs/custom_msgs/msg/detail/corner__struct.hpp
[2.992s] -- Installing: /home/hinfinity/Documents/robotica_2_2024/vision_ws/install/custom_msgs/include/custom_msgs/custom_msgs/msg/detail/corner__builder.hpp
[2.992s] -- Installing: /home/hinfinity/Documents/robotica_2_2024/vision_ws/install/custom_msgs/include/custom_msgs/custom_msgs/msg/detail/box__traits.hpp
[2.992s] -- Installing: /home/hinfinity/Documents/robotica_2_2024/vision_ws/install/custom_msgs/include/custom_msgs/custom_msgs/msg/box.hpp
[2.993s] -- Installing: /home/hinfinity/Documents/robotica_2_2024/vision_ws/install/custom_msgs/include/custom_msgs/custom_msgs/msg/corner.hpp
[2.993s] -- Up-to-date: /home/hinfinity/Documents/robotica_2_2024/vision_ws/install/custom_msgs/include/custom_msgs/custom_msgs
[2.993s] -- Up-to-date: /home/hinfinity/Documents/robotica_2_2024/vision_ws/install/custom_msgs/include/custom_msgs/custom_msgs/msg
[2.993s] -- Up-to-date: /home/hinfinity/Documents/robotica_2_2024/vision_ws/install/custom_msgs/include/custom_msgs/custom_msgs/msg/detail
[2.993s] -- Up-to-date: /home/hinfinity/Documents/robotica_2_2024/vision_ws/install/custom_msgs/include/custom_msgs/custom_msgs/msg/detail/dds_fastrtps
[2.993s] -- Installing: /home/hinfinity/Documents/robotica_2_2024/vision_ws/install/custom_msgs/include/custom_msgs/custom_msgs/msg/detail/corner__rosidl_typesupport_fastrtps_cpp.hpp
[2.993s] -- Installing: /home/hinfinity/Documents/robotica_2_2024/vision_ws/install/custom_msgs/include/custom_msgs/custom_msgs/msg/detail/box__rosidl_typesupport_fastrtps_cpp.hpp
[2.993s] -- Up-to-date: /home/hinfinity/Documents/robotica_2_2024/vision_ws/install/custom_msgs/include/custom_msgs/custom_msgs/msg/rosidl_typesupport_fastrtps_cpp__visibility_control.h
[2.993s] -- Installing: /home/hinfinity/Documents/robotica_2_2024/vision_ws/install/custom_msgs/lib/libcustom_msgs__rosidl_typesupport_fastrtps_cpp.so
[2.993s] -- Set runtime path of "/home/hinfinity/Documents/robotica_2_2024/vision_ws/install/custom_msgs/lib/libcustom_msgs__rosidl_typesupport_fastrtps_cpp.so" to ""
[2.993s] -- Up-to-date: /home/hinfinity/Documents/robotica_2_2024/vision_ws/install/custom_msgs/include/custom_msgs/custom_msgs
[2.993s] -- Up-to-date: /home/hinfinity/Documents/robotica_2_2024/vision_ws/install/custom_msgs/include/custom_msgs/custom_msgs/msg
[2.993s] -- Up-to-date: /home/hinfinity/Documents/robotica_2_2024/vision_ws/install/custom_msgs/include/custom_msgs/custom_msgs/msg/detail
[2.993s] -- Installing: /home/hinfinity/Documents/robotica_2_2024/vision_ws/install/custom_msgs/include/custom_msgs/custom_msgs/msg/detail/corner__rosidl_typesupport_introspection_cpp.hpp
[2.994s] -- Installing: /home/hinfinity/Documents/robotica_2_2024/vision_ws/install/custom_msgs/include/custom_msgs/custom_msgs/msg/detail/corner__type_support.cpp
[2.994s] -- Installing: /home/hinfinity/Documents/robotica_2_2024/vision_ws/install/custom_msgs/include/custom_msgs/custom_msgs/msg/detail/box__rosidl_typesupport_introspection_cpp.hpp
[2.994s] -- Installing: /home/hinfinity/Documents/robotica_2_2024/vision_ws/install/custom_msgs/include/custom_msgs/custom_msgs/msg/detail/box__type_support.cpp
[2.994s] -- Installing: /home/hinfinity/Documents/robotica_2_2024/vision_ws/install/custom_msgs/lib/libcustom_msgs__rosidl_typesupport_introspection_cpp.so
[2.994s] -- Set runtime path of "/home/hinfinity/Documents/robotica_2_2024/vision_ws/install/custom_msgs/lib/libcustom_msgs__rosidl_typesupport_introspection_cpp.so" to ""
[2.994s] -- Installing: /home/hinfinity/Documents/robotica_2_2024/vision_ws/install/custom_msgs/lib/libcustom_msgs__rosidl_typesupport_cpp.so
[2.994s] -- Set runtime path of "/home/hinfinity/Documents/robotica_2_2024/vision_ws/install/custom_msgs/lib/libcustom_msgs__rosidl_typesupport_cpp.so" to ""
[2.994s] -- Up-to-date: /home/hinfinity/Documents/robotica_2_2024/vision_ws/install/custom_msgs/share/custom_msgs/environment/pythonpath.sh
[2.994s] -- Installing: /home/hinfinity/Documents/robotica_2_2024/vision_ws/install/custom_msgs/share/custom_msgs/environment/pythonpath.dsv
[2.995s] -- Up-to-date: /home/hinfinity/Documents/robotica_2_2024/vision_ws/install/custom_msgs/local/lib/python3.10/dist-packages/custom_msgs-0.0.0-py3.10.egg-info
[2.995s] -- Installing: /home/hinfinity/Documents/robotica_2_2024/vision_ws/install/custom_msgs/local/lib/python3.10/dist-packages/custom_msgs-0.0.0-py3.10.egg-info/top_level.txt
[2.995s] -- Installing: /home/hinfinity/Documents/robotica_2_2024/vision_ws/install/custom_msgs/local/lib/python3.10/dist-packages/custom_msgs-0.0.0-py3.10.egg-info/dependency_links.txt
[2.995s] -- Installing: /home/hinfinity/Documents/robotica_2_2024/vision_ws/install/custom_msgs/local/lib/python3.10/dist-packages/custom_msgs-0.0.0-py3.10.egg-info/SOURCES.txt
[2.995s] -- Installing: /home/hinfinity/Documents/robotica_2_2024/vision_ws/install/custom_msgs/local/lib/python3.10/dist-packages/custom_msgs-0.0.0-py3.10.egg-info/PKG-INFO
[2.995s] -- Up-to-date: /home/hinfinity/Documents/robotica_2_2024/vision_ws/install/custom_msgs/local/lib/python3.10/dist-packages/custom_msgs
[2.995s] -- Installing: /home/hinfinity/Documents/robotica_2_2024/vision_ws/install/custom_msgs/local/lib/python3.10/dist-packages/custom_msgs/custom_msgs_s__rosidl_typesupport_introspection_c.cpython-310-x86_64-linux-gnu.so
[2.995s] -- Installing: /home/hinfinity/Documents/robotica_2_2024/vision_ws/install/custom_msgs/local/lib/python3.10/dist-packages/custom_msgs/_custom_msgs_s.ep.rosidl_typesupport_c.c
[2.995s] -- Installing: /home/hinfinity/Documents/robotica_2_2024/vision_ws/install/custom_msgs/local/lib/python3.10/dist-packages/custom_msgs/_custom_msgs_s.ep.rosidl_typesupport_introspection_c.c
[2.995s] -- Installing: /home/hinfinity/Documents/robotica_2_2024/vision_ws/install/custom_msgs/local/lib/python3.10/dist-packages/custom_msgs/custom_msgs_s__rosidl_typesupport_fastrtps_c.cpython-310-x86_64-linux-gnu.so
[2.995s] -- Installing: /home/hinfinity/Documents/robotica_2_2024/vision_ws/install/custom_msgs/local/lib/python3.10/dist-packages/custom_msgs/__init__.py
[2.995s] -- Installing: /home/hinfinity/Documents/robotica_2_2024/vision_ws/install/custom_msgs/local/lib/python3.10/dist-packages/custom_msgs/libcustom_msgs__rosidl_generator_py.so
[2.995s] -- Installing: /home/hinfinity/Documents/robotica_2_2024/vision_ws/install/custom_msgs/local/lib/python3.10/dist-packages/custom_msgs/_custom_msgs_s.ep.rosidl_typesupport_fastrtps_c.c
[2.996s] -- Installing: /home/hinfinity/Documents/robotica_2_2024/vision_ws/install/custom_msgs/local/lib/python3.10/dist-packages/custom_msgs/custom_msgs_s__rosidl_typesupport_c.cpython-310-x86_64-linux-gnu.so
[2.996s] -- Up-to-date: /home/hinfinity/Documents/robotica_2_2024/vision_ws/install/custom_msgs/local/lib/python3.10/dist-packages/custom_msgs/msg
[2.996s] -- Installing: /home/hinfinity/Documents/robotica_2_2024/vision_ws/install/custom_msgs/local/lib/python3.10/dist-packages/custom_msgs/msg/_box_s.c
[2.996s] -- Installing: /home/hinfinity/Documents/robotica_2_2024/vision_ws/install/custom_msgs/local/lib/python3.10/dist-packages/custom_msgs/msg/_corner_s.c
[2.996s] -- Installing: /home/hinfinity/Documents/robotica_2_2024/vision_ws/install/custom_msgs/local/lib/python3.10/dist-packages/custom_msgs/msg/_corner.py
[2.996s] -- Installing: /home/hinfinity/Documents/robotica_2_2024/vision_ws/install/custom_msgs/local/lib/python3.10/dist-packages/custom_msgs/msg/__init__.py
[2.996s] -- Installing: /home/hinfinity/Documents/robotica_2_2024/vision_ws/install/custom_msgs/local/lib/python3.10/dist-packages/custom_msgs/msg/_box.py
[3.025s] Listing '/home/hinfinity/Documents/robotica_2_2024/vision_ws/install/custom_msgs/local/lib/python3.10/dist-packages/custom_msgs'...
[3.025s] Compiling '/home/hinfinity/Documents/robotica_2_2024/vision_ws/install/custom_msgs/local/lib/python3.10/dist-packages/custom_msgs/__init__.py'...
[3.025s] Listing '/home/hinfinity/Documents/robotica_2_2024/vision_ws/install/custom_msgs/local/lib/python3.10/dist-packages/custom_msgs/msg'...
[3.025s] Compiling '/home/hinfinity/Documents/robotica_2_2024/vision_ws/install/custom_msgs/local/lib/python3.10/dist-packages/custom_msgs/msg/__init__.py'...
[3.025s] Compiling '/home/hinfinity/Documents/robotica_2_2024/vision_ws/install/custom_msgs/local/lib/python3.10/dist-packages/custom_msgs/msg/_box.py'...
[3.025s] Compiling '/home/hinfinity/Documents/robotica_2_2024/vision_ws/install/custom_msgs/local/lib/python3.10/dist-packages/custom_msgs/msg/_corner.py'...
[3.028s] -- Installing: /home/hinfinity/Documents/robotica_2_2024/vision_ws/install/custom_msgs/local/lib/python3.10/dist-packages/custom_msgs/custom_msgs_s__rosidl_typesupport_fastrtps_c.cpython-310-x86_64-linux-gnu.so
[3.029s] -- Set runtime path of "/home/hinfinity/Documents/robotica_2_2024/vision_ws/install/custom_msgs/local/lib/python3.10/dist-packages/custom_msgs/custom_msgs_s__rosidl_typesupport_fastrtps_c.cpython-310-x86_64-linux-gnu.so" to ""
[3.029s] -- Installing: /home/hinfinity/Documents/robotica_2_2024/vision_ws/install/custom_msgs/local/lib/python3.10/dist-packages/custom_msgs/custom_msgs_s__rosidl_typesupport_introspection_c.cpython-310-x86_64-linux-gnu.so
[3.029s] -- Set runtime path of "/home/hinfinity/Documents/robotica_2_2024/vision_ws/install/custom_msgs/local/lib/python3.10/dist-packages/custom_msgs/custom_msgs_s__rosidl_typesupport_introspection_c.cpython-310-x86_64-linux-gnu.so" to ""
[3.029s] -- Installing: /home/hinfinity/Documents/robotica_2_2024/vision_ws/install/custom_msgs/local/lib/python3.10/dist-packages/custom_msgs/custom_msgs_s__rosidl_typesupport_c.cpython-310-x86_64-linux-gnu.so
[3.029s] -- Set runtime path of "/home/hinfinity/Documents/robotica_2_2024/vision_ws/install/custom_msgs/local/lib/python3.10/dist-packages/custom_msgs/custom_msgs_s__rosidl_typesupport_c.cpython-310-x86_64-linux-gnu.so" to ""
[3.029s] -- Installing: /home/hinfinity/Documents/robotica_2_2024/vision_ws/install/custom_msgs/lib/libcustom_msgs__rosidl_generator_py.so
[3.030s] -- Set runtime path of "/home/hinfinity/Documents/robotica_2_2024/vision_ws/install/custom_msgs/lib/libcustom_msgs__rosidl_generator_py.so" to ""
[3.030s] -- Up-to-date: /home/hinfinity/Documents/robotica_2_2024/vision_ws/install/custom_msgs/share/custom_msgs/msg/Corner.idl
[3.030s] -- Installing: /home/hinfinity/Documents/robotica_2_2024/vision_ws/install/custom_msgs/share/custom_msgs/msg/Box.idl
[3.030s] -- Up-to-date: /home/hinfinity/Documents/robotica_2_2024/vision_ws/install/custom_msgs/share/custom_msgs/msg/Corner.msg
[3.030s] -- Installing: /home/hinfinity/Documents/robotica_2_2024/vision_ws/install/custom_msgs/share/custom_msgs/msg/Box.msg
[3.030s] -- Installing: /home/hinfinity/Documents/robotica_2_2024/vision_ws/install/custom_msgs/share/ament_index/resource_index/package_run_dependencies/custom_msgs
[3.030s] -- Installing: /home/hinfinity/Documents/robotica_2_2024/vision_ws/install/custom_msgs/share/ament_index/resource_index/parent_prefix_path/custom_msgs
[3.030s] -- Up-to-date: /home/hinfinity/Documents/robotica_2_2024/vision_ws/install/custom_msgs/share/custom_msgs/environment/ament_prefix_path.sh
[3.030s] -- Installing: /home/hinfinity/Documents/robotica_2_2024/vision_ws/install/custom_msgs/share/custom_msgs/environment/ament_prefix_path.dsv
[3.030s] -- Up-to-date: /home/hinfinity/Documents/robotica_2_2024/vision_ws/install/custom_msgs/share/custom_msgs/environment/path.sh
[3.030s] -- Installing: /home/hinfinity/Documents/robotica_2_2024/vision_ws/install/custom_msgs/share/custom_msgs/environment/path.dsv
[3.030s] -- Up-to-date: /home/hinfinity/Documents/robotica_2_2024/vision_ws/install/custom_msgs/share/custom_msgs/local_setup.bash
[3.030s] -- Up-to-date: /home/hinfinity/Documents/robotica_2_2024/vision_ws/install/custom_msgs/share/custom_msgs/local_setup.sh
[3.031s] -- Up-to-date: /home/hinfinity/Documents/robotica_2_2024/vision_ws/install/custom_msgs/share/custom_msgs/local_setup.zsh
[3.031s] -- Installing: /home/hinfinity/Documents/robotica_2_2024/vision_ws/install/custom_msgs/share/custom_msgs/local_setup.dsv
[3.031s] -- Installing: /home/hinfinity/Documents/robotica_2_2024/vision_ws/install/custom_msgs/share/custom_msgs/package.dsv
[3.031s] -- Up-to-date: /home/hinfinity/Documents/robotica_2_2024/vision_ws/install/custom_msgs/share/ament_index/resource_index/packages/custom_msgs
[3.031s] -- Old export file "/home/hinfinity/Documents/robotica_2_2024/vision_ws/install/custom_msgs/share/custom_msgs/cmake/export_custom_msgs__rosidl_generator_cExport.cmake" will be replaced.  Removing files [/home/hinfinity/Documents/robotica_2_2024/vision_ws/install/custom_msgs/share/custom_msgs/cmake/export_custom_msgs__rosidl_generator_cExport-noconfig.cmake].
[3.031s] -- Installing: /home/hinfinity/Documents/robotica_2_2024/vision_ws/install/custom_msgs/share/custom_msgs/cmake/export_custom_msgs__rosidl_generator_cExport.cmake
[3.031s] -- Installing: /home/hinfinity/Documents/robotica_2_2024/vision_ws/install/custom_msgs/share/custom_msgs/cmake/export_custom_msgs__rosidl_generator_cExport-noconfig.cmake
[3.031s] -- Old export file "/home/hinfinity/Documents/robotica_2_2024/vision_ws/install/custom_msgs/share/custom_msgs/cmake/export_custom_msgs__rosidl_typesupport_fastrtps_cExport.cmake" will be replaced.  Removing files [/home/hinfinity/Documents/robotica_2_2024/vision_ws/install/custom_msgs/share/custom_msgs/cmake/export_custom_msgs__rosidl_typesupport_fastrtps_cExport-noconfig.cmake].
[3.031s] -- Installing: /home/hinfinity/Documents/robotica_2_2024/vision_ws/install/custom_msgs/share/custom_msgs/cmake/export_custom_msgs__rosidl_typesupport_fastrtps_cExport.cmake
[3.031s] -- Installing: /home/hinfinity/Documents/robotica_2_2024/vision_ws/install/custom_msgs/share/custom_msgs/cmake/export_custom_msgs__rosidl_typesupport_fastrtps_cExport-noconfig.cmake
[3.031s] -- Old export file "/home/hinfinity/Documents/robotica_2_2024/vision_ws/install/custom_msgs/share/custom_msgs/cmake/custom_msgs__rosidl_typesupport_introspection_cExport.cmake" will be replaced.  Removing files [/home/hinfinity/Documents/robotica_2_2024/vision_ws/install/custom_msgs/share/custom_msgs/cmake/custom_msgs__rosidl_typesupport_introspection_cExport-noconfig.cmake].
[3.031s] -- Installing: /home/hinfinity/Documents/robotica_2_2024/vision_ws/install/custom_msgs/share/custom_msgs/cmake/custom_msgs__rosidl_typesupport_introspection_cExport.cmake
[3.032s] -- Installing: /home/hinfinity/Documents/robotica_2_2024/vision_ws/install/custom_msgs/share/custom_msgs/cmake/custom_msgs__rosidl_typesupport_introspection_cExport-noconfig.cmake
[3.032s] -- Old export file "/home/hinfinity/Documents/robotica_2_2024/vision_ws/install/custom_msgs/share/custom_msgs/cmake/custom_msgs__rosidl_typesupport_cExport.cmake" will be replaced.  Removing files [/home/hinfinity/Documents/robotica_2_2024/vision_ws/install/custom_msgs/share/custom_msgs/cmake/custom_msgs__rosidl_typesupport_cExport-noconfig.cmake].
[3.032s] -- Installing: /home/hinfinity/Documents/robotica_2_2024/vision_ws/install/custom_msgs/share/custom_msgs/cmake/custom_msgs__rosidl_typesupport_cExport.cmake
[3.032s] -- Installing: /home/hinfinity/Documents/robotica_2_2024/vision_ws/install/custom_msgs/share/custom_msgs/cmake/custom_msgs__rosidl_typesupport_cExport-noconfig.cmake
[3.032s] -- Installing: /home/hinfinity/Documents/robotica_2_2024/vision_ws/install/custom_msgs/share/custom_msgs/cmake/export_custom_msgs__rosidl_generator_cppExport.cmake
[3.032s] -- Old export file "/home/hinfinity/Documents/robotica_2_2024/vision_ws/install/custom_msgs/share/custom_msgs/cmake/export_custom_msgs__rosidl_typesupport_fastrtps_cppExport.cmake" will be replaced.  Removing files [/home/hinfinity/Documents/robotica_2_2024/vision_ws/install/custom_msgs/share/custom_msgs/cmake/export_custom_msgs__rosidl_typesupport_fastrtps_cppExport-noconfig.cmake].
[3.032s] -- Installing: /home/hinfinity/Documents/robotica_2_2024/vision_ws/install/custom_msgs/share/custom_msgs/cmake/export_custom_msgs__rosidl_typesupport_fastrtps_cppExport.cmake
[3.033s] -- Installing: /home/hinfinity/Documents/robotica_2_2024/vision_ws/install/custom_msgs/share/custom_msgs/cmake/export_custom_msgs__rosidl_typesupport_fastrtps_cppExport-noconfig.cmake
[3.033s] -- Old export file "/home/hinfinity/Documents/robotica_2_2024/vision_ws/install/custom_msgs/share/custom_msgs/cmake/custom_msgs__rosidl_typesupport_introspection_cppExport.cmake" will be replaced.  Removing files [/home/hinfinity/Documents/robotica_2_2024/vision_ws/install/custom_msgs/share/custom_msgs/cmake/custom_msgs__rosidl_typesupport_introspection_cppExport-noconfig.cmake].
[3.033s] -- Installing: /home/hinfinity/Documents/robotica_2_2024/vision_ws/install/custom_msgs/share/custom_msgs/cmake/custom_msgs__rosidl_typesupport_introspection_cppExport.cmake
[3.033s] -- Installing: /home/hinfinity/Documents/robotica_2_2024/vision_ws/install/custom_msgs/share/custom_msgs/cmake/custom_msgs__rosidl_typesupport_introspection_cppExport-noconfig.cmake
[3.033s] -- Old export file "/home/hinfinity/Documents/robotica_2_2024/vision_ws/install/custom_msgs/share/custom_msgs/cmake/custom_msgs__rosidl_typesupport_cppExport.cmake" will be replaced.  Removing files [/home/hinfinity/Documents/robotica_2_2024/vision_ws/install/custom_msgs/share/custom_msgs/cmake/custom_msgs__rosidl_typesupport_cppExport-noconfig.cmake].
[3.033s] -- Installing: /home/hinfinity/Documents/robotica_2_2024/vision_ws/install/custom_msgs/share/custom_msgs/cmake/custom_msgs__rosidl_typesupport_cppExport.cmake
[3.033s] -- Installing: /home/hinfinity/Documents/robotica_2_2024/vision_ws/install/custom_msgs/share/custom_msgs/cmake/custom_msgs__rosidl_typesupport_cppExport-noconfig.cmake
[3.033s] -- Old export file "/home/hinfinity/Documents/robotica_2_2024/vision_ws/install/custom_msgs/share/custom_msgs/cmake/export_custom_msgs__rosidl_generator_pyExport.cmake" will be replaced.  Removing files [/home/hinfinity/Documents/robotica_2_2024/vision_ws/install/custom_msgs/share/custom_msgs/cmake/export_custom_msgs__rosidl_generator_pyExport-noconfig.cmake].
[3.033s] -- Installing: /home/hinfinity/Documents/robotica_2_2024/vision_ws/install/custom_msgs/share/custom_msgs/cmake/export_custom_msgs__rosidl_generator_pyExport.cmake
[3.033s] -- Installing: /home/hinfinity/Documents/robotica_2_2024/vision_ws/install/custom_msgs/share/custom_msgs/cmake/export_custom_msgs__rosidl_generator_pyExport-noconfig.cmake
[3.033s] -- Up-to-date: /home/hinfinity/Documents/robotica_2_2024/vision_ws/install/custom_msgs/share/custom_msgs/cmake/rosidl_cmake-extras.cmake
[3.034s] -- Installing: /home/hinfinity/Documents/robotica_2_2024/vision_ws/install/custom_msgs/share/custom_msgs/cmake/ament_cmake_export_dependencies-extras.cmake
[3.034s] -- Up-to-date: /home/hinfinity/Documents/robotica_2_2024/vision_ws/install/custom_msgs/share/custom_msgs/cmake/ament_cmake_export_include_directories-extras.cmake
[3.034s] -- Up-to-date: /home/hinfinity/Documents/robotica_2_2024/vision_ws/install/custom_msgs/share/custom_msgs/cmake/ament_cmake_export_libraries-extras.cmake
[3.034s] -- Up-to-date: /home/hinfinity/Documents/robotica_2_2024/vision_ws/install/custom_msgs/share/custom_msgs/cmake/ament_cmake_export_targets-extras.cmake
[3.034s] -- Up-to-date: /home/hinfinity/Documents/robotica_2_2024/vision_ws/install/custom_msgs/share/custom_msgs/cmake/rosidl_cmake_export_typesupport_targets-extras.cmake
[3.034s] -- Up-to-date: /home/hinfinity/Documents/robotica_2_2024/vision_ws/install/custom_msgs/share/custom_msgs/cmake/rosidl_cmake_export_typesupport_libraries-extras.cmake
[3.034s] -- Installing: /home/hinfinity/Documents/robotica_2_2024/vision_ws/install/custom_msgs/share/custom_msgs/cmake/custom_msgsConfig.cmake
[3.034s] -- Up-to-date: /home/hinfinity/Documents/robotica_2_2024/vision_ws/install/custom_msgs/share/custom_msgs/cmake/custom_msgsConfig-version.cmake
[3.034s] -- Installing: /home/hinfinity/Documents/robotica_2_2024/vision_ws/install/custom_msgs/share/custom_msgs/package.xml
[3.036s] Invoked command in '/home/hinfinity/Documents/robotica_2_2024/vision_ws/build/custom_msgs' returned '0': CMAKE_PREFIX_PATH=${CMAKE_PREFIX_PATH}:/home/hinfinity/Documents/robotica_2_2024/vision_ws/install/camera_vision:/opt/ros/humble /usr/bin/cmake --install /home/hinfinity/Documents/robotica_2_2024/vision_ws/build/custom_msgs
