[0.050s] Invoking command in '/home/integralmilk03/robotica_2_2024/examen2_ws/build/ejercicio3': CMAKE_PREFIX_PATH=${CMAKE_PREFIX_PATH}:/home/integralmilk03/robotica/robotica_2_2024/examen2_ws/install/ejercicio4:/opt/ros/humble /usr/bin/cmake /home/integralmilk03/robotica_2_2024/examen2_ws/src/ejercicio3 -DCMAKE_INSTALL_PREFIX=/home/integralmilk03/robotica_2_2024/examen2_ws/install/ejercicio3
[0.430s] -- The C compiler identification is GNU 11.4.0
[1.721s] -- The CXX compiler identification is GNU 11.4.0
[2.658s] -- Detecting C compiler ABI info
[2.922s] -- Detecting C compiler ABI info - done
[2.929s] -- Check for working C compiler: /usr/bin/cc - skipped
[2.929s] -- Detecting C compile features
[2.929s] -- Detecting C compile features - done
[2.931s] -- Detecting CXX compiler ABI info
[3.155s] -- Detecting CXX compiler ABI info - done
[3.162s] -- Check for working CXX compiler: /usr/bin/c++ - skipped
[3.162s] -- Detecting CXX compile features
[3.162s] -- Detecting CXX compile features - done
[3.166s] -- Found ament_cmake: 1.3.10 (/opt/ros/humble/share/ament_cmake/cmake)
[3.314s] -- Found Python3: /usr/bin/python3 (found version "3.10.12") found components: Interpreter 
[3.396s] -- Found ament_lint_auto: 0.12.11 (/opt/ros/humble/share/ament_lint_auto/cmake)
[3.506s] -- Added test 'lint_cmake' to check CMake code style
[3.507s] -- Added test 'xmllint' to check XML markup files
[3.508s] -- Configuring done
[3.511s] -- Generating done
[3.512s] -- Build files have been written to: /home/integralmilk03/robotica_2_2024/examen2_ws/build/ejercicio3
[3.515s] Invoked command in '/home/integralmilk03/robotica_2_2024/examen2_ws/build/ejercicio3' returned '0': CMAKE_PREFIX_PATH=${CMAKE_PREFIX_PATH}:/home/integralmilk03/robotica/robotica_2_2024/examen2_ws/install/ejercicio4:/opt/ros/humble /usr/bin/cmake /home/integralmilk03/robotica_2_2024/examen2_ws/src/ejercicio3 -DCMAKE_INSTALL_PREFIX=/home/integralmilk03/robotica_2_2024/examen2_ws/install/ejercicio3
[3.518s] Invoking command in '/home/integralmilk03/robotica_2_2024/examen2_ws/build/ejercicio3': CMAKE_PREFIX_PATH=${CMAKE_PREFIX_PATH}:/home/integralmilk03/robotica/robotica_2_2024/examen2_ws/install/ejercicio4:/opt/ros/humble /usr/bin/cmake --build /home/integralmilk03/robotica_2_2024/examen2_ws/build/ejercicio3 -- -j12 -l12
[3.551s] Invoked command in '/home/integralmilk03/robotica_2_2024/examen2_ws/build/ejercicio3' returned '0': CMAKE_PREFIX_PATH=${CMAKE_PREFIX_PATH}:/home/integralmilk03/robotica/robotica_2_2024/examen2_ws/install/ejercicio4:/opt/ros/humble /usr/bin/cmake --build /home/integralmilk03/robotica_2_2024/examen2_ws/build/ejercicio3 -- -j12 -l12
[3.569s] Invoking command in '/home/integralmilk03/robotica_2_2024/examen2_ws/build/ejercicio3': CMAKE_PREFIX_PATH=${CMAKE_PREFIX_PATH}:/home/integralmilk03/robotica/robotica_2_2024/examen2_ws/install/ejercicio4:/opt/ros/humble /usr/bin/cmake --install /home/integralmilk03/robotica_2_2024/examen2_ws/build/ejercicio3
[3.576s] -- Install configuration: ""
[3.577s] -- Installing: /home/integralmilk03/robotica_2_2024/examen2_ws/install/ejercicio3/share/ament_index/resource_index/package_run_dependencies/ejercicio3
[3.578s] -- Installing: /home/integralmilk03/robotica_2_2024/examen2_ws/install/ejercicio3/share/ament_index/resource_index/parent_prefix_path/ejercicio3
[3.578s] -- Installing: /home/integralmilk03/robotica_2_2024/examen2_ws/install/ejercicio3/share/ejercicio3/environment/ament_prefix_path.sh
[3.578s] -- Installing: /home/integralmilk03/robotica_2_2024/examen2_ws/install/ejercicio3/share/ejercicio3/environment/ament_prefix_path.dsv
[3.578s] -- Installing: /home/integralmilk03/robotica_2_2024/examen2_ws/install/ejercicio3/share/ejercicio3/environment/path.sh
[3.579s] -- Installing: /home/integralmilk03/robotica_2_2024/examen2_ws/install/ejercicio3/share/ejercicio3/environment/path.dsv
[3.579s] -- Installing: /home/integralmilk03/robotica_2_2024/examen2_ws/install/ejercicio3/share/ejercicio3/local_setup.bash
[3.579s] -- Installing: /home/integralmilk03/robotica_2_2024/examen2_ws/install/ejercicio3/share/ejercicio3/local_setup.sh
[3.579s] -- Installing: /home/integralmilk03/robotica_2_2024/examen2_ws/install/ejercicio3/share/ejercicio3/local_setup.zsh
[3.579s] -- Installing: /home/integralmilk03/robotica_2_2024/examen2_ws/install/ejercicio3/share/ejercicio3/local_setup.dsv
[3.579s] -- Installing: /home/integralmilk03/robotica_2_2024/examen2_ws/install/ejercicio3/share/ejercicio3/package.dsv
[3.580s] -- Installing: /home/integralmilk03/robotica_2_2024/examen2_ws/install/ejercicio3/share/ament_index/resource_index/packages/ejercicio3
[3.580s] -- Installing: /home/integralmilk03/robotica_2_2024/examen2_ws/install/ejercicio3/share/ejercicio3/cmake/ejercicio3Config.cmake
[3.580s] -- Installing: /home/integralmilk03/robotica_2_2024/examen2_ws/install/ejercicio3/share/ejercicio3/cmake/ejercicio3Config-version.cmake
[3.580s] -- Installing: /home/integralmilk03/robotica_2_2024/examen2_ws/install/ejercicio3/share/ejercicio3/package.xml
[3.583s] Invoked command in '/home/integralmilk03/robotica_2_2024/examen2_ws/build/ejercicio3' returned '0': CMAKE_PREFIX_PATH=${CMAKE_PREFIX_PATH}:/home/integralmilk03/robotica/robotica_2_2024/examen2_ws/install/ejercicio4:/opt/ros/humble /usr/bin/cmake --install /home/integralmilk03/robotica_2_2024/examen2_ws/build/ejercicio3
