-- Install configuration: ""
-- Up-to-date: /home/integralmilk03/robotica_2_2024/examen2_ws/install/custom_panda/share/ament_index/resource_index/package_run_dependencies/custom_panda
-- Up-to-date: /home/integralmilk03/robotica_2_2024/examen2_ws/install/custom_panda/share/ament_index/resource_index/parent_prefix_path/custom_panda
-- Up-to-date: /home/integralmilk03/robotica_2_2024/examen2_ws/install/custom_panda/share/custom_panda/environment/ament_prefix_path.sh
-- Up-to-date: /home/integralmilk03/robotica_2_2024/examen2_ws/install/custom_panda/share/custom_panda/environment/ament_prefix_path.dsv
-- Up-to-date: /home/integralmilk03/robotica_2_2024/examen2_ws/install/custom_panda/share/custom_panda/environment/path.sh
-- Up-to-date: /home/integralmilk03/robotica_2_2024/examen2_ws/install/custom_panda/share/custom_panda/environment/path.dsv
-- Up-to-date: /home/integralmilk03/robotica_2_2024/examen2_ws/install/custom_panda/share/custom_panda/local_setup.bash
-- Up-to-date: /home/integralmilk03/robotica_2_2024/examen2_ws/install/custom_panda/share/custom_panda/local_setup.sh
-- Up-to-date: /home/integralmilk03/robotica_2_2024/examen2_ws/install/custom_panda/share/custom_panda/local_setup.zsh
-- Up-to-date: /home/integralmilk03/robotica_2_2024/examen2_ws/install/custom_panda/share/custom_panda/local_setup.dsv
-- Up-to-date: /home/integralmilk03/robotica_2_2024/examen2_ws/install/custom_panda/share/custom_panda/package.dsv
-- Up-to-date: /home/integralmilk03/robotica_2_2024/examen2_ws/install/custom_panda/share/ament_index/resource_index/packages/custom_panda
-- Up-to-date: /home/integralmilk03/robotica_2_2024/examen2_ws/install/custom_panda/share/custom_panda/cmake/custom_pandaConfig.cmake
-- Up-to-date: /home/integralmilk03/robotica_2_2024/examen2_ws/install/custom_panda/share/custom_panda/cmake/custom_pandaConfig-version.cmake
-- Up-to-date: /home/integralmilk03/robotica_2_2024/examen2_ws/install/custom_panda/share/custom_panda/package.xml
-- Up-to-date: /home/integralmilk03/robotica_2_2024/examen2_ws/install/custom_panda/share/custom_panda/launch
-- Up-to-date: /home/integralmilk03/robotica_2_2024/examen2_ws/install/custom_panda/share/custom_panda/launch/rsp.launch.py
-- Up-to-date: /home/integralmilk03/robotica_2_2024/examen2_ws/install/custom_panda/share/custom_panda/launch/spawn_controllers.launch.py
-- Up-to-date: /home/integralmilk03/robotica_2_2024/examen2_ws/install/custom_panda/share/custom_panda/launch/warehouse_db.launch.py
-- Up-to-date: /home/integralmilk03/robotica_2_2024/examen2_ws/install/custom_panda/share/custom_panda/launch/moveit_rviz.launch.py
-- Up-to-date: /home/integralmilk03/robotica_2_2024/examen2_ws/install/custom_panda/share/custom_panda/launch/demo.launch.py
-- Up-to-date: /home/integralmilk03/robotica_2_2024/examen2_ws/install/custom_panda/share/custom_panda/launch/static_virtual_joint_tfs.launch.py
-- Up-to-date: /home/integralmilk03/robotica_2_2024/examen2_ws/install/custom_panda/share/custom_panda/launch/setup_assistant.launch.py
-- Up-to-date: /home/integralmilk03/robotica_2_2024/examen2_ws/install/custom_panda/share/custom_panda/launch/move_group.launch.py
-- Up-to-date: /home/integralmilk03/robotica_2_2024/examen2_ws/install/custom_panda/share/custom_panda/config
-- Up-to-date: /home/integralmilk03/robotica_2_2024/examen2_ws/install/custom_panda/share/custom_panda/config/initial_positions.yaml
-- Up-to-date: /home/integralmilk03/robotica_2_2024/examen2_ws/install/custom_panda/share/custom_panda/config/kinematics.yaml
-- Up-to-date: /home/integralmilk03/robotica_2_2024/examen2_ws/install/custom_panda/share/custom_panda/config/panda.urdf.xacro
-- Up-to-date: /home/integralmilk03/robotica_2_2024/examen2_ws/install/custom_panda/share/custom_panda/config/joint_limits.yaml
-- Up-to-date: /home/integralmilk03/robotica_2_2024/examen2_ws/install/custom_panda/share/custom_panda/config/pilz_cartesian_limits.yaml
-- Up-to-date: /home/integralmilk03/robotica_2_2024/examen2_ws/install/custom_panda/share/custom_panda/config/ros2_controllers.yaml
-- Up-to-date: /home/integralmilk03/robotica_2_2024/examen2_ws/install/custom_panda/share/custom_panda/config/sensors_3d.yaml
-- Up-to-date: /home/integralmilk03/robotica_2_2024/examen2_ws/install/custom_panda/share/custom_panda/config/moveit.rviz
-- Up-to-date: /home/integralmilk03/robotica_2_2024/examen2_ws/install/custom_panda/share/custom_panda/config/panda.ros2_control.xacro
-- Up-to-date: /home/integralmilk03/robotica_2_2024/examen2_ws/install/custom_panda/share/custom_panda/config/moveit_controllers.yaml
-- Up-to-date: /home/integralmilk03/robotica_2_2024/examen2_ws/install/custom_panda/share/custom_panda/config/panda.srdf
-- Up-to-date: /home/integralmilk03/robotica_2_2024/examen2_ws/install/custom_panda/share/custom_panda/.setup_assistant
