[0.210s] Invoking command in '/home/hinfinity/Documents/robotica_2_2024/vision_ws/build/custom_msgs': CMAKE_PREFIX_PATH=/home/hinfinity/Documents/robotica_2_2024/vision_ws/install/camera_vision:/opt/ros/humble /usr/bin/cmake /home/hinfinity/Documents/robotica_2_2024/vision_ws/src/custom_msgs -DCMAKE_INSTALL_PREFIX=/home/hinfinity/Documents/robotica_2_2024/vision_ws/install/custom_msgs
[0.370s] -- The C compiler identification is GNU 11.4.0
[0.495s] -- The CXX compiler identification is GNU 11.4.0
[0.507s] -- Detecting C compiler ABI info
[0.558s] -- Detecting C compiler ABI info - done
[0.564s] -- Check for working C compiler: /usr/bin/cc - skipped
[0.565s] -- Detecting C compile features
[0.566s] -- Detecting C compile features - done
[0.570s] -- Detecting CXX compiler ABI info
[0.629s] -- Detecting CXX compiler ABI info - done
[0.636s] -- Check for working CXX compiler: /usr/bin/c++ - skipped
[0.636s] -- Detecting CXX compile features
[0.636s] -- Detecting CXX compile features - done
[0.645s] -- Found ament_cmake: 1.3.10 (/opt/ros/humble/share/ament_cmake/cmake)
[0.773s] -- Found Python3: /usr/bin/python3 (found version "3.10.12") found components: Interpreter 
[0.875s] -- Found rosidl_default_generators: 1.2.0 (/opt/ros/humble/share/rosidl_default_generators/cmake)
[0.881s] -- Using all available rosidl_typesupport_c: rosidl_typesupport_fastrtps_c;rosidl_typesupport_introspection_c
[0.891s] -- Found rosidl_adapter: 3.1.5 (/opt/ros/humble/share/rosidl_adapter/cmake)
[0.950s] -- Using all available rosidl_typesupport_cpp: rosidl_typesupport_fastrtps_cpp;rosidl_typesupport_introspection_cpp
[1.151s] [31mCMake Error at /opt/ros/humble/share/rosidl_cmake/cmake/rosidl_generate_interfaces.cmake:229 (message):
[1.151s]   Packages installing interfaces must include
[1.151s]   '<member_of_group>rosidl_interface_packages</member_of_group>' in their
[1.151s]   package.xml
[1.151s] Call Stack (most recent call first):
[1.151s]   CMakeLists.txt:15 (rosidl_generate_interfaces)
[1.152s] 
[1.152s] [0m
[1.152s] -- Configuring incomplete, errors occurred!
[1.152s] See also "/home/hinfinity/Documents/robotica_2_2024/vision_ws/build/custom_msgs/CMakeFiles/CMakeOutput.log".
[1.155s] Invoked command in '/home/hinfinity/Documents/robotica_2_2024/vision_ws/build/custom_msgs' returned '1': CMAKE_PREFIX_PATH=/home/hinfinity/Documents/robotica_2_2024/vision_ws/install/camera_vision:/opt/ros/humble /usr/bin/cmake /home/hinfinity/Documents/robotica_2_2024/vision_ws/src/custom_msgs -DCMAKE_INSTALL_PREFIX=/home/hinfinity/Documents/robotica_2_2024/vision_ws/install/custom_msgs
