running egg_info
writing ../../build/camera_vision/camera_vision.egg-info/PKG-INFO
writing dependency_links to ../../build/camera_vision/camera_vision.egg-info/dependency_links.txt
writing entry points to ../../build/camera_vision/camera_vision.egg-info/entry_points.txt
writing requirements to ../../build/camera_vision/camera_vision.egg-info/requires.txt
writing top-level names to ../../build/camera_vision/camera_vision.egg-info/top_level.txt
reading manifest file '../../build/camera_vision/camera_vision.egg-info/SOURCES.txt'
adding license file 'LICENSE'
writing manifest file '../../build/camera_vision/camera_vision.egg-info/SOURCES.txt'
running build
running build_py
copying camera_vision/read_camera.py -> /home/hinfinity/Documents/robotica_2_2024/vision_ws/build/camera_vision/build/lib/camera_vision
running install
running install_lib
copying /home/hinfinity/Documents/robotica_2_2024/vision_ws/build/camera_vision/build/lib/camera_vision/read_camera.py -> /home/hinfinity/Documents/robotica_2_2024/vision_ws/install/camera_vision/lib/python3.10/site-packages/camera_vision
byte-compiling /home/hinfinity/Documents/robotica_2_2024/vision_ws/install/camera_vision/lib/python3.10/site-packages/camera_vision/read_camera.py to read_camera.cpython-310.pyc
running install_data
running install_egg_info
removing '/home/hinfinity/Documents/robotica_2_2024/vision_ws/install/camera_vision/lib/python3.10/site-packages/camera_vision-0.0.0-py3.10.egg-info' (and everything under it)
Copying ../../build/camera_vision/camera_vision.egg-info to /home/hinfinity/Documents/robotica_2_2024/vision_ws/install/camera_vision/lib/python3.10/site-packages/camera_vision-0.0.0-py3.10.egg-info
running install_scripts
Installing read_camera script to /home/hinfinity/Documents/robotica_2_2024/vision_ws/install/camera_vision/lib/camera_vision
writing list of installed files to '/home/hinfinity/Documents/robotica_2_2024/vision_ws/build/camera_vision/install.log'
