[0.064s] Invoking command in '/home/integralmilk03/robotica_2_2024/examen2_ws/build/ejercicio3': CMAKE_PREFIX_PATH=${CMAKE_PREFIX_PATH}:/home/integralmilk03/robotica/robotica_2_2024/examen2_ws/install/ejercicio4:/opt/ros/humble /usr/bin/cmake --build /home/integralmilk03/robotica_2_2024/examen2_ws/build/ejercicio3 -- -j12 -l12
[0.293s] Invoked command in '/home/integralmilk03/robotica_2_2024/examen2_ws/build/ejercicio3' returned '0': CMAKE_PREFIX_PATH=${CMAKE_PREFIX_PATH}:/home/integralmilk03/robotica/robotica_2_2024/examen2_ws/install/ejercicio4:/opt/ros/humble /usr/bin/cmake --build /home/integralmilk03/robotica_2_2024/examen2_ws/build/ejercicio3 -- -j12 -l12
[0.316s] Invoking command in '/home/integralmilk03/robotica_2_2024/examen2_ws/build/ejercicio3': CMAKE_PREFIX_PATH=${CMAKE_PREFIX_PATH}:/home/integralmilk03/robotica/robotica_2_2024/examen2_ws/install/ejercicio4:/opt/ros/humble /usr/bin/cmake --install /home/integralmilk03/robotica_2_2024/examen2_ws/build/ejercicio3
[0.324s] -- Install configuration: ""
[0.328s] -- Up-to-date: /home/integralmilk03/robotica_2_2024/examen2_ws/install/ejercicio3/share/ament_index/resource_index/package_run_dependencies/ejercicio3
[0.328s] -- Up-to-date: /home/integralmilk03/robotica_2_2024/examen2_ws/install/ejercicio3/share/ament_index/resource_index/parent_prefix_path/ejercicio3
[0.328s] -- Up-to-date: /home/integralmilk03/robotica_2_2024/examen2_ws/install/ejercicio3/share/ejercicio3/environment/ament_prefix_path.sh
[0.329s] -- Up-to-date: /home/integralmilk03/robotica_2_2024/examen2_ws/install/ejercicio3/share/ejercicio3/environment/ament_prefix_path.dsv
[0.329s] -- Up-to-date: /home/integralmilk03/robotica_2_2024/examen2_ws/install/ejercicio3/share/ejercicio3/environment/path.sh
[0.329s] -- Up-to-date: /home/integralmilk03/robotica_2_2024/examen2_ws/install/ejercicio3/share/ejercicio3/environment/path.dsv
[0.330s] -- Up-to-date: /home/integralmilk03/robotica_2_2024/examen2_ws/install/ejercicio3/share/ejercicio3/local_setup.bash
[0.330s] -- Up-to-date: /home/integralmilk03/robotica_2_2024/examen2_ws/install/ejercicio3/share/ejercicio3/local_setup.sh
[0.331s] -- Up-to-date: /home/integralmilk03/robotica_2_2024/examen2_ws/install/ejercicio3/share/ejercicio3/local_setup.zsh
[0.331s] -- Up-to-date: /home/integralmilk03/robotica_2_2024/examen2_ws/install/ejercicio3/share/ejercicio3/local_setup.dsv
[0.331s] -- Up-to-date: /home/integralmilk03/robotica_2_2024/examen2_ws/install/ejercicio3/share/ejercicio3/package.dsv
[0.333s] -- Up-to-date: /home/integralmilk03/robotica_2_2024/examen2_ws/install/ejercicio3/share/ament_index/resource_index/packages/ejercicio3
[0.333s] -- Up-to-date: /home/integralmilk03/robotica_2_2024/examen2_ws/install/ejercicio3/share/ejercicio3/cmake/ejercicio3Config.cmake
[0.333s] -- Up-to-date: /home/integralmilk03/robotica_2_2024/examen2_ws/install/ejercicio3/share/ejercicio3/cmake/ejercicio3Config-version.cmake
[0.334s] -- Up-to-date: /home/integralmilk03/robotica_2_2024/examen2_ws/install/ejercicio3/share/ejercicio3/package.xml
[0.340s] Invoked command in '/home/integralmilk03/robotica_2_2024/examen2_ws/build/ejercicio3' returned '0': CMAKE_PREFIX_PATH=${CMAKE_PREFIX_PATH}:/home/integralmilk03/robotica/robotica_2_2024/examen2_ws/install/ejercicio4:/opt/ros/humble /usr/bin/cmake --install /home/integralmilk03/robotica_2_2024/examen2_ws/build/ejercicio3
