[0.518s] Invoking command in '/home/integralmilk03/robotica_2_2024/examen2_ws/src/ejercicio4': PYTHONPATH=/home/integralmilk03/robotica_2_2024/examen2_ws/build/ejercicio4/prefix_override:/home/integralmilk03/.local/lib/python3.10/site-packages/colcon_core/task/python/colcon_distutils_commands:/home/integralmilk03/robotica_2_2024/examen2_ws/install/ejercicio4/lib/python3.10/site-packages:${PYTHONPATH} /usr/bin/python3 -W ignore:setup.py install is deprecated setup.py egg_info --egg-base ../../build/ejercicio4 build --build-base /home/integralmilk03/robotica_2_2024/examen2_ws/build/ejercicio4/build install --record /home/integralmilk03/robotica_2_2024/examen2_ws/build/ejercicio4/install.log --single-version-externally-managed install_data
[0.662s] running egg_info
[0.663s] writing ../../build/ejercicio4/ejercicio4.egg-info/PKG-INFO
[0.663s] writing dependency_links to ../../build/ejercicio4/ejercicio4.egg-info/dependency_links.txt
[0.663s] writing entry points to ../../build/ejercicio4/ejercicio4.egg-info/entry_points.txt
[0.669s] writing requirements to ../../build/ejercicio4/ejercicio4.egg-info/requires.txt
[0.669s] writing top-level names to ../../build/ejercicio4/ejercicio4.egg-info/top_level.txt
[0.669s] reading manifest file '../../build/ejercicio4/ejercicio4.egg-info/SOURCES.txt'
[0.669s] adding license file 'LICENSE'
[0.669s] writing manifest file '../../build/ejercicio4/ejercicio4.egg-info/SOURCES.txt'
[0.669s] running build
[0.669s] running build_py
[0.669s] copying ejercicio4/pruebas.py -> /home/integralmilk03/robotica_2_2024/examen2_ws/build/ejercicio4/build/lib/ejercicio4
[0.669s] copying ejercicio4/nodo_odom.py -> /home/integralmilk03/robotica_2_2024/examen2_ws/build/ejercicio4/build/lib/ejercicio4
[0.669s] copying ejercicio4/giro_90.py -> /home/integralmilk03/robotica_2_2024/examen2_ws/build/ejercicio4/build/lib/ejercicio4
[0.669s] copying ejercicio4/nodo_map.py -> /home/integralmilk03/robotica_2_2024/examen2_ws/build/ejercicio4/build/lib/ejercicio4
[0.669s] copying ejercicio4/explorador.py -> /home/integralmilk03/robotica_2_2024/examen2_ws/build/ejercicio4/build/lib/ejercicio4
[0.669s] running install
[0.669s] running install_lib
[0.669s] copying /home/integralmilk03/robotica_2_2024/examen2_ws/build/ejercicio4/build/lib/ejercicio4/pruebas.py -> /home/integralmilk03/robotica_2_2024/examen2_ws/install/ejercicio4/lib/python3.10/site-packages/ejercicio4
[0.669s] copying /home/integralmilk03/robotica_2_2024/examen2_ws/build/ejercicio4/build/lib/ejercicio4/nodo_odom.py -> /home/integralmilk03/robotica_2_2024/examen2_ws/install/ejercicio4/lib/python3.10/site-packages/ejercicio4
[0.669s] copying /home/integralmilk03/robotica_2_2024/examen2_ws/build/ejercicio4/build/lib/ejercicio4/giro_90.py -> /home/integralmilk03/robotica_2_2024/examen2_ws/install/ejercicio4/lib/python3.10/site-packages/ejercicio4
[0.669s] copying /home/integralmilk03/robotica_2_2024/examen2_ws/build/ejercicio4/build/lib/ejercicio4/nodo_map.py -> /home/integralmilk03/robotica_2_2024/examen2_ws/install/ejercicio4/lib/python3.10/site-packages/ejercicio4
[0.669s] copying /home/integralmilk03/robotica_2_2024/examen2_ws/build/ejercicio4/build/lib/ejercicio4/explorador.py -> /home/integralmilk03/robotica_2_2024/examen2_ws/install/ejercicio4/lib/python3.10/site-packages/ejercicio4
[0.669s] byte-compiling /home/integralmilk03/robotica_2_2024/examen2_ws/install/ejercicio4/lib/python3.10/site-packages/ejercicio4/pruebas.py to pruebas.cpython-310.pyc
[0.669s] byte-compiling /home/integralmilk03/robotica_2_2024/examen2_ws/install/ejercicio4/lib/python3.10/site-packages/ejercicio4/nodo_odom.py to nodo_odom.cpython-310.pyc
[0.669s] byte-compiling /home/integralmilk03/robotica_2_2024/examen2_ws/install/ejercicio4/lib/python3.10/site-packages/ejercicio4/giro_90.py to giro_90.cpython-310.pyc
[0.670s] byte-compiling /home/integralmilk03/robotica_2_2024/examen2_ws/install/ejercicio4/lib/python3.10/site-packages/ejercicio4/nodo_map.py to nodo_map.cpython-310.pyc
[0.670s] byte-compiling /home/integralmilk03/robotica_2_2024/examen2_ws/install/ejercicio4/lib/python3.10/site-packages/ejercicio4/explorador.py to explorador.cpython-310.pyc
[0.670s] running install_data
[0.670s] copying package.xml -> /home/integralmilk03/robotica_2_2024/examen2_ws/install/ejercicio4/share/ejercicio4
[0.670s] running install_egg_info
[0.672s] removing '/home/integralmilk03/robotica_2_2024/examen2_ws/install/ejercicio4/lib/python3.10/site-packages/ejercicio4-0.0.0-py3.10.egg-info' (and everything under it)
[0.672s] Copying ../../build/ejercicio4/ejercicio4.egg-info to /home/integralmilk03/robotica_2_2024/examen2_ws/install/ejercicio4/lib/python3.10/site-packages/ejercicio4-0.0.0-py3.10.egg-info
[0.672s] running install_scripts
[0.688s] Installing explorador script to /home/integralmilk03/robotica_2_2024/examen2_ws/install/ejercicio4/lib/ejercicio4
[0.692s] Installing giro_90 script to /home/integralmilk03/robotica_2_2024/examen2_ws/install/ejercicio4/lib/ejercicio4
[0.692s] Installing nodo_map script to /home/integralmilk03/robotica_2_2024/examen2_ws/install/ejercicio4/lib/ejercicio4
[0.692s] Installing nodo_odom script to /home/integralmilk03/robotica_2_2024/examen2_ws/install/ejercicio4/lib/ejercicio4
[0.692s] writing list of installed files to '/home/integralmilk03/robotica_2_2024/examen2_ws/build/ejercicio4/install.log'
[0.711s] Invoked command in '/home/integralmilk03/robotica_2_2024/examen2_ws/src/ejercicio4' returned '0': PYTHONPATH=/home/integralmilk03/robotica_2_2024/examen2_ws/build/ejercicio4/prefix_override:/home/integralmilk03/.local/lib/python3.10/site-packages/colcon_core/task/python/colcon_distutils_commands:/home/integralmilk03/robotica_2_2024/examen2_ws/install/ejercicio4/lib/python3.10/site-packages:${PYTHONPATH} /usr/bin/python3 -W ignore:setup.py install is deprecated setup.py egg_info --egg-base ../../build/ejercicio4 build --build-base /home/integralmilk03/robotica_2_2024/examen2_ws/build/ejercicio4/build install --record /home/integralmilk03/robotica_2_2024/examen2_ws/build/ejercicio4/install.log --single-version-externally-managed install_data
