[0.530s] Invoking command in '/home/integralmilk03/robotica_2_2024/examen2_ws/src/ejercicio4': PYTHONPATH=/home/integralmilk03/robotica_2_2024/examen2_ws/build/ejercicio4/prefix_override:/home/integralmilk03/.local/lib/python3.10/site-packages/colcon_core/task/python/colcon_distutils_commands:/home/integralmilk03/robotica_2_2024/examen2_ws/install/ejercicio4/lib/python3.10/site-packages:${PYTHONPATH} /usr/bin/python3 -W ignore:setup.py install is deprecated setup.py egg_info --egg-base ../../build/ejercicio4 build --build-base /home/integralmilk03/robotica_2_2024/examen2_ws/build/ejercicio4/build install --record /home/integralmilk03/robotica_2_2024/examen2_ws/build/ejercicio4/install.log --single-version-externally-managed install_data
[0.663s] running egg_info
[0.664s] writing ../../build/ejercicio4/ejercicio4.egg-info/PKG-INFO
[0.664s] writing dependency_links to ../../build/ejercicio4/ejercicio4.egg-info/dependency_links.txt
[0.664s] writing entry points to ../../build/ejercicio4/ejercicio4.egg-info/entry_points.txt
[0.664s] writing requirements to ../../build/ejercicio4/ejercicio4.egg-info/requires.txt
[0.664s] writing top-level names to ../../build/ejercicio4/ejercicio4.egg-info/top_level.txt
[0.665s] reading manifest file '../../build/ejercicio4/ejercicio4.egg-info/SOURCES.txt'
[0.665s] adding license file 'LICENSE'
[0.666s] writing manifest file '../../build/ejercicio4/ejercicio4.egg-info/SOURCES.txt'
[0.666s] running build
[0.666s] running build_py
[0.666s] running install
[0.666s] running install_lib
[0.667s] running install_data
[0.667s] running install_egg_info
[0.668s] removing '/home/integralmilk03/robotica_2_2024/examen2_ws/install/ejercicio4/lib/python3.10/site-packages/ejercicio4-0.0.0-py3.10.egg-info' (and everything under it)
[0.668s] Copying ../../build/ejercicio4/ejercicio4.egg-info to /home/integralmilk03/robotica_2_2024/examen2_ws/install/ejercicio4/lib/python3.10/site-packages/ejercicio4-0.0.0-py3.10.egg-info
[0.669s] running install_scripts
[0.685s] writing list of installed files to '/home/integralmilk03/robotica_2_2024/examen2_ws/build/ejercicio4/install.log'
[0.707s] Invoked command in '/home/integralmilk03/robotica_2_2024/examen2_ws/src/ejercicio4' returned '0': PYTHONPATH=/home/integralmilk03/robotica_2_2024/examen2_ws/build/ejercicio4/prefix_override:/home/integralmilk03/.local/lib/python3.10/site-packages/colcon_core/task/python/colcon_distutils_commands:/home/integralmilk03/robotica_2_2024/examen2_ws/install/ejercicio4/lib/python3.10/site-packages:${PYTHONPATH} /usr/bin/python3 -W ignore:setup.py install is deprecated setup.py egg_info --egg-base ../../build/ejercicio4 build --build-base /home/integralmilk03/robotica_2_2024/examen2_ws/build/ejercicio4/build install --record /home/integralmilk03/robotica_2_2024/examen2_ws/build/ejercicio4/install.log --single-version-externally-managed install_data
