[0.053s] Invoking command in '/home/integralmilk03/robotica_2_2024/examen2_ws/build/custom_panda': CMAKE_PREFIX_PATH=${CMAKE_PREFIX_PATH}:/home/integralmilk03/robotica_2_2024/examen2_ws/install/ejercicio4:/home/integralmilk03/robotica/robotica_2_2024/examen2_ws/install/ejercicio4:/opt/ros/humble /usr/bin/cmake --build /home/integralmilk03/robotica_2_2024/examen2_ws/build/custom_panda -- -j12 -l12
[0.337s] Invoked command in '/home/integralmilk03/robotica_2_2024/examen2_ws/build/custom_panda' returned '0': CMAKE_PREFIX_PATH=${CMAKE_PREFIX_PATH}:/home/integralmilk03/robotica_2_2024/examen2_ws/install/ejercicio4:/home/integralmilk03/robotica/robotica_2_2024/examen2_ws/install/ejercicio4:/opt/ros/humble /usr/bin/cmake --build /home/integralmilk03/robotica_2_2024/examen2_ws/build/custom_panda -- -j12 -l12
[0.369s] Invoking command in '/home/integralmilk03/robotica_2_2024/examen2_ws/build/custom_panda': CMAKE_PREFIX_PATH=${CMAKE_PREFIX_PATH}:/home/integralmilk03/robotica_2_2024/examen2_ws/install/ejercicio4:/home/integralmilk03/robotica/robotica_2_2024/examen2_ws/install/ejercicio4:/opt/ros/humble /usr/bin/cmake --install /home/integralmilk03/robotica_2_2024/examen2_ws/build/custom_panda
[0.380s] -- Install configuration: ""
[0.382s] -- Up-to-date: /home/integralmilk03/robotica_2_2024/examen2_ws/install/custom_panda/share/ament_index/resource_index/package_run_dependencies/custom_panda
[0.382s] -- Up-to-date: /home/integralmilk03/robotica_2_2024/examen2_ws/install/custom_panda/share/ament_index/resource_index/parent_prefix_path/custom_panda
[0.382s] -- Up-to-date: /home/integralmilk03/robotica_2_2024/examen2_ws/install/custom_panda/share/custom_panda/environment/ament_prefix_path.sh
[0.382s] -- Up-to-date: /home/integralmilk03/robotica_2_2024/examen2_ws/install/custom_panda/share/custom_panda/environment/ament_prefix_path.dsv
[0.383s] -- Up-to-date: /home/integralmilk03/robotica_2_2024/examen2_ws/install/custom_panda/share/custom_panda/environment/path.sh
[0.383s] -- Up-to-date: /home/integralmilk03/robotica_2_2024/examen2_ws/install/custom_panda/share/custom_panda/environment/path.dsv
[0.383s] -- Up-to-date: /home/integralmilk03/robotica_2_2024/examen2_ws/install/custom_panda/share/custom_panda/local_setup.bash
[0.384s] -- Up-to-date: /home/integralmilk03/robotica_2_2024/examen2_ws/install/custom_panda/share/custom_panda/local_setup.sh
[0.384s] -- Up-to-date: /home/integralmilk03/robotica_2_2024/examen2_ws/install/custom_panda/share/custom_panda/local_setup.zsh
[0.385s] -- Up-to-date: /home/integralmilk03/robotica_2_2024/examen2_ws/install/custom_panda/share/custom_panda/local_setup.dsv
[0.385s] -- Installing: /home/integralmilk03/robotica_2_2024/examen2_ws/install/custom_panda/share/custom_panda/package.dsv
[0.385s] -- Up-to-date: /home/integralmilk03/robotica_2_2024/examen2_ws/install/custom_panda/share/ament_index/resource_index/packages/custom_panda
[0.385s] -- Up-to-date: /home/integralmilk03/robotica_2_2024/examen2_ws/install/custom_panda/share/custom_panda/cmake/custom_pandaConfig.cmake
[0.387s] -- Up-to-date: /home/integralmilk03/robotica_2_2024/examen2_ws/install/custom_panda/share/custom_panda/cmake/custom_pandaConfig-version.cmake
[0.387s] -- Up-to-date: /home/integralmilk03/robotica_2_2024/examen2_ws/install/custom_panda/share/custom_panda/package.xml
[0.387s] -- Up-to-date: /home/integralmilk03/robotica_2_2024/examen2_ws/install/custom_panda/share/custom_panda/launch
[0.387s] -- Up-to-date: /home/integralmilk03/robotica_2_2024/examen2_ws/install/custom_panda/share/custom_panda/launch/rsp.launch.py
[0.387s] -- Up-to-date: /home/integralmilk03/robotica_2_2024/examen2_ws/install/custom_panda/share/custom_panda/launch/spawn_controllers.launch.py
[0.388s] -- Up-to-date: /home/integralmilk03/robotica_2_2024/examen2_ws/install/custom_panda/share/custom_panda/launch/warehouse_db.launch.py
[0.388s] -- Up-to-date: /home/integralmilk03/robotica_2_2024/examen2_ws/install/custom_panda/share/custom_panda/launch/moveit_rviz.launch.py
[0.388s] -- Up-to-date: /home/integralmilk03/robotica_2_2024/examen2_ws/install/custom_panda/share/custom_panda/launch/demo.launch.py
[0.389s] -- Up-to-date: /home/integralmilk03/robotica_2_2024/examen2_ws/install/custom_panda/share/custom_panda/launch/static_virtual_joint_tfs.launch.py
[0.389s] -- Up-to-date: /home/integralmilk03/robotica_2_2024/examen2_ws/install/custom_panda/share/custom_panda/launch/setup_assistant.launch.py
[0.389s] -- Up-to-date: /home/integralmilk03/robotica_2_2024/examen2_ws/install/custom_panda/share/custom_panda/launch/move_group.launch.py
[0.389s] -- Up-to-date: /home/integralmilk03/robotica_2_2024/examen2_ws/install/custom_panda/share/custom_panda/config
[0.389s] -- Up-to-date: /home/integralmilk03/robotica_2_2024/examen2_ws/install/custom_panda/share/custom_panda/config/initial_positions.yaml
[0.390s] -- Up-to-date: /home/integralmilk03/robotica_2_2024/examen2_ws/install/custom_panda/share/custom_panda/config/kinematics.yaml
[0.390s] -- Up-to-date: /home/integralmilk03/robotica_2_2024/examen2_ws/install/custom_panda/share/custom_panda/config/panda.urdf.xacro
[0.390s] -- Up-to-date: /home/integralmilk03/robotica_2_2024/examen2_ws/install/custom_panda/share/custom_panda/config/joint_limits.yaml
[0.390s] -- Up-to-date: /home/integralmilk03/robotica_2_2024/examen2_ws/install/custom_panda/share/custom_panda/config/pilz_cartesian_limits.yaml
[0.390s] -- Up-to-date: /home/integralmilk03/robotica_2_2024/examen2_ws/install/custom_panda/share/custom_panda/config/ros2_controllers.yaml
[0.390s] -- Up-to-date: /home/integralmilk03/robotica_2_2024/examen2_ws/install/custom_panda/share/custom_panda/config/sensors_3d.yaml
[0.390s] -- Up-to-date: /home/integralmilk03/robotica_2_2024/examen2_ws/install/custom_panda/share/custom_panda/config/moveit.rviz
[0.390s] -- Up-to-date: /home/integralmilk03/robotica_2_2024/examen2_ws/install/custom_panda/share/custom_panda/config/panda.ros2_control.xacro
[0.390s] -- Up-to-date: /home/integralmilk03/robotica_2_2024/examen2_ws/install/custom_panda/share/custom_panda/config/moveit_controllers.yaml
[0.391s] -- Up-to-date: /home/integralmilk03/robotica_2_2024/examen2_ws/install/custom_panda/share/custom_panda/config/panda.srdf
[0.391s] -- Up-to-date: /home/integralmilk03/robotica_2_2024/examen2_ws/install/custom_panda/share/custom_panda/.setup_assistant
[0.398s] Invoked command in '/home/integralmilk03/robotica_2_2024/examen2_ws/build/custom_panda' returned '0': CMAKE_PREFIX_PATH=${CMAKE_PREFIX_PATH}:/home/integralmilk03/robotica_2_2024/examen2_ws/install/ejercicio4:/home/integralmilk03/robotica/robotica_2_2024/examen2_ws/install/ejercicio4:/opt/ros/humble /usr/bin/cmake --install /home/integralmilk03/robotica_2_2024/examen2_ws/build/custom_panda
