[0.643s] Invoking command in '/home/hinfinity/Documents/robotica_2_2024/pubsub_ws/src/py_pubsub': PYTHONPATH=/home/hinfinity/Documents/robotica_2_2024/pubsub_ws/build/py_pubsub/prefix_override:/usr/lib/python3/dist-packages/colcon_core/task/python/colcon_distutils_commands:/home/hinfinity/Documents/robotica_2_2024/pubsub_ws/install/py_pubsub/lib/python3.10/site-packages:${PYTHONPATH} /usr/bin/python3 -W ignore:setup.py install is deprecated setup.py egg_info --egg-base ../../build/py_pubsub build --build-base /home/hinfinity/Documents/robotica_2_2024/pubsub_ws/build/py_pubsub/build install --record /home/hinfinity/Documents/robotica_2_2024/pubsub_ws/build/py_pubsub/install.log --single-version-externally-managed install_data
[0.835s] running egg_info
[0.835s] creating ../../build/py_pubsub/py_pubsub.egg-info
[0.836s] writing ../../build/py_pubsub/py_pubsub.egg-info/PKG-INFO
[0.836s] writing dependency_links to ../../build/py_pubsub/py_pubsub.egg-info/dependency_links.txt
[0.836s] writing entry points to ../../build/py_pubsub/py_pubsub.egg-info/entry_points.txt
[0.836s] writing requirements to ../../build/py_pubsub/py_pubsub.egg-info/requires.txt
[0.836s] writing top-level names to ../../build/py_pubsub/py_pubsub.egg-info/top_level.txt
[0.836s] writing manifest file '../../build/py_pubsub/py_pubsub.egg-info/SOURCES.txt'
[0.837s] reading manifest file '../../build/py_pubsub/py_pubsub.egg-info/SOURCES.txt'
[0.837s] adding license file 'LICENSE'
[0.838s] writing manifest file '../../build/py_pubsub/py_pubsub.egg-info/SOURCES.txt'
[0.838s] running build
[0.838s] running build_py
[0.838s] creating /home/hinfinity/Documents/robotica_2_2024/pubsub_ws/build/py_pubsub/build
[0.838s] creating /home/hinfinity/Documents/robotica_2_2024/pubsub_ws/build/py_pubsub/build/lib
[0.838s] creating /home/hinfinity/Documents/robotica_2_2024/pubsub_ws/build/py_pubsub/build/lib/py_pubsub
[0.838s] copying py_pubsub/__init__.py -> /home/hinfinity/Documents/robotica_2_2024/pubsub_ws/build/py_pubsub/build/lib/py_pubsub
[0.838s] copying py_pubsub/pubsub_py.py -> /home/hinfinity/Documents/robotica_2_2024/pubsub_ws/build/py_pubsub/build/lib/py_pubsub
[0.838s] copying py_pubsub/pub_py.py -> /home/hinfinity/Documents/robotica_2_2024/pubsub_ws/build/py_pubsub/build/lib/py_pubsub
[0.838s] copying py_pubsub/sub_py.py -> /home/hinfinity/Documents/robotica_2_2024/pubsub_ws/build/py_pubsub/build/lib/py_pubsub
[0.839s] running install
[0.839s] running install_lib
[0.839s] creating /home/hinfinity/Documents/robotica_2_2024/pubsub_ws/install/py_pubsub/lib/python3.10/site-packages/py_pubsub
[0.840s] copying /home/hinfinity/Documents/robotica_2_2024/pubsub_ws/build/py_pubsub/build/lib/py_pubsub/__init__.py -> /home/hinfinity/Documents/robotica_2_2024/pubsub_ws/install/py_pubsub/lib/python3.10/site-packages/py_pubsub
[0.840s] copying /home/hinfinity/Documents/robotica_2_2024/pubsub_ws/build/py_pubsub/build/lib/py_pubsub/pubsub_py.py -> /home/hinfinity/Documents/robotica_2_2024/pubsub_ws/install/py_pubsub/lib/python3.10/site-packages/py_pubsub
[0.840s] copying /home/hinfinity/Documents/robotica_2_2024/pubsub_ws/build/py_pubsub/build/lib/py_pubsub/pub_py.py -> /home/hinfinity/Documents/robotica_2_2024/pubsub_ws/install/py_pubsub/lib/python3.10/site-packages/py_pubsub
[0.840s] copying /home/hinfinity/Documents/robotica_2_2024/pubsub_ws/build/py_pubsub/build/lib/py_pubsub/sub_py.py -> /home/hinfinity/Documents/robotica_2_2024/pubsub_ws/install/py_pubsub/lib/python3.10/site-packages/py_pubsub
[0.840s] byte-compiling /home/hinfinity/Documents/robotica_2_2024/pubsub_ws/install/py_pubsub/lib/python3.10/site-packages/py_pubsub/__init__.py to __init__.cpython-310.pyc
[0.840s] byte-compiling /home/hinfinity/Documents/robotica_2_2024/pubsub_ws/install/py_pubsub/lib/python3.10/site-packages/py_pubsub/pubsub_py.py to pubsub_py.cpython-310.pyc
[0.841s] byte-compiling /home/hinfinity/Documents/robotica_2_2024/pubsub_ws/install/py_pubsub/lib/python3.10/site-packages/py_pubsub/pub_py.py to pub_py.cpython-310.pyc
[0.841s] byte-compiling /home/hinfinity/Documents/robotica_2_2024/pubsub_ws/install/py_pubsub/lib/python3.10/site-packages/py_pubsub/sub_py.py to sub_py.cpython-310.pyc
[0.841s] running install_data
[0.841s] creating /home/hinfinity/Documents/robotica_2_2024/pubsub_ws/install/py_pubsub/share/ament_index
[0.841s] creating /home/hinfinity/Documents/robotica_2_2024/pubsub_ws/install/py_pubsub/share/ament_index/resource_index
[0.841s] creating /home/hinfinity/Documents/robotica_2_2024/pubsub_ws/install/py_pubsub/share/ament_index/resource_index/packages
[0.841s] copying resource/py_pubsub -> /home/hinfinity/Documents/robotica_2_2024/pubsub_ws/install/py_pubsub/share/ament_index/resource_index/packages
[0.842s] copying package.xml -> /home/hinfinity/Documents/robotica_2_2024/pubsub_ws/install/py_pubsub/share/py_pubsub
[0.842s] running install_egg_info
[0.843s] Copying ../../build/py_pubsub/py_pubsub.egg-info to /home/hinfinity/Documents/robotica_2_2024/pubsub_ws/install/py_pubsub/lib/python3.10/site-packages/py_pubsub-0.0.0-py3.10.egg-info
[0.843s] running install_scripts
[0.860s] Installing listener_py script to /home/hinfinity/Documents/robotica_2_2024/pubsub_ws/install/py_pubsub/lib/py_pubsub
[0.860s] Installing talker_listener_py script to /home/hinfinity/Documents/robotica_2_2024/pubsub_ws/install/py_pubsub/lib/py_pubsub
[0.860s] Installing talker_py script to /home/hinfinity/Documents/robotica_2_2024/pubsub_ws/install/py_pubsub/lib/py_pubsub
[0.860s] writing list of installed files to '/home/hinfinity/Documents/robotica_2_2024/pubsub_ws/build/py_pubsub/install.log'
[0.877s] Invoked command in '/home/hinfinity/Documents/robotica_2_2024/pubsub_ws/src/py_pubsub' returned '0': PYTHONPATH=/home/hinfinity/Documents/robotica_2_2024/pubsub_ws/build/py_pubsub/prefix_override:/usr/lib/python3/dist-packages/colcon_core/task/python/colcon_distutils_commands:/home/hinfinity/Documents/robotica_2_2024/pubsub_ws/install/py_pubsub/lib/python3.10/site-packages:${PYTHONPATH} /usr/bin/python3 -W ignore:setup.py install is deprecated setup.py egg_info --egg-base ../../build/py_pubsub build --build-base /home/hinfinity/Documents/robotica_2_2024/pubsub_ws/build/py_pubsub/build install --record /home/hinfinity/Documents/robotica_2_2024/pubsub_ws/build/py_pubsub/install.log --single-version-externally-managed install_data
