[0.538s] DEBUG:colcon:Command line arguments: ['/home/integralmilk03/.local/bin/colcon', 'build']
[0.538s] DEBUG:colcon:Parsed command line arguments: Namespace(log_base=None, log_level=None, verb_name='build', build_base='build', install_base='install', merge_install=False, symlink_install=False, test_result_base=None, continue_on_error=False, executor='parallel', parallel_workers=12, event_handlers=None, ignore_user_meta=False, metas=['./colcon.meta'], base_paths=['.'], packages_ignore=None, packages_ignore_regex=None, paths=None, packages_up_to=None, packages_up_to_regex=None, packages_above=None, packages_above_and_dependencies=None, packages_above_depth=None, packages_select_by_dep=None, packages_skip_by_dep=None, packages_skip_up_to=None, packages_select_build_failed=False, packages_skip_build_finished=False, packages_select_test_failures=False, packages_skip_test_passed=False, packages_select=None, packages_skip=None, packages_select_regex=None, packages_skip_regex=None, packages_start=None, packages_end=None, allow_overriding=[], cmake_args=None, cmake_target=None, cmake_target_skip_unavailable=False, cmake_clean_cache=False, cmake_clean_first=False, cmake_force_configure=False, ament_cmake_args=None, catkin_cmake_args=None, catkin_skip_building_tests=False, mixin_files=None, mixin=None, verb_parser=<colcon_mixin.mixin.mixin_argument.MixinArgumentDecorator object at 0x7f8d20c5bac0>, verb_extension=<colcon_core.verb.build.BuildVerb object at 0x7f8d20c5b550>, main=<bound method BuildVerb.main of <colcon_core.verb.build.BuildVerb object at 0x7f8d20c5b550>>, mixin_verb=('build',))
[0.639s] Level 1:colcon.colcon_core.package_discovery:discover_packages(colcon_meta) check parameters
[0.639s] Level 1:colcon.colcon_core.package_discovery:discover_packages(recursive) check parameters
[0.639s] Level 1:colcon.colcon_core.package_discovery:discover_packages(ignore) check parameters
[0.639s] Level 1:colcon.colcon_core.package_discovery:discover_packages(path) check parameters
[0.639s] Level 1:colcon.colcon_core.package_discovery:discover_packages(colcon_meta) discover
[0.639s] Level 1:colcon.colcon_core.package_discovery:discover_packages(recursive) discover
[0.639s] INFO:colcon.colcon_core.package_discovery:Crawling recursively for packages in '/home/integralmilk03/robotica_2_2024/examen2_ws'
[0.639s] Level 1:colcon.colcon_core.package_identification:_identify(.) by extensions ['ignore', 'ignore_ament_install']
[0.639s] Level 1:colcon.colcon_core.package_identification:_identify(.) by extension 'ignore'
[0.639s] Level 1:colcon.colcon_core.package_identification:_identify(.) by extension 'ignore_ament_install'
[0.640s] Level 1:colcon.colcon_core.package_identification:_identify(.) by extensions ['colcon_pkg']
[0.640s] Level 1:colcon.colcon_core.package_identification:_identify(.) by extension 'colcon_pkg'
[0.640s] Level 1:colcon.colcon_core.package_identification:_identify(.) by extensions ['colcon_meta']
[0.640s] Level 1:colcon.colcon_core.package_identification:_identify(.) by extension 'colcon_meta'
[0.640s] Level 1:colcon.colcon_core.package_identification:_identify(.) by extensions ['ros']
[0.640s] Level 1:colcon.colcon_core.package_identification:_identify(.) by extension 'ros'
[0.650s] Level 1:colcon.colcon_core.package_identification:_identify(.) by extensions ['cmake', 'python']
[0.651s] Level 1:colcon.colcon_core.package_identification:_identify(.) by extension 'cmake'
[0.651s] Level 1:colcon.colcon_core.package_identification:_identify(.) by extension 'python'
[0.651s] Level 1:colcon.colcon_core.package_identification:_identify(.) by extensions ['python_setup_py']
[0.651s] Level 1:colcon.colcon_core.package_identification:_identify(.) by extension 'python_setup_py'
[0.651s] Level 1:colcon.colcon_core.package_identification:_identify(build) by extensions ['ignore', 'ignore_ament_install']
[0.651s] Level 1:colcon.colcon_core.package_identification:_identify(build) by extension 'ignore'
[0.651s] Level 1:colcon.colcon_core.package_identification:_identify(build) ignored
[0.651s] Level 1:colcon.colcon_core.package_identification:_identify(install) by extensions ['ignore', 'ignore_ament_install']
[0.651s] Level 1:colcon.colcon_core.package_identification:_identify(install) by extension 'ignore'
[0.651s] Level 1:colcon.colcon_core.package_identification:_identify(install) ignored
[0.651s] Level 1:colcon.colcon_core.package_identification:_identify(log) by extensions ['ignore', 'ignore_ament_install']
[0.651s] Level 1:colcon.colcon_core.package_identification:_identify(log) by extension 'ignore'
[0.651s] Level 1:colcon.colcon_core.package_identification:_identify(log) ignored
[0.651s] Level 1:colcon.colcon_core.package_identification:_identify(src) by extensions ['ignore', 'ignore_ament_install']
[0.651s] Level 1:colcon.colcon_core.package_identification:_identify(src) by extension 'ignore'
[0.651s] Level 1:colcon.colcon_core.package_identification:_identify(src) by extension 'ignore_ament_install'
[0.651s] Level 1:colcon.colcon_core.package_identification:_identify(src) by extensions ['colcon_pkg']
[0.651s] Level 1:colcon.colcon_core.package_identification:_identify(src) by extension 'colcon_pkg'
[0.651s] Level 1:colcon.colcon_core.package_identification:_identify(src) by extensions ['colcon_meta']
[0.651s] Level 1:colcon.colcon_core.package_identification:_identify(src) by extension 'colcon_meta'
[0.651s] Level 1:colcon.colcon_core.package_identification:_identify(src) by extensions ['ros']
[0.651s] Level 1:colcon.colcon_core.package_identification:_identify(src) by extension 'ros'
[0.651s] Level 1:colcon.colcon_core.package_identification:_identify(src) by extensions ['cmake', 'python']
[0.652s] Level 1:colcon.colcon_core.package_identification:_identify(src) by extension 'cmake'
[0.652s] Level 1:colcon.colcon_core.package_identification:_identify(src) by extension 'python'
[0.652s] Level 1:colcon.colcon_core.package_identification:_identify(src) by extensions ['python_setup_py']
[0.652s] Level 1:colcon.colcon_core.package_identification:_identify(src) by extension 'python_setup_py'
[0.652s] Level 1:colcon.colcon_core.package_identification:_identify(src/custom_panda) by extensions ['ignore', 'ignore_ament_install']
[0.652s] Level 1:colcon.colcon_core.package_identification:_identify(src/custom_panda) by extension 'ignore'
[0.652s] Level 1:colcon.colcon_core.package_identification:_identify(src/custom_panda) by extension 'ignore_ament_install'
[0.652s] Level 1:colcon.colcon_core.package_identification:_identify(src/custom_panda) by extensions ['colcon_pkg']
[0.652s] Level 1:colcon.colcon_core.package_identification:_identify(src/custom_panda) by extension 'colcon_pkg'
[0.652s] Level 1:colcon.colcon_core.package_identification:_identify(src/custom_panda) by extensions ['colcon_meta']
[0.652s] Level 1:colcon.colcon_core.package_identification:_identify(src/custom_panda) by extension 'colcon_meta'
[0.652s] Level 1:colcon.colcon_core.package_identification:_identify(src/custom_panda) by extensions ['ros']
[0.652s] Level 1:colcon.colcon_core.package_identification:_identify(src/custom_panda) by extension 'ros'
[0.654s] DEBUG:colcon.colcon_core.package_identification:Package 'src/custom_panda' with type 'ros.ament_cmake' and name 'custom_panda'
[0.654s] Level 1:colcon.colcon_core.package_identification:_identify(src/ejercicio1) by extensions ['ignore', 'ignore_ament_install']
[0.654s] Level 1:colcon.colcon_core.package_identification:_identify(src/ejercicio1) by extension 'ignore'
[0.654s] Level 1:colcon.colcon_core.package_identification:_identify(src/ejercicio1) by extension 'ignore_ament_install'
[0.654s] Level 1:colcon.colcon_core.package_identification:_identify(src/ejercicio1) by extensions ['colcon_pkg']
[0.654s] Level 1:colcon.colcon_core.package_identification:_identify(src/ejercicio1) by extension 'colcon_pkg'
[0.654s] Level 1:colcon.colcon_core.package_identification:_identify(src/ejercicio1) by extensions ['colcon_meta']
[0.654s] Level 1:colcon.colcon_core.package_identification:_identify(src/ejercicio1) by extension 'colcon_meta'
[0.654s] Level 1:colcon.colcon_core.package_identification:_identify(src/ejercicio1) by extensions ['ros']
[0.655s] Level 1:colcon.colcon_core.package_identification:_identify(src/ejercicio1) by extension 'ros'
[0.655s] DEBUG:colcon.colcon_core.package_identification:Package 'src/ejercicio1' with type 'ros.ament_cmake' and name 'ejercicio1'
[0.655s] Level 1:colcon.colcon_core.package_identification:_identify(src/ejercicio2) by extensions ['ignore', 'ignore_ament_install']
[0.655s] Level 1:colcon.colcon_core.package_identification:_identify(src/ejercicio2) by extension 'ignore'
[0.655s] Level 1:colcon.colcon_core.package_identification:_identify(src/ejercicio2) by extension 'ignore_ament_install'
[0.655s] Level 1:colcon.colcon_core.package_identification:_identify(src/ejercicio2) by extensions ['colcon_pkg']
[0.655s] Level 1:colcon.colcon_core.package_identification:_identify(src/ejercicio2) by extension 'colcon_pkg'
[0.655s] Level 1:colcon.colcon_core.package_identification:_identify(src/ejercicio2) by extensions ['colcon_meta']
[0.655s] Level 1:colcon.colcon_core.package_identification:_identify(src/ejercicio2) by extension 'colcon_meta'
[0.655s] Level 1:colcon.colcon_core.package_identification:_identify(src/ejercicio2) by extensions ['ros']
[0.655s] Level 1:colcon.colcon_core.package_identification:_identify(src/ejercicio2) by extension 'ros'
[0.656s] DEBUG:colcon.colcon_core.package_identification:Package 'src/ejercicio2' with type 'ros.ament_cmake' and name 'ejercicio2'
[0.656s] Level 1:colcon.colcon_core.package_identification:_identify(src/ejercicio3) by extensions ['ignore', 'ignore_ament_install']
[0.656s] Level 1:colcon.colcon_core.package_identification:_identify(src/ejercicio3) by extension 'ignore'
[0.656s] Level 1:colcon.colcon_core.package_identification:_identify(src/ejercicio3) by extension 'ignore_ament_install'
[0.656s] Level 1:colcon.colcon_core.package_identification:_identify(src/ejercicio3) by extensions ['colcon_pkg']
[0.656s] Level 1:colcon.colcon_core.package_identification:_identify(src/ejercicio3) by extension 'colcon_pkg'
[0.656s] Level 1:colcon.colcon_core.package_identification:_identify(src/ejercicio3) by extensions ['colcon_meta']
[0.656s] Level 1:colcon.colcon_core.package_identification:_identify(src/ejercicio3) by extension 'colcon_meta'
[0.656s] Level 1:colcon.colcon_core.package_identification:_identify(src/ejercicio3) by extensions ['ros']
[0.656s] Level 1:colcon.colcon_core.package_identification:_identify(src/ejercicio3) by extension 'ros'
[0.656s] DEBUG:colcon.colcon_core.package_identification:Package 'src/ejercicio3' with type 'ros.ament_cmake' and name 'ejercicio3'
[0.656s] Level 1:colcon.colcon_core.package_identification:_identify(src/ejercicio4) by extensions ['ignore', 'ignore_ament_install']
[0.656s] Level 1:colcon.colcon_core.package_identification:_identify(src/ejercicio4) by extension 'ignore'
[0.656s] Level 1:colcon.colcon_core.package_identification:_identify(src/ejercicio4) by extension 'ignore_ament_install'
[0.656s] Level 1:colcon.colcon_core.package_identification:_identify(src/ejercicio4) by extensions ['colcon_pkg']
[0.656s] Level 1:colcon.colcon_core.package_identification:_identify(src/ejercicio4) by extension 'colcon_pkg'
[0.656s] Level 1:colcon.colcon_core.package_identification:_identify(src/ejercicio4) by extensions ['colcon_meta']
[0.656s] Level 1:colcon.colcon_core.package_identification:_identify(src/ejercicio4) by extension 'colcon_meta'
[0.656s] Level 1:colcon.colcon_core.package_identification:_identify(src/ejercicio4) by extensions ['ros']
[0.656s] Level 1:colcon.colcon_core.package_identification:_identify(src/ejercicio4) by extension 'ros'
[0.657s] DEBUG:colcon.colcon_core.package_identification:Package 'src/ejercicio4' with type 'ros.ament_python' and name 'ejercicio4'
[0.657s] Level 1:colcon.colcon_core.package_discovery:discover_packages(recursive) using defaults
[0.657s] Level 1:colcon.colcon_core.package_discovery:discover_packages(ignore) discover
[0.657s] Level 1:colcon.colcon_core.package_discovery:discover_packages(ignore) using defaults
[0.657s] Level 1:colcon.colcon_core.package_discovery:discover_packages(path) discover
[0.657s] Level 1:colcon.colcon_core.package_discovery:discover_packages(path) using defaults
[0.674s] Level 1:colcon.colcon_core.package_discovery:discover_packages(prefix_path) check parameters
[0.674s] Level 1:colcon.colcon_core.package_discovery:discover_packages(prefix_path) discover
[0.675s] DEBUG:colcon.colcon_installed_package_information.package_discovery:Found 5 installed packages in /home/integralmilk03/robotica_2_2024/examen2_ws/install
[0.685s] DEBUG:colcon.colcon_installed_package_information.package_discovery:Found 452 installed packages in /opt/ros/humble
[0.700s] Level 1:colcon.colcon_core.package_discovery:discover_packages(prefix_path) using defaults
[0.738s] Level 5:colcon.colcon_core.verb:set package 'custom_panda' build argument 'cmake_args' from command line to 'None'
[0.738s] Level 5:colcon.colcon_core.verb:set package 'custom_panda' build argument 'cmake_target' from command line to 'None'
[0.738s] Level 5:colcon.colcon_core.verb:set package 'custom_panda' build argument 'cmake_target_skip_unavailable' from command line to 'False'
[0.738s] Level 5:colcon.colcon_core.verb:set package 'custom_panda' build argument 'cmake_clean_cache' from command line to 'False'
[0.738s] Level 5:colcon.colcon_core.verb:set package 'custom_panda' build argument 'cmake_clean_first' from command line to 'False'
[0.738s] Level 5:colcon.colcon_core.verb:set package 'custom_panda' build argument 'cmake_force_configure' from command line to 'False'
[0.738s] Level 5:colcon.colcon_core.verb:set package 'custom_panda' build argument 'ament_cmake_args' from command line to 'None'
[0.739s] Level 5:colcon.colcon_core.verb:set package 'custom_panda' build argument 'catkin_cmake_args' from command line to 'None'
[0.739s] Level 5:colcon.colcon_core.verb:set package 'custom_panda' build argument 'catkin_skip_building_tests' from command line to 'False'
[0.739s] DEBUG:colcon.colcon_core.verb:Building package 'custom_panda' with the following arguments: {'ament_cmake_args': None, 'build_base': '/home/integralmilk03/robotica_2_2024/examen2_ws/build/custom_panda', 'catkin_cmake_args': None, 'catkin_skip_building_tests': False, 'cmake_args': None, 'cmake_clean_cache': False, 'cmake_clean_first': False, 'cmake_force_configure': False, 'cmake_target': None, 'cmake_target_skip_unavailable': False, 'install_base': '/home/integralmilk03/robotica_2_2024/examen2_ws/install/custom_panda', 'merge_install': False, 'path': '/home/integralmilk03/robotica_2_2024/examen2_ws/src/custom_panda', 'symlink_install': False, 'test_result_base': None}
[0.739s] Level 5:colcon.colcon_core.verb:set package 'ejercicio1' build argument 'cmake_args' from command line to 'None'
[0.739s] Level 5:colcon.colcon_core.verb:set package 'ejercicio1' build argument 'cmake_target' from command line to 'None'
[0.739s] Level 5:colcon.colcon_core.verb:set package 'ejercicio1' build argument 'cmake_target_skip_unavailable' from command line to 'False'
[0.739s] Level 5:colcon.colcon_core.verb:set package 'ejercicio1' build argument 'cmake_clean_cache' from command line to 'False'
[0.739s] Level 5:colcon.colcon_core.verb:set package 'ejercicio1' build argument 'cmake_clean_first' from command line to 'False'
[0.739s] Level 5:colcon.colcon_core.verb:set package 'ejercicio1' build argument 'cmake_force_configure' from command line to 'False'
[0.739s] Level 5:colcon.colcon_core.verb:set package 'ejercicio1' build argument 'ament_cmake_args' from command line to 'None'
[0.739s] Level 5:colcon.colcon_core.verb:set package 'ejercicio1' build argument 'catkin_cmake_args' from command line to 'None'
[0.739s] Level 5:colcon.colcon_core.verb:set package 'ejercicio1' build argument 'catkin_skip_building_tests' from command line to 'False'
[0.739s] DEBUG:colcon.colcon_core.verb:Building package 'ejercicio1' with the following arguments: {'ament_cmake_args': None, 'build_base': '/home/integralmilk03/robotica_2_2024/examen2_ws/build/ejercicio1', 'catkin_cmake_args': None, 'catkin_skip_building_tests': False, 'cmake_args': None, 'cmake_clean_cache': False, 'cmake_clean_first': False, 'cmake_force_configure': False, 'cmake_target': None, 'cmake_target_skip_unavailable': False, 'install_base': '/home/integralmilk03/robotica_2_2024/examen2_ws/install/ejercicio1', 'merge_install': False, 'path': '/home/integralmilk03/robotica_2_2024/examen2_ws/src/ejercicio1', 'symlink_install': False, 'test_result_base': None}
[0.739s] Level 5:colcon.colcon_core.verb:set package 'ejercicio2' build argument 'cmake_args' from command line to 'None'
[0.739s] Level 5:colcon.colcon_core.verb:set package 'ejercicio2' build argument 'cmake_target' from command line to 'None'
[0.739s] Level 5:colcon.colcon_core.verb:set package 'ejercicio2' build argument 'cmake_target_skip_unavailable' from command line to 'False'
[0.739s] Level 5:colcon.colcon_core.verb:set package 'ejercicio2' build argument 'cmake_clean_cache' from command line to 'False'
[0.739s] Level 5:colcon.colcon_core.verb:set package 'ejercicio2' build argument 'cmake_clean_first' from command line to 'False'
[0.739s] Level 5:colcon.colcon_core.verb:set package 'ejercicio2' build argument 'cmake_force_configure' from command line to 'False'
[0.739s] Level 5:colcon.colcon_core.verb:set package 'ejercicio2' build argument 'ament_cmake_args' from command line to 'None'
[0.739s] Level 5:colcon.colcon_core.verb:set package 'ejercicio2' build argument 'catkin_cmake_args' from command line to 'None'
[0.739s] Level 5:colcon.colcon_core.verb:set package 'ejercicio2' build argument 'catkin_skip_building_tests' from command line to 'False'
[0.739s] DEBUG:colcon.colcon_core.verb:Building package 'ejercicio2' with the following arguments: {'ament_cmake_args': None, 'build_base': '/home/integralmilk03/robotica_2_2024/examen2_ws/build/ejercicio2', 'catkin_cmake_args': None, 'catkin_skip_building_tests': False, 'cmake_args': None, 'cmake_clean_cache': False, 'cmake_clean_first': False, 'cmake_force_configure': False, 'cmake_target': None, 'cmake_target_skip_unavailable': False, 'install_base': '/home/integralmilk03/robotica_2_2024/examen2_ws/install/ejercicio2', 'merge_install': False, 'path': '/home/integralmilk03/robotica_2_2024/examen2_ws/src/ejercicio2', 'symlink_install': False, 'test_result_base': None}
[0.740s] Level 5:colcon.colcon_core.verb:set package 'ejercicio3' build argument 'cmake_args' from command line to 'None'
[0.740s] Level 5:colcon.colcon_core.verb:set package 'ejercicio3' build argument 'cmake_target' from command line to 'None'
[0.740s] Level 5:colcon.colcon_core.verb:set package 'ejercicio3' build argument 'cmake_target_skip_unavailable' from command line to 'False'
[0.740s] Level 5:colcon.colcon_core.verb:set package 'ejercicio3' build argument 'cmake_clean_cache' from command line to 'False'
[0.740s] Level 5:colcon.colcon_core.verb:set package 'ejercicio3' build argument 'cmake_clean_first' from command line to 'False'
[0.740s] Level 5:colcon.colcon_core.verb:set package 'ejercicio3' build argument 'cmake_force_configure' from command line to 'False'
[0.740s] Level 5:colcon.colcon_core.verb:set package 'ejercicio3' build argument 'ament_cmake_args' from command line to 'None'
[0.740s] Level 5:colcon.colcon_core.verb:set package 'ejercicio3' build argument 'catkin_cmake_args' from command line to 'None'
[0.740s] Level 5:colcon.colcon_core.verb:set package 'ejercicio3' build argument 'catkin_skip_building_tests' from command line to 'False'
[0.740s] DEBUG:colcon.colcon_core.verb:Building package 'ejercicio3' with the following arguments: {'ament_cmake_args': None, 'build_base': '/home/integralmilk03/robotica_2_2024/examen2_ws/build/ejercicio3', 'catkin_cmake_args': None, 'catkin_skip_building_tests': False, 'cmake_args': None, 'cmake_clean_cache': False, 'cmake_clean_first': False, 'cmake_force_configure': False, 'cmake_target': None, 'cmake_target_skip_unavailable': False, 'install_base': '/home/integralmilk03/robotica_2_2024/examen2_ws/install/ejercicio3', 'merge_install': False, 'path': '/home/integralmilk03/robotica_2_2024/examen2_ws/src/ejercicio3', 'symlink_install': False, 'test_result_base': None}
[0.740s] Level 5:colcon.colcon_core.verb:set package 'ejercicio4' build argument 'cmake_args' from command line to 'None'
[0.740s] Level 5:colcon.colcon_core.verb:set package 'ejercicio4' build argument 'cmake_target' from command line to 'None'
[0.740s] Level 5:colcon.colcon_core.verb:set package 'ejercicio4' build argument 'cmake_target_skip_unavailable' from command line to 'False'
[0.740s] Level 5:colcon.colcon_core.verb:set package 'ejercicio4' build argument 'cmake_clean_cache' from command line to 'False'
[0.740s] Level 5:colcon.colcon_core.verb:set package 'ejercicio4' build argument 'cmake_clean_first' from command line to 'False'
[0.740s] Level 5:colcon.colcon_core.verb:set package 'ejercicio4' build argument 'cmake_force_configure' from command line to 'False'
[0.740s] Level 5:colcon.colcon_core.verb:set package 'ejercicio4' build argument 'ament_cmake_args' from command line to 'None'
[0.740s] Level 5:colcon.colcon_core.verb:set package 'ejercicio4' build argument 'catkin_cmake_args' from command line to 'None'
[0.740s] Level 5:colcon.colcon_core.verb:set package 'ejercicio4' build argument 'catkin_skip_building_tests' from command line to 'False'
[0.740s] DEBUG:colcon.colcon_core.verb:Building package 'ejercicio4' with the following arguments: {'ament_cmake_args': None, 'build_base': '/home/integralmilk03/robotica_2_2024/examen2_ws/build/ejercicio4', 'catkin_cmake_args': None, 'catkin_skip_building_tests': False, 'cmake_args': None, 'cmake_clean_cache': False, 'cmake_clean_first': False, 'cmake_force_configure': False, 'cmake_target': None, 'cmake_target_skip_unavailable': False, 'install_base': '/home/integralmilk03/robotica_2_2024/examen2_ws/install/ejercicio4', 'merge_install': False, 'path': '/home/integralmilk03/robotica_2_2024/examen2_ws/src/ejercicio4', 'symlink_install': False, 'test_result_base': None}
[0.740s] INFO:colcon.colcon_core.executor:Executing jobs using 'parallel' executor
[0.741s] DEBUG:colcon.colcon_parallel_executor.executor.parallel:run_until_complete
[0.742s] INFO:colcon.colcon_ros.task.ament_cmake.build:Building ROS package in '/home/integralmilk03/robotica_2_2024/examen2_ws/src/custom_panda' with build type 'ament_cmake'
[0.742s] INFO:colcon.colcon_cmake.task.cmake.build:Building CMake package in '/home/integralmilk03/robotica_2_2024/examen2_ws/src/custom_panda'
[0.744s] INFO:colcon.colcon_core.plugin_system:Skipping extension 'colcon_core.shell.bat': Not used on non-Windows systems
[0.745s] INFO:colcon.colcon_core.shell:Skip shell extension 'powershell' for command environment: Not usable outside of PowerShell
[0.745s] DEBUG:colcon.colcon_core.shell:Skip shell extension 'dsv' for command environment
[0.748s] INFO:colcon.colcon_ros.task.ament_cmake.build:Building ROS package in '/home/integralmilk03/robotica_2_2024/examen2_ws/src/ejercicio1' with build type 'ament_cmake'
[0.748s] INFO:colcon.colcon_cmake.task.cmake.build:Building CMake package in '/home/integralmilk03/robotica_2_2024/examen2_ws/src/ejercicio1'
[0.748s] INFO:colcon.colcon_core.shell:Skip shell extension 'powershell' for command environment: Not usable outside of PowerShell
[0.748s] DEBUG:colcon.colcon_core.shell:Skip shell extension 'dsv' for command environment
[0.750s] INFO:colcon.colcon_ros.task.ament_cmake.build:Building ROS package in '/home/integralmilk03/robotica_2_2024/examen2_ws/src/ejercicio2' with build type 'ament_cmake'
[0.750s] INFO:colcon.colcon_cmake.task.cmake.build:Building CMake package in '/home/integralmilk03/robotica_2_2024/examen2_ws/src/ejercicio2'
[0.751s] INFO:colcon.colcon_core.shell:Skip shell extension 'powershell' for command environment: Not usable outside of PowerShell
[0.751s] DEBUG:colcon.colcon_core.shell:Skip shell extension 'dsv' for command environment
[0.753s] INFO:colcon.colcon_ros.task.ament_cmake.build:Building ROS package in '/home/integralmilk03/robotica_2_2024/examen2_ws/src/ejercicio3' with build type 'ament_cmake'
[0.753s] INFO:colcon.colcon_cmake.task.cmake.build:Building CMake package in '/home/integralmilk03/robotica_2_2024/examen2_ws/src/ejercicio3'
[0.753s] INFO:colcon.colcon_core.shell:Skip shell extension 'powershell' for command environment: Not usable outside of PowerShell
[0.753s] DEBUG:colcon.colcon_core.shell:Skip shell extension 'dsv' for command environment
[0.756s] INFO:colcon.colcon_ros.task.ament_python.build:Building ROS package in '/home/integralmilk03/robotica_2_2024/examen2_ws/src/ejercicio4' with build type 'ament_python'
[0.756s] Level 1:colcon.colcon_core.shell:create_environment_hook('ejercicio4', 'ament_prefix_path')
[0.756s] INFO:colcon.colcon_core.shell:Creating environment hook '/home/integralmilk03/robotica_2_2024/examen2_ws/install/ejercicio4/share/ejercicio4/hook/ament_prefix_path.ps1'
[0.757s] INFO:colcon.colcon_core.shell:Creating environment descriptor '/home/integralmilk03/robotica_2_2024/examen2_ws/install/ejercicio4/share/ejercicio4/hook/ament_prefix_path.dsv'
[0.757s] INFO:colcon.colcon_core.shell:Creating environment hook '/home/integralmilk03/robotica_2_2024/examen2_ws/install/ejercicio4/share/ejercicio4/hook/ament_prefix_path.sh'
[0.758s] INFO:colcon.colcon_core.shell:Skip shell extension 'powershell' for command environment: Not usable outside of PowerShell
[0.758s] DEBUG:colcon.colcon_core.shell:Skip shell extension 'dsv' for command environment
[0.767s] DEBUG:colcon.colcon_core.event_handler.log_command:Invoking command in '/home/integralmilk03/robotica_2_2024/examen2_ws/build/custom_panda': CMAKE_PREFIX_PATH=${CMAKE_PREFIX_PATH}:/home/integralmilk03/robotica_2_2024/examen2_ws/install/ejercicio4:/opt/ros/humble /usr/bin/cmake --build /home/integralmilk03/robotica_2_2024/examen2_ws/build/custom_panda -- -j12 -l12
[0.769s] DEBUG:colcon.colcon_core.event_handler.log_command:Invoking command in '/home/integralmilk03/robotica_2_2024/examen2_ws/build/ejercicio1': CMAKE_PREFIX_PATH=${CMAKE_PREFIX_PATH}:/home/integralmilk03/robotica_2_2024/examen2_ws/install/ejercicio4:/opt/ros/humble /usr/bin/cmake --build /home/integralmilk03/robotica_2_2024/examen2_ws/build/ejercicio1 -- -j12 -l12
[0.779s] DEBUG:colcon.colcon_core.event_handler.log_command:Invoking command in '/home/integralmilk03/robotica_2_2024/examen2_ws/build/ejercicio2': CMAKE_PREFIX_PATH=${CMAKE_PREFIX_PATH}:/home/integralmilk03/robotica_2_2024/examen2_ws/install/ejercicio4:/opt/ros/humble /usr/bin/cmake --build /home/integralmilk03/robotica_2_2024/examen2_ws/build/ejercicio2 -- -j12 -l12
[0.782s] DEBUG:colcon.colcon_core.event_handler.log_command:Invoking command in '/home/integralmilk03/robotica_2_2024/examen2_ws/build/ejercicio3': CMAKE_PREFIX_PATH=${CMAKE_PREFIX_PATH}:/home/integralmilk03/robotica_2_2024/examen2_ws/install/ejercicio4:/opt/ros/humble /usr/bin/cmake --build /home/integralmilk03/robotica_2_2024/examen2_ws/build/ejercicio3 -- -j12 -l12
[0.972s] INFO:colcon.colcon_core.task.python.build:Building Python package in '/home/integralmilk03/robotica_2_2024/examen2_ws/src/ejercicio4'
[0.973s] INFO:colcon.colcon_core.shell:Skip shell extension 'powershell' for command environment: Not usable outside of PowerShell
[0.973s] DEBUG:colcon.colcon_core.shell:Skip shell extension 'dsv' for command environment
[0.982s] DEBUG:colcon.colcon_core.event_handler.log_command:Invoked command in '/home/integralmilk03/robotica_2_2024/examen2_ws/build/custom_panda' returned '0': CMAKE_PREFIX_PATH=${CMAKE_PREFIX_PATH}:/home/integralmilk03/robotica_2_2024/examen2_ws/install/ejercicio4:/opt/ros/humble /usr/bin/cmake --build /home/integralmilk03/robotica_2_2024/examen2_ws/build/custom_panda -- -j12 -l12
[0.985s] DEBUG:colcon.colcon_core.event_handler.log_command:Invoked command in '/home/integralmilk03/robotica_2_2024/examen2_ws/build/ejercicio1' returned '0': CMAKE_PREFIX_PATH=${CMAKE_PREFIX_PATH}:/home/integralmilk03/robotica_2_2024/examen2_ws/install/ejercicio4:/opt/ros/humble /usr/bin/cmake --build /home/integralmilk03/robotica_2_2024/examen2_ws/build/ejercicio1 -- -j12 -l12
[0.985s] DEBUG:colcon.colcon_core.event_handler.log_command:Invoked command in '/home/integralmilk03/robotica_2_2024/examen2_ws/build/ejercicio2' returned '0': CMAKE_PREFIX_PATH=${CMAKE_PREFIX_PATH}:/home/integralmilk03/robotica_2_2024/examen2_ws/install/ejercicio4:/opt/ros/humble /usr/bin/cmake --build /home/integralmilk03/robotica_2_2024/examen2_ws/build/ejercicio2 -- -j12 -l12
[1.010s] DEBUG:colcon.colcon_core.event_handler.log_command:Invoking command in '/home/integralmilk03/robotica_2_2024/examen2_ws/build/ejercicio1': CMAKE_PREFIX_PATH=${CMAKE_PREFIX_PATH}:/home/integralmilk03/robotica_2_2024/examen2_ws/install/ejercicio4:/opt/ros/humble /usr/bin/cmake --install /home/integralmilk03/robotica_2_2024/examen2_ws/build/ejercicio1
[1.013s] DEBUG:colcon.colcon_core.event_handler.log_command:Invoking command in '/home/integralmilk03/robotica_2_2024/examen2_ws/build/custom_panda': CMAKE_PREFIX_PATH=${CMAKE_PREFIX_PATH}:/home/integralmilk03/robotica_2_2024/examen2_ws/install/ejercicio4:/opt/ros/humble /usr/bin/cmake --install /home/integralmilk03/robotica_2_2024/examen2_ws/build/custom_panda
[1.015s] DEBUG:colcon.colcon_core.event_handler.log_command:Invoking command in '/home/integralmilk03/robotica_2_2024/examen2_ws/build/ejercicio2': CMAKE_PREFIX_PATH=${CMAKE_PREFIX_PATH}:/home/integralmilk03/robotica_2_2024/examen2_ws/install/ejercicio4:/opt/ros/humble /usr/bin/cmake --install /home/integralmilk03/robotica_2_2024/examen2_ws/build/ejercicio2
[1.019s] Level 1:colcon.colcon_core.environment:create_environment_scripts_only(ejercicio1)
[1.019s] DEBUG:colcon.colcon_core.event_handler.log_command:Invoked command in '/home/integralmilk03/robotica_2_2024/examen2_ws/build/ejercicio1' returned '0': CMAKE_PREFIX_PATH=${CMAKE_PREFIX_PATH}:/home/integralmilk03/robotica_2_2024/examen2_ws/install/ejercicio4:/opt/ros/humble /usr/bin/cmake --install /home/integralmilk03/robotica_2_2024/examen2_ws/build/ejercicio1
[1.028s] Level 1:colcon.colcon_core.environment:checking '/home/integralmilk03/robotica_2_2024/examen2_ws/install/ejercicio1' for CMake module files
[1.028s] Level 1:colcon.colcon_core.environment:checking '/home/integralmilk03/robotica_2_2024/examen2_ws/install/ejercicio1' for CMake config files
[1.028s] Level 1:colcon.colcon_core.shell:create_environment_hook('ejercicio1', 'cmake_prefix_path')
[1.028s] INFO:colcon.colcon_core.shell:Creating environment hook '/home/integralmilk03/robotica_2_2024/examen2_ws/install/ejercicio1/share/ejercicio1/hook/cmake_prefix_path.ps1'
[1.029s] INFO:colcon.colcon_core.shell:Creating environment descriptor '/home/integralmilk03/robotica_2_2024/examen2_ws/install/ejercicio1/share/ejercicio1/hook/cmake_prefix_path.dsv'
[1.029s] INFO:colcon.colcon_core.shell:Creating environment hook '/home/integralmilk03/robotica_2_2024/examen2_ws/install/ejercicio1/share/ejercicio1/hook/cmake_prefix_path.sh'
[1.029s] Level 1:colcon.colcon_core.environment:checking '/home/integralmilk03/robotica_2_2024/examen2_ws/install/ejercicio1/lib'
[1.029s] Level 1:colcon.colcon_core.environment:checking '/home/integralmilk03/robotica_2_2024/examen2_ws/install/ejercicio1/bin'
[1.029s] Level 1:colcon.colcon_core.environment:checking '/home/integralmilk03/robotica_2_2024/examen2_ws/install/ejercicio1/lib/pkgconfig/ejercicio1.pc'
[1.030s] Level 1:colcon.colcon_core.environment:checking '/home/integralmilk03/robotica_2_2024/examen2_ws/install/ejercicio1/lib/python3.10/site-packages'
[1.030s] Level 1:colcon.colcon_core.environment:checking '/home/integralmilk03/robotica_2_2024/examen2_ws/install/ejercicio1/bin'
[1.030s] INFO:colcon.colcon_core.shell:Creating package script '/home/integralmilk03/robotica_2_2024/examen2_ws/install/ejercicio1/share/ejercicio1/package.ps1'
[1.030s] INFO:colcon.colcon_core.shell:Creating package descriptor '/home/integralmilk03/robotica_2_2024/examen2_ws/install/ejercicio1/share/ejercicio1/package.dsv'
[1.031s] INFO:colcon.colcon_core.shell:Creating package script '/home/integralmilk03/robotica_2_2024/examen2_ws/install/ejercicio1/share/ejercicio1/package.sh'
[1.031s] INFO:colcon.colcon_core.shell:Creating package script '/home/integralmilk03/robotica_2_2024/examen2_ws/install/ejercicio1/share/ejercicio1/package.bash'
[1.032s] INFO:colcon.colcon_core.shell:Creating package script '/home/integralmilk03/robotica_2_2024/examen2_ws/install/ejercicio1/share/ejercicio1/package.zsh'
[1.032s] Level 1:colcon.colcon_core.environment:create_file_with_runtime_dependencies(/home/integralmilk03/robotica_2_2024/examen2_ws/install/ejercicio1/share/colcon-core/packages/ejercicio1)
[1.034s] Level 1:colcon.colcon_core.environment:create_environment_scripts_only(custom_panda)
[1.034s] Level 1:colcon.colcon_core.environment:checking '/home/integralmilk03/robotica_2_2024/examen2_ws/install/custom_panda' for CMake module files
[1.035s] DEBUG:colcon.colcon_core.event_handler.log_command:Invoked command in '/home/integralmilk03/robotica_2_2024/examen2_ws/build/custom_panda' returned '0': CMAKE_PREFIX_PATH=${CMAKE_PREFIX_PATH}:/home/integralmilk03/robotica_2_2024/examen2_ws/install/ejercicio4:/opt/ros/humble /usr/bin/cmake --install /home/integralmilk03/robotica_2_2024/examen2_ws/build/custom_panda
[1.035s] Level 1:colcon.colcon_core.environment:checking '/home/integralmilk03/robotica_2_2024/examen2_ws/install/custom_panda' for CMake config files
[1.035s] Level 1:colcon.colcon_core.shell:create_environment_hook('custom_panda', 'cmake_prefix_path')
[1.035s] INFO:colcon.colcon_core.shell:Creating environment hook '/home/integralmilk03/robotica_2_2024/examen2_ws/install/custom_panda/share/custom_panda/hook/cmake_prefix_path.ps1'
[1.036s] INFO:colcon.colcon_core.shell:Creating environment descriptor '/home/integralmilk03/robotica_2_2024/examen2_ws/install/custom_panda/share/custom_panda/hook/cmake_prefix_path.dsv'
[1.036s] INFO:colcon.colcon_core.shell:Creating environment hook '/home/integralmilk03/robotica_2_2024/examen2_ws/install/custom_panda/share/custom_panda/hook/cmake_prefix_path.sh'
[1.036s] Level 1:colcon.colcon_core.environment:checking '/home/integralmilk03/robotica_2_2024/examen2_ws/install/custom_panda/bin'
[1.036s] Level 1:colcon.colcon_core.environment:checking '/home/integralmilk03/robotica_2_2024/examen2_ws/install/custom_panda/lib/pkgconfig/custom_panda.pc'
[1.037s] Level 1:colcon.colcon_core.environment:checking '/home/integralmilk03/robotica_2_2024/examen2_ws/install/custom_panda/lib/python3.10/site-packages'
[1.037s] Level 1:colcon.colcon_core.environment:checking '/home/integralmilk03/robotica_2_2024/examen2_ws/install/custom_panda/bin'
[1.037s] INFO:colcon.colcon_core.shell:Creating package script '/home/integralmilk03/robotica_2_2024/examen2_ws/install/custom_panda/share/custom_panda/package.ps1'
[1.037s] INFO:colcon.colcon_core.shell:Creating package descriptor '/home/integralmilk03/robotica_2_2024/examen2_ws/install/custom_panda/share/custom_panda/package.dsv'
[1.038s] INFO:colcon.colcon_core.shell:Creating package script '/home/integralmilk03/robotica_2_2024/examen2_ws/install/custom_panda/share/custom_panda/package.sh'
[1.038s] INFO:colcon.colcon_core.shell:Creating package script '/home/integralmilk03/robotica_2_2024/examen2_ws/install/custom_panda/share/custom_panda/package.bash'
[1.039s] INFO:colcon.colcon_core.shell:Creating package script '/home/integralmilk03/robotica_2_2024/examen2_ws/install/custom_panda/share/custom_panda/package.zsh'
[1.039s] Level 1:colcon.colcon_core.environment:create_file_with_runtime_dependencies(/home/integralmilk03/robotica_2_2024/examen2_ws/install/custom_panda/share/colcon-core/packages/custom_panda)
[1.042s] Level 1:colcon.colcon_core.environment:create_environment_scripts_only(ejercicio2)
[1.042s] DEBUG:colcon.colcon_core.event_handler.log_command:Invoked command in '/home/integralmilk03/robotica_2_2024/examen2_ws/build/ejercicio2' returned '0': CMAKE_PREFIX_PATH=${CMAKE_PREFIX_PATH}:/home/integralmilk03/robotica_2_2024/examen2_ws/install/ejercicio4:/opt/ros/humble /usr/bin/cmake --install /home/integralmilk03/robotica_2_2024/examen2_ws/build/ejercicio2
[1.042s] Level 1:colcon.colcon_core.environment:checking '/home/integralmilk03/robotica_2_2024/examen2_ws/install/ejercicio2' for CMake module files
[1.043s] Level 1:colcon.colcon_core.environment:checking '/home/integralmilk03/robotica_2_2024/examen2_ws/install/ejercicio2' for CMake config files
[1.044s] Level 1:colcon.colcon_core.shell:create_environment_hook('ejercicio2', 'cmake_prefix_path')
[1.044s] INFO:colcon.colcon_core.shell:Creating environment hook '/home/integralmilk03/robotica_2_2024/examen2_ws/install/ejercicio2/share/ejercicio2/hook/cmake_prefix_path.ps1'
[1.044s] INFO:colcon.colcon_core.shell:Creating environment descriptor '/home/integralmilk03/robotica_2_2024/examen2_ws/install/ejercicio2/share/ejercicio2/hook/cmake_prefix_path.dsv'
[1.045s] INFO:colcon.colcon_core.shell:Creating environment hook '/home/integralmilk03/robotica_2_2024/examen2_ws/install/ejercicio2/share/ejercicio2/hook/cmake_prefix_path.sh'
[1.047s] Level 1:colcon.colcon_core.environment:checking '/home/integralmilk03/robotica_2_2024/examen2_ws/install/ejercicio2/lib'
[1.047s] Level 1:colcon.colcon_core.environment:checking '/home/integralmilk03/robotica_2_2024/examen2_ws/install/ejercicio2/bin'
[1.047s] Level 1:colcon.colcon_core.environment:checking '/home/integralmilk03/robotica_2_2024/examen2_ws/install/ejercicio2/lib/pkgconfig/ejercicio2.pc'
[1.048s] Level 1:colcon.colcon_core.environment:checking '/home/integralmilk03/robotica_2_2024/examen2_ws/install/ejercicio2/lib/python3.10/site-packages'
[1.048s] Level 1:colcon.colcon_core.environment:checking '/home/integralmilk03/robotica_2_2024/examen2_ws/install/ejercicio2/bin'
[1.048s] INFO:colcon.colcon_core.shell:Creating package script '/home/integralmilk03/robotica_2_2024/examen2_ws/install/ejercicio2/share/ejercicio2/package.ps1'
[1.048s] INFO:colcon.colcon_core.shell:Creating package descriptor '/home/integralmilk03/robotica_2_2024/examen2_ws/install/ejercicio2/share/ejercicio2/package.dsv'
[1.049s] INFO:colcon.colcon_core.shell:Creating package script '/home/integralmilk03/robotica_2_2024/examen2_ws/install/ejercicio2/share/ejercicio2/package.sh'
[1.049s] INFO:colcon.colcon_core.shell:Creating package script '/home/integralmilk03/robotica_2_2024/examen2_ws/install/ejercicio2/share/ejercicio2/package.bash'
[1.050s] INFO:colcon.colcon_core.shell:Creating package script '/home/integralmilk03/robotica_2_2024/examen2_ws/install/ejercicio2/share/ejercicio2/package.zsh'
[1.050s] Level 1:colcon.colcon_core.environment:create_file_with_runtime_dependencies(/home/integralmilk03/robotica_2_2024/examen2_ws/install/ejercicio2/share/colcon-core/packages/ejercicio2)
[1.055s] Level 1:colcon.colcon_core.environment:create_environment_scripts_only(ejercicio1)
[1.056s] Level 1:colcon.colcon_core.environment:checking '/home/integralmilk03/robotica_2_2024/examen2_ws/install/ejercicio1' for CMake module files
[1.056s] Level 1:colcon.colcon_core.environment:checking '/home/integralmilk03/robotica_2_2024/examen2_ws/install/ejercicio1' for CMake config files
[1.056s] Level 1:colcon.colcon_core.shell:create_environment_hook('ejercicio1', 'cmake_prefix_path')
[1.056s] INFO:colcon.colcon_core.shell:Creating environment hook '/home/integralmilk03/robotica_2_2024/examen2_ws/install/ejercicio1/share/ejercicio1/hook/cmake_prefix_path.ps1'
[1.056s] INFO:colcon.colcon_core.shell:Creating environment descriptor '/home/integralmilk03/robotica_2_2024/examen2_ws/install/ejercicio1/share/ejercicio1/hook/cmake_prefix_path.dsv'
[1.057s] INFO:colcon.colcon_core.shell:Creating environment hook '/home/integralmilk03/robotica_2_2024/examen2_ws/install/ejercicio1/share/ejercicio1/hook/cmake_prefix_path.sh'
[1.057s] Level 1:colcon.colcon_core.environment:checking '/home/integralmilk03/robotica_2_2024/examen2_ws/install/ejercicio1/lib'
[1.057s] Level 1:colcon.colcon_core.environment:checking '/home/integralmilk03/robotica_2_2024/examen2_ws/install/ejercicio1/bin'
[1.057s] Level 1:colcon.colcon_core.environment:checking '/home/integralmilk03/robotica_2_2024/examen2_ws/install/ejercicio1/lib/pkgconfig/ejercicio1.pc'
[1.057s] Level 1:colcon.colcon_core.environment:checking '/home/integralmilk03/robotica_2_2024/examen2_ws/install/ejercicio1/lib/python3.10/site-packages'
[1.057s] Level 1:colcon.colcon_core.environment:checking '/home/integralmilk03/robotica_2_2024/examen2_ws/install/ejercicio1/bin'
[1.058s] INFO:colcon.colcon_core.shell:Creating package script '/home/integralmilk03/robotica_2_2024/examen2_ws/install/ejercicio1/share/ejercicio1/package.ps1'
[1.058s] INFO:colcon.colcon_core.shell:Creating package descriptor '/home/integralmilk03/robotica_2_2024/examen2_ws/install/ejercicio1/share/ejercicio1/package.dsv'
[1.058s] INFO:colcon.colcon_core.shell:Creating package script '/home/integralmilk03/robotica_2_2024/examen2_ws/install/ejercicio1/share/ejercicio1/package.sh'
[1.058s] INFO:colcon.colcon_core.shell:Creating package script '/home/integralmilk03/robotica_2_2024/examen2_ws/install/ejercicio1/share/ejercicio1/package.bash'
[1.059s] INFO:colcon.colcon_core.shell:Creating package script '/home/integralmilk03/robotica_2_2024/examen2_ws/install/ejercicio1/share/ejercicio1/package.zsh'
[1.060s] Level 1:colcon.colcon_core.environment:create_file_with_runtime_dependencies(/home/integralmilk03/robotica_2_2024/examen2_ws/install/ejercicio1/share/colcon-core/packages/ejercicio1)
[1.065s] Level 1:colcon.colcon_core.environment:create_environment_scripts_only(custom_panda)
[1.065s] Level 1:colcon.colcon_core.environment:checking '/home/integralmilk03/robotica_2_2024/examen2_ws/install/custom_panda' for CMake module files
[1.066s] Level 1:colcon.colcon_core.environment:checking '/home/integralmilk03/robotica_2_2024/examen2_ws/install/custom_panda' for CMake config files
[1.066s] Level 1:colcon.colcon_core.shell:create_environment_hook('custom_panda', 'cmake_prefix_path')
[1.066s] INFO:colcon.colcon_core.shell:Creating environment hook '/home/integralmilk03/robotica_2_2024/examen2_ws/install/custom_panda/share/custom_panda/hook/cmake_prefix_path.ps1'
[1.067s] INFO:colcon.colcon_core.shell:Creating environment descriptor '/home/integralmilk03/robotica_2_2024/examen2_ws/install/custom_panda/share/custom_panda/hook/cmake_prefix_path.dsv'
[1.067s] INFO:colcon.colcon_core.shell:Creating environment hook '/home/integralmilk03/robotica_2_2024/examen2_ws/install/custom_panda/share/custom_panda/hook/cmake_prefix_path.sh'
[1.068s] Level 1:colcon.colcon_core.environment:checking '/home/integralmilk03/robotica_2_2024/examen2_ws/install/custom_panda/bin'
[1.068s] Level 1:colcon.colcon_core.environment:checking '/home/integralmilk03/robotica_2_2024/examen2_ws/install/custom_panda/lib/pkgconfig/custom_panda.pc'
[1.068s] Level 1:colcon.colcon_core.environment:checking '/home/integralmilk03/robotica_2_2024/examen2_ws/install/custom_panda/lib/python3.10/site-packages'
[1.068s] Level 1:colcon.colcon_core.environment:checking '/home/integralmilk03/robotica_2_2024/examen2_ws/install/custom_panda/bin'
[1.069s] INFO:colcon.colcon_core.shell:Creating package script '/home/integralmilk03/robotica_2_2024/examen2_ws/install/custom_panda/share/custom_panda/package.ps1'
[1.069s] INFO:colcon.colcon_core.shell:Creating package descriptor '/home/integralmilk03/robotica_2_2024/examen2_ws/install/custom_panda/share/custom_panda/package.dsv'
[1.070s] INFO:colcon.colcon_core.shell:Creating package script '/home/integralmilk03/robotica_2_2024/examen2_ws/install/custom_panda/share/custom_panda/package.sh'
[1.070s] INFO:colcon.colcon_core.shell:Creating package script '/home/integralmilk03/robotica_2_2024/examen2_ws/install/custom_panda/share/custom_panda/package.bash'
[1.070s] INFO:colcon.colcon_core.shell:Creating package script '/home/integralmilk03/robotica_2_2024/examen2_ws/install/custom_panda/share/custom_panda/package.zsh'
[1.071s] Level 1:colcon.colcon_core.environment:create_file_with_runtime_dependencies(/home/integralmilk03/robotica_2_2024/examen2_ws/install/custom_panda/share/colcon-core/packages/custom_panda)
[1.073s] Level 1:colcon.colcon_core.environment:create_environment_scripts_only(ejercicio2)
[1.073s] Level 1:colcon.colcon_core.environment:checking '/home/integralmilk03/robotica_2_2024/examen2_ws/install/ejercicio2' for CMake module files
[1.073s] Level 1:colcon.colcon_core.environment:checking '/home/integralmilk03/robotica_2_2024/examen2_ws/install/ejercicio2' for CMake config files
[1.073s] Level 1:colcon.colcon_core.shell:create_environment_hook('ejercicio2', 'cmake_prefix_path')
[1.073s] INFO:colcon.colcon_core.shell:Creating environment hook '/home/integralmilk03/robotica_2_2024/examen2_ws/install/ejercicio2/share/ejercicio2/hook/cmake_prefix_path.ps1'
[1.074s] INFO:colcon.colcon_core.shell:Creating environment descriptor '/home/integralmilk03/robotica_2_2024/examen2_ws/install/ejercicio2/share/ejercicio2/hook/cmake_prefix_path.dsv'
[1.074s] INFO:colcon.colcon_core.shell:Creating environment hook '/home/integralmilk03/robotica_2_2024/examen2_ws/install/ejercicio2/share/ejercicio2/hook/cmake_prefix_path.sh'
[1.074s] Level 1:colcon.colcon_core.environment:checking '/home/integralmilk03/robotica_2_2024/examen2_ws/install/ejercicio2/lib'
[1.074s] Level 1:colcon.colcon_core.environment:checking '/home/integralmilk03/robotica_2_2024/examen2_ws/install/ejercicio2/bin'
[1.074s] Level 1:colcon.colcon_core.environment:checking '/home/integralmilk03/robotica_2_2024/examen2_ws/install/ejercicio2/lib/pkgconfig/ejercicio2.pc'
[1.074s] Level 1:colcon.colcon_core.environment:checking '/home/integralmilk03/robotica_2_2024/examen2_ws/install/ejercicio2/lib/python3.10/site-packages'
[1.075s] Level 1:colcon.colcon_core.environment:checking '/home/integralmilk03/robotica_2_2024/examen2_ws/install/ejercicio2/bin'
[1.075s] INFO:colcon.colcon_core.shell:Creating package script '/home/integralmilk03/robotica_2_2024/examen2_ws/install/ejercicio2/share/ejercicio2/package.ps1'
[1.075s] INFO:colcon.colcon_core.shell:Creating package descriptor '/home/integralmilk03/robotica_2_2024/examen2_ws/install/ejercicio2/share/ejercicio2/package.dsv'
[1.075s] INFO:colcon.colcon_core.shell:Creating package script '/home/integralmilk03/robotica_2_2024/examen2_ws/install/ejercicio2/share/ejercicio2/package.sh'
[1.076s] INFO:colcon.colcon_core.shell:Creating package script '/home/integralmilk03/robotica_2_2024/examen2_ws/install/ejercicio2/share/ejercicio2/package.bash'
[1.076s] INFO:colcon.colcon_core.shell:Creating package script '/home/integralmilk03/robotica_2_2024/examen2_ws/install/ejercicio2/share/ejercicio2/package.zsh'
[1.077s] Level 1:colcon.colcon_core.environment:create_file_with_runtime_dependencies(/home/integralmilk03/robotica_2_2024/examen2_ws/install/ejercicio2/share/colcon-core/packages/ejercicio2)
[1.083s] DEBUG:colcon.colcon_core.event_handler.log_command:Invoked command in '/home/integralmilk03/robotica_2_2024/examen2_ws/build/ejercicio3' returned '0': CMAKE_PREFIX_PATH=${CMAKE_PREFIX_PATH}:/home/integralmilk03/robotica_2_2024/examen2_ws/install/ejercicio4:/opt/ros/humble /usr/bin/cmake --build /home/integralmilk03/robotica_2_2024/examen2_ws/build/ejercicio3 -- -j12 -l12
[1.101s] DEBUG:colcon.colcon_core.event_handler.log_command:Invoking command in '/home/integralmilk03/robotica_2_2024/examen2_ws/build/ejercicio3': CMAKE_PREFIX_PATH=${CMAKE_PREFIX_PATH}:/home/integralmilk03/robotica_2_2024/examen2_ws/install/ejercicio4:/opt/ros/humble /usr/bin/cmake --install /home/integralmilk03/robotica_2_2024/examen2_ws/build/ejercicio3
[1.113s] Level 1:colcon.colcon_core.environment:create_environment_scripts_only(ejercicio3)
[1.114s] DEBUG:colcon.colcon_core.event_handler.log_command:Invoked command in '/home/integralmilk03/robotica_2_2024/examen2_ws/build/ejercicio3' returned '0': CMAKE_PREFIX_PATH=${CMAKE_PREFIX_PATH}:/home/integralmilk03/robotica_2_2024/examen2_ws/install/ejercicio4:/opt/ros/humble /usr/bin/cmake --install /home/integralmilk03/robotica_2_2024/examen2_ws/build/ejercicio3
[1.114s] Level 1:colcon.colcon_core.environment:checking '/home/integralmilk03/robotica_2_2024/examen2_ws/install/ejercicio3' for CMake module files
[1.114s] Level 1:colcon.colcon_core.environment:checking '/home/integralmilk03/robotica_2_2024/examen2_ws/install/ejercicio3' for CMake config files
[1.115s] Level 1:colcon.colcon_core.shell:create_environment_hook('ejercicio3', 'cmake_prefix_path')
[1.115s] INFO:colcon.colcon_core.shell:Creating environment hook '/home/integralmilk03/robotica_2_2024/examen2_ws/install/ejercicio3/share/ejercicio3/hook/cmake_prefix_path.ps1'
[1.115s] INFO:colcon.colcon_core.shell:Creating environment descriptor '/home/integralmilk03/robotica_2_2024/examen2_ws/install/ejercicio3/share/ejercicio3/hook/cmake_prefix_path.dsv'
[1.116s] INFO:colcon.colcon_core.shell:Creating environment hook '/home/integralmilk03/robotica_2_2024/examen2_ws/install/ejercicio3/share/ejercicio3/hook/cmake_prefix_path.sh'
[1.116s] Level 1:colcon.colcon_core.environment:checking '/home/integralmilk03/robotica_2_2024/examen2_ws/install/ejercicio3/bin'
[1.116s] Level 1:colcon.colcon_core.environment:checking '/home/integralmilk03/robotica_2_2024/examen2_ws/install/ejercicio3/lib/pkgconfig/ejercicio3.pc'
[1.116s] Level 1:colcon.colcon_core.environment:checking '/home/integralmilk03/robotica_2_2024/examen2_ws/install/ejercicio3/lib/python3.10/site-packages'
[1.117s] Level 1:colcon.colcon_core.environment:checking '/home/integralmilk03/robotica_2_2024/examen2_ws/install/ejercicio3/bin'
[1.117s] INFO:colcon.colcon_core.shell:Creating package script '/home/integralmilk03/robotica_2_2024/examen2_ws/install/ejercicio3/share/ejercicio3/package.ps1'
[1.117s] INFO:colcon.colcon_core.shell:Creating package descriptor '/home/integralmilk03/robotica_2_2024/examen2_ws/install/ejercicio3/share/ejercicio3/package.dsv'
[1.118s] INFO:colcon.colcon_core.shell:Creating package script '/home/integralmilk03/robotica_2_2024/examen2_ws/install/ejercicio3/share/ejercicio3/package.sh'
[1.118s] INFO:colcon.colcon_core.shell:Creating package script '/home/integralmilk03/robotica_2_2024/examen2_ws/install/ejercicio3/share/ejercicio3/package.bash'
[1.118s] INFO:colcon.colcon_core.shell:Creating package script '/home/integralmilk03/robotica_2_2024/examen2_ws/install/ejercicio3/share/ejercicio3/package.zsh'
[1.118s] Level 1:colcon.colcon_core.environment:create_file_with_runtime_dependencies(/home/integralmilk03/robotica_2_2024/examen2_ws/install/ejercicio3/share/colcon-core/packages/ejercicio3)
[1.131s] Level 1:colcon.colcon_core.environment:create_environment_scripts_only(ejercicio3)
[1.132s] Level 1:colcon.colcon_core.environment:checking '/home/integralmilk03/robotica_2_2024/examen2_ws/install/ejercicio3' for CMake module files
[1.132s] Level 1:colcon.colcon_core.environment:checking '/home/integralmilk03/robotica_2_2024/examen2_ws/install/ejercicio3' for CMake config files
[1.132s] Level 1:colcon.colcon_core.shell:create_environment_hook('ejercicio3', 'cmake_prefix_path')
[1.132s] INFO:colcon.colcon_core.shell:Creating environment hook '/home/integralmilk03/robotica_2_2024/examen2_ws/install/ejercicio3/share/ejercicio3/hook/cmake_prefix_path.ps1'
[1.132s] INFO:colcon.colcon_core.shell:Creating environment descriptor '/home/integralmilk03/robotica_2_2024/examen2_ws/install/ejercicio3/share/ejercicio3/hook/cmake_prefix_path.dsv'
[1.132s] INFO:colcon.colcon_core.shell:Creating environment hook '/home/integralmilk03/robotica_2_2024/examen2_ws/install/ejercicio3/share/ejercicio3/hook/cmake_prefix_path.sh'
[1.133s] Level 1:colcon.colcon_core.environment:checking '/home/integralmilk03/robotica_2_2024/examen2_ws/install/ejercicio3/bin'
[1.133s] Level 1:colcon.colcon_core.environment:checking '/home/integralmilk03/robotica_2_2024/examen2_ws/install/ejercicio3/lib/pkgconfig/ejercicio3.pc'
[1.133s] Level 1:colcon.colcon_core.environment:checking '/home/integralmilk03/robotica_2_2024/examen2_ws/install/ejercicio3/lib/python3.10/site-packages'
[1.133s] Level 1:colcon.colcon_core.environment:checking '/home/integralmilk03/robotica_2_2024/examen2_ws/install/ejercicio3/bin'
[1.133s] INFO:colcon.colcon_core.shell:Creating package script '/home/integralmilk03/robotica_2_2024/examen2_ws/install/ejercicio3/share/ejercicio3/package.ps1'
[1.134s] INFO:colcon.colcon_core.shell:Creating package descriptor '/home/integralmilk03/robotica_2_2024/examen2_ws/install/ejercicio3/share/ejercicio3/package.dsv'
[1.134s] INFO:colcon.colcon_core.shell:Creating package script '/home/integralmilk03/robotica_2_2024/examen2_ws/install/ejercicio3/share/ejercicio3/package.sh'
[1.134s] INFO:colcon.colcon_core.shell:Creating package script '/home/integralmilk03/robotica_2_2024/examen2_ws/install/ejercicio3/share/ejercicio3/package.bash'
[1.135s] INFO:colcon.colcon_core.shell:Creating package script '/home/integralmilk03/robotica_2_2024/examen2_ws/install/ejercicio3/share/ejercicio3/package.zsh'
[1.135s] Level 1:colcon.colcon_core.environment:create_file_with_runtime_dependencies(/home/integralmilk03/robotica_2_2024/examen2_ws/install/ejercicio3/share/colcon-core/packages/ejercicio3)
[1.274s] DEBUG:colcon.colcon_core.event_handler.log_command:Invoking command in '/home/integralmilk03/robotica_2_2024/examen2_ws/src/ejercicio4': PYTHONPATH=/home/integralmilk03/robotica_2_2024/examen2_ws/build/ejercicio4/prefix_override:/home/integralmilk03/.local/lib/python3.10/site-packages/colcon_core/task/python/colcon_distutils_commands:/home/integralmilk03/robotica_2_2024/examen2_ws/install/ejercicio4/lib/python3.10/site-packages:${PYTHONPATH} /usr/bin/python3 -W ignore:setup.py install is deprecated setup.py egg_info --egg-base ../../build/ejercicio4 build --build-base /home/integralmilk03/robotica_2_2024/examen2_ws/build/ejercicio4/build install --record /home/integralmilk03/robotica_2_2024/examen2_ws/build/ejercicio4/install.log --single-version-externally-managed install_data
[1.466s] Level 1:colcon.colcon_core.environment:checking '/home/integralmilk03/robotica_2_2024/examen2_ws/install/ejercicio4' for CMake module files
[1.466s] DEBUG:colcon.colcon_core.event_handler.log_command:Invoked command in '/home/integralmilk03/robotica_2_2024/examen2_ws/src/ejercicio4' returned '0': PYTHONPATH=/home/integralmilk03/robotica_2_2024/examen2_ws/build/ejercicio4/prefix_override:/home/integralmilk03/.local/lib/python3.10/site-packages/colcon_core/task/python/colcon_distutils_commands:/home/integralmilk03/robotica_2_2024/examen2_ws/install/ejercicio4/lib/python3.10/site-packages:${PYTHONPATH} /usr/bin/python3 -W ignore:setup.py install is deprecated setup.py egg_info --egg-base ../../build/ejercicio4 build --build-base /home/integralmilk03/robotica_2_2024/examen2_ws/build/ejercicio4/build install --record /home/integralmilk03/robotica_2_2024/examen2_ws/build/ejercicio4/install.log --single-version-externally-managed install_data
[1.467s] Level 1:colcon.colcon_core.environment:checking '/home/integralmilk03/robotica_2_2024/examen2_ws/install/ejercicio4' for CMake config files
[1.467s] Level 1:colcon.colcon_core.environment:checking '/home/integralmilk03/robotica_2_2024/examen2_ws/install/ejercicio4/lib'
[1.467s] Level 1:colcon.colcon_core.environment:checking '/home/integralmilk03/robotica_2_2024/examen2_ws/install/ejercicio4/bin'
[1.467s] Level 1:colcon.colcon_core.environment:checking '/home/integralmilk03/robotica_2_2024/examen2_ws/install/ejercicio4/lib/pkgconfig/ejercicio4.pc'
[1.467s] Level 1:colcon.colcon_core.environment:checking '/home/integralmilk03/robotica_2_2024/examen2_ws/install/ejercicio4/lib/python3.10/site-packages'
[1.467s] Level 1:colcon.colcon_core.shell:create_environment_hook('ejercicio4', 'pythonpath')
[1.467s] INFO:colcon.colcon_core.shell:Creating environment hook '/home/integralmilk03/robotica_2_2024/examen2_ws/install/ejercicio4/share/ejercicio4/hook/pythonpath.ps1'
[1.468s] INFO:colcon.colcon_core.shell:Creating environment descriptor '/home/integralmilk03/robotica_2_2024/examen2_ws/install/ejercicio4/share/ejercicio4/hook/pythonpath.dsv'
[1.468s] INFO:colcon.colcon_core.shell:Creating environment hook '/home/integralmilk03/robotica_2_2024/examen2_ws/install/ejercicio4/share/ejercicio4/hook/pythonpath.sh'
[1.468s] Level 1:colcon.colcon_core.environment:checking '/home/integralmilk03/robotica_2_2024/examen2_ws/install/ejercicio4/bin'
[1.468s] Level 1:colcon.colcon_core.environment:create_environment_scripts_only(ejercicio4)
[1.469s] INFO:colcon.colcon_core.shell:Creating package script '/home/integralmilk03/robotica_2_2024/examen2_ws/install/ejercicio4/share/ejercicio4/package.ps1'
[1.469s] INFO:colcon.colcon_core.shell:Creating package descriptor '/home/integralmilk03/robotica_2_2024/examen2_ws/install/ejercicio4/share/ejercicio4/package.dsv'
[1.469s] INFO:colcon.colcon_core.shell:Creating package script '/home/integralmilk03/robotica_2_2024/examen2_ws/install/ejercicio4/share/ejercicio4/package.sh'
[1.469s] INFO:colcon.colcon_core.shell:Creating package script '/home/integralmilk03/robotica_2_2024/examen2_ws/install/ejercicio4/share/ejercicio4/package.bash'
[1.469s] INFO:colcon.colcon_core.shell:Creating package script '/home/integralmilk03/robotica_2_2024/examen2_ws/install/ejercicio4/share/ejercicio4/package.zsh'
[1.470s] Level 1:colcon.colcon_core.environment:create_file_with_runtime_dependencies(/home/integralmilk03/robotica_2_2024/examen2_ws/install/ejercicio4/share/colcon-core/packages/ejercicio4)
[1.470s] DEBUG:colcon.colcon_parallel_executor.executor.parallel:closing loop
[1.470s] DEBUG:colcon.colcon_parallel_executor.executor.parallel:loop closed
[1.470s] DEBUG:colcon.colcon_parallel_executor.executor.parallel:run_until_complete finished with '0'
[1.470s] DEBUG:colcon.colcon_core.event_reactor:joining thread
[1.517s] INFO:colcon.colcon_core.plugin_system:Skipping extension 'colcon_notification.desktop_notification.notify_send': Could not find 'notify-send'
[1.518s] INFO:colcon.colcon_core.plugin_system:Skipping extension 'colcon_notification.desktop_notification.terminal_notifier': Not used on non-Darwin systems
[1.518s] INFO:colcon.colcon_core.plugin_system:Skipping extension 'colcon_notification.desktop_notification.win32': Not used on non-Windows systems
[1.518s] INFO:colcon.colcon_notification.desktop_notification:Sending desktop notification using 'notify2'
[1.518s] DEBUG:colcon.colcon_notification.desktop_notification.notify2:Failed to initialize notify2: org.freedesktop.DBus.Error.FileNotFound: Failed to connect to socket /run/user/1000/bus: No such file or directory
[1.518s] DEBUG:colcon.colcon_core.event_reactor:joined thread
[1.518s] INFO:colcon.colcon_core.shell:Creating prefix script '/home/integralmilk03/robotica_2_2024/examen2_ws/install/local_setup.ps1'
[1.519s] INFO:colcon.colcon_core.shell:Creating prefix util module '/home/integralmilk03/robotica_2_2024/examen2_ws/install/_local_setup_util_ps1.py'
[1.520s] INFO:colcon.colcon_core.shell:Creating prefix chain script '/home/integralmilk03/robotica_2_2024/examen2_ws/install/setup.ps1'
[1.521s] INFO:colcon.colcon_core.shell:Creating prefix script '/home/integralmilk03/robotica_2_2024/examen2_ws/install/local_setup.sh'
[1.521s] INFO:colcon.colcon_core.shell:Creating prefix util module '/home/integralmilk03/robotica_2_2024/examen2_ws/install/_local_setup_util_sh.py'
[1.521s] INFO:colcon.colcon_core.shell:Creating prefix chain script '/home/integralmilk03/robotica_2_2024/examen2_ws/install/setup.sh'
[1.522s] INFO:colcon.colcon_core.shell:Creating prefix script '/home/integralmilk03/robotica_2_2024/examen2_ws/install/local_setup.bash'
[1.522s] INFO:colcon.colcon_core.shell:Creating prefix chain script '/home/integralmilk03/robotica_2_2024/examen2_ws/install/setup.bash'
[1.522s] INFO:colcon.colcon_core.shell:Creating prefix script '/home/integralmilk03/robotica_2_2024/examen2_ws/install/local_setup.zsh'
[1.523s] INFO:colcon.colcon_core.shell:Creating prefix chain script '/home/integralmilk03/robotica_2_2024/examen2_ws/install/setup.zsh'
