[0.484s] DEBUG:colcon:Command line arguments: ['/home/integralmilk03/.local/bin/colcon', 'build']
[0.484s] DEBUG:colcon:Parsed command line arguments: Namespace(log_base=None, log_level=None, verb_name='build', build_base='build', install_base='install', merge_install=False, symlink_install=False, test_result_base=None, continue_on_error=False, executor='parallel', parallel_workers=12, event_handlers=None, ignore_user_meta=False, metas=['./colcon.meta'], base_paths=['.'], packages_ignore=None, packages_ignore_regex=None, paths=None, packages_up_to=None, packages_up_to_regex=None, packages_above=None, packages_above_and_dependencies=None, packages_above_depth=None, packages_select_by_dep=None, packages_skip_by_dep=None, packages_skip_up_to=None, packages_select_build_failed=False, packages_skip_build_finished=False, packages_select_test_failures=False, packages_skip_test_passed=False, packages_select=None, packages_skip=None, packages_select_regex=None, packages_skip_regex=None, packages_start=None, packages_end=None, allow_overriding=[], cmake_args=None, cmake_target=None, cmake_target_skip_unavailable=False, cmake_clean_cache=False, cmake_clean_first=False, cmake_force_configure=False, ament_cmake_args=None, catkin_cmake_args=None, catkin_skip_building_tests=False, mixin_files=None, mixin=None, verb_parser=<colcon_mixin.mixin.mixin_argument.MixinArgumentDecorator object at 0x7f1d25cb7940>, verb_extension=<colcon_core.verb.build.BuildVerb object at 0x7f1d25cb7460>, main=<bound method BuildVerb.main of <colcon_core.verb.build.BuildVerb object at 0x7f1d25cb7460>>, mixin_verb=('build',))
[0.818s] Level 1:colcon.colcon_core.package_discovery:discover_packages(colcon_meta) check parameters
[0.818s] Level 1:colcon.colcon_core.package_discovery:discover_packages(recursive) check parameters
[0.818s] Level 1:colcon.colcon_core.package_discovery:discover_packages(ignore) check parameters
[0.818s] Level 1:colcon.colcon_core.package_discovery:discover_packages(path) check parameters
[0.818s] Level 1:colcon.colcon_core.package_discovery:discover_packages(colcon_meta) discover
[0.818s] Level 1:colcon.colcon_core.package_discovery:discover_packages(recursive) discover
[0.818s] INFO:colcon.colcon_core.package_discovery:Crawling recursively for packages in '/home/integralmilk03/robotica_2_2024/examen2_ws'
[0.818s] Level 1:colcon.colcon_core.package_identification:_identify(.) by extensions ['ignore', 'ignore_ament_install']
[0.818s] Level 1:colcon.colcon_core.package_identification:_identify(.) by extension 'ignore'
[0.818s] Level 1:colcon.colcon_core.package_identification:_identify(.) by extension 'ignore_ament_install'
[0.818s] Level 1:colcon.colcon_core.package_identification:_identify(.) by extensions ['colcon_pkg']
[0.818s] Level 1:colcon.colcon_core.package_identification:_identify(.) by extension 'colcon_pkg'
[0.818s] Level 1:colcon.colcon_core.package_identification:_identify(.) by extensions ['colcon_meta']
[0.818s] Level 1:colcon.colcon_core.package_identification:_identify(.) by extension 'colcon_meta'
[0.819s] Level 1:colcon.colcon_core.package_identification:_identify(.) by extensions ['ros']
[0.819s] Level 1:colcon.colcon_core.package_identification:_identify(.) by extension 'ros'
[0.835s] Level 1:colcon.colcon_core.package_identification:_identify(.) by extensions ['cmake', 'python']
[0.835s] Level 1:colcon.colcon_core.package_identification:_identify(.) by extension 'cmake'
[0.835s] Level 1:colcon.colcon_core.package_identification:_identify(.) by extension 'python'
[0.835s] Level 1:colcon.colcon_core.package_identification:_identify(.) by extensions ['python_setup_py']
[0.835s] Level 1:colcon.colcon_core.package_identification:_identify(.) by extension 'python_setup_py'
[0.836s] Level 1:colcon.colcon_core.package_identification:_identify(build) by extensions ['ignore', 'ignore_ament_install']
[0.836s] Level 1:colcon.colcon_core.package_identification:_identify(build) by extension 'ignore'
[0.836s] Level 1:colcon.colcon_core.package_identification:_identify(build) ignored
[0.837s] Level 1:colcon.colcon_core.package_identification:_identify(install) by extensions ['ignore', 'ignore_ament_install']
[0.837s] Level 1:colcon.colcon_core.package_identification:_identify(install) by extension 'ignore'
[0.837s] Level 1:colcon.colcon_core.package_identification:_identify(install) ignored
[0.837s] Level 1:colcon.colcon_core.package_identification:_identify(log) by extensions ['ignore', 'ignore_ament_install']
[0.837s] Level 1:colcon.colcon_core.package_identification:_identify(log) by extension 'ignore'
[0.837s] Level 1:colcon.colcon_core.package_identification:_identify(log) ignored
[0.838s] Level 1:colcon.colcon_core.package_identification:_identify(src) by extensions ['ignore', 'ignore_ament_install']
[0.838s] Level 1:colcon.colcon_core.package_identification:_identify(src) by extension 'ignore'
[0.838s] Level 1:colcon.colcon_core.package_identification:_identify(src) by extension 'ignore_ament_install'
[0.838s] Level 1:colcon.colcon_core.package_identification:_identify(src) by extensions ['colcon_pkg']
[0.838s] Level 1:colcon.colcon_core.package_identification:_identify(src) by extension 'colcon_pkg'
[0.838s] Level 1:colcon.colcon_core.package_identification:_identify(src) by extensions ['colcon_meta']
[0.838s] Level 1:colcon.colcon_core.package_identification:_identify(src) by extension 'colcon_meta'
[0.838s] Level 1:colcon.colcon_core.package_identification:_identify(src) by extensions ['ros']
[0.838s] Level 1:colcon.colcon_core.package_identification:_identify(src) by extension 'ros'
[0.838s] Level 1:colcon.colcon_core.package_identification:_identify(src) by extensions ['cmake', 'python']
[0.838s] Level 1:colcon.colcon_core.package_identification:_identify(src) by extension 'cmake'
[0.838s] Level 1:colcon.colcon_core.package_identification:_identify(src) by extension 'python'
[0.838s] Level 1:colcon.colcon_core.package_identification:_identify(src) by extensions ['python_setup_py']
[0.838s] Level 1:colcon.colcon_core.package_identification:_identify(src) by extension 'python_setup_py'
[0.839s] Level 1:colcon.colcon_core.package_identification:_identify(src/custom_panda) by extensions ['ignore', 'ignore_ament_install']
[0.839s] Level 1:colcon.colcon_core.package_identification:_identify(src/custom_panda) by extension 'ignore'
[0.839s] Level 1:colcon.colcon_core.package_identification:_identify(src/custom_panda) by extension 'ignore_ament_install'
[0.839s] Level 1:colcon.colcon_core.package_identification:_identify(src/custom_panda) by extensions ['colcon_pkg']
[0.839s] Level 1:colcon.colcon_core.package_identification:_identify(src/custom_panda) by extension 'colcon_pkg'
[0.839s] Level 1:colcon.colcon_core.package_identification:_identify(src/custom_panda) by extensions ['colcon_meta']
[0.839s] Level 1:colcon.colcon_core.package_identification:_identify(src/custom_panda) by extension 'colcon_meta'
[0.839s] Level 1:colcon.colcon_core.package_identification:_identify(src/custom_panda) by extensions ['ros']
[0.839s] Level 1:colcon.colcon_core.package_identification:_identify(src/custom_panda) by extension 'ros'
[0.845s] DEBUG:colcon.colcon_core.package_identification:Package 'src/custom_panda' with type 'ros.ament_cmake' and name 'custom_panda'
[0.845s] Level 1:colcon.colcon_core.package_identification:_identify(src/ejercicio1) by extensions ['ignore', 'ignore_ament_install']
[0.845s] Level 1:colcon.colcon_core.package_identification:_identify(src/ejercicio1) by extension 'ignore'
[0.846s] Level 1:colcon.colcon_core.package_identification:_identify(src/ejercicio1) by extension 'ignore_ament_install'
[0.846s] Level 1:colcon.colcon_core.package_identification:_identify(src/ejercicio1) by extensions ['colcon_pkg']
[0.846s] Level 1:colcon.colcon_core.package_identification:_identify(src/ejercicio1) by extension 'colcon_pkg'
[0.846s] Level 1:colcon.colcon_core.package_identification:_identify(src/ejercicio1) by extensions ['colcon_meta']
[0.846s] Level 1:colcon.colcon_core.package_identification:_identify(src/ejercicio1) by extension 'colcon_meta'
[0.846s] Level 1:colcon.colcon_core.package_identification:_identify(src/ejercicio1) by extensions ['ros']
[0.846s] Level 1:colcon.colcon_core.package_identification:_identify(src/ejercicio1) by extension 'ros'
[0.847s] DEBUG:colcon.colcon_core.package_identification:Package 'src/ejercicio1' with type 'ros.ament_cmake' and name 'ejercicio1'
[0.847s] Level 1:colcon.colcon_core.package_identification:_identify(src/ejercicio2) by extensions ['ignore', 'ignore_ament_install']
[0.848s] Level 1:colcon.colcon_core.package_identification:_identify(src/ejercicio2) by extension 'ignore'
[0.848s] Level 1:colcon.colcon_core.package_identification:_identify(src/ejercicio2) by extension 'ignore_ament_install'
[0.848s] Level 1:colcon.colcon_core.package_identification:_identify(src/ejercicio2) by extensions ['colcon_pkg']
[0.848s] Level 1:colcon.colcon_core.package_identification:_identify(src/ejercicio2) by extension 'colcon_pkg'
[0.848s] Level 1:colcon.colcon_core.package_identification:_identify(src/ejercicio2) by extensions ['colcon_meta']
[0.848s] Level 1:colcon.colcon_core.package_identification:_identify(src/ejercicio2) by extension 'colcon_meta'
[0.848s] Level 1:colcon.colcon_core.package_identification:_identify(src/ejercicio2) by extensions ['ros']
[0.848s] Level 1:colcon.colcon_core.package_identification:_identify(src/ejercicio2) by extension 'ros'
[0.849s] DEBUG:colcon.colcon_core.package_identification:Package 'src/ejercicio2' with type 'ros.ament_cmake' and name 'ejercicio2'
[0.849s] Level 1:colcon.colcon_core.package_identification:_identify(src/ejercicio3) by extensions ['ignore', 'ignore_ament_install']
[0.849s] Level 1:colcon.colcon_core.package_identification:_identify(src/ejercicio3) by extension 'ignore'
[0.849s] Level 1:colcon.colcon_core.package_identification:_identify(src/ejercicio3) by extension 'ignore_ament_install'
[0.850s] Level 1:colcon.colcon_core.package_identification:_identify(src/ejercicio3) by extensions ['colcon_pkg']
[0.850s] Level 1:colcon.colcon_core.package_identification:_identify(src/ejercicio3) by extension 'colcon_pkg'
[0.850s] Level 1:colcon.colcon_core.package_identification:_identify(src/ejercicio3) by extensions ['colcon_meta']
[0.850s] Level 1:colcon.colcon_core.package_identification:_identify(src/ejercicio3) by extension 'colcon_meta'
[0.850s] Level 1:colcon.colcon_core.package_identification:_identify(src/ejercicio3) by extensions ['ros']
[0.850s] Level 1:colcon.colcon_core.package_identification:_identify(src/ejercicio3) by extension 'ros'
[0.851s] DEBUG:colcon.colcon_core.package_identification:Package 'src/ejercicio3' with type 'ros.ament_cmake' and name 'ejercicio3'
[0.851s] Level 1:colcon.colcon_core.package_identification:_identify(src/ejercicio4) by extensions ['ignore', 'ignore_ament_install']
[0.851s] Level 1:colcon.colcon_core.package_identification:_identify(src/ejercicio4) by extension 'ignore'
[0.851s] Level 1:colcon.colcon_core.package_identification:_identify(src/ejercicio4) by extension 'ignore_ament_install'
[0.851s] Level 1:colcon.colcon_core.package_identification:_identify(src/ejercicio4) by extensions ['colcon_pkg']
[0.851s] Level 1:colcon.colcon_core.package_identification:_identify(src/ejercicio4) by extension 'colcon_pkg'
[0.851s] Level 1:colcon.colcon_core.package_identification:_identify(src/ejercicio4) by extensions ['colcon_meta']
[0.851s] Level 1:colcon.colcon_core.package_identification:_identify(src/ejercicio4) by extension 'colcon_meta'
[0.851s] Level 1:colcon.colcon_core.package_identification:_identify(src/ejercicio4) by extensions ['ros']
[0.852s] Level 1:colcon.colcon_core.package_identification:_identify(src/ejercicio4) by extension 'ros'
[0.852s] DEBUG:colcon.colcon_core.package_identification:Package 'src/ejercicio4' with type 'ros.ament_python' and name 'ejercicio4'
[0.852s] Level 1:colcon.colcon_core.package_discovery:discover_packages(recursive) using defaults
[0.852s] Level 1:colcon.colcon_core.package_discovery:discover_packages(ignore) discover
[0.852s] Level 1:colcon.colcon_core.package_discovery:discover_packages(ignore) using defaults
[0.852s] Level 1:colcon.colcon_core.package_discovery:discover_packages(path) discover
[0.852s] Level 1:colcon.colcon_core.package_discovery:discover_packages(path) using defaults
[0.895s] Level 1:colcon.colcon_core.package_discovery:discover_packages(prefix_path) check parameters
[0.895s] Level 1:colcon.colcon_core.package_discovery:discover_packages(prefix_path) discover
[0.904s] DEBUG:colcon.colcon_installed_package_information.package_discovery:Found 6 installed packages in /home/integralmilk03/robotica/robotica_2_2024/examen2_ws/install
[0.906s] DEBUG:colcon.colcon_installed_package_information.package_discovery:Found 452 installed packages in /opt/ros/humble
[0.918s] Level 1:colcon.colcon_core.package_discovery:discover_packages(prefix_path) using defaults
[1.140s] Level 5:colcon.colcon_core.verb:set package 'custom_panda' build argument 'cmake_args' from command line to 'None'
[1.140s] Level 5:colcon.colcon_core.verb:set package 'custom_panda' build argument 'cmake_target' from command line to 'None'
[1.140s] Level 5:colcon.colcon_core.verb:set package 'custom_panda' build argument 'cmake_target_skip_unavailable' from command line to 'False'
[1.140s] Level 5:colcon.colcon_core.verb:set package 'custom_panda' build argument 'cmake_clean_cache' from command line to 'False'
[1.140s] Level 5:colcon.colcon_core.verb:set package 'custom_panda' build argument 'cmake_clean_first' from command line to 'False'
[1.140s] Level 5:colcon.colcon_core.verb:set package 'custom_panda' build argument 'cmake_force_configure' from command line to 'False'
[1.140s] Level 5:colcon.colcon_core.verb:set package 'custom_panda' build argument 'ament_cmake_args' from command line to 'None'
[1.140s] Level 5:colcon.colcon_core.verb:set package 'custom_panda' build argument 'catkin_cmake_args' from command line to 'None'
[1.140s] Level 5:colcon.colcon_core.verb:set package 'custom_panda' build argument 'catkin_skip_building_tests' from command line to 'False'
[1.140s] DEBUG:colcon.colcon_core.verb:Building package 'custom_panda' with the following arguments: {'ament_cmake_args': None, 'build_base': '/home/integralmilk03/robotica_2_2024/examen2_ws/build/custom_panda', 'catkin_cmake_args': None, 'catkin_skip_building_tests': False, 'cmake_args': None, 'cmake_clean_cache': False, 'cmake_clean_first': False, 'cmake_force_configure': False, 'cmake_target': None, 'cmake_target_skip_unavailable': False, 'install_base': '/home/integralmilk03/robotica_2_2024/examen2_ws/install/custom_panda', 'merge_install': False, 'path': '/home/integralmilk03/robotica_2_2024/examen2_ws/src/custom_panda', 'symlink_install': False, 'test_result_base': None}
[1.141s] Level 5:colcon.colcon_core.verb:set package 'ejercicio1' build argument 'cmake_args' from command line to 'None'
[1.141s] Level 5:colcon.colcon_core.verb:set package 'ejercicio1' build argument 'cmake_target' from command line to 'None'
[1.141s] Level 5:colcon.colcon_core.verb:set package 'ejercicio1' build argument 'cmake_target_skip_unavailable' from command line to 'False'
[1.141s] Level 5:colcon.colcon_core.verb:set package 'ejercicio1' build argument 'cmake_clean_cache' from command line to 'False'
[1.141s] Level 5:colcon.colcon_core.verb:set package 'ejercicio1' build argument 'cmake_clean_first' from command line to 'False'
[1.141s] Level 5:colcon.colcon_core.verb:set package 'ejercicio1' build argument 'cmake_force_configure' from command line to 'False'
[1.141s] Level 5:colcon.colcon_core.verb:set package 'ejercicio1' build argument 'ament_cmake_args' from command line to 'None'
[1.141s] Level 5:colcon.colcon_core.verb:set package 'ejercicio1' build argument 'catkin_cmake_args' from command line to 'None'
[1.141s] Level 5:colcon.colcon_core.verb:set package 'ejercicio1' build argument 'catkin_skip_building_tests' from command line to 'False'
[1.141s] DEBUG:colcon.colcon_core.verb:Building package 'ejercicio1' with the following arguments: {'ament_cmake_args': None, 'build_base': '/home/integralmilk03/robotica_2_2024/examen2_ws/build/ejercicio1', 'catkin_cmake_args': None, 'catkin_skip_building_tests': False, 'cmake_args': None, 'cmake_clean_cache': False, 'cmake_clean_first': False, 'cmake_force_configure': False, 'cmake_target': None, 'cmake_target_skip_unavailable': False, 'install_base': '/home/integralmilk03/robotica_2_2024/examen2_ws/install/ejercicio1', 'merge_install': False, 'path': '/home/integralmilk03/robotica_2_2024/examen2_ws/src/ejercicio1', 'symlink_install': False, 'test_result_base': None}
[1.142s] Level 5:colcon.colcon_core.verb:set package 'ejercicio2' build argument 'cmake_args' from command line to 'None'
[1.142s] Level 5:colcon.colcon_core.verb:set package 'ejercicio2' build argument 'cmake_target' from command line to 'None'
[1.142s] Level 5:colcon.colcon_core.verb:set package 'ejercicio2' build argument 'cmake_target_skip_unavailable' from command line to 'False'
[1.142s] Level 5:colcon.colcon_core.verb:set package 'ejercicio2' build argument 'cmake_clean_cache' from command line to 'False'
[1.142s] Level 5:colcon.colcon_core.verb:set package 'ejercicio2' build argument 'cmake_clean_first' from command line to 'False'
[1.142s] Level 5:colcon.colcon_core.verb:set package 'ejercicio2' build argument 'cmake_force_configure' from command line to 'False'
[1.142s] Level 5:colcon.colcon_core.verb:set package 'ejercicio2' build argument 'ament_cmake_args' from command line to 'None'
[1.142s] Level 5:colcon.colcon_core.verb:set package 'ejercicio2' build argument 'catkin_cmake_args' from command line to 'None'
[1.142s] Level 5:colcon.colcon_core.verb:set package 'ejercicio2' build argument 'catkin_skip_building_tests' from command line to 'False'
[1.142s] DEBUG:colcon.colcon_core.verb:Building package 'ejercicio2' with the following arguments: {'ament_cmake_args': None, 'build_base': '/home/integralmilk03/robotica_2_2024/examen2_ws/build/ejercicio2', 'catkin_cmake_args': None, 'catkin_skip_building_tests': False, 'cmake_args': None, 'cmake_clean_cache': False, 'cmake_clean_first': False, 'cmake_force_configure': False, 'cmake_target': None, 'cmake_target_skip_unavailable': False, 'install_base': '/home/integralmilk03/robotica_2_2024/examen2_ws/install/ejercicio2', 'merge_install': False, 'path': '/home/integralmilk03/robotica_2_2024/examen2_ws/src/ejercicio2', 'symlink_install': False, 'test_result_base': None}
[1.143s] Level 5:colcon.colcon_core.verb:set package 'ejercicio3' build argument 'cmake_args' from command line to 'None'
[1.143s] Level 5:colcon.colcon_core.verb:set package 'ejercicio3' build argument 'cmake_target' from command line to 'None'
[1.143s] Level 5:colcon.colcon_core.verb:set package 'ejercicio3' build argument 'cmake_target_skip_unavailable' from command line to 'False'
[1.143s] Level 5:colcon.colcon_core.verb:set package 'ejercicio3' build argument 'cmake_clean_cache' from command line to 'False'
[1.143s] Level 5:colcon.colcon_core.verb:set package 'ejercicio3' build argument 'cmake_clean_first' from command line to 'False'
[1.143s] Level 5:colcon.colcon_core.verb:set package 'ejercicio3' build argument 'cmake_force_configure' from command line to 'False'
[1.143s] Level 5:colcon.colcon_core.verb:set package 'ejercicio3' build argument 'ament_cmake_args' from command line to 'None'
[1.143s] Level 5:colcon.colcon_core.verb:set package 'ejercicio3' build argument 'catkin_cmake_args' from command line to 'None'
[1.143s] Level 5:colcon.colcon_core.verb:set package 'ejercicio3' build argument 'catkin_skip_building_tests' from command line to 'False'
[1.143s] DEBUG:colcon.colcon_core.verb:Building package 'ejercicio3' with the following arguments: {'ament_cmake_args': None, 'build_base': '/home/integralmilk03/robotica_2_2024/examen2_ws/build/ejercicio3', 'catkin_cmake_args': None, 'catkin_skip_building_tests': False, 'cmake_args': None, 'cmake_clean_cache': False, 'cmake_clean_first': False, 'cmake_force_configure': False, 'cmake_target': None, 'cmake_target_skip_unavailable': False, 'install_base': '/home/integralmilk03/robotica_2_2024/examen2_ws/install/ejercicio3', 'merge_install': False, 'path': '/home/integralmilk03/robotica_2_2024/examen2_ws/src/ejercicio3', 'symlink_install': False, 'test_result_base': None}
[1.144s] Level 5:colcon.colcon_core.verb:set package 'ejercicio4' build argument 'cmake_args' from command line to 'None'
[1.144s] Level 5:colcon.colcon_core.verb:set package 'ejercicio4' build argument 'cmake_target' from command line to 'None'
[1.144s] Level 5:colcon.colcon_core.verb:set package 'ejercicio4' build argument 'cmake_target_skip_unavailable' from command line to 'False'
[1.144s] Level 5:colcon.colcon_core.verb:set package 'ejercicio4' build argument 'cmake_clean_cache' from command line to 'False'
[1.144s] Level 5:colcon.colcon_core.verb:set package 'ejercicio4' build argument 'cmake_clean_first' from command line to 'False'
[1.144s] Level 5:colcon.colcon_core.verb:set package 'ejercicio4' build argument 'cmake_force_configure' from command line to 'False'
[1.144s] Level 5:colcon.colcon_core.verb:set package 'ejercicio4' build argument 'ament_cmake_args' from command line to 'None'
[1.144s] Level 5:colcon.colcon_core.verb:set package 'ejercicio4' build argument 'catkin_cmake_args' from command line to 'None'
[1.144s] Level 5:colcon.colcon_core.verb:set package 'ejercicio4' build argument 'catkin_skip_building_tests' from command line to 'False'
[1.144s] DEBUG:colcon.colcon_core.verb:Building package 'ejercicio4' with the following arguments: {'ament_cmake_args': None, 'build_base': '/home/integralmilk03/robotica_2_2024/examen2_ws/build/ejercicio4', 'catkin_cmake_args': None, 'catkin_skip_building_tests': False, 'cmake_args': None, 'cmake_clean_cache': False, 'cmake_clean_first': False, 'cmake_force_configure': False, 'cmake_target': None, 'cmake_target_skip_unavailable': False, 'install_base': '/home/integralmilk03/robotica_2_2024/examen2_ws/install/ejercicio4', 'merge_install': False, 'path': '/home/integralmilk03/robotica_2_2024/examen2_ws/src/ejercicio4', 'symlink_install': False, 'test_result_base': None}
[1.145s] INFO:colcon.colcon_core.executor:Executing jobs using 'parallel' executor
[1.147s] DEBUG:colcon.colcon_parallel_executor.executor.parallel:run_until_complete
[1.148s] INFO:colcon.colcon_ros.task.ament_cmake.build:Building ROS package in '/home/integralmilk03/robotica_2_2024/examen2_ws/src/custom_panda' with build type 'ament_cmake'
[1.148s] INFO:colcon.colcon_cmake.task.cmake.build:Building CMake package in '/home/integralmilk03/robotica_2_2024/examen2_ws/src/custom_panda'
[1.164s] INFO:colcon.colcon_core.plugin_system:Skipping extension 'colcon_core.shell.bat': Not used on non-Windows systems
[1.165s] INFO:colcon.colcon_core.shell:Skip shell extension 'powershell' for command environment: Not usable outside of PowerShell
[1.165s] DEBUG:colcon.colcon_core.shell:Skip shell extension 'dsv' for command environment
[1.174s] INFO:colcon.colcon_ros.task.ament_cmake.build:Building ROS package in '/home/integralmilk03/robotica_2_2024/examen2_ws/src/ejercicio1' with build type 'ament_cmake'
[1.175s] INFO:colcon.colcon_cmake.task.cmake.build:Building CMake package in '/home/integralmilk03/robotica_2_2024/examen2_ws/src/ejercicio1'
[1.175s] INFO:colcon.colcon_core.shell:Skip shell extension 'powershell' for command environment: Not usable outside of PowerShell
[1.175s] DEBUG:colcon.colcon_core.shell:Skip shell extension 'dsv' for command environment
[1.181s] INFO:colcon.colcon_ros.task.ament_cmake.build:Building ROS package in '/home/integralmilk03/robotica_2_2024/examen2_ws/src/ejercicio2' with build type 'ament_cmake'
[1.181s] INFO:colcon.colcon_cmake.task.cmake.build:Building CMake package in '/home/integralmilk03/robotica_2_2024/examen2_ws/src/ejercicio2'
[1.182s] INFO:colcon.colcon_core.shell:Skip shell extension 'powershell' for command environment: Not usable outside of PowerShell
[1.182s] DEBUG:colcon.colcon_core.shell:Skip shell extension 'dsv' for command environment
[1.186s] INFO:colcon.colcon_ros.task.ament_cmake.build:Building ROS package in '/home/integralmilk03/robotica_2_2024/examen2_ws/src/ejercicio3' with build type 'ament_cmake'
[1.187s] INFO:colcon.colcon_cmake.task.cmake.build:Building CMake package in '/home/integralmilk03/robotica_2_2024/examen2_ws/src/ejercicio3'
[1.187s] INFO:colcon.colcon_core.shell:Skip shell extension 'powershell' for command environment: Not usable outside of PowerShell
[1.187s] DEBUG:colcon.colcon_core.shell:Skip shell extension 'dsv' for command environment
[1.196s] INFO:colcon.colcon_ros.task.ament_python.build:Building ROS package in '/home/integralmilk03/robotica_2_2024/examen2_ws/src/ejercicio4' with build type 'ament_python'
[1.197s] Level 1:colcon.colcon_core.shell:create_environment_hook('ejercicio4', 'ament_prefix_path')
[1.197s] INFO:colcon.colcon_core.shell:Creating environment hook '/home/integralmilk03/robotica_2_2024/examen2_ws/install/ejercicio4/share/ejercicio4/hook/ament_prefix_path.ps1'
[1.199s] INFO:colcon.colcon_core.shell:Creating environment descriptor '/home/integralmilk03/robotica_2_2024/examen2_ws/install/ejercicio4/share/ejercicio4/hook/ament_prefix_path.dsv'
[1.201s] INFO:colcon.colcon_core.shell:Creating environment hook '/home/integralmilk03/robotica_2_2024/examen2_ws/install/ejercicio4/share/ejercicio4/hook/ament_prefix_path.sh'
[1.203s] INFO:colcon.colcon_core.shell:Skip shell extension 'powershell' for command environment: Not usable outside of PowerShell
[1.203s] DEBUG:colcon.colcon_core.shell:Skip shell extension 'dsv' for command environment
[1.221s] DEBUG:colcon.colcon_core.event_handler.log_command:Invoking command in '/home/integralmilk03/robotica_2_2024/examen2_ws/build/custom_panda': CMAKE_PREFIX_PATH=${CMAKE_PREFIX_PATH}:/home/integralmilk03/robotica/robotica_2_2024/examen2_ws/install/ejercicio4:/opt/ros/humble /usr/bin/cmake --build /home/integralmilk03/robotica_2_2024/examen2_ws/build/custom_panda -- -j12 -l12
[1.237s] DEBUG:colcon.colcon_core.event_handler.log_command:Invoking command in '/home/integralmilk03/robotica_2_2024/examen2_ws/build/ejercicio1': CMAKE_PREFIX_PATH=${CMAKE_PREFIX_PATH}:/home/integralmilk03/robotica/robotica_2_2024/examen2_ws/install/ejercicio4:/opt/ros/humble /usr/bin/cmake --build /home/integralmilk03/robotica_2_2024/examen2_ws/build/ejercicio1 -- -j12 -l12
[1.241s] DEBUG:colcon.colcon_core.event_handler.log_command:Invoking command in '/home/integralmilk03/robotica_2_2024/examen2_ws/build/ejercicio2': CMAKE_PREFIX_PATH=${CMAKE_PREFIX_PATH}:/home/integralmilk03/robotica/robotica_2_2024/examen2_ws/install/ejercicio4:/opt/ros/humble /usr/bin/cmake --build /home/integralmilk03/robotica_2_2024/examen2_ws/build/ejercicio2 -- -j12 -l12
[1.251s] DEBUG:colcon.colcon_core.event_handler.log_command:Invoking command in '/home/integralmilk03/robotica_2_2024/examen2_ws/build/ejercicio3': CMAKE_PREFIX_PATH=${CMAKE_PREFIX_PATH}:/home/integralmilk03/robotica/robotica_2_2024/examen2_ws/install/ejercicio4:/opt/ros/humble /usr/bin/cmake --build /home/integralmilk03/robotica_2_2024/examen2_ws/build/ejercicio3 -- -j12 -l12
[1.473s] INFO:colcon.colcon_core.task.python.build:Building Python package in '/home/integralmilk03/robotica_2_2024/examen2_ws/src/ejercicio4'
[1.473s] INFO:colcon.colcon_core.shell:Skip shell extension 'powershell' for command environment: Not usable outside of PowerShell
[1.473s] DEBUG:colcon.colcon_core.shell:Skip shell extension 'dsv' for command environment
[1.479s] DEBUG:colcon.colcon_core.event_handler.log_command:Invoked command in '/home/integralmilk03/robotica_2_2024/examen2_ws/build/custom_panda' returned '0': CMAKE_PREFIX_PATH=${CMAKE_PREFIX_PATH}:/home/integralmilk03/robotica/robotica_2_2024/examen2_ws/install/ejercicio4:/opt/ros/humble /usr/bin/cmake --build /home/integralmilk03/robotica_2_2024/examen2_ws/build/custom_panda -- -j12 -l12
[1.480s] DEBUG:colcon.colcon_core.event_handler.log_command:Invoked command in '/home/integralmilk03/robotica_2_2024/examen2_ws/build/ejercicio3' returned '0': CMAKE_PREFIX_PATH=${CMAKE_PREFIX_PATH}:/home/integralmilk03/robotica/robotica_2_2024/examen2_ws/install/ejercicio4:/opt/ros/humble /usr/bin/cmake --build /home/integralmilk03/robotica_2_2024/examen2_ws/build/ejercicio3 -- -j12 -l12
[1.481s] DEBUG:colcon.colcon_core.event_handler.log_command:Invoked command in '/home/integralmilk03/robotica_2_2024/examen2_ws/build/ejercicio1' returned '0': CMAKE_PREFIX_PATH=${CMAKE_PREFIX_PATH}:/home/integralmilk03/robotica/robotica_2_2024/examen2_ws/install/ejercicio4:/opt/ros/humble /usr/bin/cmake --build /home/integralmilk03/robotica_2_2024/examen2_ws/build/ejercicio1 -- -j12 -l12
[1.485s] DEBUG:colcon.colcon_core.event_handler.log_command:Invoked command in '/home/integralmilk03/robotica_2_2024/examen2_ws/build/ejercicio2' returned '0': CMAKE_PREFIX_PATH=${CMAKE_PREFIX_PATH}:/home/integralmilk03/robotica/robotica_2_2024/examen2_ws/install/ejercicio4:/opt/ros/humble /usr/bin/cmake --build /home/integralmilk03/robotica_2_2024/examen2_ws/build/ejercicio2 -- -j12 -l12
[1.504s] DEBUG:colcon.colcon_core.event_handler.log_command:Invoking command in '/home/integralmilk03/robotica_2_2024/examen2_ws/build/ejercicio3': CMAKE_PREFIX_PATH=${CMAKE_PREFIX_PATH}:/home/integralmilk03/robotica/robotica_2_2024/examen2_ws/install/ejercicio4:/opt/ros/humble /usr/bin/cmake --install /home/integralmilk03/robotica_2_2024/examen2_ws/build/ejercicio3
[1.507s] DEBUG:colcon.colcon_core.event_handler.log_command:Invoking command in '/home/integralmilk03/robotica_2_2024/examen2_ws/build/custom_panda': CMAKE_PREFIX_PATH=${CMAKE_PREFIX_PATH}:/home/integralmilk03/robotica/robotica_2_2024/examen2_ws/install/ejercicio4:/opt/ros/humble /usr/bin/cmake --install /home/integralmilk03/robotica_2_2024/examen2_ws/build/custom_panda
[1.510s] DEBUG:colcon.colcon_core.event_handler.log_command:Invoking command in '/home/integralmilk03/robotica_2_2024/examen2_ws/build/ejercicio1': CMAKE_PREFIX_PATH=${CMAKE_PREFIX_PATH}:/home/integralmilk03/robotica/robotica_2_2024/examen2_ws/install/ejercicio4:/opt/ros/humble /usr/bin/cmake --install /home/integralmilk03/robotica_2_2024/examen2_ws/build/ejercicio1
[1.520s] Level 1:colcon.colcon_core.environment:create_environment_scripts_only(ejercicio3)
[1.522s] DEBUG:colcon.colcon_core.event_handler.log_command:Invoking command in '/home/integralmilk03/robotica_2_2024/examen2_ws/build/ejercicio2': CMAKE_PREFIX_PATH=${CMAKE_PREFIX_PATH}:/home/integralmilk03/robotica/robotica_2_2024/examen2_ws/install/ejercicio4:/opt/ros/humble /usr/bin/cmake --install /home/integralmilk03/robotica_2_2024/examen2_ws/build/ejercicio2
[1.527s] DEBUG:colcon.colcon_core.event_handler.log_command:Invoked command in '/home/integralmilk03/robotica_2_2024/examen2_ws/build/ejercicio3' returned '0': CMAKE_PREFIX_PATH=${CMAKE_PREFIX_PATH}:/home/integralmilk03/robotica/robotica_2_2024/examen2_ws/install/ejercicio4:/opt/ros/humble /usr/bin/cmake --install /home/integralmilk03/robotica_2_2024/examen2_ws/build/ejercicio3
[1.534s] Level 1:colcon.colcon_core.environment:checking '/home/integralmilk03/robotica_2_2024/examen2_ws/install/ejercicio3' for CMake module files
[1.535s] Level 1:colcon.colcon_core.environment:checking '/home/integralmilk03/robotica_2_2024/examen2_ws/install/ejercicio3' for CMake config files
[1.535s] Level 1:colcon.colcon_core.shell:create_environment_hook('ejercicio3', 'cmake_prefix_path')
[1.536s] INFO:colcon.colcon_core.shell:Creating environment hook '/home/integralmilk03/robotica_2_2024/examen2_ws/install/ejercicio3/share/ejercicio3/hook/cmake_prefix_path.ps1'
[1.536s] INFO:colcon.colcon_core.shell:Creating environment descriptor '/home/integralmilk03/robotica_2_2024/examen2_ws/install/ejercicio3/share/ejercicio3/hook/cmake_prefix_path.dsv'
[1.536s] INFO:colcon.colcon_core.shell:Creating environment hook '/home/integralmilk03/robotica_2_2024/examen2_ws/install/ejercicio3/share/ejercicio3/hook/cmake_prefix_path.sh'
[1.537s] Level 1:colcon.colcon_core.environment:checking '/home/integralmilk03/robotica_2_2024/examen2_ws/install/ejercicio3/bin'
[1.537s] Level 1:colcon.colcon_core.environment:checking '/home/integralmilk03/robotica_2_2024/examen2_ws/install/ejercicio3/lib/pkgconfig/ejercicio3.pc'
[1.537s] Level 1:colcon.colcon_core.environment:checking '/home/integralmilk03/robotica_2_2024/examen2_ws/install/ejercicio3/lib/python3.10/site-packages'
[1.537s] Level 1:colcon.colcon_core.environment:checking '/home/integralmilk03/robotica_2_2024/examen2_ws/install/ejercicio3/bin'
[1.537s] INFO:colcon.colcon_core.shell:Creating package script '/home/integralmilk03/robotica_2_2024/examen2_ws/install/ejercicio3/share/ejercicio3/package.ps1'
[1.538s] INFO:colcon.colcon_core.shell:Creating package descriptor '/home/integralmilk03/robotica_2_2024/examen2_ws/install/ejercicio3/share/ejercicio3/package.dsv'
[1.539s] INFO:colcon.colcon_core.shell:Creating package script '/home/integralmilk03/robotica_2_2024/examen2_ws/install/ejercicio3/share/ejercicio3/package.sh'
[1.539s] INFO:colcon.colcon_core.shell:Creating package script '/home/integralmilk03/robotica_2_2024/examen2_ws/install/ejercicio3/share/ejercicio3/package.bash'
[1.540s] INFO:colcon.colcon_core.shell:Creating package script '/home/integralmilk03/robotica_2_2024/examen2_ws/install/ejercicio3/share/ejercicio3/package.zsh'
[1.541s] Level 1:colcon.colcon_core.environment:create_file_with_runtime_dependencies(/home/integralmilk03/robotica_2_2024/examen2_ws/install/ejercicio3/share/colcon-core/packages/ejercicio3)
[1.542s] Level 1:colcon.colcon_core.environment:create_environment_scripts_only(custom_panda)
[1.543s] Level 1:colcon.colcon_core.environment:checking '/home/integralmilk03/robotica_2_2024/examen2_ws/install/custom_panda' for CMake module files
[1.543s] DEBUG:colcon.colcon_core.event_handler.log_command:Invoked command in '/home/integralmilk03/robotica_2_2024/examen2_ws/build/custom_panda' returned '0': CMAKE_PREFIX_PATH=${CMAKE_PREFIX_PATH}:/home/integralmilk03/robotica/robotica_2_2024/examen2_ws/install/ejercicio4:/opt/ros/humble /usr/bin/cmake --install /home/integralmilk03/robotica_2_2024/examen2_ws/build/custom_panda
[1.544s] Level 1:colcon.colcon_core.environment:checking '/home/integralmilk03/robotica_2_2024/examen2_ws/install/custom_panda' for CMake config files
[1.545s] Level 1:colcon.colcon_core.shell:create_environment_hook('custom_panda', 'cmake_prefix_path')
[1.545s] INFO:colcon.colcon_core.shell:Creating environment hook '/home/integralmilk03/robotica_2_2024/examen2_ws/install/custom_panda/share/custom_panda/hook/cmake_prefix_path.ps1'
[1.545s] INFO:colcon.colcon_core.shell:Creating environment descriptor '/home/integralmilk03/robotica_2_2024/examen2_ws/install/custom_panda/share/custom_panda/hook/cmake_prefix_path.dsv'
[1.545s] INFO:colcon.colcon_core.shell:Creating environment hook '/home/integralmilk03/robotica_2_2024/examen2_ws/install/custom_panda/share/custom_panda/hook/cmake_prefix_path.sh'
[1.546s] Level 1:colcon.colcon_core.environment:checking '/home/integralmilk03/robotica_2_2024/examen2_ws/install/custom_panda/bin'
[1.546s] Level 1:colcon.colcon_core.environment:checking '/home/integralmilk03/robotica_2_2024/examen2_ws/install/custom_panda/lib/pkgconfig/custom_panda.pc'
[1.546s] Level 1:colcon.colcon_core.environment:checking '/home/integralmilk03/robotica_2_2024/examen2_ws/install/custom_panda/lib/python3.10/site-packages'
[1.546s] Level 1:colcon.colcon_core.environment:checking '/home/integralmilk03/robotica_2_2024/examen2_ws/install/custom_panda/bin'
[1.546s] INFO:colcon.colcon_core.shell:Creating package script '/home/integralmilk03/robotica_2_2024/examen2_ws/install/custom_panda/share/custom_panda/package.ps1'
[1.547s] INFO:colcon.colcon_core.shell:Creating package descriptor '/home/integralmilk03/robotica_2_2024/examen2_ws/install/custom_panda/share/custom_panda/package.dsv'
[1.547s] INFO:colcon.colcon_core.shell:Creating package script '/home/integralmilk03/robotica_2_2024/examen2_ws/install/custom_panda/share/custom_panda/package.sh'
[1.547s] INFO:colcon.colcon_core.shell:Creating package script '/home/integralmilk03/robotica_2_2024/examen2_ws/install/custom_panda/share/custom_panda/package.bash'
[1.548s] INFO:colcon.colcon_core.shell:Creating package script '/home/integralmilk03/robotica_2_2024/examen2_ws/install/custom_panda/share/custom_panda/package.zsh'
[1.548s] Level 1:colcon.colcon_core.environment:create_file_with_runtime_dependencies(/home/integralmilk03/robotica_2_2024/examen2_ws/install/custom_panda/share/colcon-core/packages/custom_panda)
[1.551s] Level 1:colcon.colcon_core.environment:create_environment_scripts_only(ejercicio1)
[1.551s] Level 1:colcon.colcon_core.environment:checking '/home/integralmilk03/robotica_2_2024/examen2_ws/install/ejercicio1' for CMake module files
[1.552s] DEBUG:colcon.colcon_core.event_handler.log_command:Invoked command in '/home/integralmilk03/robotica_2_2024/examen2_ws/build/ejercicio1' returned '0': CMAKE_PREFIX_PATH=${CMAKE_PREFIX_PATH}:/home/integralmilk03/robotica/robotica_2_2024/examen2_ws/install/ejercicio4:/opt/ros/humble /usr/bin/cmake --install /home/integralmilk03/robotica_2_2024/examen2_ws/build/ejercicio1
[1.554s] Level 1:colcon.colcon_core.environment:checking '/home/integralmilk03/robotica_2_2024/examen2_ws/install/ejercicio1' for CMake config files
[1.558s] Level 1:colcon.colcon_core.shell:create_environment_hook('ejercicio1', 'cmake_prefix_path')
[1.559s] INFO:colcon.colcon_core.shell:Creating environment hook '/home/integralmilk03/robotica_2_2024/examen2_ws/install/ejercicio1/share/ejercicio1/hook/cmake_prefix_path.ps1'
[1.559s] INFO:colcon.colcon_core.shell:Creating environment descriptor '/home/integralmilk03/robotica_2_2024/examen2_ws/install/ejercicio1/share/ejercicio1/hook/cmake_prefix_path.dsv'
[1.560s] INFO:colcon.colcon_core.shell:Creating environment hook '/home/integralmilk03/robotica_2_2024/examen2_ws/install/ejercicio1/share/ejercicio1/hook/cmake_prefix_path.sh'
[1.560s] Level 1:colcon.colcon_core.environment:checking '/home/integralmilk03/robotica_2_2024/examen2_ws/install/ejercicio1/lib'
[1.561s] Level 1:colcon.colcon_core.environment:checking '/home/integralmilk03/robotica_2_2024/examen2_ws/install/ejercicio1/bin'
[1.561s] Level 1:colcon.colcon_core.environment:checking '/home/integralmilk03/robotica_2_2024/examen2_ws/install/ejercicio1/lib/pkgconfig/ejercicio1.pc'
[1.561s] Level 1:colcon.colcon_core.environment:checking '/home/integralmilk03/robotica_2_2024/examen2_ws/install/ejercicio1/lib/python3.10/site-packages'
[1.561s] Level 1:colcon.colcon_core.environment:checking '/home/integralmilk03/robotica_2_2024/examen2_ws/install/ejercicio1/bin'
[1.561s] INFO:colcon.colcon_core.shell:Creating package script '/home/integralmilk03/robotica_2_2024/examen2_ws/install/ejercicio1/share/ejercicio1/package.ps1'
[1.562s] INFO:colcon.colcon_core.shell:Creating package descriptor '/home/integralmilk03/robotica_2_2024/examen2_ws/install/ejercicio1/share/ejercicio1/package.dsv'
[1.562s] INFO:colcon.colcon_core.shell:Creating package script '/home/integralmilk03/robotica_2_2024/examen2_ws/install/ejercicio1/share/ejercicio1/package.sh'
[1.562s] INFO:colcon.colcon_core.shell:Creating package script '/home/integralmilk03/robotica_2_2024/examen2_ws/install/ejercicio1/share/ejercicio1/package.bash'
[1.562s] INFO:colcon.colcon_core.shell:Creating package script '/home/integralmilk03/robotica_2_2024/examen2_ws/install/ejercicio1/share/ejercicio1/package.zsh'
[1.562s] Level 1:colcon.colcon_core.environment:create_file_with_runtime_dependencies(/home/integralmilk03/robotica_2_2024/examen2_ws/install/ejercicio1/share/colcon-core/packages/ejercicio1)
[1.564s] Level 1:colcon.colcon_core.environment:create_environment_scripts_only(ejercicio2)
[1.565s] Level 1:colcon.colcon_core.environment:checking '/home/integralmilk03/robotica_2_2024/examen2_ws/install/ejercicio2' for CMake module files
[1.565s] DEBUG:colcon.colcon_core.event_handler.log_command:Invoked command in '/home/integralmilk03/robotica_2_2024/examen2_ws/build/ejercicio2' returned '0': CMAKE_PREFIX_PATH=${CMAKE_PREFIX_PATH}:/home/integralmilk03/robotica/robotica_2_2024/examen2_ws/install/ejercicio4:/opt/ros/humble /usr/bin/cmake --install /home/integralmilk03/robotica_2_2024/examen2_ws/build/ejercicio2
[1.565s] Level 1:colcon.colcon_core.environment:checking '/home/integralmilk03/robotica_2_2024/examen2_ws/install/ejercicio2' for CMake config files
[1.566s] Level 1:colcon.colcon_core.shell:create_environment_hook('ejercicio2', 'cmake_prefix_path')
[1.566s] INFO:colcon.colcon_core.shell:Creating environment hook '/home/integralmilk03/robotica_2_2024/examen2_ws/install/ejercicio2/share/ejercicio2/hook/cmake_prefix_path.ps1'
[1.567s] INFO:colcon.colcon_core.shell:Creating environment descriptor '/home/integralmilk03/robotica_2_2024/examen2_ws/install/ejercicio2/share/ejercicio2/hook/cmake_prefix_path.dsv'
[1.567s] INFO:colcon.colcon_core.shell:Creating environment hook '/home/integralmilk03/robotica_2_2024/examen2_ws/install/ejercicio2/share/ejercicio2/hook/cmake_prefix_path.sh'
[1.567s] Level 1:colcon.colcon_core.environment:checking '/home/integralmilk03/robotica_2_2024/examen2_ws/install/ejercicio2/lib'
[1.568s] Level 1:colcon.colcon_core.environment:checking '/home/integralmilk03/robotica_2_2024/examen2_ws/install/ejercicio2/bin'
[1.568s] Level 1:colcon.colcon_core.environment:checking '/home/integralmilk03/robotica_2_2024/examen2_ws/install/ejercicio2/lib/pkgconfig/ejercicio2.pc'
[1.568s] Level 1:colcon.colcon_core.environment:checking '/home/integralmilk03/robotica_2_2024/examen2_ws/install/ejercicio2/lib/python3.10/site-packages'
[1.568s] Level 1:colcon.colcon_core.environment:checking '/home/integralmilk03/robotica_2_2024/examen2_ws/install/ejercicio2/bin'
[1.568s] INFO:colcon.colcon_core.shell:Creating package script '/home/integralmilk03/robotica_2_2024/examen2_ws/install/ejercicio2/share/ejercicio2/package.ps1'
[1.569s] INFO:colcon.colcon_core.shell:Creating package descriptor '/home/integralmilk03/robotica_2_2024/examen2_ws/install/ejercicio2/share/ejercicio2/package.dsv'
[1.569s] INFO:colcon.colcon_core.shell:Creating package script '/home/integralmilk03/robotica_2_2024/examen2_ws/install/ejercicio2/share/ejercicio2/package.sh'
[1.569s] INFO:colcon.colcon_core.shell:Creating package script '/home/integralmilk03/robotica_2_2024/examen2_ws/install/ejercicio2/share/ejercicio2/package.bash'
[1.570s] INFO:colcon.colcon_core.shell:Creating package script '/home/integralmilk03/robotica_2_2024/examen2_ws/install/ejercicio2/share/ejercicio2/package.zsh'
[1.570s] Level 1:colcon.colcon_core.environment:create_file_with_runtime_dependencies(/home/integralmilk03/robotica_2_2024/examen2_ws/install/ejercicio2/share/colcon-core/packages/ejercicio2)
[1.572s] Level 1:colcon.colcon_core.environment:create_environment_scripts_only(ejercicio3)
[1.573s] Level 1:colcon.colcon_core.environment:checking '/home/integralmilk03/robotica_2_2024/examen2_ws/install/ejercicio3' for CMake module files
[1.573s] Level 1:colcon.colcon_core.environment:checking '/home/integralmilk03/robotica_2_2024/examen2_ws/install/ejercicio3' for CMake config files
[1.573s] Level 1:colcon.colcon_core.shell:create_environment_hook('ejercicio3', 'cmake_prefix_path')
[1.573s] INFO:colcon.colcon_core.shell:Creating environment hook '/home/integralmilk03/robotica_2_2024/examen2_ws/install/ejercicio3/share/ejercicio3/hook/cmake_prefix_path.ps1'
[1.573s] INFO:colcon.colcon_core.shell:Creating environment descriptor '/home/integralmilk03/robotica_2_2024/examen2_ws/install/ejercicio3/share/ejercicio3/hook/cmake_prefix_path.dsv'
[1.574s] INFO:colcon.colcon_core.shell:Creating environment hook '/home/integralmilk03/robotica_2_2024/examen2_ws/install/ejercicio3/share/ejercicio3/hook/cmake_prefix_path.sh'
[1.574s] Level 1:colcon.colcon_core.environment:checking '/home/integralmilk03/robotica_2_2024/examen2_ws/install/ejercicio3/bin'
[1.574s] Level 1:colcon.colcon_core.environment:checking '/home/integralmilk03/robotica_2_2024/examen2_ws/install/ejercicio3/lib/pkgconfig/ejercicio3.pc'
[1.574s] Level 1:colcon.colcon_core.environment:checking '/home/integralmilk03/robotica_2_2024/examen2_ws/install/ejercicio3/lib/python3.10/site-packages'
[1.574s] Level 1:colcon.colcon_core.environment:checking '/home/integralmilk03/robotica_2_2024/examen2_ws/install/ejercicio3/bin'
[1.575s] INFO:colcon.colcon_core.shell:Creating package script '/home/integralmilk03/robotica_2_2024/examen2_ws/install/ejercicio3/share/ejercicio3/package.ps1'
[1.575s] INFO:colcon.colcon_core.shell:Creating package descriptor '/home/integralmilk03/robotica_2_2024/examen2_ws/install/ejercicio3/share/ejercicio3/package.dsv'
[1.575s] INFO:colcon.colcon_core.shell:Creating package script '/home/integralmilk03/robotica_2_2024/examen2_ws/install/ejercicio3/share/ejercicio3/package.sh'
[1.575s] INFO:colcon.colcon_core.shell:Creating package script '/home/integralmilk03/robotica_2_2024/examen2_ws/install/ejercicio3/share/ejercicio3/package.bash'
[1.576s] INFO:colcon.colcon_core.shell:Creating package script '/home/integralmilk03/robotica_2_2024/examen2_ws/install/ejercicio3/share/ejercicio3/package.zsh'
[1.576s] Level 1:colcon.colcon_core.environment:create_file_with_runtime_dependencies(/home/integralmilk03/robotica_2_2024/examen2_ws/install/ejercicio3/share/colcon-core/packages/ejercicio3)
[1.576s] Level 1:colcon.colcon_core.environment:create_environment_scripts_only(custom_panda)
[1.576s] Level 1:colcon.colcon_core.environment:checking '/home/integralmilk03/robotica_2_2024/examen2_ws/install/custom_panda' for CMake module files
[1.578s] Level 1:colcon.colcon_core.environment:checking '/home/integralmilk03/robotica_2_2024/examen2_ws/install/custom_panda' for CMake config files
[1.578s] Level 1:colcon.colcon_core.shell:create_environment_hook('custom_panda', 'cmake_prefix_path')
[1.579s] INFO:colcon.colcon_core.shell:Creating environment hook '/home/integralmilk03/robotica_2_2024/examen2_ws/install/custom_panda/share/custom_panda/hook/cmake_prefix_path.ps1'
[1.580s] INFO:colcon.colcon_core.shell:Creating environment descriptor '/home/integralmilk03/robotica_2_2024/examen2_ws/install/custom_panda/share/custom_panda/hook/cmake_prefix_path.dsv'
[1.580s] INFO:colcon.colcon_core.shell:Creating environment hook '/home/integralmilk03/robotica_2_2024/examen2_ws/install/custom_panda/share/custom_panda/hook/cmake_prefix_path.sh'
[1.582s] Level 1:colcon.colcon_core.environment:checking '/home/integralmilk03/robotica_2_2024/examen2_ws/install/custom_panda/bin'
[1.582s] Level 1:colcon.colcon_core.environment:checking '/home/integralmilk03/robotica_2_2024/examen2_ws/install/custom_panda/lib/pkgconfig/custom_panda.pc'
[1.583s] Level 1:colcon.colcon_core.environment:checking '/home/integralmilk03/robotica_2_2024/examen2_ws/install/custom_panda/lib/python3.10/site-packages'
[1.583s] Level 1:colcon.colcon_core.environment:checking '/home/integralmilk03/robotica_2_2024/examen2_ws/install/custom_panda/bin'
[1.583s] INFO:colcon.colcon_core.shell:Creating package script '/home/integralmilk03/robotica_2_2024/examen2_ws/install/custom_panda/share/custom_panda/package.ps1'
[1.584s] INFO:colcon.colcon_core.shell:Creating package descriptor '/home/integralmilk03/robotica_2_2024/examen2_ws/install/custom_panda/share/custom_panda/package.dsv'
[1.584s] INFO:colcon.colcon_core.shell:Creating package script '/home/integralmilk03/robotica_2_2024/examen2_ws/install/custom_panda/share/custom_panda/package.sh'
[1.584s] INFO:colcon.colcon_core.shell:Creating package script '/home/integralmilk03/robotica_2_2024/examen2_ws/install/custom_panda/share/custom_panda/package.bash'
[1.584s] INFO:colcon.colcon_core.shell:Creating package script '/home/integralmilk03/robotica_2_2024/examen2_ws/install/custom_panda/share/custom_panda/package.zsh'
[1.584s] Level 1:colcon.colcon_core.environment:create_file_with_runtime_dependencies(/home/integralmilk03/robotica_2_2024/examen2_ws/install/custom_panda/share/colcon-core/packages/custom_panda)
[1.585s] Level 1:colcon.colcon_core.environment:create_environment_scripts_only(ejercicio1)
[1.585s] Level 1:colcon.colcon_core.environment:checking '/home/integralmilk03/robotica_2_2024/examen2_ws/install/ejercicio1' for CMake module files
[1.587s] Level 1:colcon.colcon_core.environment:checking '/home/integralmilk03/robotica_2_2024/examen2_ws/install/ejercicio1' for CMake config files
[1.587s] Level 1:colcon.colcon_core.shell:create_environment_hook('ejercicio1', 'cmake_prefix_path')
[1.587s] INFO:colcon.colcon_core.shell:Creating environment hook '/home/integralmilk03/robotica_2_2024/examen2_ws/install/ejercicio1/share/ejercicio1/hook/cmake_prefix_path.ps1'
[1.588s] INFO:colcon.colcon_core.shell:Creating environment descriptor '/home/integralmilk03/robotica_2_2024/examen2_ws/install/ejercicio1/share/ejercicio1/hook/cmake_prefix_path.dsv'
[1.589s] INFO:colcon.colcon_core.shell:Creating environment hook '/home/integralmilk03/robotica_2_2024/examen2_ws/install/ejercicio1/share/ejercicio1/hook/cmake_prefix_path.sh'
[1.590s] Level 1:colcon.colcon_core.environment:checking '/home/integralmilk03/robotica_2_2024/examen2_ws/install/ejercicio1/lib'
[1.590s] Level 1:colcon.colcon_core.environment:checking '/home/integralmilk03/robotica_2_2024/examen2_ws/install/ejercicio1/bin'
[1.590s] Level 1:colcon.colcon_core.environment:checking '/home/integralmilk03/robotica_2_2024/examen2_ws/install/ejercicio1/lib/pkgconfig/ejercicio1.pc'
[1.590s] Level 1:colcon.colcon_core.environment:checking '/home/integralmilk03/robotica_2_2024/examen2_ws/install/ejercicio1/lib/python3.10/site-packages'
[1.590s] Level 1:colcon.colcon_core.environment:checking '/home/integralmilk03/robotica_2_2024/examen2_ws/install/ejercicio1/bin'
[1.591s] INFO:colcon.colcon_core.shell:Creating package script '/home/integralmilk03/robotica_2_2024/examen2_ws/install/ejercicio1/share/ejercicio1/package.ps1'
[1.591s] INFO:colcon.colcon_core.shell:Creating package descriptor '/home/integralmilk03/robotica_2_2024/examen2_ws/install/ejercicio1/share/ejercicio1/package.dsv'
[1.592s] INFO:colcon.colcon_core.shell:Creating package script '/home/integralmilk03/robotica_2_2024/examen2_ws/install/ejercicio1/share/ejercicio1/package.sh'
[1.592s] INFO:colcon.colcon_core.shell:Creating package script '/home/integralmilk03/robotica_2_2024/examen2_ws/install/ejercicio1/share/ejercicio1/package.bash'
[1.592s] INFO:colcon.colcon_core.shell:Creating package script '/home/integralmilk03/robotica_2_2024/examen2_ws/install/ejercicio1/share/ejercicio1/package.zsh'
[1.593s] Level 1:colcon.colcon_core.environment:create_file_with_runtime_dependencies(/home/integralmilk03/robotica_2_2024/examen2_ws/install/ejercicio1/share/colcon-core/packages/ejercicio1)
[1.594s] Level 1:colcon.colcon_core.environment:create_environment_scripts_only(ejercicio2)
[1.594s] Level 1:colcon.colcon_core.environment:checking '/home/integralmilk03/robotica_2_2024/examen2_ws/install/ejercicio2' for CMake module files
[1.595s] Level 1:colcon.colcon_core.environment:checking '/home/integralmilk03/robotica_2_2024/examen2_ws/install/ejercicio2' for CMake config files
[1.596s] Level 1:colcon.colcon_core.shell:create_environment_hook('ejercicio2', 'cmake_prefix_path')
[1.596s] INFO:colcon.colcon_core.shell:Creating environment hook '/home/integralmilk03/robotica_2_2024/examen2_ws/install/ejercicio2/share/ejercicio2/hook/cmake_prefix_path.ps1'
[1.597s] INFO:colcon.colcon_core.shell:Creating environment descriptor '/home/integralmilk03/robotica_2_2024/examen2_ws/install/ejercicio2/share/ejercicio2/hook/cmake_prefix_path.dsv'
[1.597s] INFO:colcon.colcon_core.shell:Creating environment hook '/home/integralmilk03/robotica_2_2024/examen2_ws/install/ejercicio2/share/ejercicio2/hook/cmake_prefix_path.sh'
[1.598s] Level 1:colcon.colcon_core.environment:checking '/home/integralmilk03/robotica_2_2024/examen2_ws/install/ejercicio2/lib'
[1.598s] Level 1:colcon.colcon_core.environment:checking '/home/integralmilk03/robotica_2_2024/examen2_ws/install/ejercicio2/bin'
[1.598s] Level 1:colcon.colcon_core.environment:checking '/home/integralmilk03/robotica_2_2024/examen2_ws/install/ejercicio2/lib/pkgconfig/ejercicio2.pc'
[1.598s] Level 1:colcon.colcon_core.environment:checking '/home/integralmilk03/robotica_2_2024/examen2_ws/install/ejercicio2/lib/python3.10/site-packages'
[1.598s] Level 1:colcon.colcon_core.environment:checking '/home/integralmilk03/robotica_2_2024/examen2_ws/install/ejercicio2/bin'
[1.598s] INFO:colcon.colcon_core.shell:Creating package script '/home/integralmilk03/robotica_2_2024/examen2_ws/install/ejercicio2/share/ejercicio2/package.ps1'
[1.599s] INFO:colcon.colcon_core.shell:Creating package descriptor '/home/integralmilk03/robotica_2_2024/examen2_ws/install/ejercicio2/share/ejercicio2/package.dsv'
[1.599s] INFO:colcon.colcon_core.shell:Creating package script '/home/integralmilk03/robotica_2_2024/examen2_ws/install/ejercicio2/share/ejercicio2/package.sh'
[1.599s] INFO:colcon.colcon_core.shell:Creating package script '/home/integralmilk03/robotica_2_2024/examen2_ws/install/ejercicio2/share/ejercicio2/package.bash'
[1.600s] INFO:colcon.colcon_core.shell:Creating package script '/home/integralmilk03/robotica_2_2024/examen2_ws/install/ejercicio2/share/ejercicio2/package.zsh'
[1.600s] Level 1:colcon.colcon_core.environment:create_file_with_runtime_dependencies(/home/integralmilk03/robotica_2_2024/examen2_ws/install/ejercicio2/share/colcon-core/packages/ejercicio2)
[1.903s] DEBUG:colcon.colcon_core.event_handler.log_command:Invoking command in '/home/integralmilk03/robotica_2_2024/examen2_ws/src/ejercicio4': PYTHONPATH=/home/integralmilk03/robotica_2_2024/examen2_ws/build/ejercicio4/prefix_override:/home/integralmilk03/.local/lib/python3.10/site-packages/colcon_core/task/python/colcon_distutils_commands:/home/integralmilk03/robotica_2_2024/examen2_ws/install/ejercicio4/lib/python3.10/site-packages:${PYTHONPATH} /usr/bin/python3 -W ignore:setup.py install is deprecated setup.py egg_info --egg-base ../../build/ejercicio4 build --build-base /home/integralmilk03/robotica_2_2024/examen2_ws/build/ejercicio4/build install --record /home/integralmilk03/robotica_2_2024/examen2_ws/build/ejercicio4/install.log --single-version-externally-managed install_data
[2.092s] Level 1:colcon.colcon_core.environment:checking '/home/integralmilk03/robotica_2_2024/examen2_ws/install/ejercicio4' for CMake module files
[2.093s] DEBUG:colcon.colcon_core.event_handler.log_command:Invoked command in '/home/integralmilk03/robotica_2_2024/examen2_ws/src/ejercicio4' returned '0': PYTHONPATH=/home/integralmilk03/robotica_2_2024/examen2_ws/build/ejercicio4/prefix_override:/home/integralmilk03/.local/lib/python3.10/site-packages/colcon_core/task/python/colcon_distutils_commands:/home/integralmilk03/robotica_2_2024/examen2_ws/install/ejercicio4/lib/python3.10/site-packages:${PYTHONPATH} /usr/bin/python3 -W ignore:setup.py install is deprecated setup.py egg_info --egg-base ../../build/ejercicio4 build --build-base /home/integralmilk03/robotica_2_2024/examen2_ws/build/ejercicio4/build install --record /home/integralmilk03/robotica_2_2024/examen2_ws/build/ejercicio4/install.log --single-version-externally-managed install_data
[2.093s] Level 1:colcon.colcon_core.environment:checking '/home/integralmilk03/robotica_2_2024/examen2_ws/install/ejercicio4' for CMake config files
[2.097s] Level 1:colcon.colcon_core.environment:checking '/home/integralmilk03/robotica_2_2024/examen2_ws/install/ejercicio4/lib'
[2.097s] Level 1:colcon.colcon_core.environment:checking '/home/integralmilk03/robotica_2_2024/examen2_ws/install/ejercicio4/bin'
[2.097s] Level 1:colcon.colcon_core.environment:checking '/home/integralmilk03/robotica_2_2024/examen2_ws/install/ejercicio4/lib/pkgconfig/ejercicio4.pc'
[2.097s] Level 1:colcon.colcon_core.environment:checking '/home/integralmilk03/robotica_2_2024/examen2_ws/install/ejercicio4/lib/python3.10/site-packages'
[2.097s] Level 1:colcon.colcon_core.shell:create_environment_hook('ejercicio4', 'pythonpath')
[2.098s] INFO:colcon.colcon_core.shell:Creating environment hook '/home/integralmilk03/robotica_2_2024/examen2_ws/install/ejercicio4/share/ejercicio4/hook/pythonpath.ps1'
[2.098s] INFO:colcon.colcon_core.shell:Creating environment descriptor '/home/integralmilk03/robotica_2_2024/examen2_ws/install/ejercicio4/share/ejercicio4/hook/pythonpath.dsv'
[2.098s] INFO:colcon.colcon_core.shell:Creating environment hook '/home/integralmilk03/robotica_2_2024/examen2_ws/install/ejercicio4/share/ejercicio4/hook/pythonpath.sh'
[2.098s] Level 1:colcon.colcon_core.environment:checking '/home/integralmilk03/robotica_2_2024/examen2_ws/install/ejercicio4/bin'
[2.098s] Level 1:colcon.colcon_core.environment:create_environment_scripts_only(ejercicio4)
[2.099s] INFO:colcon.colcon_core.shell:Creating package script '/home/integralmilk03/robotica_2_2024/examen2_ws/install/ejercicio4/share/ejercicio4/package.ps1'
[2.099s] INFO:colcon.colcon_core.shell:Creating package descriptor '/home/integralmilk03/robotica_2_2024/examen2_ws/install/ejercicio4/share/ejercicio4/package.dsv'
[2.099s] INFO:colcon.colcon_core.shell:Creating package script '/home/integralmilk03/robotica_2_2024/examen2_ws/install/ejercicio4/share/ejercicio4/package.sh'
[2.099s] INFO:colcon.colcon_core.shell:Creating package script '/home/integralmilk03/robotica_2_2024/examen2_ws/install/ejercicio4/share/ejercicio4/package.bash'
[2.100s] INFO:colcon.colcon_core.shell:Creating package script '/home/integralmilk03/robotica_2_2024/examen2_ws/install/ejercicio4/share/ejercicio4/package.zsh'
[2.100s] Level 1:colcon.colcon_core.environment:create_file_with_runtime_dependencies(/home/integralmilk03/robotica_2_2024/examen2_ws/install/ejercicio4/share/colcon-core/packages/ejercicio4)
[2.100s] DEBUG:colcon.colcon_parallel_executor.executor.parallel:closing loop
[2.100s] DEBUG:colcon.colcon_parallel_executor.executor.parallel:loop closed
[2.101s] DEBUG:colcon.colcon_parallel_executor.executor.parallel:run_until_complete finished with '0'
[2.101s] DEBUG:colcon.colcon_core.event_reactor:joining thread
[2.273s] INFO:colcon.colcon_core.plugin_system:Skipping extension 'colcon_notification.desktop_notification.notify_send': Could not find 'notify-send'
[2.273s] INFO:colcon.colcon_core.plugin_system:Skipping extension 'colcon_notification.desktop_notification.terminal_notifier': Not used on non-Darwin systems
[2.273s] INFO:colcon.colcon_core.plugin_system:Skipping extension 'colcon_notification.desktop_notification.win32': Not used on non-Windows systems
[2.273s] INFO:colcon.colcon_notification.desktop_notification:Sending desktop notification using 'notify2'
[2.274s] DEBUG:colcon.colcon_notification.desktop_notification.notify2:Failed to initialize notify2: org.freedesktop.DBus.Error.FileNotFound: Failed to connect to socket /run/user/1000/bus: No such file or directory
[2.274s] DEBUG:colcon.colcon_core.event_reactor:joined thread
[2.274s] INFO:colcon.colcon_core.shell:Creating prefix script '/home/integralmilk03/robotica_2_2024/examen2_ws/install/local_setup.ps1'
[2.277s] INFO:colcon.colcon_core.shell:Creating prefix util module '/home/integralmilk03/robotica_2_2024/examen2_ws/install/_local_setup_util_ps1.py'
[2.280s] INFO:colcon.colcon_core.shell:Creating prefix chain script '/home/integralmilk03/robotica_2_2024/examen2_ws/install/setup.ps1'
[2.282s] INFO:colcon.colcon_core.shell:Creating prefix script '/home/integralmilk03/robotica_2_2024/examen2_ws/install/local_setup.sh'
[2.283s] INFO:colcon.colcon_core.shell:Creating prefix util module '/home/integralmilk03/robotica_2_2024/examen2_ws/install/_local_setup_util_sh.py'
[2.284s] INFO:colcon.colcon_core.shell:Creating prefix chain script '/home/integralmilk03/robotica_2_2024/examen2_ws/install/setup.sh'
[2.286s] INFO:colcon.colcon_core.shell:Creating prefix script '/home/integralmilk03/robotica_2_2024/examen2_ws/install/local_setup.bash'
[2.286s] INFO:colcon.colcon_core.shell:Creating prefix chain script '/home/integralmilk03/robotica_2_2024/examen2_ws/install/setup.bash'
[2.288s] INFO:colcon.colcon_core.shell:Creating prefix script '/home/integralmilk03/robotica_2_2024/examen2_ws/install/local_setup.zsh'
[2.289s] INFO:colcon.colcon_core.shell:Creating prefix chain script '/home/integralmilk03/robotica_2_2024/examen2_ws/install/setup.zsh'
