[0.485s] Invoking command in '/home/hinfinity/Documents/robotica_2_2024/pubsub_ws/src/py_pubsub': PYTHONPATH=/home/hinfinity/Documents/robotica_2_2024/pubsub_ws/build/py_pubsub/prefix_override:/usr/lib/python3/dist-packages/colcon_core/task/python/colcon_distutils_commands:/home/hinfinity/Documents/robotica_2_2024/pubsub_ws/install/py_pubsub/lib/python3.10/site-packages:${PYTHONPATH} /usr/bin/python3 -W ignore:setup.py install is deprecated setup.py egg_info --egg-base ../../build/py_pubsub build --build-base /home/hinfinity/Documents/robotica_2_2024/pubsub_ws/build/py_pubsub/build install --record /home/hinfinity/Documents/robotica_2_2024/pubsub_ws/build/py_pubsub/install.log --single-version-externally-managed install_data
[0.675s] running egg_info
[0.676s] writing ../../build/py_pubsub/py_pubsub.egg-info/PKG-INFO
[0.676s] writing dependency_links to ../../build/py_pubsub/py_pubsub.egg-info/dependency_links.txt
[0.676s] writing entry points to ../../build/py_pubsub/py_pubsub.egg-info/entry_points.txt
[0.677s] writing requirements to ../../build/py_pubsub/py_pubsub.egg-info/requires.txt
[0.677s] writing top-level names to ../../build/py_pubsub/py_pubsub.egg-info/top_level.txt
[0.678s] reading manifest file '../../build/py_pubsub/py_pubsub.egg-info/SOURCES.txt'
[0.678s] adding license file 'LICENSE'
[0.679s] writing manifest file '../../build/py_pubsub/py_pubsub.egg-info/SOURCES.txt'
[0.679s] running build
[0.679s] running build_py
[0.679s] copying py_pubsub/pub_py.py -> /home/hinfinity/Documents/robotica_2_2024/pubsub_ws/build/py_pubsub/build/lib/py_pubsub
[0.679s] running install
[0.679s] running install_lib
[0.680s] copying /home/hinfinity/Documents/robotica_2_2024/pubsub_ws/build/py_pubsub/build/lib/py_pubsub/pub_py.py -> /home/hinfinity/Documents/robotica_2_2024/pubsub_ws/install/py_pubsub/lib/python3.10/site-packages/py_pubsub
[0.680s] byte-compiling /home/hinfinity/Documents/robotica_2_2024/pubsub_ws/install/py_pubsub/lib/python3.10/site-packages/py_pubsub/pub_py.py to pub_py.cpython-310.pyc
[0.681s] running install_data
[0.681s] running install_egg_info
[0.682s] removing '/home/hinfinity/Documents/robotica_2_2024/pubsub_ws/install/py_pubsub/lib/python3.10/site-packages/py_pubsub-0.0.0-py3.10.egg-info' (and everything under it)
[0.682s] Copying ../../build/py_pubsub/py_pubsub.egg-info to /home/hinfinity/Documents/robotica_2_2024/pubsub_ws/install/py_pubsub/lib/python3.10/site-packages/py_pubsub-0.0.0-py3.10.egg-info
[0.683s] running install_scripts
[0.699s] Installing listener_py script to /home/hinfinity/Documents/robotica_2_2024/pubsub_ws/install/py_pubsub/lib/py_pubsub
[0.699s] Installing talker_listener_py script to /home/hinfinity/Documents/robotica_2_2024/pubsub_ws/install/py_pubsub/lib/py_pubsub
[0.699s] Installing talker_py script to /home/hinfinity/Documents/robotica_2_2024/pubsub_ws/install/py_pubsub/lib/py_pubsub
[0.700s] writing list of installed files to '/home/hinfinity/Documents/robotica_2_2024/pubsub_ws/build/py_pubsub/install.log'
[0.716s] Invoked command in '/home/hinfinity/Documents/robotica_2_2024/pubsub_ws/src/py_pubsub' returned '0': PYTHONPATH=/home/hinfinity/Documents/robotica_2_2024/pubsub_ws/build/py_pubsub/prefix_override:/usr/lib/python3/dist-packages/colcon_core/task/python/colcon_distutils_commands:/home/hinfinity/Documents/robotica_2_2024/pubsub_ws/install/py_pubsub/lib/python3.10/site-packages:${PYTHONPATH} /usr/bin/python3 -W ignore:setup.py install is deprecated setup.py egg_info --egg-base ../../build/py_pubsub build --build-base /home/hinfinity/Documents/robotica_2_2024/pubsub_ws/build/py_pubsub/build install --record /home/hinfinity/Documents/robotica_2_2024/pubsub_ws/build/py_pubsub/install.log --single-version-externally-managed install_data
