[0.008s] Invoking command in '/home/hinfinity/Documents/robotica_2_2024/vision_ws/build/custom_msgs': CMAKE_PREFIX_PATH=/home/hinfinity/Documents/robotica_2_2024/vision_ws/install/camera_vision:/opt/ros/humble /usr/bin/cmake /home/hinfinity/Documents/robotica_2_2024/vision_ws/src/custom_msgs -DCMAKE_INSTALL_PREFIX=/home/hinfinity/Documents/robotica_2_2024/vision_ws/install/custom_msgs
[0.016s] -- Found ament_cmake: 1.3.10 (/opt/ros/humble/share/ament_cmake/cmake)
[0.114s] -- Found rosidl_default_generators: 1.2.0 (/opt/ros/humble/share/rosidl_default_generators/cmake)
[0.115s] -- Using all available rosidl_typesupport_c: rosidl_typesupport_fastrtps_c;rosidl_typesupport_introspection_c
[0.117s] -- Found rosidl_adapter: 3.1.5 (/opt/ros/humble/share/rosidl_adapter/cmake)
[0.141s] -- Using all available rosidl_typesupport_cpp: rosidl_typesupport_fastrtps_cpp;rosidl_typesupport_introspection_cpp
[0.353s] -- Found ament_cmake_ros: 0.10.0 (/opt/ros/humble/share/ament_cmake_ros/cmake)
[0.502s] -- Using all available rosidl_typesupport_c: rosidl_typesupport_fastrtps_c;rosidl_typesupport_introspection_c
[0.686s] -- Using all available rosidl_typesupport_cpp: rosidl_typesupport_fastrtps_cpp;rosidl_typesupport_introspection_cpp
[0.704s] -- Found PythonInterp: /usr/bin/python3 (found suitable version "3.10.12", minimum required is "3.6") 
[0.706s] -- Found python_cmake_module: 0.10.0 (/opt/ros/humble/share/python_cmake_module/cmake)
[0.728s] -- Found PythonLibs: /usr/lib/x86_64-linux-gnu/libpython3.10.so (found suitable version "3.10.12", minimum required is "3.5") 
[0.728s] -- Using PYTHON_EXECUTABLE: /usr/bin/python3
[0.728s] -- Using PYTHON_INCLUDE_DIRS: /usr/include/python3.10
[0.728s] -- Using PYTHON_LIBRARIES: /usr/lib/x86_64-linux-gnu/libpython3.10.so
[0.745s] -- Found PythonExtra: .so  
[0.772s] -- Found ament_lint_auto: 0.12.11 (/opt/ros/humble/share/ament_lint_auto/cmake)
[0.806s] -- Added test 'lint_cmake' to check CMake code style
[0.808s] -- Added test 'xmllint' to check XML markup files
[0.811s] -- Configuring done
[0.832s] -- Generating done
[0.834s] -- Build files have been written to: /home/hinfinity/Documents/robotica_2_2024/vision_ws/build/custom_msgs
[0.838s] Invoked command in '/home/hinfinity/Documents/robotica_2_2024/vision_ws/build/custom_msgs' returned '0': CMAKE_PREFIX_PATH=/home/hinfinity/Documents/robotica_2_2024/vision_ws/install/camera_vision:/opt/ros/humble /usr/bin/cmake /home/hinfinity/Documents/robotica_2_2024/vision_ws/src/custom_msgs -DCMAKE_INSTALL_PREFIX=/home/hinfinity/Documents/robotica_2_2024/vision_ws/install/custom_msgs
[0.839s] Invoking command in '/home/hinfinity/Documents/robotica_2_2024/vision_ws/build/custom_msgs': CMAKE_PREFIX_PATH=/home/hinfinity/Documents/robotica_2_2024/vision_ws/install/camera_vision:/opt/ros/humble /usr/bin/cmake --build /home/hinfinity/Documents/robotica_2_2024/vision_ws/build/custom_msgs -- -j12 -l12
[0.867s] [  2%] [34m[1mGenerating C code for ROS interfaces[0m
[0.874s] [  5%] [34m[1mGenerating C++ code for ROS interfaces[0m
[0.880s] [  5%] Built target ament_cmake_python_copy_custom_msgs
[1.082s] running egg_info
[1.083s] creating custom_msgs.egg-info
[1.083s] writing custom_msgs.egg-info/PKG-INFO
[1.083s] writing dependency_links to custom_msgs.egg-info/dependency_links.txt
[1.083s] writing top-level names to custom_msgs.egg-info/top_level.txt
[1.083s] writing manifest file 'custom_msgs.egg-info/SOURCES.txt'
[1.085s] reading manifest file 'custom_msgs.egg-info/SOURCES.txt'
[1.085s] writing manifest file 'custom_msgs.egg-info/SOURCES.txt'
[1.108s] [  5%] Built target ament_cmake_python_build_custom_msgs_egg
[1.123s] [  5%] Built target custom_msgs__cpp
[1.131s] [ 10%] [34m[1mGenerating C++ type support for eProsima Fast-RTPS[0m
[1.131s] [ 10%] [34m[1mGenerating C++ type support dispatch for ROS interfaces[0m
[1.131s] [ 15%] [34m[1mGenerating C++ introspection for ROS interfaces[0m
[1.131s] [ 15%] [32mBuilding C object CMakeFiles/custom_msgs__rosidl_generator_c.dir/rosidl_generator_c/custom_msgs/msg/detail/box__functions.c.o[0m
[1.131s] [ 17%] [32mBuilding C object CMakeFiles/custom_msgs__rosidl_generator_c.dir/rosidl_generator_c/custom_msgs/msg/detail/corner__functions.c.o[0m
[1.205s] [ 20%] [32m[1mLinking C shared library libcustom_msgs__rosidl_generator_c.so[0m
[1.233s] [ 20%] Built target custom_msgs__rosidl_generator_c
[1.240s] [ 28%] [34m[1mGenerating C type support for eProsima Fast-RTPS[0m
[1.240s] [ 28%] [34m[1mGenerating C introspection for ROS interfaces[0m
[1.241s] [ 28%] [34m[1mGenerating C type support dispatch for ROS interfaces[0m
[1.344s] [ 30%] [32mBuilding CXX object CMakeFiles/custom_msgs__rosidl_typesupport_cpp.dir/rosidl_typesupport_cpp/custom_msgs/msg/corner__type_support.cpp.o[0m
[1.347s] [ 33%] [32mBuilding CXX object CMakeFiles/custom_msgs__rosidl_typesupport_cpp.dir/rosidl_typesupport_cpp/custom_msgs/msg/box__type_support.cpp.o[0m
[1.388s] [ 35%] [32mBuilding CXX object CMakeFiles/custom_msgs__rosidl_typesupport_fastrtps_cpp.dir/rosidl_typesupport_fastrtps_cpp/custom_msgs/msg/detail/dds_fastrtps/corner__type_support.cpp.o[0m
[1.391s] [ 38%] [32mBuilding CXX object CMakeFiles/custom_msgs__rosidl_typesupport_introspection_cpp.dir/rosidl_typesupport_introspection_cpp/custom_msgs/msg/detail/corner__type_support.cpp.o[0m
[1.391s] [ 41%] [32mBuilding CXX object CMakeFiles/custom_msgs__rosidl_typesupport_introspection_cpp.dir/rosidl_typesupport_introspection_cpp/custom_msgs/msg/detail/box__type_support.cpp.o[0m
[1.391s] [ 43%] [32mBuilding CXX object CMakeFiles/custom_msgs__rosidl_typesupport_fastrtps_cpp.dir/rosidl_typesupport_fastrtps_cpp/custom_msgs/msg/detail/dds_fastrtps/box__type_support.cpp.o[0m
[1.497s] [ 46%] [32mBuilding CXX object CMakeFiles/custom_msgs__rosidl_typesupport_c.dir/rosidl_typesupport_c/custom_msgs/msg/corner__type_support.cpp.o[0m
[1.498s] [ 48%] [32mBuilding CXX object CMakeFiles/custom_msgs__rosidl_typesupport_c.dir/rosidl_typesupport_c/custom_msgs/msg/box__type_support.cpp.o[0m
[1.516s] [ 53%] [32mBuilding C object CMakeFiles/custom_msgs__rosidl_typesupport_introspection_c.dir/rosidl_typesupport_introspection_c/custom_msgs/msg/detail/corner__type_support.c.o[0m
[1.516s] [ 53%] [32mBuilding C object CMakeFiles/custom_msgs__rosidl_typesupport_introspection_c.dir/rosidl_typesupport_introspection_c/custom_msgs/msg/detail/box__type_support.c.o[0m
[1.533s] [ 56%] [32m[1mLinking CXX shared library libcustom_msgs__rosidl_typesupport_c.so[0m
[1.560s] [ 58%] [32m[1mLinking C shared library libcustom_msgs__rosidl_typesupport_introspection_c.so[0m
[1.570s] [ 58%] Built target custom_msgs__rosidl_typesupport_c
[1.587s] [ 58%] Built target custom_msgs__rosidl_typesupport_introspection_c
[1.606s] [ 64%] [32mBuilding CXX object CMakeFiles/custom_msgs__rosidl_typesupport_fastrtps_c.dir/rosidl_typesupport_fastrtps_c/custom_msgs/msg/detail/box__type_support_c.cpp.o[0m
[1.606s] [ 64%] [32mBuilding CXX object CMakeFiles/custom_msgs__rosidl_typesupport_fastrtps_c.dir/rosidl_typesupport_fastrtps_c/custom_msgs/msg/detail/corner__type_support_c.cpp.o[0m
[1.713s] [ 66%] [32m[1mLinking CXX shared library libcustom_msgs__rosidl_typesupport_cpp.so[0m
[1.748s] [ 66%] Built target custom_msgs__rosidl_typesupport_cpp
[1.907s] [ 69%] [32m[1mLinking CXX shared library libcustom_msgs__rosidl_typesupport_fastrtps_c.so[0m
[1.948s] [ 71%] [32m[1mLinking CXX shared library libcustom_msgs__rosidl_typesupport_fastrtps_cpp.so[0m
[1.964s] [ 74%] [32m[1mLinking CXX shared library libcustom_msgs__rosidl_typesupport_introspection_cpp.so[0m
[1.967s] [ 74%] Built target custom_msgs__rosidl_typesupport_fastrtps_c
[2.006s] [ 74%] Built target custom_msgs__rosidl_typesupport_fastrtps_cpp
[2.021s] [ 74%] Built target custom_msgs__rosidl_typesupport_introspection_cpp
[2.034s] [ 74%] Built target custom_msgs
[2.047s] [ 76%] [34m[1mGenerating Python code for ROS interfaces[0m
[2.359s] [ 76%] Built target custom_msgs__py
[2.373s] [ 82%] [32mBuilding C object CMakeFiles/custom_msgs__rosidl_generator_py.dir/rosidl_generator_py/custom_msgs/msg/_corner_s.c.o[0m
[2.373s] [ 82%] [32mBuilding C object CMakeFiles/custom_msgs__rosidl_generator_py.dir/rosidl_generator_py/custom_msgs/msg/_box_s.c.o[0m
[2.540s] [ 84%] [32m[1mLinking C shared library rosidl_generator_py/custom_msgs/libcustom_msgs__rosidl_generator_py.so[0m
[2.568s] [ 84%] Built target custom_msgs__rosidl_generator_py
[2.583s] [ 92%] [32mBuilding C object CMakeFiles/custom_msgs__rosidl_typesupport_introspection_c__pyext.dir/rosidl_generator_py/custom_msgs/_custom_msgs_s.ep.rosidl_typesupport_introspection_c.c.o[0m
[2.583s] [ 92%] [32mBuilding C object CMakeFiles/custom_msgs__rosidl_typesupport_c__pyext.dir/rosidl_generator_py/custom_msgs/_custom_msgs_s.ep.rosidl_typesupport_c.c.o[0m
[2.583s] [ 92%] [32mBuilding C object CMakeFiles/custom_msgs__rosidl_typesupport_fastrtps_c__pyext.dir/rosidl_generator_py/custom_msgs/_custom_msgs_s.ep.rosidl_typesupport_fastrtps_c.c.o[0m
[2.658s] [ 97%] [32m[1mLinking C shared library rosidl_generator_py/custom_msgs/custom_msgs_s__rosidl_typesupport_introspection_c.cpython-310-x86_64-linux-gnu.so[0m
[2.658s] [ 97%] [32m[1mLinking C shared library rosidl_generator_py/custom_msgs/custom_msgs_s__rosidl_typesupport_c.cpython-310-x86_64-linux-gnu.so[0m
[2.658s] [100%] [32m[1mLinking C shared library rosidl_generator_py/custom_msgs/custom_msgs_s__rosidl_typesupport_fastrtps_c.cpython-310-x86_64-linux-gnu.so[0m
[2.682s] [100%] Built target custom_msgs__rosidl_typesupport_introspection_c__pyext
[2.682s] [100%] Built target custom_msgs__rosidl_typesupport_fastrtps_c__pyext
[2.683s] [100%] Built target custom_msgs__rosidl_typesupport_c__pyext
[2.691s] Invoked command in '/home/hinfinity/Documents/robotica_2_2024/vision_ws/build/custom_msgs' returned '0': CMAKE_PREFIX_PATH=/home/hinfinity/Documents/robotica_2_2024/vision_ws/install/camera_vision:/opt/ros/humble /usr/bin/cmake --build /home/hinfinity/Documents/robotica_2_2024/vision_ws/build/custom_msgs -- -j12 -l12
[2.749s] Invoking command in '/home/hinfinity/Documents/robotica_2_2024/vision_ws/build/custom_msgs': CMAKE_PREFIX_PATH=/home/hinfinity/Documents/robotica_2_2024/vision_ws/install/camera_vision:/opt/ros/humble /usr/bin/cmake --install /home/hinfinity/Documents/robotica_2_2024/vision_ws/build/custom_msgs
[2.755s] -- Install configuration: ""
[2.755s] -- Installing: /home/hinfinity/Documents/robotica_2_2024/vision_ws/install/custom_msgs/share/ament_index/resource_index/rosidl_interfaces/custom_msgs
[2.755s] -- Installing: /home/hinfinity/Documents/robotica_2_2024/vision_ws/install/custom_msgs/include/custom_msgs/custom_msgs
[2.756s] -- Installing: /home/hinfinity/Documents/robotica_2_2024/vision_ws/install/custom_msgs/include/custom_msgs/custom_msgs/msg
[2.756s] -- Installing: /home/hinfinity/Documents/robotica_2_2024/vision_ws/install/custom_msgs/include/custom_msgs/custom_msgs/msg/rosidl_generator_c__visibility_control.h
[2.756s] -- Installing: /home/hinfinity/Documents/robotica_2_2024/vision_ws/install/custom_msgs/include/custom_msgs/custom_msgs/msg/detail
[2.756s] -- Installing: /home/hinfinity/Documents/robotica_2_2024/vision_ws/install/custom_msgs/include/custom_msgs/custom_msgs/msg/detail/box__struct.h
[2.756s] -- Installing: /home/hinfinity/Documents/robotica_2_2024/vision_ws/install/custom_msgs/include/custom_msgs/custom_msgs/msg/detail/corner__functions.h
[2.756s] -- Installing: /home/hinfinity/Documents/robotica_2_2024/vision_ws/install/custom_msgs/include/custom_msgs/custom_msgs/msg/detail/corner__struct.h
[2.756s] -- Installing: /home/hinfinity/Documents/robotica_2_2024/vision_ws/install/custom_msgs/include/custom_msgs/custom_msgs/msg/detail/box__functions.h
[2.757s] -- Installing: /home/hinfinity/Documents/robotica_2_2024/vision_ws/install/custom_msgs/include/custom_msgs/custom_msgs/msg/detail/corner__functions.c
[2.757s] -- Installing: /home/hinfinity/Documents/robotica_2_2024/vision_ws/install/custom_msgs/include/custom_msgs/custom_msgs/msg/detail/box__functions.c
[2.757s] -- Installing: /home/hinfinity/Documents/robotica_2_2024/vision_ws/install/custom_msgs/include/custom_msgs/custom_msgs/msg/detail/corner__type_support.h
[2.757s] -- Installing: /home/hinfinity/Documents/robotica_2_2024/vision_ws/install/custom_msgs/include/custom_msgs/custom_msgs/msg/detail/box__type_support.h
[2.757s] -- Installing: /home/hinfinity/Documents/robotica_2_2024/vision_ws/install/custom_msgs/include/custom_msgs/custom_msgs/msg/box.h
[2.757s] -- Installing: /home/hinfinity/Documents/robotica_2_2024/vision_ws/install/custom_msgs/include/custom_msgs/custom_msgs/msg/corner.h
[2.757s] -- Installing: /home/hinfinity/Documents/robotica_2_2024/vision_ws/install/custom_msgs/share/custom_msgs/environment/library_path.sh
[2.758s] -- Installing: /home/hinfinity/Documents/robotica_2_2024/vision_ws/install/custom_msgs/share/custom_msgs/environment/library_path.dsv
[2.758s] -- Installing: /home/hinfinity/Documents/robotica_2_2024/vision_ws/install/custom_msgs/lib/libcustom_msgs__rosidl_generator_c.so
[2.758s] -- Set runtime path of "/home/hinfinity/Documents/robotica_2_2024/vision_ws/install/custom_msgs/lib/libcustom_msgs__rosidl_generator_c.so" to ""
[2.758s] -- Up-to-date: /home/hinfinity/Documents/robotica_2_2024/vision_ws/install/custom_msgs/include/custom_msgs/custom_msgs
[2.758s] -- Up-to-date: /home/hinfinity/Documents/robotica_2_2024/vision_ws/install/custom_msgs/include/custom_msgs/custom_msgs/msg
[2.759s] -- Up-to-date: /home/hinfinity/Documents/robotica_2_2024/vision_ws/install/custom_msgs/include/custom_msgs/custom_msgs/msg/detail
[2.759s] -- Installing: /home/hinfinity/Documents/robotica_2_2024/vision_ws/install/custom_msgs/include/custom_msgs/custom_msgs/msg/detail/corner__rosidl_typesupport_fastrtps_c.h
[2.759s] -- Installing: /home/hinfinity/Documents/robotica_2_2024/vision_ws/install/custom_msgs/include/custom_msgs/custom_msgs/msg/detail/box__rosidl_typesupport_fastrtps_c.h
[2.759s] -- Installing: /home/hinfinity/Documents/robotica_2_2024/vision_ws/install/custom_msgs/include/custom_msgs/custom_msgs/msg/rosidl_typesupport_fastrtps_c__visibility_control.h
[2.759s] -- Installing: /home/hinfinity/Documents/robotica_2_2024/vision_ws/install/custom_msgs/lib/libcustom_msgs__rosidl_typesupport_fastrtps_c.so
[2.759s] -- Set runtime path of "/home/hinfinity/Documents/robotica_2_2024/vision_ws/install/custom_msgs/lib/libcustom_msgs__rosidl_typesupport_fastrtps_c.so" to ""
[2.759s] -- Up-to-date: /home/hinfinity/Documents/robotica_2_2024/vision_ws/install/custom_msgs/include/custom_msgs/custom_msgs
[2.759s] -- Up-to-date: /home/hinfinity/Documents/robotica_2_2024/vision_ws/install/custom_msgs/include/custom_msgs/custom_msgs/msg
[2.760s] -- Up-to-date: /home/hinfinity/Documents/robotica_2_2024/vision_ws/install/custom_msgs/include/custom_msgs/custom_msgs/msg/detail
[2.760s] -- Installing: /home/hinfinity/Documents/robotica_2_2024/vision_ws/install/custom_msgs/include/custom_msgs/custom_msgs/msg/detail/box__rosidl_typesupport_introspection_c.h
[2.760s] -- Installing: /home/hinfinity/Documents/robotica_2_2024/vision_ws/install/custom_msgs/include/custom_msgs/custom_msgs/msg/detail/corner__type_support.c
[2.760s] -- Installing: /home/hinfinity/Documents/robotica_2_2024/vision_ws/install/custom_msgs/include/custom_msgs/custom_msgs/msg/detail/box__type_support.c
[2.760s] -- Installing: /home/hinfinity/Documents/robotica_2_2024/vision_ws/install/custom_msgs/include/custom_msgs/custom_msgs/msg/detail/corner__rosidl_typesupport_introspection_c.h
[2.760s] -- Installing: /home/hinfinity/Documents/robotica_2_2024/vision_ws/install/custom_msgs/include/custom_msgs/custom_msgs/msg/rosidl_typesupport_introspection_c__visibility_control.h
[2.760s] -- Installing: /home/hinfinity/Documents/robotica_2_2024/vision_ws/install/custom_msgs/lib/libcustom_msgs__rosidl_typesupport_introspection_c.so
[2.760s] -- Set runtime path of "/home/hinfinity/Documents/robotica_2_2024/vision_ws/install/custom_msgs/lib/libcustom_msgs__rosidl_typesupport_introspection_c.so" to ""
[2.761s] -- Installing: /home/hinfinity/Documents/robotica_2_2024/vision_ws/install/custom_msgs/lib/libcustom_msgs__rosidl_typesupport_c.so
[2.761s] -- Set runtime path of "/home/hinfinity/Documents/robotica_2_2024/vision_ws/install/custom_msgs/lib/libcustom_msgs__rosidl_typesupport_c.so" to ""
[2.761s] -- Up-to-date: /home/hinfinity/Documents/robotica_2_2024/vision_ws/install/custom_msgs/include/custom_msgs/custom_msgs
[2.761s] -- Up-to-date: /home/hinfinity/Documents/robotica_2_2024/vision_ws/install/custom_msgs/include/custom_msgs/custom_msgs/msg
[2.761s] -- Up-to-date: /home/hinfinity/Documents/robotica_2_2024/vision_ws/install/custom_msgs/include/custom_msgs/custom_msgs/msg/detail
[2.761s] -- Installing: /home/hinfinity/Documents/robotica_2_2024/vision_ws/install/custom_msgs/include/custom_msgs/custom_msgs/msg/detail/box__builder.hpp
[2.762s] -- Installing: /home/hinfinity/Documents/robotica_2_2024/vision_ws/install/custom_msgs/include/custom_msgs/custom_msgs/msg/detail/box__struct.hpp
[2.762s] -- Installing: /home/hinfinity/Documents/robotica_2_2024/vision_ws/install/custom_msgs/include/custom_msgs/custom_msgs/msg/detail/corner__traits.hpp
[2.762s] -- Installing: /home/hinfinity/Documents/robotica_2_2024/vision_ws/install/custom_msgs/include/custom_msgs/custom_msgs/msg/detail/corner__struct.hpp
[2.762s] -- Installing: /home/hinfinity/Documents/robotica_2_2024/vision_ws/install/custom_msgs/include/custom_msgs/custom_msgs/msg/detail/corner__builder.hpp
[2.762s] -- Installing: /home/hinfinity/Documents/robotica_2_2024/vision_ws/install/custom_msgs/include/custom_msgs/custom_msgs/msg/detail/box__traits.hpp
[2.762s] -- Installing: /home/hinfinity/Documents/robotica_2_2024/vision_ws/install/custom_msgs/include/custom_msgs/custom_msgs/msg/box.hpp
[2.762s] -- Installing: /home/hinfinity/Documents/robotica_2_2024/vision_ws/install/custom_msgs/include/custom_msgs/custom_msgs/msg/corner.hpp
[2.762s] -- Up-to-date: /home/hinfinity/Documents/robotica_2_2024/vision_ws/install/custom_msgs/include/custom_msgs/custom_msgs
[2.762s] -- Up-to-date: /home/hinfinity/Documents/robotica_2_2024/vision_ws/install/custom_msgs/include/custom_msgs/custom_msgs/msg
[2.763s] -- Up-to-date: /home/hinfinity/Documents/robotica_2_2024/vision_ws/install/custom_msgs/include/custom_msgs/custom_msgs/msg/detail
[2.763s] -- Installing: /home/hinfinity/Documents/robotica_2_2024/vision_ws/install/custom_msgs/include/custom_msgs/custom_msgs/msg/detail/dds_fastrtps
[2.763s] -- Installing: /home/hinfinity/Documents/robotica_2_2024/vision_ws/install/custom_msgs/include/custom_msgs/custom_msgs/msg/detail/corner__rosidl_typesupport_fastrtps_cpp.hpp
[2.763s] -- Installing: /home/hinfinity/Documents/robotica_2_2024/vision_ws/install/custom_msgs/include/custom_msgs/custom_msgs/msg/detail/box__rosidl_typesupport_fastrtps_cpp.hpp
[2.763s] -- Installing: /home/hinfinity/Documents/robotica_2_2024/vision_ws/install/custom_msgs/include/custom_msgs/custom_msgs/msg/rosidl_typesupport_fastrtps_cpp__visibility_control.h
[2.763s] -- Installing: /home/hinfinity/Documents/robotica_2_2024/vision_ws/install/custom_msgs/lib/libcustom_msgs__rosidl_typesupport_fastrtps_cpp.so
[2.763s] -- Set runtime path of "/home/hinfinity/Documents/robotica_2_2024/vision_ws/install/custom_msgs/lib/libcustom_msgs__rosidl_typesupport_fastrtps_cpp.so" to ""
[2.763s] -- Up-to-date: /home/hinfinity/Documents/robotica_2_2024/vision_ws/install/custom_msgs/include/custom_msgs/custom_msgs
[2.764s] -- Up-to-date: /home/hinfinity/Documents/robotica_2_2024/vision_ws/install/custom_msgs/include/custom_msgs/custom_msgs/msg
[2.764s] -- Up-to-date: /home/hinfinity/Documents/robotica_2_2024/vision_ws/install/custom_msgs/include/custom_msgs/custom_msgs/msg/detail
[2.764s] -- Installing: /home/hinfinity/Documents/robotica_2_2024/vision_ws/install/custom_msgs/include/custom_msgs/custom_msgs/msg/detail/corner__rosidl_typesupport_introspection_cpp.hpp
[2.764s] -- Installing: /home/hinfinity/Documents/robotica_2_2024/vision_ws/install/custom_msgs/include/custom_msgs/custom_msgs/msg/detail/corner__type_support.cpp
[2.764s] -- Installing: /home/hinfinity/Documents/robotica_2_2024/vision_ws/install/custom_msgs/include/custom_msgs/custom_msgs/msg/detail/box__rosidl_typesupport_introspection_cpp.hpp
[2.764s] -- Installing: /home/hinfinity/Documents/robotica_2_2024/vision_ws/install/custom_msgs/include/custom_msgs/custom_msgs/msg/detail/box__type_support.cpp
[2.764s] -- Installing: /home/hinfinity/Documents/robotica_2_2024/vision_ws/install/custom_msgs/lib/libcustom_msgs__rosidl_typesupport_introspection_cpp.so
[2.764s] -- Set runtime path of "/home/hinfinity/Documents/robotica_2_2024/vision_ws/install/custom_msgs/lib/libcustom_msgs__rosidl_typesupport_introspection_cpp.so" to ""
[2.764s] -- Installing: /home/hinfinity/Documents/robotica_2_2024/vision_ws/install/custom_msgs/lib/libcustom_msgs__rosidl_typesupport_cpp.so
[2.765s] -- Set runtime path of "/home/hinfinity/Documents/robotica_2_2024/vision_ws/install/custom_msgs/lib/libcustom_msgs__rosidl_typesupport_cpp.so" to ""
[2.765s] -- Installing: /home/hinfinity/Documents/robotica_2_2024/vision_ws/install/custom_msgs/share/custom_msgs/environment/pythonpath.sh
[2.765s] -- Installing: /home/hinfinity/Documents/robotica_2_2024/vision_ws/install/custom_msgs/share/custom_msgs/environment/pythonpath.dsv
[2.765s] -- Installing: /home/hinfinity/Documents/robotica_2_2024/vision_ws/install/custom_msgs/local/lib/python3.10/dist-packages/custom_msgs-0.0.0-py3.10.egg-info
[2.765s] -- Installing: /home/hinfinity/Documents/robotica_2_2024/vision_ws/install/custom_msgs/local/lib/python3.10/dist-packages/custom_msgs-0.0.0-py3.10.egg-info/top_level.txt
[2.765s] -- Installing: /home/hinfinity/Documents/robotica_2_2024/vision_ws/install/custom_msgs/local/lib/python3.10/dist-packages/custom_msgs-0.0.0-py3.10.egg-info/dependency_links.txt
[2.766s] -- Installing: /home/hinfinity/Documents/robotica_2_2024/vision_ws/install/custom_msgs/local/lib/python3.10/dist-packages/custom_msgs-0.0.0-py3.10.egg-info/SOURCES.txt
[2.766s] -- Installing: /home/hinfinity/Documents/robotica_2_2024/vision_ws/install/custom_msgs/local/lib/python3.10/dist-packages/custom_msgs-0.0.0-py3.10.egg-info/PKG-INFO
[2.766s] -- Installing: /home/hinfinity/Documents/robotica_2_2024/vision_ws/install/custom_msgs/local/lib/python3.10/dist-packages/custom_msgs
[2.766s] -- Installing: /home/hinfinity/Documents/robotica_2_2024/vision_ws/install/custom_msgs/local/lib/python3.10/dist-packages/custom_msgs/custom_msgs_s__rosidl_typesupport_introspection_c.cpython-310-x86_64-linux-gnu.so
[2.766s] -- Installing: /home/hinfinity/Documents/robotica_2_2024/vision_ws/install/custom_msgs/local/lib/python3.10/dist-packages/custom_msgs/_custom_msgs_s.ep.rosidl_typesupport_c.c
[2.766s] -- Installing: /home/hinfinity/Documents/robotica_2_2024/vision_ws/install/custom_msgs/local/lib/python3.10/dist-packages/custom_msgs/_custom_msgs_s.ep.rosidl_typesupport_introspection_c.c
[2.766s] -- Installing: /home/hinfinity/Documents/robotica_2_2024/vision_ws/install/custom_msgs/local/lib/python3.10/dist-packages/custom_msgs/custom_msgs_s__rosidl_typesupport_fastrtps_c.cpython-310-x86_64-linux-gnu.so
[2.766s] -- Installing: /home/hinfinity/Documents/robotica_2_2024/vision_ws/install/custom_msgs/local/lib/python3.10/dist-packages/custom_msgs/__init__.py
[2.767s] -- Installing: /home/hinfinity/Documents/robotica_2_2024/vision_ws/install/custom_msgs/local/lib/python3.10/dist-packages/custom_msgs/libcustom_msgs__rosidl_generator_py.so
[2.767s] -- Installing: /home/hinfinity/Documents/robotica_2_2024/vision_ws/install/custom_msgs/local/lib/python3.10/dist-packages/custom_msgs/_custom_msgs_s.ep.rosidl_typesupport_fastrtps_c.c
[2.767s] -- Installing: /home/hinfinity/Documents/robotica_2_2024/vision_ws/install/custom_msgs/local/lib/python3.10/dist-packages/custom_msgs/custom_msgs_s__rosidl_typesupport_c.cpython-310-x86_64-linux-gnu.so
[2.767s] -- Installing: /home/hinfinity/Documents/robotica_2_2024/vision_ws/install/custom_msgs/local/lib/python3.10/dist-packages/custom_msgs/msg
[2.767s] -- Installing: /home/hinfinity/Documents/robotica_2_2024/vision_ws/install/custom_msgs/local/lib/python3.10/dist-packages/custom_msgs/msg/_box_s.c
[2.767s] -- Installing: /home/hinfinity/Documents/robotica_2_2024/vision_ws/install/custom_msgs/local/lib/python3.10/dist-packages/custom_msgs/msg/_corner_s.c
[2.767s] -- Installing: /home/hinfinity/Documents/robotica_2_2024/vision_ws/install/custom_msgs/local/lib/python3.10/dist-packages/custom_msgs/msg/_corner.py
[2.767s] -- Installing: /home/hinfinity/Documents/robotica_2_2024/vision_ws/install/custom_msgs/local/lib/python3.10/dist-packages/custom_msgs/msg/__init__.py
[2.768s] -- Installing: /home/hinfinity/Documents/robotica_2_2024/vision_ws/install/custom_msgs/local/lib/python3.10/dist-packages/custom_msgs/msg/_box.py
[2.795s] Listing '/home/hinfinity/Documents/robotica_2_2024/vision_ws/install/custom_msgs/local/lib/python3.10/dist-packages/custom_msgs'...
[2.795s] Compiling '/home/hinfinity/Documents/robotica_2_2024/vision_ws/install/custom_msgs/local/lib/python3.10/dist-packages/custom_msgs/__init__.py'...
[2.795s] Listing '/home/hinfinity/Documents/robotica_2_2024/vision_ws/install/custom_msgs/local/lib/python3.10/dist-packages/custom_msgs/msg'...
[2.795s] Compiling '/home/hinfinity/Documents/robotica_2_2024/vision_ws/install/custom_msgs/local/lib/python3.10/dist-packages/custom_msgs/msg/__init__.py'...
[2.795s] Compiling '/home/hinfinity/Documents/robotica_2_2024/vision_ws/install/custom_msgs/local/lib/python3.10/dist-packages/custom_msgs/msg/_box.py'...
[2.795s] Compiling '/home/hinfinity/Documents/robotica_2_2024/vision_ws/install/custom_msgs/local/lib/python3.10/dist-packages/custom_msgs/msg/_corner.py'...
[2.799s] -- Installing: /home/hinfinity/Documents/robotica_2_2024/vision_ws/install/custom_msgs/local/lib/python3.10/dist-packages/custom_msgs/custom_msgs_s__rosidl_typesupport_fastrtps_c.cpython-310-x86_64-linux-gnu.so
[2.799s] -- Set runtime path of "/home/hinfinity/Documents/robotica_2_2024/vision_ws/install/custom_msgs/local/lib/python3.10/dist-packages/custom_msgs/custom_msgs_s__rosidl_typesupport_fastrtps_c.cpython-310-x86_64-linux-gnu.so" to ""
[2.799s] -- Installing: /home/hinfinity/Documents/robotica_2_2024/vision_ws/install/custom_msgs/local/lib/python3.10/dist-packages/custom_msgs/custom_msgs_s__rosidl_typesupport_introspection_c.cpython-310-x86_64-linux-gnu.so
[2.799s] -- Set runtime path of "/home/hinfinity/Documents/robotica_2_2024/vision_ws/install/custom_msgs/local/lib/python3.10/dist-packages/custom_msgs/custom_msgs_s__rosidl_typesupport_introspection_c.cpython-310-x86_64-linux-gnu.so" to ""
[2.799s] -- Installing: /home/hinfinity/Documents/robotica_2_2024/vision_ws/install/custom_msgs/local/lib/python3.10/dist-packages/custom_msgs/custom_msgs_s__rosidl_typesupport_c.cpython-310-x86_64-linux-gnu.so
[2.800s] -- Set runtime path of "/home/hinfinity/Documents/robotica_2_2024/vision_ws/install/custom_msgs/local/lib/python3.10/dist-packages/custom_msgs/custom_msgs_s__rosidl_typesupport_c.cpython-310-x86_64-linux-gnu.so" to ""
[2.800s] -- Installing: /home/hinfinity/Documents/robotica_2_2024/vision_ws/install/custom_msgs/lib/libcustom_msgs__rosidl_generator_py.so
[2.800s] -- Set runtime path of "/home/hinfinity/Documents/robotica_2_2024/vision_ws/install/custom_msgs/lib/libcustom_msgs__rosidl_generator_py.so" to ""
[2.800s] -- Installing: /home/hinfinity/Documents/robotica_2_2024/vision_ws/install/custom_msgs/share/custom_msgs/msg/Corner.idl
[2.800s] -- Installing: /home/hinfinity/Documents/robotica_2_2024/vision_ws/install/custom_msgs/share/custom_msgs/msg/Box.idl
[2.800s] -- Installing: /home/hinfinity/Documents/robotica_2_2024/vision_ws/install/custom_msgs/share/custom_msgs/msg/Corner.msg
[2.801s] -- Installing: /home/hinfinity/Documents/robotica_2_2024/vision_ws/install/custom_msgs/share/custom_msgs/msg/Box.msg
[2.801s] -- Installing: /home/hinfinity/Documents/robotica_2_2024/vision_ws/install/custom_msgs/share/ament_index/resource_index/package_run_dependencies/custom_msgs
[2.801s] -- Installing: /home/hinfinity/Documents/robotica_2_2024/vision_ws/install/custom_msgs/share/ament_index/resource_index/parent_prefix_path/custom_msgs
[2.801s] -- Installing: /home/hinfinity/Documents/robotica_2_2024/vision_ws/install/custom_msgs/share/custom_msgs/environment/ament_prefix_path.sh
[2.801s] -- Installing: /home/hinfinity/Documents/robotica_2_2024/vision_ws/install/custom_msgs/share/custom_msgs/environment/ament_prefix_path.dsv
[2.801s] -- Installing: /home/hinfinity/Documents/robotica_2_2024/vision_ws/install/custom_msgs/share/custom_msgs/environment/path.sh
[2.802s] -- Installing: /home/hinfinity/Documents/robotica_2_2024/vision_ws/install/custom_msgs/share/custom_msgs/environment/path.dsv
[2.802s] -- Installing: /home/hinfinity/Documents/robotica_2_2024/vision_ws/install/custom_msgs/share/custom_msgs/local_setup.bash
[2.802s] -- Installing: /home/hinfinity/Documents/robotica_2_2024/vision_ws/install/custom_msgs/share/custom_msgs/local_setup.sh
[2.802s] -- Installing: /home/hinfinity/Documents/robotica_2_2024/vision_ws/install/custom_msgs/share/custom_msgs/local_setup.zsh
[2.802s] -- Installing: /home/hinfinity/Documents/robotica_2_2024/vision_ws/install/custom_msgs/share/custom_msgs/local_setup.dsv
[2.802s] -- Installing: /home/hinfinity/Documents/robotica_2_2024/vision_ws/install/custom_msgs/share/custom_msgs/package.dsv
[2.802s] -- Installing: /home/hinfinity/Documents/robotica_2_2024/vision_ws/install/custom_msgs/share/ament_index/resource_index/packages/custom_msgs
[2.803s] -- Installing: /home/hinfinity/Documents/robotica_2_2024/vision_ws/install/custom_msgs/share/custom_msgs/cmake/export_custom_msgs__rosidl_generator_cExport.cmake
[2.803s] -- Installing: /home/hinfinity/Documents/robotica_2_2024/vision_ws/install/custom_msgs/share/custom_msgs/cmake/export_custom_msgs__rosidl_generator_cExport-noconfig.cmake
[2.803s] -- Installing: /home/hinfinity/Documents/robotica_2_2024/vision_ws/install/custom_msgs/share/custom_msgs/cmake/export_custom_msgs__rosidl_typesupport_fastrtps_cExport.cmake
[2.803s] -- Installing: /home/hinfinity/Documents/robotica_2_2024/vision_ws/install/custom_msgs/share/custom_msgs/cmake/export_custom_msgs__rosidl_typesupport_fastrtps_cExport-noconfig.cmake
[2.803s] -- Installing: /home/hinfinity/Documents/robotica_2_2024/vision_ws/install/custom_msgs/share/custom_msgs/cmake/custom_msgs__rosidl_typesupport_introspection_cExport.cmake
[2.803s] -- Installing: /home/hinfinity/Documents/robotica_2_2024/vision_ws/install/custom_msgs/share/custom_msgs/cmake/custom_msgs__rosidl_typesupport_introspection_cExport-noconfig.cmake
[2.804s] -- Installing: /home/hinfinity/Documents/robotica_2_2024/vision_ws/install/custom_msgs/share/custom_msgs/cmake/custom_msgs__rosidl_typesupport_cExport.cmake
[2.804s] -- Installing: /home/hinfinity/Documents/robotica_2_2024/vision_ws/install/custom_msgs/share/custom_msgs/cmake/custom_msgs__rosidl_typesupport_cExport-noconfig.cmake
[2.804s] -- Installing: /home/hinfinity/Documents/robotica_2_2024/vision_ws/install/custom_msgs/share/custom_msgs/cmake/export_custom_msgs__rosidl_generator_cppExport.cmake
[2.804s] -- Installing: /home/hinfinity/Documents/robotica_2_2024/vision_ws/install/custom_msgs/share/custom_msgs/cmake/export_custom_msgs__rosidl_typesupport_fastrtps_cppExport.cmake
[2.804s] -- Installing: /home/hinfinity/Documents/robotica_2_2024/vision_ws/install/custom_msgs/share/custom_msgs/cmake/export_custom_msgs__rosidl_typesupport_fastrtps_cppExport-noconfig.cmake
[2.804s] -- Installing: /home/hinfinity/Documents/robotica_2_2024/vision_ws/install/custom_msgs/share/custom_msgs/cmake/custom_msgs__rosidl_typesupport_introspection_cppExport.cmake
[2.805s] -- Installing: /home/hinfinity/Documents/robotica_2_2024/vision_ws/install/custom_msgs/share/custom_msgs/cmake/custom_msgs__rosidl_typesupport_introspection_cppExport-noconfig.cmake
[2.805s] -- Installing: /home/hinfinity/Documents/robotica_2_2024/vision_ws/install/custom_msgs/share/custom_msgs/cmake/custom_msgs__rosidl_typesupport_cppExport.cmake
[2.805s] -- Installing: /home/hinfinity/Documents/robotica_2_2024/vision_ws/install/custom_msgs/share/custom_msgs/cmake/custom_msgs__rosidl_typesupport_cppExport-noconfig.cmake
[2.805s] -- Installing: /home/hinfinity/Documents/robotica_2_2024/vision_ws/install/custom_msgs/share/custom_msgs/cmake/export_custom_msgs__rosidl_generator_pyExport.cmake
[2.805s] -- Installing: /home/hinfinity/Documents/robotica_2_2024/vision_ws/install/custom_msgs/share/custom_msgs/cmake/export_custom_msgs__rosidl_generator_pyExport-noconfig.cmake
[2.805s] -- Installing: /home/hinfinity/Documents/robotica_2_2024/vision_ws/install/custom_msgs/share/custom_msgs/cmake/rosidl_cmake-extras.cmake
[2.805s] -- Installing: /home/hinfinity/Documents/robotica_2_2024/vision_ws/install/custom_msgs/share/custom_msgs/cmake/ament_cmake_export_include_directories-extras.cmake
[2.806s] -- Installing: /home/hinfinity/Documents/robotica_2_2024/vision_ws/install/custom_msgs/share/custom_msgs/cmake/ament_cmake_export_libraries-extras.cmake
[2.806s] -- Installing: /home/hinfinity/Documents/robotica_2_2024/vision_ws/install/custom_msgs/share/custom_msgs/cmake/ament_cmake_export_targets-extras.cmake
[2.806s] -- Installing: /home/hinfinity/Documents/robotica_2_2024/vision_ws/install/custom_msgs/share/custom_msgs/cmake/rosidl_cmake_export_typesupport_targets-extras.cmake
[2.806s] -- Installing: /home/hinfinity/Documents/robotica_2_2024/vision_ws/install/custom_msgs/share/custom_msgs/cmake/ament_cmake_export_dependencies-extras.cmake
[2.806s] -- Installing: /home/hinfinity/Documents/robotica_2_2024/vision_ws/install/custom_msgs/share/custom_msgs/cmake/rosidl_cmake_export_typesupport_libraries-extras.cmake
[2.806s] -- Installing: /home/hinfinity/Documents/robotica_2_2024/vision_ws/install/custom_msgs/share/custom_msgs/cmake/custom_msgsConfig.cmake
[2.807s] -- Installing: /home/hinfinity/Documents/robotica_2_2024/vision_ws/install/custom_msgs/share/custom_msgs/cmake/custom_msgsConfig-version.cmake
[2.807s] -- Installing: /home/hinfinity/Documents/robotica_2_2024/vision_ws/install/custom_msgs/share/custom_msgs/package.xml
[2.808s] Invoked command in '/home/hinfinity/Documents/robotica_2_2024/vision_ws/build/custom_msgs' returned '0': CMAKE_PREFIX_PATH=/home/hinfinity/Documents/robotica_2_2024/vision_ws/install/camera_vision:/opt/ros/humble /usr/bin/cmake --install /home/hinfinity/Documents/robotica_2_2024/vision_ws/build/custom_msgs
