[0.263s] DEBUG:colcon:Command line arguments: ['/home/integralmilk03/.local/bin/colcon', 'build']
[0.263s] DEBUG:colcon:Parsed command line arguments: Namespace(log_base=None, log_level=None, verb_name='build', build_base='build', install_base='install', merge_install=False, symlink_install=False, test_result_base=None, continue_on_error=False, executor='parallel', parallel_workers=12, event_handlers=None, ignore_user_meta=False, metas=['./colcon.meta'], base_paths=['.'], packages_ignore=None, packages_ignore_regex=None, paths=None, packages_up_to=None, packages_up_to_regex=None, packages_above=None, packages_above_and_dependencies=None, packages_above_depth=None, packages_select_by_dep=None, packages_skip_by_dep=None, packages_skip_up_to=None, packages_select_build_failed=False, packages_skip_build_finished=False, packages_select_test_failures=False, packages_skip_test_passed=False, packages_select=None, packages_skip=None, packages_select_regex=None, packages_skip_regex=None, packages_start=None, packages_end=None, allow_overriding=[], cmake_args=None, cmake_target=None, cmake_target_skip_unavailable=False, cmake_clean_cache=False, cmake_clean_first=False, cmake_force_configure=False, ament_cmake_args=None, catkin_cmake_args=None, catkin_skip_building_tests=False, mixin_files=None, mixin=None, verb_parser=<colcon_mixin.mixin.mixin_argument.MixinArgumentDecorator object at 0x7eff50a2b910>, verb_extension=<colcon_core.verb.build.BuildVerb object at 0x7eff50a2b430>, main=<bound method BuildVerb.main of <colcon_core.verb.build.BuildVerb object at 0x7eff50a2b430>>, mixin_verb=('build',))
[0.359s] Level 1:colcon.colcon_core.package_discovery:discover_packages(colcon_meta) check parameters
[0.359s] Level 1:colcon.colcon_core.package_discovery:discover_packages(recursive) check parameters
[0.359s] Level 1:colcon.colcon_core.package_discovery:discover_packages(ignore) check parameters
[0.359s] Level 1:colcon.colcon_core.package_discovery:discover_packages(path) check parameters
[0.359s] Level 1:colcon.colcon_core.package_discovery:discover_packages(colcon_meta) discover
[0.359s] Level 1:colcon.colcon_core.package_discovery:discover_packages(recursive) discover
[0.359s] INFO:colcon.colcon_core.package_discovery:Crawling recursively for packages in '/home/integralmilk03/robotica_2_2024/examen2_ws'
[0.359s] Level 1:colcon.colcon_core.package_identification:_identify(.) by extensions ['ignore', 'ignore_ament_install']
[0.359s] Level 1:colcon.colcon_core.package_identification:_identify(.) by extension 'ignore'
[0.359s] Level 1:colcon.colcon_core.package_identification:_identify(.) by extension 'ignore_ament_install'
[0.359s] Level 1:colcon.colcon_core.package_identification:_identify(.) by extensions ['colcon_pkg']
[0.359s] Level 1:colcon.colcon_core.package_identification:_identify(.) by extension 'colcon_pkg'
[0.359s] Level 1:colcon.colcon_core.package_identification:_identify(.) by extensions ['colcon_meta']
[0.359s] Level 1:colcon.colcon_core.package_identification:_identify(.) by extension 'colcon_meta'
[0.359s] Level 1:colcon.colcon_core.package_identification:_identify(.) by extensions ['ros']
[0.359s] Level 1:colcon.colcon_core.package_identification:_identify(.) by extension 'ros'
[0.369s] Level 1:colcon.colcon_core.package_identification:_identify(.) by extensions ['cmake', 'python']
[0.369s] Level 1:colcon.colcon_core.package_identification:_identify(.) by extension 'cmake'
[0.369s] Level 1:colcon.colcon_core.package_identification:_identify(.) by extension 'python'
[0.369s] Level 1:colcon.colcon_core.package_identification:_identify(.) by extensions ['python_setup_py']
[0.369s] Level 1:colcon.colcon_core.package_identification:_identify(.) by extension 'python_setup_py'
[0.370s] Level 1:colcon.colcon_core.package_identification:_identify(build) by extensions ['ignore', 'ignore_ament_install']
[0.370s] Level 1:colcon.colcon_core.package_identification:_identify(build) by extension 'ignore'
[0.370s] Level 1:colcon.colcon_core.package_identification:_identify(build) ignored
[0.370s] Level 1:colcon.colcon_core.package_identification:_identify(install) by extensions ['ignore', 'ignore_ament_install']
[0.370s] Level 1:colcon.colcon_core.package_identification:_identify(install) by extension 'ignore'
[0.370s] Level 1:colcon.colcon_core.package_identification:_identify(install) ignored
[0.370s] Level 1:colcon.colcon_core.package_identification:_identify(log) by extensions ['ignore', 'ignore_ament_install']
[0.370s] Level 1:colcon.colcon_core.package_identification:_identify(log) by extension 'ignore'
[0.370s] Level 1:colcon.colcon_core.package_identification:_identify(log) ignored
[0.370s] Level 1:colcon.colcon_core.package_identification:_identify(src) by extensions ['ignore', 'ignore_ament_install']
[0.370s] Level 1:colcon.colcon_core.package_identification:_identify(src) by extension 'ignore'
[0.370s] Level 1:colcon.colcon_core.package_identification:_identify(src) by extension 'ignore_ament_install'
[0.370s] Level 1:colcon.colcon_core.package_identification:_identify(src) by extensions ['colcon_pkg']
[0.370s] Level 1:colcon.colcon_core.package_identification:_identify(src) by extension 'colcon_pkg'
[0.370s] Level 1:colcon.colcon_core.package_identification:_identify(src) by extensions ['colcon_meta']
[0.370s] Level 1:colcon.colcon_core.package_identification:_identify(src) by extension 'colcon_meta'
[0.371s] Level 1:colcon.colcon_core.package_identification:_identify(src) by extensions ['ros']
[0.371s] Level 1:colcon.colcon_core.package_identification:_identify(src) by extension 'ros'
[0.371s] Level 1:colcon.colcon_core.package_identification:_identify(src) by extensions ['cmake', 'python']
[0.371s] Level 1:colcon.colcon_core.package_identification:_identify(src) by extension 'cmake'
[0.371s] Level 1:colcon.colcon_core.package_identification:_identify(src) by extension 'python'
[0.371s] Level 1:colcon.colcon_core.package_identification:_identify(src) by extensions ['python_setup_py']
[0.371s] Level 1:colcon.colcon_core.package_identification:_identify(src) by extension 'python_setup_py'
[0.371s] Level 1:colcon.colcon_core.package_identification:_identify(src/custom_panda) by extensions ['ignore', 'ignore_ament_install']
[0.371s] Level 1:colcon.colcon_core.package_identification:_identify(src/custom_panda) by extension 'ignore'
[0.371s] Level 1:colcon.colcon_core.package_identification:_identify(src/custom_panda) by extension 'ignore_ament_install'
[0.371s] Level 1:colcon.colcon_core.package_identification:_identify(src/custom_panda) by extensions ['colcon_pkg']
[0.371s] Level 1:colcon.colcon_core.package_identification:_identify(src/custom_panda) by extension 'colcon_pkg'
[0.371s] Level 1:colcon.colcon_core.package_identification:_identify(src/custom_panda) by extensions ['colcon_meta']
[0.371s] Level 1:colcon.colcon_core.package_identification:_identify(src/custom_panda) by extension 'colcon_meta'
[0.371s] Level 1:colcon.colcon_core.package_identification:_identify(src/custom_panda) by extensions ['ros']
[0.371s] Level 1:colcon.colcon_core.package_identification:_identify(src/custom_panda) by extension 'ros'
[0.373s] DEBUG:colcon.colcon_core.package_identification:Package 'src/custom_panda' with type 'ros.ament_cmake' and name 'custom_panda'
[0.373s] Level 1:colcon.colcon_core.package_identification:_identify(src/ejercicio1) by extensions ['ignore', 'ignore_ament_install']
[0.373s] Level 1:colcon.colcon_core.package_identification:_identify(src/ejercicio1) by extension 'ignore'
[0.373s] Level 1:colcon.colcon_core.package_identification:_identify(src/ejercicio1) by extension 'ignore_ament_install'
[0.373s] Level 1:colcon.colcon_core.package_identification:_identify(src/ejercicio1) by extensions ['colcon_pkg']
[0.373s] Level 1:colcon.colcon_core.package_identification:_identify(src/ejercicio1) by extension 'colcon_pkg'
[0.373s] Level 1:colcon.colcon_core.package_identification:_identify(src/ejercicio1) by extensions ['colcon_meta']
[0.373s] Level 1:colcon.colcon_core.package_identification:_identify(src/ejercicio1) by extension 'colcon_meta'
[0.373s] Level 1:colcon.colcon_core.package_identification:_identify(src/ejercicio1) by extensions ['ros']
[0.373s] Level 1:colcon.colcon_core.package_identification:_identify(src/ejercicio1) by extension 'ros'
[0.374s] DEBUG:colcon.colcon_core.package_identification:Package 'src/ejercicio1' with type 'ros.ament_cmake' and name 'ejercicio1'
[0.374s] Level 1:colcon.colcon_core.package_identification:_identify(src/ejercicio2) by extensions ['ignore', 'ignore_ament_install']
[0.374s] Level 1:colcon.colcon_core.package_identification:_identify(src/ejercicio2) by extension 'ignore'
[0.374s] Level 1:colcon.colcon_core.package_identification:_identify(src/ejercicio2) by extension 'ignore_ament_install'
[0.374s] Level 1:colcon.colcon_core.package_identification:_identify(src/ejercicio2) by extensions ['colcon_pkg']
[0.374s] Level 1:colcon.colcon_core.package_identification:_identify(src/ejercicio2) by extension 'colcon_pkg'
[0.374s] Level 1:colcon.colcon_core.package_identification:_identify(src/ejercicio2) by extensions ['colcon_meta']
[0.374s] Level 1:colcon.colcon_core.package_identification:_identify(src/ejercicio2) by extension 'colcon_meta'
[0.374s] Level 1:colcon.colcon_core.package_identification:_identify(src/ejercicio2) by extensions ['ros']
[0.374s] Level 1:colcon.colcon_core.package_identification:_identify(src/ejercicio2) by extension 'ros'
[0.374s] DEBUG:colcon.colcon_core.package_identification:Package 'src/ejercicio2' with type 'ros.ament_cmake' and name 'ejercicio2'
[0.374s] Level 1:colcon.colcon_core.package_identification:_identify(src/ejercicio3) by extensions ['ignore', 'ignore_ament_install']
[0.374s] Level 1:colcon.colcon_core.package_identification:_identify(src/ejercicio3) by extension 'ignore'
[0.375s] Level 1:colcon.colcon_core.package_identification:_identify(src/ejercicio3) by extension 'ignore_ament_install'
[0.375s] Level 1:colcon.colcon_core.package_identification:_identify(src/ejercicio3) by extensions ['colcon_pkg']
[0.375s] Level 1:colcon.colcon_core.package_identification:_identify(src/ejercicio3) by extension 'colcon_pkg'
[0.375s] Level 1:colcon.colcon_core.package_identification:_identify(src/ejercicio3) by extensions ['colcon_meta']
[0.375s] Level 1:colcon.colcon_core.package_identification:_identify(src/ejercicio3) by extension 'colcon_meta'
[0.375s] Level 1:colcon.colcon_core.package_identification:_identify(src/ejercicio3) by extensions ['ros']
[0.375s] Level 1:colcon.colcon_core.package_identification:_identify(src/ejercicio3) by extension 'ros'
[0.375s] DEBUG:colcon.colcon_core.package_identification:Package 'src/ejercicio3' with type 'ros.ament_cmake' and name 'ejercicio3'
[0.375s] Level 1:colcon.colcon_core.package_identification:_identify(src/ejercicio4) by extensions ['ignore', 'ignore_ament_install']
[0.375s] Level 1:colcon.colcon_core.package_identification:_identify(src/ejercicio4) by extension 'ignore'
[0.375s] Level 1:colcon.colcon_core.package_identification:_identify(src/ejercicio4) by extension 'ignore_ament_install'
[0.375s] Level 1:colcon.colcon_core.package_identification:_identify(src/ejercicio4) by extensions ['colcon_pkg']
[0.375s] Level 1:colcon.colcon_core.package_identification:_identify(src/ejercicio4) by extension 'colcon_pkg'
[0.375s] Level 1:colcon.colcon_core.package_identification:_identify(src/ejercicio4) by extensions ['colcon_meta']
[0.375s] Level 1:colcon.colcon_core.package_identification:_identify(src/ejercicio4) by extension 'colcon_meta'
[0.375s] Level 1:colcon.colcon_core.package_identification:_identify(src/ejercicio4) by extensions ['ros']
[0.375s] Level 1:colcon.colcon_core.package_identification:_identify(src/ejercicio4) by extension 'ros'
[0.376s] DEBUG:colcon.colcon_core.package_identification:Package 'src/ejercicio4' with type 'ros.ament_python' and name 'ejercicio4'
[0.376s] Level 1:colcon.colcon_core.package_discovery:discover_packages(recursive) using defaults
[0.376s] Level 1:colcon.colcon_core.package_discovery:discover_packages(ignore) discover
[0.376s] Level 1:colcon.colcon_core.package_discovery:discover_packages(ignore) using defaults
[0.376s] Level 1:colcon.colcon_core.package_discovery:discover_packages(path) discover
[0.376s] Level 1:colcon.colcon_core.package_discovery:discover_packages(path) using defaults
[0.391s] Level 1:colcon.colcon_core.package_discovery:discover_packages(prefix_path) check parameters
[0.391s] Level 1:colcon.colcon_core.package_discovery:discover_packages(prefix_path) discover
[0.392s] DEBUG:colcon.colcon_installed_package_information.package_discovery:Found 5 installed packages in /home/integralmilk03/robotica_2_2024/examen2_ws/install
[0.393s] DEBUG:colcon.colcon_installed_package_information.package_discovery:Found 452 installed packages in /opt/ros/humble
[0.404s] Level 1:colcon.colcon_core.package_discovery:discover_packages(prefix_path) using defaults
[0.436s] Level 5:colcon.colcon_core.verb:set package 'custom_panda' build argument 'cmake_args' from command line to 'None'
[0.436s] Level 5:colcon.colcon_core.verb:set package 'custom_panda' build argument 'cmake_target' from command line to 'None'
[0.436s] Level 5:colcon.colcon_core.verb:set package 'custom_panda' build argument 'cmake_target_skip_unavailable' from command line to 'False'
[0.436s] Level 5:colcon.colcon_core.verb:set package 'custom_panda' build argument 'cmake_clean_cache' from command line to 'False'
[0.436s] Level 5:colcon.colcon_core.verb:set package 'custom_panda' build argument 'cmake_clean_first' from command line to 'False'
[0.436s] Level 5:colcon.colcon_core.verb:set package 'custom_panda' build argument 'cmake_force_configure' from command line to 'False'
[0.436s] Level 5:colcon.colcon_core.verb:set package 'custom_panda' build argument 'ament_cmake_args' from command line to 'None'
[0.436s] Level 5:colcon.colcon_core.verb:set package 'custom_panda' build argument 'catkin_cmake_args' from command line to 'None'
[0.436s] Level 5:colcon.colcon_core.verb:set package 'custom_panda' build argument 'catkin_skip_building_tests' from command line to 'False'
[0.436s] DEBUG:colcon.colcon_core.verb:Building package 'custom_panda' with the following arguments: {'ament_cmake_args': None, 'build_base': '/home/integralmilk03/robotica_2_2024/examen2_ws/build/custom_panda', 'catkin_cmake_args': None, 'catkin_skip_building_tests': False, 'cmake_args': None, 'cmake_clean_cache': False, 'cmake_clean_first': False, 'cmake_force_configure': False, 'cmake_target': None, 'cmake_target_skip_unavailable': False, 'install_base': '/home/integralmilk03/robotica_2_2024/examen2_ws/install/custom_panda', 'merge_install': False, 'path': '/home/integralmilk03/robotica_2_2024/examen2_ws/src/custom_panda', 'symlink_install': False, 'test_result_base': None}
[0.436s] Level 5:colcon.colcon_core.verb:set package 'ejercicio1' build argument 'cmake_args' from command line to 'None'
[0.436s] Level 5:colcon.colcon_core.verb:set package 'ejercicio1' build argument 'cmake_target' from command line to 'None'
[0.436s] Level 5:colcon.colcon_core.verb:set package 'ejercicio1' build argument 'cmake_target_skip_unavailable' from command line to 'False'
[0.436s] Level 5:colcon.colcon_core.verb:set package 'ejercicio1' build argument 'cmake_clean_cache' from command line to 'False'
[0.436s] Level 5:colcon.colcon_core.verb:set package 'ejercicio1' build argument 'cmake_clean_first' from command line to 'False'
[0.436s] Level 5:colcon.colcon_core.verb:set package 'ejercicio1' build argument 'cmake_force_configure' from command line to 'False'
[0.436s] Level 5:colcon.colcon_core.verb:set package 'ejercicio1' build argument 'ament_cmake_args' from command line to 'None'
[0.436s] Level 5:colcon.colcon_core.verb:set package 'ejercicio1' build argument 'catkin_cmake_args' from command line to 'None'
[0.436s] Level 5:colcon.colcon_core.verb:set package 'ejercicio1' build argument 'catkin_skip_building_tests' from command line to 'False'
[0.436s] DEBUG:colcon.colcon_core.verb:Building package 'ejercicio1' with the following arguments: {'ament_cmake_args': None, 'build_base': '/home/integralmilk03/robotica_2_2024/examen2_ws/build/ejercicio1', 'catkin_cmake_args': None, 'catkin_skip_building_tests': False, 'cmake_args': None, 'cmake_clean_cache': False, 'cmake_clean_first': False, 'cmake_force_configure': False, 'cmake_target': None, 'cmake_target_skip_unavailable': False, 'install_base': '/home/integralmilk03/robotica_2_2024/examen2_ws/install/ejercicio1', 'merge_install': False, 'path': '/home/integralmilk03/robotica_2_2024/examen2_ws/src/ejercicio1', 'symlink_install': False, 'test_result_base': None}
[0.436s] Level 5:colcon.colcon_core.verb:set package 'ejercicio2' build argument 'cmake_args' from command line to 'None'
[0.436s] Level 5:colcon.colcon_core.verb:set package 'ejercicio2' build argument 'cmake_target' from command line to 'None'
[0.436s] Level 5:colcon.colcon_core.verb:set package 'ejercicio2' build argument 'cmake_target_skip_unavailable' from command line to 'False'
[0.436s] Level 5:colcon.colcon_core.verb:set package 'ejercicio2' build argument 'cmake_clean_cache' from command line to 'False'
[0.436s] Level 5:colcon.colcon_core.verb:set package 'ejercicio2' build argument 'cmake_clean_first' from command line to 'False'
[0.436s] Level 5:colcon.colcon_core.verb:set package 'ejercicio2' build argument 'cmake_force_configure' from command line to 'False'
[0.436s] Level 5:colcon.colcon_core.verb:set package 'ejercicio2' build argument 'ament_cmake_args' from command line to 'None'
[0.436s] Level 5:colcon.colcon_core.verb:set package 'ejercicio2' build argument 'catkin_cmake_args' from command line to 'None'
[0.436s] Level 5:colcon.colcon_core.verb:set package 'ejercicio2' build argument 'catkin_skip_building_tests' from command line to 'False'
[0.436s] DEBUG:colcon.colcon_core.verb:Building package 'ejercicio2' with the following arguments: {'ament_cmake_args': None, 'build_base': '/home/integralmilk03/robotica_2_2024/examen2_ws/build/ejercicio2', 'catkin_cmake_args': None, 'catkin_skip_building_tests': False, 'cmake_args': None, 'cmake_clean_cache': False, 'cmake_clean_first': False, 'cmake_force_configure': False, 'cmake_target': None, 'cmake_target_skip_unavailable': False, 'install_base': '/home/integralmilk03/robotica_2_2024/examen2_ws/install/ejercicio2', 'merge_install': False, 'path': '/home/integralmilk03/robotica_2_2024/examen2_ws/src/ejercicio2', 'symlink_install': False, 'test_result_base': None}
[0.437s] Level 5:colcon.colcon_core.verb:set package 'ejercicio3' build argument 'cmake_args' from command line to 'None'
[0.437s] Level 5:colcon.colcon_core.verb:set package 'ejercicio3' build argument 'cmake_target' from command line to 'None'
[0.437s] Level 5:colcon.colcon_core.verb:set package 'ejercicio3' build argument 'cmake_target_skip_unavailable' from command line to 'False'
[0.437s] Level 5:colcon.colcon_core.verb:set package 'ejercicio3' build argument 'cmake_clean_cache' from command line to 'False'
[0.437s] Level 5:colcon.colcon_core.verb:set package 'ejercicio3' build argument 'cmake_clean_first' from command line to 'False'
[0.437s] Level 5:colcon.colcon_core.verb:set package 'ejercicio3' build argument 'cmake_force_configure' from command line to 'False'
[0.437s] Level 5:colcon.colcon_core.verb:set package 'ejercicio3' build argument 'ament_cmake_args' from command line to 'None'
[0.437s] Level 5:colcon.colcon_core.verb:set package 'ejercicio3' build argument 'catkin_cmake_args' from command line to 'None'
[0.437s] Level 5:colcon.colcon_core.verb:set package 'ejercicio3' build argument 'catkin_skip_building_tests' from command line to 'False'
[0.437s] DEBUG:colcon.colcon_core.verb:Building package 'ejercicio3' with the following arguments: {'ament_cmake_args': None, 'build_base': '/home/integralmilk03/robotica_2_2024/examen2_ws/build/ejercicio3', 'catkin_cmake_args': None, 'catkin_skip_building_tests': False, 'cmake_args': None, 'cmake_clean_cache': False, 'cmake_clean_first': False, 'cmake_force_configure': False, 'cmake_target': None, 'cmake_target_skip_unavailable': False, 'install_base': '/home/integralmilk03/robotica_2_2024/examen2_ws/install/ejercicio3', 'merge_install': False, 'path': '/home/integralmilk03/robotica_2_2024/examen2_ws/src/ejercicio3', 'symlink_install': False, 'test_result_base': None}
[0.437s] Level 5:colcon.colcon_core.verb:set package 'ejercicio4' build argument 'cmake_args' from command line to 'None'
[0.437s] Level 5:colcon.colcon_core.verb:set package 'ejercicio4' build argument 'cmake_target' from command line to 'None'
[0.437s] Level 5:colcon.colcon_core.verb:set package 'ejercicio4' build argument 'cmake_target_skip_unavailable' from command line to 'False'
[0.437s] Level 5:colcon.colcon_core.verb:set package 'ejercicio4' build argument 'cmake_clean_cache' from command line to 'False'
[0.437s] Level 5:colcon.colcon_core.verb:set package 'ejercicio4' build argument 'cmake_clean_first' from command line to 'False'
[0.437s] Level 5:colcon.colcon_core.verb:set package 'ejercicio4' build argument 'cmake_force_configure' from command line to 'False'
[0.437s] Level 5:colcon.colcon_core.verb:set package 'ejercicio4' build argument 'ament_cmake_args' from command line to 'None'
[0.437s] Level 5:colcon.colcon_core.verb:set package 'ejercicio4' build argument 'catkin_cmake_args' from command line to 'None'
[0.437s] Level 5:colcon.colcon_core.verb:set package 'ejercicio4' build argument 'catkin_skip_building_tests' from command line to 'False'
[0.437s] DEBUG:colcon.colcon_core.verb:Building package 'ejercicio4' with the following arguments: {'ament_cmake_args': None, 'build_base': '/home/integralmilk03/robotica_2_2024/examen2_ws/build/ejercicio4', 'catkin_cmake_args': None, 'catkin_skip_building_tests': False, 'cmake_args': None, 'cmake_clean_cache': False, 'cmake_clean_first': False, 'cmake_force_configure': False, 'cmake_target': None, 'cmake_target_skip_unavailable': False, 'install_base': '/home/integralmilk03/robotica_2_2024/examen2_ws/install/ejercicio4', 'merge_install': False, 'path': '/home/integralmilk03/robotica_2_2024/examen2_ws/src/ejercicio4', 'symlink_install': False, 'test_result_base': None}
[0.437s] INFO:colcon.colcon_core.executor:Executing jobs using 'parallel' executor
[0.438s] DEBUG:colcon.colcon_parallel_executor.executor.parallel:run_until_complete
[0.438s] INFO:colcon.colcon_ros.task.ament_cmake.build:Building ROS package in '/home/integralmilk03/robotica_2_2024/examen2_ws/src/custom_panda' with build type 'ament_cmake'
[0.438s] INFO:colcon.colcon_cmake.task.cmake.build:Building CMake package in '/home/integralmilk03/robotica_2_2024/examen2_ws/src/custom_panda'
[0.440s] INFO:colcon.colcon_core.plugin_system:Skipping extension 'colcon_core.shell.bat': Not used on non-Windows systems
[0.440s] INFO:colcon.colcon_core.shell:Skip shell extension 'powershell' for command environment: Not usable outside of PowerShell
[0.441s] DEBUG:colcon.colcon_core.shell:Skip shell extension 'dsv' for command environment
[0.445s] INFO:colcon.colcon_ros.task.ament_cmake.build:Building ROS package in '/home/integralmilk03/robotica_2_2024/examen2_ws/src/ejercicio1' with build type 'ament_cmake'
[0.445s] INFO:colcon.colcon_cmake.task.cmake.build:Building CMake package in '/home/integralmilk03/robotica_2_2024/examen2_ws/src/ejercicio1'
[0.445s] INFO:colcon.colcon_core.shell:Skip shell extension 'powershell' for command environment: Not usable outside of PowerShell
[0.445s] DEBUG:colcon.colcon_core.shell:Skip shell extension 'dsv' for command environment
[0.451s] INFO:colcon.colcon_ros.task.ament_cmake.build:Building ROS package in '/home/integralmilk03/robotica_2_2024/examen2_ws/src/ejercicio2' with build type 'ament_cmake'
[0.451s] INFO:colcon.colcon_cmake.task.cmake.build:Building CMake package in '/home/integralmilk03/robotica_2_2024/examen2_ws/src/ejercicio2'
[0.452s] INFO:colcon.colcon_core.shell:Skip shell extension 'powershell' for command environment: Not usable outside of PowerShell
[0.452s] DEBUG:colcon.colcon_core.shell:Skip shell extension 'dsv' for command environment
[0.456s] INFO:colcon.colcon_ros.task.ament_cmake.build:Building ROS package in '/home/integralmilk03/robotica_2_2024/examen2_ws/src/ejercicio3' with build type 'ament_cmake'
[0.456s] INFO:colcon.colcon_cmake.task.cmake.build:Building CMake package in '/home/integralmilk03/robotica_2_2024/examen2_ws/src/ejercicio3'
[0.456s] INFO:colcon.colcon_core.shell:Skip shell extension 'powershell' for command environment: Not usable outside of PowerShell
[0.456s] DEBUG:colcon.colcon_core.shell:Skip shell extension 'dsv' for command environment
[0.462s] INFO:colcon.colcon_ros.task.ament_python.build:Building ROS package in '/home/integralmilk03/robotica_2_2024/examen2_ws/src/ejercicio4' with build type 'ament_python'
[0.462s] Level 1:colcon.colcon_core.shell:create_environment_hook('ejercicio4', 'ament_prefix_path')
[0.462s] INFO:colcon.colcon_core.shell:Creating environment hook '/home/integralmilk03/robotica_2_2024/examen2_ws/install/ejercicio4/share/ejercicio4/hook/ament_prefix_path.ps1'
[0.466s] INFO:colcon.colcon_core.shell:Creating environment descriptor '/home/integralmilk03/robotica_2_2024/examen2_ws/install/ejercicio4/share/ejercicio4/hook/ament_prefix_path.dsv'
[0.466s] INFO:colcon.colcon_core.shell:Creating environment hook '/home/integralmilk03/robotica_2_2024/examen2_ws/install/ejercicio4/share/ejercicio4/hook/ament_prefix_path.sh'
[0.468s] INFO:colcon.colcon_core.shell:Skip shell extension 'powershell' for command environment: Not usable outside of PowerShell
[0.468s] DEBUG:colcon.colcon_core.shell:Skip shell extension 'dsv' for command environment
[0.494s] DEBUG:colcon.colcon_core.event_handler.log_command:Invoking command in '/home/integralmilk03/robotica_2_2024/examen2_ws/build/custom_panda': CMAKE_PREFIX_PATH=${CMAKE_PREFIX_PATH}:/home/integralmilk03/robotica_2_2024/examen2_ws/install/ejercicio4:/opt/ros/humble /usr/bin/cmake --build /home/integralmilk03/robotica_2_2024/examen2_ws/build/custom_panda -- -j12 -l12
[0.507s] DEBUG:colcon.colcon_core.event_handler.log_command:Invoking command in '/home/integralmilk03/robotica_2_2024/examen2_ws/build/ejercicio1': CMAKE_PREFIX_PATH=${CMAKE_PREFIX_PATH}:/home/integralmilk03/robotica_2_2024/examen2_ws/install/ejercicio4:/opt/ros/humble /usr/bin/cmake --build /home/integralmilk03/robotica_2_2024/examen2_ws/build/ejercicio1 -- -j12 -l12
[0.508s] DEBUG:colcon.colcon_core.event_handler.log_command:Invoking command in '/home/integralmilk03/robotica_2_2024/examen2_ws/build/ejercicio2': CMAKE_PREFIX_PATH=${CMAKE_PREFIX_PATH}:/home/integralmilk03/robotica_2_2024/examen2_ws/install/ejercicio4:/opt/ros/humble /usr/bin/cmake --build /home/integralmilk03/robotica_2_2024/examen2_ws/build/ejercicio2 -- -j12 -l12
[0.509s] DEBUG:colcon.colcon_core.event_handler.log_command:Invoking command in '/home/integralmilk03/robotica_2_2024/examen2_ws/build/ejercicio3': CMAKE_PREFIX_PATH=${CMAKE_PREFIX_PATH}:/home/integralmilk03/robotica_2_2024/examen2_ws/install/ejercicio4:/opt/ros/humble /usr/bin/cmake --build /home/integralmilk03/robotica_2_2024/examen2_ws/build/ejercicio3 -- -j12 -l12
[0.681s] INFO:colcon.colcon_core.task.python.build:Building Python package in '/home/integralmilk03/robotica_2_2024/examen2_ws/src/ejercicio4'
[0.682s] INFO:colcon.colcon_core.shell:Skip shell extension 'powershell' for command environment: Not usable outside of PowerShell
[0.682s] DEBUG:colcon.colcon_core.shell:Skip shell extension 'dsv' for command environment
[0.698s] DEBUG:colcon.colcon_core.event_handler.log_command:Invoked command in '/home/integralmilk03/robotica_2_2024/examen2_ws/build/custom_panda' returned '0': CMAKE_PREFIX_PATH=${CMAKE_PREFIX_PATH}:/home/integralmilk03/robotica_2_2024/examen2_ws/install/ejercicio4:/opt/ros/humble /usr/bin/cmake --build /home/integralmilk03/robotica_2_2024/examen2_ws/build/custom_panda -- -j12 -l12
[0.702s] DEBUG:colcon.colcon_core.event_handler.log_command:Invoked command in '/home/integralmilk03/robotica_2_2024/examen2_ws/build/ejercicio3' returned '0': CMAKE_PREFIX_PATH=${CMAKE_PREFIX_PATH}:/home/integralmilk03/robotica_2_2024/examen2_ws/install/ejercicio4:/opt/ros/humble /usr/bin/cmake --build /home/integralmilk03/robotica_2_2024/examen2_ws/build/ejercicio3 -- -j12 -l12
[0.705s] DEBUG:colcon.colcon_core.event_handler.log_command:Invoked command in '/home/integralmilk03/robotica_2_2024/examen2_ws/build/ejercicio2' returned '0': CMAKE_PREFIX_PATH=${CMAKE_PREFIX_PATH}:/home/integralmilk03/robotica_2_2024/examen2_ws/install/ejercicio4:/opt/ros/humble /usr/bin/cmake --build /home/integralmilk03/robotica_2_2024/examen2_ws/build/ejercicio2 -- -j12 -l12
[0.711s] DEBUG:colcon.colcon_core.event_handler.log_command:Invoked command in '/home/integralmilk03/robotica_2_2024/examen2_ws/build/ejercicio1' returned '0': CMAKE_PREFIX_PATH=${CMAKE_PREFIX_PATH}:/home/integralmilk03/robotica_2_2024/examen2_ws/install/ejercicio4:/opt/ros/humble /usr/bin/cmake --build /home/integralmilk03/robotica_2_2024/examen2_ws/build/ejercicio1 -- -j12 -l12
[0.725s] DEBUG:colcon.colcon_core.event_handler.log_command:Invoking command in '/home/integralmilk03/robotica_2_2024/examen2_ws/build/ejercicio3': CMAKE_PREFIX_PATH=${CMAKE_PREFIX_PATH}:/home/integralmilk03/robotica_2_2024/examen2_ws/install/ejercicio4:/opt/ros/humble /usr/bin/cmake --install /home/integralmilk03/robotica_2_2024/examen2_ws/build/ejercicio3
[0.727s] DEBUG:colcon.colcon_core.event_handler.log_command:Invoking command in '/home/integralmilk03/robotica_2_2024/examen2_ws/build/custom_panda': CMAKE_PREFIX_PATH=${CMAKE_PREFIX_PATH}:/home/integralmilk03/robotica_2_2024/examen2_ws/install/ejercicio4:/opt/ros/humble /usr/bin/cmake --install /home/integralmilk03/robotica_2_2024/examen2_ws/build/custom_panda
[0.733s] DEBUG:colcon.colcon_core.event_handler.log_command:Invoking command in '/home/integralmilk03/robotica_2_2024/examen2_ws/build/ejercicio2': CMAKE_PREFIX_PATH=${CMAKE_PREFIX_PATH}:/home/integralmilk03/robotica_2_2024/examen2_ws/install/ejercicio4:/opt/ros/humble /usr/bin/cmake --install /home/integralmilk03/robotica_2_2024/examen2_ws/build/ejercicio2
[0.746s] Level 1:colcon.colcon_core.environment:create_environment_scripts_only(ejercicio3)
[0.747s] DEBUG:colcon.colcon_core.event_handler.log_command:Invoking command in '/home/integralmilk03/robotica_2_2024/examen2_ws/build/ejercicio1': CMAKE_PREFIX_PATH=${CMAKE_PREFIX_PATH}:/home/integralmilk03/robotica_2_2024/examen2_ws/install/ejercicio4:/opt/ros/humble /usr/bin/cmake --install /home/integralmilk03/robotica_2_2024/examen2_ws/build/ejercicio1
[0.748s] DEBUG:colcon.colcon_core.event_handler.log_command:Invoked command in '/home/integralmilk03/robotica_2_2024/examen2_ws/build/ejercicio3' returned '0': CMAKE_PREFIX_PATH=${CMAKE_PREFIX_PATH}:/home/integralmilk03/robotica_2_2024/examen2_ws/install/ejercicio4:/opt/ros/humble /usr/bin/cmake --install /home/integralmilk03/robotica_2_2024/examen2_ws/build/ejercicio3
[0.748s] Level 1:colcon.colcon_core.environment:checking '/home/integralmilk03/robotica_2_2024/examen2_ws/install/ejercicio3' for CMake module files
[0.749s] Level 1:colcon.colcon_core.environment:checking '/home/integralmilk03/robotica_2_2024/examen2_ws/install/ejercicio3' for CMake config files
[0.749s] Level 1:colcon.colcon_core.shell:create_environment_hook('ejercicio3', 'cmake_prefix_path')
[0.749s] INFO:colcon.colcon_core.shell:Creating environment hook '/home/integralmilk03/robotica_2_2024/examen2_ws/install/ejercicio3/share/ejercicio3/hook/cmake_prefix_path.ps1'
[0.750s] INFO:colcon.colcon_core.shell:Creating environment descriptor '/home/integralmilk03/robotica_2_2024/examen2_ws/install/ejercicio3/share/ejercicio3/hook/cmake_prefix_path.dsv'
[0.750s] INFO:colcon.colcon_core.shell:Creating environment hook '/home/integralmilk03/robotica_2_2024/examen2_ws/install/ejercicio3/share/ejercicio3/hook/cmake_prefix_path.sh'
[0.751s] Level 1:colcon.colcon_core.environment:checking '/home/integralmilk03/robotica_2_2024/examen2_ws/install/ejercicio3/bin'
[0.751s] Level 1:colcon.colcon_core.environment:checking '/home/integralmilk03/robotica_2_2024/examen2_ws/install/ejercicio3/lib/pkgconfig/ejercicio3.pc'
[0.751s] Level 1:colcon.colcon_core.environment:checking '/home/integralmilk03/robotica_2_2024/examen2_ws/install/ejercicio3/lib/python3.10/site-packages'
[0.751s] Level 1:colcon.colcon_core.environment:checking '/home/integralmilk03/robotica_2_2024/examen2_ws/install/ejercicio3/bin'
[0.751s] INFO:colcon.colcon_core.shell:Creating package script '/home/integralmilk03/robotica_2_2024/examen2_ws/install/ejercicio3/share/ejercicio3/package.ps1'
[0.752s] INFO:colcon.colcon_core.shell:Creating package descriptor '/home/integralmilk03/robotica_2_2024/examen2_ws/install/ejercicio3/share/ejercicio3/package.dsv'
[0.752s] INFO:colcon.colcon_core.shell:Creating package script '/home/integralmilk03/robotica_2_2024/examen2_ws/install/ejercicio3/share/ejercicio3/package.sh'
[0.753s] INFO:colcon.colcon_core.shell:Creating package script '/home/integralmilk03/robotica_2_2024/examen2_ws/install/ejercicio3/share/ejercicio3/package.bash'
[0.753s] INFO:colcon.colcon_core.shell:Creating package script '/home/integralmilk03/robotica_2_2024/examen2_ws/install/ejercicio3/share/ejercicio3/package.zsh'
[0.754s] Level 1:colcon.colcon_core.environment:create_file_with_runtime_dependencies(/home/integralmilk03/robotica_2_2024/examen2_ws/install/ejercicio3/share/colcon-core/packages/ejercicio3)
[0.755s] Level 1:colcon.colcon_core.environment:create_environment_scripts_only(custom_panda)
[0.755s] Level 1:colcon.colcon_core.environment:checking '/home/integralmilk03/robotica_2_2024/examen2_ws/install/custom_panda' for CMake module files
[0.755s] DEBUG:colcon.colcon_core.event_handler.log_command:Invoked command in '/home/integralmilk03/robotica_2_2024/examen2_ws/build/custom_panda' returned '0': CMAKE_PREFIX_PATH=${CMAKE_PREFIX_PATH}:/home/integralmilk03/robotica_2_2024/examen2_ws/install/ejercicio4:/opt/ros/humble /usr/bin/cmake --install /home/integralmilk03/robotica_2_2024/examen2_ws/build/custom_panda
[0.756s] Level 1:colcon.colcon_core.environment:checking '/home/integralmilk03/robotica_2_2024/examen2_ws/install/custom_panda' for CMake config files
[0.756s] Level 1:colcon.colcon_core.shell:create_environment_hook('custom_panda', 'cmake_prefix_path')
[0.756s] INFO:colcon.colcon_core.shell:Creating environment hook '/home/integralmilk03/robotica_2_2024/examen2_ws/install/custom_panda/share/custom_panda/hook/cmake_prefix_path.ps1'
[0.756s] INFO:colcon.colcon_core.shell:Creating environment descriptor '/home/integralmilk03/robotica_2_2024/examen2_ws/install/custom_panda/share/custom_panda/hook/cmake_prefix_path.dsv'
[0.756s] INFO:colcon.colcon_core.shell:Creating environment hook '/home/integralmilk03/robotica_2_2024/examen2_ws/install/custom_panda/share/custom_panda/hook/cmake_prefix_path.sh'
[0.757s] Level 1:colcon.colcon_core.environment:checking '/home/integralmilk03/robotica_2_2024/examen2_ws/install/custom_panda/bin'
[0.757s] Level 1:colcon.colcon_core.environment:checking '/home/integralmilk03/robotica_2_2024/examen2_ws/install/custom_panda/lib/pkgconfig/custom_panda.pc'
[0.757s] Level 1:colcon.colcon_core.environment:checking '/home/integralmilk03/robotica_2_2024/examen2_ws/install/custom_panda/lib/python3.10/site-packages'
[0.757s] Level 1:colcon.colcon_core.environment:checking '/home/integralmilk03/robotica_2_2024/examen2_ws/install/custom_panda/bin'
[0.757s] INFO:colcon.colcon_core.shell:Creating package script '/home/integralmilk03/robotica_2_2024/examen2_ws/install/custom_panda/share/custom_panda/package.ps1'
[0.758s] INFO:colcon.colcon_core.shell:Creating package descriptor '/home/integralmilk03/robotica_2_2024/examen2_ws/install/custom_panda/share/custom_panda/package.dsv'
[0.758s] INFO:colcon.colcon_core.shell:Creating package script '/home/integralmilk03/robotica_2_2024/examen2_ws/install/custom_panda/share/custom_panda/package.sh'
[0.758s] INFO:colcon.colcon_core.shell:Creating package script '/home/integralmilk03/robotica_2_2024/examen2_ws/install/custom_panda/share/custom_panda/package.bash'
[0.759s] INFO:colcon.colcon_core.shell:Creating package script '/home/integralmilk03/robotica_2_2024/examen2_ws/install/custom_panda/share/custom_panda/package.zsh'
[0.759s] Level 1:colcon.colcon_core.environment:create_file_with_runtime_dependencies(/home/integralmilk03/robotica_2_2024/examen2_ws/install/custom_panda/share/colcon-core/packages/custom_panda)
[0.761s] Level 1:colcon.colcon_core.environment:create_environment_scripts_only(ejercicio2)
[0.761s] DEBUG:colcon.colcon_core.event_handler.log_command:Invoked command in '/home/integralmilk03/robotica_2_2024/examen2_ws/build/ejercicio2' returned '0': CMAKE_PREFIX_PATH=${CMAKE_PREFIX_PATH}:/home/integralmilk03/robotica_2_2024/examen2_ws/install/ejercicio4:/opt/ros/humble /usr/bin/cmake --install /home/integralmilk03/robotica_2_2024/examen2_ws/build/ejercicio2
[0.762s] Level 1:colcon.colcon_core.environment:checking '/home/integralmilk03/robotica_2_2024/examen2_ws/install/ejercicio2' for CMake module files
[0.765s] Level 1:colcon.colcon_core.environment:checking '/home/integralmilk03/robotica_2_2024/examen2_ws/install/ejercicio2' for CMake config files
[0.765s] Level 1:colcon.colcon_core.shell:create_environment_hook('ejercicio2', 'cmake_prefix_path')
[0.765s] INFO:colcon.colcon_core.shell:Creating environment hook '/home/integralmilk03/robotica_2_2024/examen2_ws/install/ejercicio2/share/ejercicio2/hook/cmake_prefix_path.ps1'
[0.766s] INFO:colcon.colcon_core.shell:Creating environment descriptor '/home/integralmilk03/robotica_2_2024/examen2_ws/install/ejercicio2/share/ejercicio2/hook/cmake_prefix_path.dsv'
[0.766s] INFO:colcon.colcon_core.shell:Creating environment hook '/home/integralmilk03/robotica_2_2024/examen2_ws/install/ejercicio2/share/ejercicio2/hook/cmake_prefix_path.sh'
[0.767s] Level 1:colcon.colcon_core.environment:checking '/home/integralmilk03/robotica_2_2024/examen2_ws/install/ejercicio2/lib'
[0.767s] Level 1:colcon.colcon_core.environment:checking '/home/integralmilk03/robotica_2_2024/examen2_ws/install/ejercicio2/bin'
[0.767s] Level 1:colcon.colcon_core.environment:checking '/home/integralmilk03/robotica_2_2024/examen2_ws/install/ejercicio2/lib/pkgconfig/ejercicio2.pc'
[0.768s] Level 1:colcon.colcon_core.environment:checking '/home/integralmilk03/robotica_2_2024/examen2_ws/install/ejercicio2/lib/python3.10/site-packages'
[0.768s] Level 1:colcon.colcon_core.environment:checking '/home/integralmilk03/robotica_2_2024/examen2_ws/install/ejercicio2/bin'
[0.768s] INFO:colcon.colcon_core.shell:Creating package script '/home/integralmilk03/robotica_2_2024/examen2_ws/install/ejercicio2/share/ejercicio2/package.ps1'
[0.769s] INFO:colcon.colcon_core.shell:Creating package descriptor '/home/integralmilk03/robotica_2_2024/examen2_ws/install/ejercicio2/share/ejercicio2/package.dsv'
[0.769s] INFO:colcon.colcon_core.shell:Creating package script '/home/integralmilk03/robotica_2_2024/examen2_ws/install/ejercicio2/share/ejercicio2/package.sh'
[0.769s] INFO:colcon.colcon_core.shell:Creating package script '/home/integralmilk03/robotica_2_2024/examen2_ws/install/ejercicio2/share/ejercicio2/package.bash'
[0.770s] INFO:colcon.colcon_core.shell:Creating package script '/home/integralmilk03/robotica_2_2024/examen2_ws/install/ejercicio2/share/ejercicio2/package.zsh'
[0.770s] Level 1:colcon.colcon_core.environment:create_file_with_runtime_dependencies(/home/integralmilk03/robotica_2_2024/examen2_ws/install/ejercicio2/share/colcon-core/packages/ejercicio2)
[0.773s] Level 1:colcon.colcon_core.environment:create_environment_scripts_only(ejercicio3)
[0.773s] Level 1:colcon.colcon_core.environment:checking '/home/integralmilk03/robotica_2_2024/examen2_ws/install/ejercicio3' for CMake module files
[0.774s] Level 1:colcon.colcon_core.environment:checking '/home/integralmilk03/robotica_2_2024/examen2_ws/install/ejercicio3' for CMake config files
[0.774s] Level 1:colcon.colcon_core.shell:create_environment_hook('ejercicio3', 'cmake_prefix_path')
[0.774s] INFO:colcon.colcon_core.shell:Creating environment hook '/home/integralmilk03/robotica_2_2024/examen2_ws/install/ejercicio3/share/ejercicio3/hook/cmake_prefix_path.ps1'
[0.774s] INFO:colcon.colcon_core.shell:Creating environment descriptor '/home/integralmilk03/robotica_2_2024/examen2_ws/install/ejercicio3/share/ejercicio3/hook/cmake_prefix_path.dsv'
[0.774s] INFO:colcon.colcon_core.shell:Creating environment hook '/home/integralmilk03/robotica_2_2024/examen2_ws/install/ejercicio3/share/ejercicio3/hook/cmake_prefix_path.sh'
[0.775s] Level 1:colcon.colcon_core.environment:checking '/home/integralmilk03/robotica_2_2024/examen2_ws/install/ejercicio3/bin'
[0.775s] Level 1:colcon.colcon_core.environment:checking '/home/integralmilk03/robotica_2_2024/examen2_ws/install/ejercicio3/lib/pkgconfig/ejercicio3.pc'
[0.775s] Level 1:colcon.colcon_core.environment:checking '/home/integralmilk03/robotica_2_2024/examen2_ws/install/ejercicio3/lib/python3.10/site-packages'
[0.775s] Level 1:colcon.colcon_core.environment:checking '/home/integralmilk03/robotica_2_2024/examen2_ws/install/ejercicio3/bin'
[0.775s] INFO:colcon.colcon_core.shell:Creating package script '/home/integralmilk03/robotica_2_2024/examen2_ws/install/ejercicio3/share/ejercicio3/package.ps1'
[0.776s] INFO:colcon.colcon_core.shell:Creating package descriptor '/home/integralmilk03/robotica_2_2024/examen2_ws/install/ejercicio3/share/ejercicio3/package.dsv'
[0.776s] INFO:colcon.colcon_core.shell:Creating package script '/home/integralmilk03/robotica_2_2024/examen2_ws/install/ejercicio3/share/ejercicio3/package.sh'
[0.777s] INFO:colcon.colcon_core.shell:Creating package script '/home/integralmilk03/robotica_2_2024/examen2_ws/install/ejercicio3/share/ejercicio3/package.bash'
[0.777s] INFO:colcon.colcon_core.shell:Creating package script '/home/integralmilk03/robotica_2_2024/examen2_ws/install/ejercicio3/share/ejercicio3/package.zsh'
[0.777s] Level 1:colcon.colcon_core.environment:create_file_with_runtime_dependencies(/home/integralmilk03/robotica_2_2024/examen2_ws/install/ejercicio3/share/colcon-core/packages/ejercicio3)
[0.778s] Level 1:colcon.colcon_core.environment:create_environment_scripts_only(ejercicio1)
[0.778s] Level 1:colcon.colcon_core.environment:checking '/home/integralmilk03/robotica_2_2024/examen2_ws/install/ejercicio1' for CMake module files
[0.778s] Level 1:colcon.colcon_core.environment:checking '/home/integralmilk03/robotica_2_2024/examen2_ws/install/ejercicio1' for CMake config files
[0.779s] DEBUG:colcon.colcon_core.event_handler.log_command:Invoked command in '/home/integralmilk03/robotica_2_2024/examen2_ws/build/ejercicio1' returned '0': CMAKE_PREFIX_PATH=${CMAKE_PREFIX_PATH}:/home/integralmilk03/robotica_2_2024/examen2_ws/install/ejercicio4:/opt/ros/humble /usr/bin/cmake --install /home/integralmilk03/robotica_2_2024/examen2_ws/build/ejercicio1
[0.780s] Level 1:colcon.colcon_core.shell:create_environment_hook('ejercicio1', 'cmake_prefix_path')
[0.780s] INFO:colcon.colcon_core.shell:Creating environment hook '/home/integralmilk03/robotica_2_2024/examen2_ws/install/ejercicio1/share/ejercicio1/hook/cmake_prefix_path.ps1'
[0.781s] INFO:colcon.colcon_core.shell:Creating environment descriptor '/home/integralmilk03/robotica_2_2024/examen2_ws/install/ejercicio1/share/ejercicio1/hook/cmake_prefix_path.dsv'
[0.782s] INFO:colcon.colcon_core.shell:Creating environment hook '/home/integralmilk03/robotica_2_2024/examen2_ws/install/ejercicio1/share/ejercicio1/hook/cmake_prefix_path.sh'
[0.783s] Level 1:colcon.colcon_core.environment:checking '/home/integralmilk03/robotica_2_2024/examen2_ws/install/ejercicio1/lib'
[0.783s] Level 1:colcon.colcon_core.environment:checking '/home/integralmilk03/robotica_2_2024/examen2_ws/install/ejercicio1/bin'
[0.783s] Level 1:colcon.colcon_core.environment:checking '/home/integralmilk03/robotica_2_2024/examen2_ws/install/ejercicio1/lib/pkgconfig/ejercicio1.pc'
[0.783s] Level 1:colcon.colcon_core.environment:checking '/home/integralmilk03/robotica_2_2024/examen2_ws/install/ejercicio1/lib/python3.10/site-packages'
[0.783s] Level 1:colcon.colcon_core.environment:checking '/home/integralmilk03/robotica_2_2024/examen2_ws/install/ejercicio1/bin'
[0.783s] INFO:colcon.colcon_core.shell:Creating package script '/home/integralmilk03/robotica_2_2024/examen2_ws/install/ejercicio1/share/ejercicio1/package.ps1'
[0.784s] INFO:colcon.colcon_core.shell:Creating package descriptor '/home/integralmilk03/robotica_2_2024/examen2_ws/install/ejercicio1/share/ejercicio1/package.dsv'
[0.784s] INFO:colcon.colcon_core.shell:Creating package script '/home/integralmilk03/robotica_2_2024/examen2_ws/install/ejercicio1/share/ejercicio1/package.sh'
[0.784s] INFO:colcon.colcon_core.shell:Creating package script '/home/integralmilk03/robotica_2_2024/examen2_ws/install/ejercicio1/share/ejercicio1/package.bash'
[0.784s] INFO:colcon.colcon_core.shell:Creating package script '/home/integralmilk03/robotica_2_2024/examen2_ws/install/ejercicio1/share/ejercicio1/package.zsh'
[0.784s] Level 1:colcon.colcon_core.environment:create_file_with_runtime_dependencies(/home/integralmilk03/robotica_2_2024/examen2_ws/install/ejercicio1/share/colcon-core/packages/ejercicio1)
[0.786s] Level 1:colcon.colcon_core.environment:create_environment_scripts_only(custom_panda)
[0.786s] Level 1:colcon.colcon_core.environment:checking '/home/integralmilk03/robotica_2_2024/examen2_ws/install/custom_panda' for CMake module files
[0.786s] Level 1:colcon.colcon_core.environment:checking '/home/integralmilk03/robotica_2_2024/examen2_ws/install/custom_panda' for CMake config files
[0.786s] Level 1:colcon.colcon_core.shell:create_environment_hook('custom_panda', 'cmake_prefix_path')
[0.786s] INFO:colcon.colcon_core.shell:Creating environment hook '/home/integralmilk03/robotica_2_2024/examen2_ws/install/custom_panda/share/custom_panda/hook/cmake_prefix_path.ps1'
[0.787s] INFO:colcon.colcon_core.shell:Creating environment descriptor '/home/integralmilk03/robotica_2_2024/examen2_ws/install/custom_panda/share/custom_panda/hook/cmake_prefix_path.dsv'
[0.787s] INFO:colcon.colcon_core.shell:Creating environment hook '/home/integralmilk03/robotica_2_2024/examen2_ws/install/custom_panda/share/custom_panda/hook/cmake_prefix_path.sh'
[0.787s] Level 1:colcon.colcon_core.environment:checking '/home/integralmilk03/robotica_2_2024/examen2_ws/install/custom_panda/bin'
[0.787s] Level 1:colcon.colcon_core.environment:checking '/home/integralmilk03/robotica_2_2024/examen2_ws/install/custom_panda/lib/pkgconfig/custom_panda.pc'
[0.787s] Level 1:colcon.colcon_core.environment:checking '/home/integralmilk03/robotica_2_2024/examen2_ws/install/custom_panda/lib/python3.10/site-packages'
[0.787s] Level 1:colcon.colcon_core.environment:checking '/home/integralmilk03/robotica_2_2024/examen2_ws/install/custom_panda/bin'
[0.788s] INFO:colcon.colcon_core.shell:Creating package script '/home/integralmilk03/robotica_2_2024/examen2_ws/install/custom_panda/share/custom_panda/package.ps1'
[0.788s] INFO:colcon.colcon_core.shell:Creating package descriptor '/home/integralmilk03/robotica_2_2024/examen2_ws/install/custom_panda/share/custom_panda/package.dsv'
[0.788s] INFO:colcon.colcon_core.shell:Creating package script '/home/integralmilk03/robotica_2_2024/examen2_ws/install/custom_panda/share/custom_panda/package.sh'
[0.789s] INFO:colcon.colcon_core.shell:Creating package script '/home/integralmilk03/robotica_2_2024/examen2_ws/install/custom_panda/share/custom_panda/package.bash'
[0.790s] INFO:colcon.colcon_core.shell:Creating package script '/home/integralmilk03/robotica_2_2024/examen2_ws/install/custom_panda/share/custom_panda/package.zsh'
[0.790s] Level 1:colcon.colcon_core.environment:create_file_with_runtime_dependencies(/home/integralmilk03/robotica_2_2024/examen2_ws/install/custom_panda/share/colcon-core/packages/custom_panda)
[0.793s] Level 1:colcon.colcon_core.environment:create_environment_scripts_only(ejercicio2)
[0.793s] Level 1:colcon.colcon_core.environment:checking '/home/integralmilk03/robotica_2_2024/examen2_ws/install/ejercicio2' for CMake module files
[0.795s] Level 1:colcon.colcon_core.environment:checking '/home/integralmilk03/robotica_2_2024/examen2_ws/install/ejercicio2' for CMake config files
[0.797s] Level 1:colcon.colcon_core.shell:create_environment_hook('ejercicio2', 'cmake_prefix_path')
[0.797s] INFO:colcon.colcon_core.shell:Creating environment hook '/home/integralmilk03/robotica_2_2024/examen2_ws/install/ejercicio2/share/ejercicio2/hook/cmake_prefix_path.ps1'
[0.798s] INFO:colcon.colcon_core.shell:Creating environment descriptor '/home/integralmilk03/robotica_2_2024/examen2_ws/install/ejercicio2/share/ejercicio2/hook/cmake_prefix_path.dsv'
[0.798s] INFO:colcon.colcon_core.shell:Creating environment hook '/home/integralmilk03/robotica_2_2024/examen2_ws/install/ejercicio2/share/ejercicio2/hook/cmake_prefix_path.sh'
[0.801s] Level 1:colcon.colcon_core.environment:checking '/home/integralmilk03/robotica_2_2024/examen2_ws/install/ejercicio2/lib'
[0.801s] Level 1:colcon.colcon_core.environment:checking '/home/integralmilk03/robotica_2_2024/examen2_ws/install/ejercicio2/bin'
[0.801s] Level 1:colcon.colcon_core.environment:checking '/home/integralmilk03/robotica_2_2024/examen2_ws/install/ejercicio2/lib/pkgconfig/ejercicio2.pc'
[0.801s] Level 1:colcon.colcon_core.environment:checking '/home/integralmilk03/robotica_2_2024/examen2_ws/install/ejercicio2/lib/python3.10/site-packages'
[0.801s] Level 1:colcon.colcon_core.environment:checking '/home/integralmilk03/robotica_2_2024/examen2_ws/install/ejercicio2/bin'
[0.801s] INFO:colcon.colcon_core.shell:Creating package script '/home/integralmilk03/robotica_2_2024/examen2_ws/install/ejercicio2/share/ejercicio2/package.ps1'
[0.802s] INFO:colcon.colcon_core.shell:Creating package descriptor '/home/integralmilk03/robotica_2_2024/examen2_ws/install/ejercicio2/share/ejercicio2/package.dsv'
[0.803s] INFO:colcon.colcon_core.shell:Creating package script '/home/integralmilk03/robotica_2_2024/examen2_ws/install/ejercicio2/share/ejercicio2/package.sh'
[0.803s] INFO:colcon.colcon_core.shell:Creating package script '/home/integralmilk03/robotica_2_2024/examen2_ws/install/ejercicio2/share/ejercicio2/package.bash'
[0.804s] INFO:colcon.colcon_core.shell:Creating package script '/home/integralmilk03/robotica_2_2024/examen2_ws/install/ejercicio2/share/ejercicio2/package.zsh'
[0.804s] Level 1:colcon.colcon_core.environment:create_file_with_runtime_dependencies(/home/integralmilk03/robotica_2_2024/examen2_ws/install/ejercicio2/share/colcon-core/packages/ejercicio2)
[0.808s] Level 1:colcon.colcon_core.environment:create_environment_scripts_only(ejercicio1)
[0.808s] Level 1:colcon.colcon_core.environment:checking '/home/integralmilk03/robotica_2_2024/examen2_ws/install/ejercicio1' for CMake module files
[0.808s] Level 1:colcon.colcon_core.environment:checking '/home/integralmilk03/robotica_2_2024/examen2_ws/install/ejercicio1' for CMake config files
[0.808s] Level 1:colcon.colcon_core.shell:create_environment_hook('ejercicio1', 'cmake_prefix_path')
[0.808s] INFO:colcon.colcon_core.shell:Creating environment hook '/home/integralmilk03/robotica_2_2024/examen2_ws/install/ejercicio1/share/ejercicio1/hook/cmake_prefix_path.ps1'
[0.809s] INFO:colcon.colcon_core.shell:Creating environment descriptor '/home/integralmilk03/robotica_2_2024/examen2_ws/install/ejercicio1/share/ejercicio1/hook/cmake_prefix_path.dsv'
[0.809s] INFO:colcon.colcon_core.shell:Creating environment hook '/home/integralmilk03/robotica_2_2024/examen2_ws/install/ejercicio1/share/ejercicio1/hook/cmake_prefix_path.sh'
[0.809s] Level 1:colcon.colcon_core.environment:checking '/home/integralmilk03/robotica_2_2024/examen2_ws/install/ejercicio1/lib'
[0.810s] Level 1:colcon.colcon_core.environment:checking '/home/integralmilk03/robotica_2_2024/examen2_ws/install/ejercicio1/bin'
[0.810s] Level 1:colcon.colcon_core.environment:checking '/home/integralmilk03/robotica_2_2024/examen2_ws/install/ejercicio1/lib/pkgconfig/ejercicio1.pc'
[0.810s] Level 1:colcon.colcon_core.environment:checking '/home/integralmilk03/robotica_2_2024/examen2_ws/install/ejercicio1/lib/python3.10/site-packages'
[0.810s] Level 1:colcon.colcon_core.environment:checking '/home/integralmilk03/robotica_2_2024/examen2_ws/install/ejercicio1/bin'
[0.810s] INFO:colcon.colcon_core.shell:Creating package script '/home/integralmilk03/robotica_2_2024/examen2_ws/install/ejercicio1/share/ejercicio1/package.ps1'
[0.811s] INFO:colcon.colcon_core.shell:Creating package descriptor '/home/integralmilk03/robotica_2_2024/examen2_ws/install/ejercicio1/share/ejercicio1/package.dsv'
[0.812s] INFO:colcon.colcon_core.shell:Creating package script '/home/integralmilk03/robotica_2_2024/examen2_ws/install/ejercicio1/share/ejercicio1/package.sh'
[0.812s] INFO:colcon.colcon_core.shell:Creating package script '/home/integralmilk03/robotica_2_2024/examen2_ws/install/ejercicio1/share/ejercicio1/package.bash'
[0.813s] INFO:colcon.colcon_core.shell:Creating package script '/home/integralmilk03/robotica_2_2024/examen2_ws/install/ejercicio1/share/ejercicio1/package.zsh'
[0.813s] Level 1:colcon.colcon_core.environment:create_file_with_runtime_dependencies(/home/integralmilk03/robotica_2_2024/examen2_ws/install/ejercicio1/share/colcon-core/packages/ejercicio1)
[1.003s] DEBUG:colcon.colcon_core.event_handler.log_command:Invoking command in '/home/integralmilk03/robotica_2_2024/examen2_ws/src/ejercicio4': PYTHONPATH=/home/integralmilk03/robotica_2_2024/examen2_ws/build/ejercicio4/prefix_override:/home/integralmilk03/.local/lib/python3.10/site-packages/colcon_core/task/python/colcon_distutils_commands:/home/integralmilk03/robotica_2_2024/examen2_ws/install/ejercicio4/lib/python3.10/site-packages:${PYTHONPATH} /usr/bin/python3 -W ignore:setup.py install is deprecated setup.py egg_info --egg-base ../../build/ejercicio4 build --build-base /home/integralmilk03/robotica_2_2024/examen2_ws/build/ejercicio4/build install --record /home/integralmilk03/robotica_2_2024/examen2_ws/build/ejercicio4/install.log --single-version-externally-managed install_data
[1.251s] Level 1:colcon.colcon_core.environment:checking '/home/integralmilk03/robotica_2_2024/examen2_ws/install/ejercicio4' for CMake module files
[1.251s] DEBUG:colcon.colcon_core.event_handler.log_command:Invoked command in '/home/integralmilk03/robotica_2_2024/examen2_ws/src/ejercicio4' returned '0': PYTHONPATH=/home/integralmilk03/robotica_2_2024/examen2_ws/build/ejercicio4/prefix_override:/home/integralmilk03/.local/lib/python3.10/site-packages/colcon_core/task/python/colcon_distutils_commands:/home/integralmilk03/robotica_2_2024/examen2_ws/install/ejercicio4/lib/python3.10/site-packages:${PYTHONPATH} /usr/bin/python3 -W ignore:setup.py install is deprecated setup.py egg_info --egg-base ../../build/ejercicio4 build --build-base /home/integralmilk03/robotica_2_2024/examen2_ws/build/ejercicio4/build install --record /home/integralmilk03/robotica_2_2024/examen2_ws/build/ejercicio4/install.log --single-version-externally-managed install_data
[1.251s] Level 1:colcon.colcon_core.environment:checking '/home/integralmilk03/robotica_2_2024/examen2_ws/install/ejercicio4' for CMake config files
[1.252s] Level 1:colcon.colcon_core.environment:checking '/home/integralmilk03/robotica_2_2024/examen2_ws/install/ejercicio4/lib'
[1.252s] Level 1:colcon.colcon_core.environment:checking '/home/integralmilk03/robotica_2_2024/examen2_ws/install/ejercicio4/bin'
[1.252s] Level 1:colcon.colcon_core.environment:checking '/home/integralmilk03/robotica_2_2024/examen2_ws/install/ejercicio4/lib/pkgconfig/ejercicio4.pc'
[1.252s] Level 1:colcon.colcon_core.environment:checking '/home/integralmilk03/robotica_2_2024/examen2_ws/install/ejercicio4/lib/python3.10/site-packages'
[1.252s] Level 1:colcon.colcon_core.shell:create_environment_hook('ejercicio4', 'pythonpath')
[1.252s] INFO:colcon.colcon_core.shell:Creating environment hook '/home/integralmilk03/robotica_2_2024/examen2_ws/install/ejercicio4/share/ejercicio4/hook/pythonpath.ps1'
[1.253s] INFO:colcon.colcon_core.shell:Creating environment descriptor '/home/integralmilk03/robotica_2_2024/examen2_ws/install/ejercicio4/share/ejercicio4/hook/pythonpath.dsv'
[1.253s] INFO:colcon.colcon_core.shell:Creating environment hook '/home/integralmilk03/robotica_2_2024/examen2_ws/install/ejercicio4/share/ejercicio4/hook/pythonpath.sh'
[1.253s] Level 1:colcon.colcon_core.environment:checking '/home/integralmilk03/robotica_2_2024/examen2_ws/install/ejercicio4/bin'
[1.253s] Level 1:colcon.colcon_core.environment:create_environment_scripts_only(ejercicio4)
[1.253s] INFO:colcon.colcon_core.shell:Creating package script '/home/integralmilk03/robotica_2_2024/examen2_ws/install/ejercicio4/share/ejercicio4/package.ps1'
[1.254s] INFO:colcon.colcon_core.shell:Creating package descriptor '/home/integralmilk03/robotica_2_2024/examen2_ws/install/ejercicio4/share/ejercicio4/package.dsv'
[1.254s] INFO:colcon.colcon_core.shell:Creating package script '/home/integralmilk03/robotica_2_2024/examen2_ws/install/ejercicio4/share/ejercicio4/package.sh'
[1.254s] INFO:colcon.colcon_core.shell:Creating package script '/home/integralmilk03/robotica_2_2024/examen2_ws/install/ejercicio4/share/ejercicio4/package.bash'
[1.254s] INFO:colcon.colcon_core.shell:Creating package script '/home/integralmilk03/robotica_2_2024/examen2_ws/install/ejercicio4/share/ejercicio4/package.zsh'
[1.254s] Level 1:colcon.colcon_core.environment:create_file_with_runtime_dependencies(/home/integralmilk03/robotica_2_2024/examen2_ws/install/ejercicio4/share/colcon-core/packages/ejercicio4)
[1.255s] DEBUG:colcon.colcon_parallel_executor.executor.parallel:closing loop
[1.256s] DEBUG:colcon.colcon_parallel_executor.executor.parallel:loop closed
[1.256s] DEBUG:colcon.colcon_parallel_executor.executor.parallel:run_until_complete finished with '0'
[1.256s] DEBUG:colcon.colcon_core.event_reactor:joining thread
[1.321s] INFO:colcon.colcon_core.plugin_system:Skipping extension 'colcon_notification.desktop_notification.notify_send': Could not find 'notify-send'
[1.321s] INFO:colcon.colcon_core.plugin_system:Skipping extension 'colcon_notification.desktop_notification.terminal_notifier': Not used on non-Darwin systems
[1.321s] INFO:colcon.colcon_core.plugin_system:Skipping extension 'colcon_notification.desktop_notification.win32': Not used on non-Windows systems
[1.321s] INFO:colcon.colcon_notification.desktop_notification:Sending desktop notification using 'notify2'
[1.321s] DEBUG:colcon.colcon_notification.desktop_notification.notify2:Failed to initialize notify2: org.freedesktop.DBus.Error.FileNotFound: Failed to connect to socket /run/user/1000/bus: No such file or directory
[1.322s] DEBUG:colcon.colcon_core.event_reactor:joined thread
[1.322s] INFO:colcon.colcon_core.shell:Creating prefix script '/home/integralmilk03/robotica_2_2024/examen2_ws/install/local_setup.ps1'
[1.323s] INFO:colcon.colcon_core.shell:Creating prefix util module '/home/integralmilk03/robotica_2_2024/examen2_ws/install/_local_setup_util_ps1.py'
[1.324s] INFO:colcon.colcon_core.shell:Creating prefix chain script '/home/integralmilk03/robotica_2_2024/examen2_ws/install/setup.ps1'
[1.324s] INFO:colcon.colcon_core.shell:Creating prefix script '/home/integralmilk03/robotica_2_2024/examen2_ws/install/local_setup.sh'
[1.325s] INFO:colcon.colcon_core.shell:Creating prefix util module '/home/integralmilk03/robotica_2_2024/examen2_ws/install/_local_setup_util_sh.py'
[1.325s] INFO:colcon.colcon_core.shell:Creating prefix chain script '/home/integralmilk03/robotica_2_2024/examen2_ws/install/setup.sh'
[1.326s] INFO:colcon.colcon_core.shell:Creating prefix script '/home/integralmilk03/robotica_2_2024/examen2_ws/install/local_setup.bash'
[1.326s] INFO:colcon.colcon_core.shell:Creating prefix chain script '/home/integralmilk03/robotica_2_2024/examen2_ws/install/setup.bash'
[1.326s] INFO:colcon.colcon_core.shell:Creating prefix script '/home/integralmilk03/robotica_2_2024/examen2_ws/install/local_setup.zsh'
[1.327s] INFO:colcon.colcon_core.shell:Creating prefix chain script '/home/integralmilk03/robotica_2_2024/examen2_ws/install/setup.zsh'
